<?xml version="1.0" encoding="UTF-8"?>
<!-- Generated by org.testng.reporters.JUnitXMLReporter -->
<testsuite ignored="0" hostname="LAPTOP-TINQNFE1" failures="18" tests="67" name="Default test" time="112.241" errors="0" timestamp="2024-04-30T19:19:03 EDT">
  <testcase classname="io.cucumber.testng.AbstractTestNGCucumberTests" name="runScenario" time="8.63"/>
  <testcase classname="io.cucumber.testng.AbstractTestNGCucumberTests" name="runScenario" time="10.639"/>
  <testcase classname="io.cucumber.testng.AbstractTestNGCucumberTests" name="runScenario" time="5.467"/>
  <testcase classname="io.cucumber.testng.AbstractTestNGCucumberTests" name="runScenario" time="5.229"/>
  <testcase classname="io.cucumber.testng.AbstractTestNGCucumberTests" name="runScenario" time="0.383"/>
  <testcase classname="io.cucumber.testng.AbstractTestNGCucumberTests" name="runScenario" time="0.241"/>
  <testcase classname="io.cucumber.testng.AbstractTestNGCucumberTests" name="runScenario" time="0.285"/>
  <testcase classname="io.cucumber.testng.AbstractTestNGCucumberTests" name="runScenario" time="0.259"/>
  <testcase classname="io.cucumber.testng.AbstractTestNGCucumberTests" name="runScenario" time="0.226"/>
  <testcase classname="io.cucumber.testng.AbstractTestNGCucumberTests" name="runScenario" time="0.216"/>
  <testcase classname="io.cucumber.testng.AbstractTestNGCucumberTests" name="runScenario" time="0.256"/>
  <testcase classname="io.cucumber.testng.AbstractTestNGCucumberTests" name="runScenario" time="0.248"/>
  <testcase classname="io.cucumber.testng.AbstractTestNGCucumberTests" name="runScenario" time="0.248"/>
  <testcase classname="io.cucumber.testng.AbstractTestNGCucumberTests" name="runScenario" time="0.233"/>
  <testcase classname="io.cucumber.testng.AbstractTestNGCucumberTests" name="runScenario" time="0.318"/>
  <testcase classname="io.cucumber.testng.AbstractTestNGCucumberTests" name="runScenario" time="0.273"/>
  <testcase classname="io.cucumber.testng.AbstractTestNGCucumberTests" name="runScenario" time="0.352"/>
  <testcase classname="io.cucumber.testng.AbstractTestNGCucumberTests" name="runScenario" time="0.231"/>
  <testcase classname="io.cucumber.testng.AbstractTestNGCucumberTests" name="runScenario" time="0.248"/>
  <testcase classname="io.cucumber.testng.AbstractTestNGCucumberTests" name="runScenario" time="6.914"/>
  <testcase classname="io.cucumber.testng.AbstractTestNGCucumberTests" name="runScenario" time="5.847">
    <failure type="org.openqa.selenium.NoSuchElementException" message="no such element: Unable to locate element: {&amp;quot;method&amp;quot;:&amp;quot;xpath&amp;quot;,&amp;quot;selector&amp;quot;:&amp;quot;//div/mat-error[@id=&amp;apos;mat-error-0&amp;apos;]&amp;quot;}
  (Session info: chrome=124.0.6367.92)
For documentation on this error, please visit: https://www.selenium.dev/documentation/webdriver/troubleshooting/errors#no-such-element-exception
Build info: version: &amp;apos;4.16.1&amp;apos;, revision: &amp;apos;9b4c83354e&amp;apos;
System info: os.name: &amp;apos;Windows 11&amp;apos;, os.arch: &amp;apos;amd64&amp;apos;, os.version: &amp;apos;10.0&amp;apos;, java.version: &amp;apos;20.0.1&amp;apos;
Driver info: org.openqa.selenium.chrome.ChromeDriver
Command: [bd7bd9a8fa654a2dfc8afa9bd699a31e, findElement {using=xpath, value=//div/mat-error[@id=&amp;apos;mat-error-0&amp;apos;]}]
Capabilities {acceptInsecureCerts: false, browserName: chrome, browserVersion: 124.0.6367.92, chrome: {chromedriverVersion: 124.0.6367.91 (51df0e5e17a8..., userDataDir: C:\Users\kiran\AppData\Loca...}, fedcm:accounts: true, goog:chromeOptions: {debuggerAddress: localhost:58819}, networkConnectionEnabled: false, pageLoadStrategy: normal, platformName: windows, proxy: Proxy(), se:cdp: ws://localhost:58819/devtoo..., se:cdpVersion: 124.0.6367.92, setWindowRect: true, strictFileInteractability: false, timeouts: {implicit: 0, pageLoad: 300000, script: 30000}, unhandledPromptBehavior: dismiss and notify, webauthn:extension:credBlob: true, webauthn:extension:largeBlob: true, webauthn:extension:minPinLength: true, webauthn:extension:prf: true, webauthn:virtualAuthenticators: true}
Session ID: bd7bd9a8fa654a2dfc8afa9bd699a31e">
      <![CDATA[org.openqa.selenium.NoSuchElementException: no such element: Unable to locate element: {"method":"xpath","selector":"//div/mat-error[@id='mat-error-0']"}
  (Session info: chrome=124.0.6367.92)
For documentation on this error, please visit: https://www.selenium.dev/documentation/webdriver/troubleshooting/errors#no-such-element-exception
Build info: version: '4.16.1', revision: '9b4c83354e'
System info: os.name: 'Windows 11', os.arch: 'amd64', os.version: '10.0', java.version: '20.0.1'
Driver info: org.openqa.selenium.chrome.ChromeDriver
Command: [bd7bd9a8fa654a2dfc8afa9bd699a31e, findElement {using=xpath, value=//div/mat-error[@id='mat-error-0']}]
Capabilities {acceptInsecureCerts: false, browserName: chrome, browserVersion: 124.0.6367.92, chrome: {chromedriverVersion: 124.0.6367.91 (51df0e5e17a8..., userDataDir: C:\Users\kiran\AppData\Loca...}, fedcm:accounts: true, goog:chromeOptions: {debuggerAddress: localhost:58819}, networkConnectionEnabled: false, pageLoadStrategy: normal, platformName: windows, proxy: Proxy(), se:cdp: ws://localhost:58819/devtoo..., se:cdpVersion: 124.0.6367.92, setWindowRect: true, strictFileInteractability: false, timeouts: {implicit: 0, pageLoad: 300000, script: 30000}, unhandledPromptBehavior: dismiss and notify, webauthn:extension:credBlob: true, webauthn:extension:largeBlob: true, webauthn:extension:minPinLength: true, webauthn:extension:prf: true, webauthn:virtualAuthenticators: true}
Session ID: bd7bd9a8fa654a2dfc8afa9bd699a31e
at java.base/jdk.internal.reflect.DirectConstructorHandleAccessor.newInstance(DirectConstructorHandleAccessor.java:67)
at java.base/java.lang.reflect.Constructor.newInstanceWithCaller(Constructor.java:500)
at java.base/java.lang.reflect.Constructor.newInstance(Constructor.java:484)
at org.openqa.selenium.remote.codec.w3c.W3CHttpResponseCodec.createException(W3CHttpResponseCodec.java:200)
at org.openqa.selenium.remote.codec.w3c.W3CHttpResponseCodec.decode(W3CHttpResponseCodec.java:133)
at org.openqa.selenium.remote.codec.w3c.W3CHttpResponseCodec.decode(W3CHttpResponseCodec.java:52)
at org.openqa.selenium.remote.HttpCommandExecutor.execute(HttpCommandExecutor.java:191)
at org.openqa.selenium.remote.service.DriverCommandExecutor.invokeExecute(DriverCommandExecutor.java:200)
at org.openqa.selenium.remote.service.DriverCommandExecutor.execute(DriverCommandExecutor.java:175)
at org.openqa.selenium.remote.RemoteWebDriver.execute(RemoteWebDriver.java:523)
at org.openqa.selenium.remote.ElementLocation$ElementFinder$2.findElement(ElementLocation.java:165)
at org.openqa.selenium.remote.ElementLocation.findElement(ElementLocation.java:59)
at org.openqa.selenium.remote.RemoteWebDriver.findElement(RemoteWebDriver.java:360)
at org.openqa.selenium.remote.RemoteWebDriver.findElement(RemoteWebDriver.java:354)
at org.openqa.selenium.support.pagefactory.DefaultElementLocator.findElement(DefaultElementLocator.java:68)
at org.openqa.selenium.support.pagefactory.internal.LocatingElementHandler.invoke(LocatingElementHandler.java:38)
at jdk.proxy2/jdk.proxy2.$Proxy40.getText(Unknown Source)
at com.pageObjects.LoginPageObject.BlankUserMessage(LoginPageObject.java:73)
at com.stepDefinitions.LoginPage_steps.error_message_for_null_username(LoginPage_steps.java:290)
at ✽.Error message for null username " Please enter your user name "(file:///C:/Users/kiran/eclipse-workspace/Team04_LMS_WebAutomaters/src/test/resources/Features/002_LoginPage.feature:23)
]]>
    </failure>
  </testcase> <!-- runScenario -->
  <testcase classname="io.cucumber.testng.AbstractTestNGCucumberTests" name="runScenario" time="2.026"/>
  <testcase classname="io.cucumber.testng.AbstractTestNGCucumberTests" name="runScenario" time="0.42"/>
  <testcase classname="io.cucumber.testng.AbstractTestNGCucumberTests" name="runScenario" time="0.576"/>
  <testcase classname="io.cucumber.testng.AbstractTestNGCucumberTests" name="runScenario" time="0.421"/>
  <testcase classname="io.cucumber.testng.AbstractTestNGCucumberTests" name="runScenario" time="0.208"/>
  <testcase classname="io.cucumber.testng.AbstractTestNGCucumberTests" name="runScenario" time="0.007"/>
  <testcase classname="io.cucumber.testng.AbstractTestNGCucumberTests" name="runScenario" time="5.075"/>
  <testcase classname="io.cucumber.testng.AbstractTestNGCucumberTests" name="runScenario" time="0.043"/>
  <testcase classname="io.cucumber.testng.AbstractTestNGCucumberTests" name="runScenario" time="0.056"/>
  <testcase classname="io.cucumber.testng.AbstractTestNGCucumberTests" name="runScenario" time="1.509"/>
  <testcase classname="io.cucumber.testng.AbstractTestNGCucumberTests" name="runScenario" time="0.941"/>
  <testcase classname="io.cucumber.testng.AbstractTestNGCucumberTests" name="runScenario" time="0.065"/>
  <testcase classname="io.cucumber.testng.AbstractTestNGCucumberTests" name="runScenario" time="0.046"/>
  <testcase classname="io.cucumber.testng.AbstractTestNGCucumberTests" name="runScenario" time="0.065"/>
  <testcase classname="io.cucumber.testng.AbstractTestNGCucumberTests" name="runScenario" time="0.1"/>
  <testcase classname="io.cucumber.testng.AbstractTestNGCucumberTests" name="runScenario" time="0.132"/>
  <testcase classname="io.cucumber.testng.AbstractTestNGCucumberTests" name="runScenario" time="1.156"/>
  <testcase classname="io.cucumber.testng.AbstractTestNGCucumberTests" name="runScenario" time="1.127"/>
  <testcase classname="io.cucumber.testng.AbstractTestNGCucumberTests" name="runScenario" time="1.119"/>
  <testcase classname="io.cucumber.testng.AbstractTestNGCucumberTests" name="runScenario" time="1.137"/>
  <testcase classname="io.cucumber.testng.AbstractTestNGCucumberTests" name="runScenario" time="1.122"/>
  <testcase classname="io.cucumber.testng.AbstractTestNGCucumberTests" name="runScenario" time="1.106"/>
  <testcase classname="io.cucumber.testng.AbstractTestNGCucumberTests" name="runScenario" time="1.122"/>
  <testcase classname="io.cucumber.testng.AbstractTestNGCucumberTests" name="runScenario" time="1.214"/>
  <testcase classname="io.cucumber.testng.AbstractTestNGCucumberTests" name="runScenario" time="1.178"/>
  <testcase classname="io.cucumber.testng.AbstractTestNGCucumberTests" name="runScenario" time="1.23"/>
  <testcase classname="io.cucumber.testng.AbstractTestNGCucumberTests" name="runScenario" time="1.372"/>
  <testcase classname="io.cucumber.testng.AbstractTestNGCucumberTests" name="runScenario" time="1.119"/>
  <testcase classname="io.cucumber.testng.AbstractTestNGCucumberTests" name="runScenario" time="1.462"/>
  <testcase classname="io.cucumber.testng.AbstractTestNGCucumberTests" name="runScenario" time="1.371">
    <failure type="java.lang.AssertionError" message="expected [true] but found [false]">
      <![CDATA[java.lang.AssertionError: expected [true] but found [false]
at org.testng.Assert.fail(Assert.java:111)
at org.testng.Assert.failNotEquals(Assert.java:1578)
at org.testng.Assert.assertTrue(Assert.java:57)
at org.testng.Assert.assertTrue(Assert.java:67)
at com.stepDefinitions.ManageProgram_steps.admin_should_see_two_input_fields_and_their_respective_text_boxes_in_the_program_details_window(ManageProgram_steps.java:180)
at ✽.Admin should see two input fields and their respective text boxes in the program details window(file:///C:/Users/kiran/eclipse-workspace/Team04_LMS_WebAutomaters/src/test/resources/Features/004_ManageProgram.feature:69)
]]>
    </failure>
  </testcase> <!-- runScenario -->
  <testcase classname="io.cucumber.testng.AbstractTestNGCucumberTests" name="runScenario" time="2.256">
    <failure type="org.openqa.selenium.ElementClickInterceptedException" message="element click intercepted: Element &amp;lt;span class=&amp;quot;mat-button-wrapper&amp;quot;&amp;gt;...&amp;lt;/span&amp;gt; is not clickable at point (1270, 32). Other element would receive the click: &amp;lt;div class=&amp;quot;ng-tns-c132-3 p-dialog-mask p-component-overlay p-dialog-mask-scrollblocker ng-star-inserted&amp;quot; style=&amp;quot;z-index: 1001;&amp;quot;&amp;gt;...&amp;lt;/div&amp;gt;
  (Session info: chrome=124.0.6367.92)
Build info: version: &amp;apos;4.16.1&amp;apos;, revision: &amp;apos;9b4c83354e&amp;apos;
System info: os.name: &amp;apos;Windows 11&amp;apos;, os.arch: &amp;apos;amd64&amp;apos;, os.version: &amp;apos;10.0&amp;apos;, java.version: &amp;apos;20.0.1&amp;apos;
Driver info: org.openqa.selenium.chrome.ChromeDriver
Command: [bd7bd9a8fa654a2dfc8afa9bd699a31e, clickElement {id=f.5D52B0B946BF484B635CA583BD81D799.d.9642C613F43610600930EAD45FCDCADA.e.520}]
Capabilities {acceptInsecureCerts: false, browserName: chrome, browserVersion: 124.0.6367.92, chrome: {chromedriverVersion: 124.0.6367.91 (51df0e5e17a8..., userDataDir: C:\Users\kiran\AppData\Loca...}, fedcm:accounts: true, goog:chromeOptions: {debuggerAddress: localhost:58819}, networkConnectionEnabled: false, pageLoadStrategy: normal, platformName: windows, proxy: Proxy(), se:cdp: ws://localhost:58819/devtoo..., se:cdpVersion: 124.0.6367.92, setWindowRect: true, strictFileInteractability: false, timeouts: {implicit: 0, pageLoad: 300000, script: 30000}, unhandledPromptBehavior: dismiss and notify, webauthn:extension:credBlob: true, webauthn:extension:largeBlob: true, webauthn:extension:minPinLength: true, webauthn:extension:prf: true, webauthn:virtualAuthenticators: true}
Element: [[ChromeDriver: chrome on windows (bd7bd9a8fa654a2dfc8afa9bd699a31e)] -&amp;gt; xpath: /html/body/app-root/app-header/mat-toolbar/button[1]/span[1]]
Session ID: bd7bd9a8fa654a2dfc8afa9bd699a31e">
      <![CDATA[org.openqa.selenium.ElementClickInterceptedException: element click intercepted: Element <span class="mat-button-wrapper">...</span> is not clickable at point (1270, 32). Other element would receive the click: <div class="ng-tns-c132-3 p-dialog-mask p-component-overlay p-dialog-mask-scrollblocker ng-star-inserted" style="z-index: 1001;">...</div>
  (Session info: chrome=124.0.6367.92)
Build info: version: '4.16.1', revision: '9b4c83354e'
System info: os.name: 'Windows 11', os.arch: 'amd64', os.version: '10.0', java.version: '20.0.1'
Driver info: org.openqa.selenium.chrome.ChromeDriver
Command: [bd7bd9a8fa654a2dfc8afa9bd699a31e, clickElement {id=f.5D52B0B946BF484B635CA583BD81D799.d.9642C613F43610600930EAD45FCDCADA.e.520}]
Capabilities {acceptInsecureCerts: false, browserName: chrome, browserVersion: 124.0.6367.92, chrome: {chromedriverVersion: 124.0.6367.91 (51df0e5e17a8..., userDataDir: C:\Users\kiran\AppData\Loca...}, fedcm:accounts: true, goog:chromeOptions: {debuggerAddress: localhost:58819}, networkConnectionEnabled: false, pageLoadStrategy: normal, platformName: windows, proxy: Proxy(), se:cdp: ws://localhost:58819/devtoo..., se:cdpVersion: 124.0.6367.92, setWindowRect: true, strictFileInteractability: false, timeouts: {implicit: 0, pageLoad: 300000, script: 30000}, unhandledPromptBehavior: dismiss and notify, webauthn:extension:credBlob: true, webauthn:extension:largeBlob: true, webauthn:extension:minPinLength: true, webauthn:extension:prf: true, webauthn:virtualAuthenticators: true}
Element: [[ChromeDriver: chrome on windows (bd7bd9a8fa654a2dfc8afa9bd699a31e)] -> xpath: /html/body/app-root/app-header/mat-toolbar/button[1]/span[1]]
Session ID: bd7bd9a8fa654a2dfc8afa9bd699a31e
at java.base/jdk.internal.reflect.DirectConstructorHandleAccessor.newInstance(DirectConstructorHandleAccessor.java:67)
at java.base/java.lang.reflect.Constructor.newInstanceWithCaller(Constructor.java:500)
at java.base/java.lang.reflect.Constructor.newInstance(Constructor.java:484)
at org.openqa.selenium.remote.codec.w3c.W3CHttpResponseCodec.createException(W3CHttpResponseCodec.java:200)
at org.openqa.selenium.remote.codec.w3c.W3CHttpResponseCodec.decode(W3CHttpResponseCodec.java:133)
at org.openqa.selenium.remote.codec.w3c.W3CHttpResponseCodec.decode(W3CHttpResponseCodec.java:52)
at org.openqa.selenium.remote.HttpCommandExecutor.execute(HttpCommandExecutor.java:191)
at org.openqa.selenium.remote.service.DriverCommandExecutor.invokeExecute(DriverCommandExecutor.java:200)
at org.openqa.selenium.remote.service.DriverCommandExecutor.execute(DriverCommandExecutor.java:175)
at org.openqa.selenium.remote.RemoteWebDriver.execute(RemoteWebDriver.java:523)
at org.openqa.selenium.remote.RemoteWebElement.execute(RemoteWebElement.java:224)
at org.openqa.selenium.remote.RemoteWebElement.click(RemoteWebElement.java:77)
at java.base/jdk.internal.reflect.DirectMethodHandleAccessor.invoke(DirectMethodHandleAccessor.java:104)
at java.base/java.lang.reflect.Method.invoke(Method.java:578)
at org.openqa.selenium.support.pagefactory.internal.LocatingElementHandler.invoke(LocatingElementHandler.java:51)
at jdk.proxy2/jdk.proxy2.$Proxy40.click(Unknown Source)
at com.pageObjects.ProgramPageObject.clickOnProgramButton(ProgramPageObject.java:143)
at com.stepDefinitions.ManageProgram_steps.admin_clicks_on_the_navigation_bar(ManageProgram_steps.java:37)
at ✽.Admin clicks "Program" on the navigation bar(file:///C:/Users/kiran/eclipse-workspace/Team04_LMS_WebAutomaters/src/test/resources/Features/004_ManageProgram.feature:5)
]]>
    </failure>
  </testcase> <!-- runScenario -->
  <testcase classname="io.cucumber.testng.AbstractTestNGCucumberTests" name="runScenario" time="2.214">
    <failure type="org.openqa.selenium.ElementClickInterceptedException" message="element click intercepted: Element &amp;lt;span class=&amp;quot;mat-button-wrapper&amp;quot;&amp;gt;...&amp;lt;/span&amp;gt; is not clickable at point (1270, 32). Other element would receive the click: &amp;lt;div class=&amp;quot;ng-tns-c132-3 p-dialog-mask p-component-overlay p-dialog-mask-scrollblocker ng-star-inserted&amp;quot; style=&amp;quot;z-index: 1001;&amp;quot;&amp;gt;...&amp;lt;/div&amp;gt;
  (Session info: chrome=124.0.6367.92)
Build info: version: &amp;apos;4.16.1&amp;apos;, revision: &amp;apos;9b4c83354e&amp;apos;
System info: os.name: &amp;apos;Windows 11&amp;apos;, os.arch: &amp;apos;amd64&amp;apos;, os.version: &amp;apos;10.0&amp;apos;, java.version: &amp;apos;20.0.1&amp;apos;
Driver info: org.openqa.selenium.chrome.ChromeDriver
Command: [bd7bd9a8fa654a2dfc8afa9bd699a31e, clickElement {id=f.5D52B0B946BF484B635CA583BD81D799.d.9642C613F43610600930EAD45FCDCADA.e.520}]
Capabilities {acceptInsecureCerts: false, browserName: chrome, browserVersion: 124.0.6367.92, chrome: {chromedriverVersion: 124.0.6367.91 (51df0e5e17a8..., userDataDir: C:\Users\kiran\AppData\Loca...}, fedcm:accounts: true, goog:chromeOptions: {debuggerAddress: localhost:58819}, networkConnectionEnabled: false, pageLoadStrategy: normal, platformName: windows, proxy: Proxy(), se:cdp: ws://localhost:58819/devtoo..., se:cdpVersion: 124.0.6367.92, setWindowRect: true, strictFileInteractability: false, timeouts: {implicit: 0, pageLoad: 300000, script: 30000}, unhandledPromptBehavior: dismiss and notify, webauthn:extension:credBlob: true, webauthn:extension:largeBlob: true, webauthn:extension:minPinLength: true, webauthn:extension:prf: true, webauthn:virtualAuthenticators: true}
Element: [[ChromeDriver: chrome on windows (bd7bd9a8fa654a2dfc8afa9bd699a31e)] -&amp;gt; xpath: /html/body/app-root/app-header/mat-toolbar/button[1]/span[1]]
Session ID: bd7bd9a8fa654a2dfc8afa9bd699a31e">
      <![CDATA[org.openqa.selenium.ElementClickInterceptedException: element click intercepted: Element <span class="mat-button-wrapper">...</span> is not clickable at point (1270, 32). Other element would receive the click: <div class="ng-tns-c132-3 p-dialog-mask p-component-overlay p-dialog-mask-scrollblocker ng-star-inserted" style="z-index: 1001;">...</div>
  (Session info: chrome=124.0.6367.92)
Build info: version: '4.16.1', revision: '9b4c83354e'
System info: os.name: 'Windows 11', os.arch: 'amd64', os.version: '10.0', java.version: '20.0.1'
Driver info: org.openqa.selenium.chrome.ChromeDriver
Command: [bd7bd9a8fa654a2dfc8afa9bd699a31e, clickElement {id=f.5D52B0B946BF484B635CA583BD81D799.d.9642C613F43610600930EAD45FCDCADA.e.520}]
Capabilities {acceptInsecureCerts: false, browserName: chrome, browserVersion: 124.0.6367.92, chrome: {chromedriverVersion: 124.0.6367.91 (51df0e5e17a8..., userDataDir: C:\Users\kiran\AppData\Loca...}, fedcm:accounts: true, goog:chromeOptions: {debuggerAddress: localhost:58819}, networkConnectionEnabled: false, pageLoadStrategy: normal, platformName: windows, proxy: Proxy(), se:cdp: ws://localhost:58819/devtoo..., se:cdpVersion: 124.0.6367.92, setWindowRect: true, strictFileInteractability: false, timeouts: {implicit: 0, pageLoad: 300000, script: 30000}, unhandledPromptBehavior: dismiss and notify, webauthn:extension:credBlob: true, webauthn:extension:largeBlob: true, webauthn:extension:minPinLength: true, webauthn:extension:prf: true, webauthn:virtualAuthenticators: true}
Element: [[ChromeDriver: chrome on windows (bd7bd9a8fa654a2dfc8afa9bd699a31e)] -> xpath: /html/body/app-root/app-header/mat-toolbar/button[1]/span[1]]
Session ID: bd7bd9a8fa654a2dfc8afa9bd699a31e
at java.base/jdk.internal.reflect.DirectConstructorHandleAccessor.newInstance(DirectConstructorHandleAccessor.java:67)
at java.base/java.lang.reflect.Constructor.newInstanceWithCaller(Constructor.java:500)
at java.base/java.lang.reflect.Constructor.newInstance(Constructor.java:484)
at org.openqa.selenium.remote.codec.w3c.W3CHttpResponseCodec.createException(W3CHttpResponseCodec.java:200)
at org.openqa.selenium.remote.codec.w3c.W3CHttpResponseCodec.decode(W3CHttpResponseCodec.java:133)
at org.openqa.selenium.remote.codec.w3c.W3CHttpResponseCodec.decode(W3CHttpResponseCodec.java:52)
at org.openqa.selenium.remote.HttpCommandExecutor.execute(HttpCommandExecutor.java:191)
at org.openqa.selenium.remote.service.DriverCommandExecutor.invokeExecute(DriverCommandExecutor.java:200)
at org.openqa.selenium.remote.service.DriverCommandExecutor.execute(DriverCommandExecutor.java:175)
at org.openqa.selenium.remote.RemoteWebDriver.execute(RemoteWebDriver.java:523)
at org.openqa.selenium.remote.RemoteWebElement.execute(RemoteWebElement.java:224)
at org.openqa.selenium.remote.RemoteWebElement.click(RemoteWebElement.java:77)
at java.base/jdk.internal.reflect.DirectMethodHandleAccessor.invoke(DirectMethodHandleAccessor.java:104)
at java.base/java.lang.reflect.Method.invoke(Method.java:578)
at org.openqa.selenium.support.pagefactory.internal.LocatingElementHandler.invoke(LocatingElementHandler.java:51)
at jdk.proxy2/jdk.proxy2.$Proxy40.click(Unknown Source)
at com.pageObjects.ProgramPageObject.clickOnProgramButton(ProgramPageObject.java:143)
at com.stepDefinitions.ManageProgram_steps.admin_clicks_on_the_navigation_bar(ManageProgram_steps.java:37)
at ✽.Admin clicks "Program" on the navigation bar(file:///C:/Users/kiran/eclipse-workspace/Team04_LMS_WebAutomaters/src/test/resources/Features/004_ManageProgram.feature:5)
]]>
    </failure>
  </testcase> <!-- runScenario -->
  <testcase classname="io.cucumber.testng.AbstractTestNGCucumberTests" name="runScenario" time="2.287">
    <failure type="org.openqa.selenium.ElementClickInterceptedException" message="element click intercepted: Element &amp;lt;span class=&amp;quot;mat-button-wrapper&amp;quot;&amp;gt;...&amp;lt;/span&amp;gt; is not clickable at point (1270, 32). Other element would receive the click: &amp;lt;div class=&amp;quot;ng-tns-c132-3 p-dialog-mask p-component-overlay p-dialog-mask-scrollblocker ng-star-inserted&amp;quot; style=&amp;quot;z-index: 1001;&amp;quot;&amp;gt;...&amp;lt;/div&amp;gt;
  (Session info: chrome=124.0.6367.92)
Build info: version: &amp;apos;4.16.1&amp;apos;, revision: &amp;apos;9b4c83354e&amp;apos;
System info: os.name: &amp;apos;Windows 11&amp;apos;, os.arch: &amp;apos;amd64&amp;apos;, os.version: &amp;apos;10.0&amp;apos;, java.version: &amp;apos;20.0.1&amp;apos;
Driver info: org.openqa.selenium.chrome.ChromeDriver
Command: [bd7bd9a8fa654a2dfc8afa9bd699a31e, clickElement {id=f.5D52B0B946BF484B635CA583BD81D799.d.9642C613F43610600930EAD45FCDCADA.e.520}]
Capabilities {acceptInsecureCerts: false, browserName: chrome, browserVersion: 124.0.6367.92, chrome: {chromedriverVersion: 124.0.6367.91 (51df0e5e17a8..., userDataDir: C:\Users\kiran\AppData\Loca...}, fedcm:accounts: true, goog:chromeOptions: {debuggerAddress: localhost:58819}, networkConnectionEnabled: false, pageLoadStrategy: normal, platformName: windows, proxy: Proxy(), se:cdp: ws://localhost:58819/devtoo..., se:cdpVersion: 124.0.6367.92, setWindowRect: true, strictFileInteractability: false, timeouts: {implicit: 0, pageLoad: 300000, script: 30000}, unhandledPromptBehavior: dismiss and notify, webauthn:extension:credBlob: true, webauthn:extension:largeBlob: true, webauthn:extension:minPinLength: true, webauthn:extension:prf: true, webauthn:virtualAuthenticators: true}
Element: [[ChromeDriver: chrome on windows (bd7bd9a8fa654a2dfc8afa9bd699a31e)] -&amp;gt; xpath: /html/body/app-root/app-header/mat-toolbar/button[1]/span[1]]
Session ID: bd7bd9a8fa654a2dfc8afa9bd699a31e">
      <![CDATA[org.openqa.selenium.ElementClickInterceptedException: element click intercepted: Element <span class="mat-button-wrapper">...</span> is not clickable at point (1270, 32). Other element would receive the click: <div class="ng-tns-c132-3 p-dialog-mask p-component-overlay p-dialog-mask-scrollblocker ng-star-inserted" style="z-index: 1001;">...</div>
  (Session info: chrome=124.0.6367.92)
Build info: version: '4.16.1', revision: '9b4c83354e'
System info: os.name: 'Windows 11', os.arch: 'amd64', os.version: '10.0', java.version: '20.0.1'
Driver info: org.openqa.selenium.chrome.ChromeDriver
Command: [bd7bd9a8fa654a2dfc8afa9bd699a31e, clickElement {id=f.5D52B0B946BF484B635CA583BD81D799.d.9642C613F43610600930EAD45FCDCADA.e.520}]
Capabilities {acceptInsecureCerts: false, browserName: chrome, browserVersion: 124.0.6367.92, chrome: {chromedriverVersion: 124.0.6367.91 (51df0e5e17a8..., userDataDir: C:\Users\kiran\AppData\Loca...}, fedcm:accounts: true, goog:chromeOptions: {debuggerAddress: localhost:58819}, networkConnectionEnabled: false, pageLoadStrategy: normal, platformName: windows, proxy: Proxy(), se:cdp: ws://localhost:58819/devtoo..., se:cdpVersion: 124.0.6367.92, setWindowRect: true, strictFileInteractability: false, timeouts: {implicit: 0, pageLoad: 300000, script: 30000}, unhandledPromptBehavior: dismiss and notify, webauthn:extension:credBlob: true, webauthn:extension:largeBlob: true, webauthn:extension:minPinLength: true, webauthn:extension:prf: true, webauthn:virtualAuthenticators: true}
Element: [[ChromeDriver: chrome on windows (bd7bd9a8fa654a2dfc8afa9bd699a31e)] -> xpath: /html/body/app-root/app-header/mat-toolbar/button[1]/span[1]]
Session ID: bd7bd9a8fa654a2dfc8afa9bd699a31e
at java.base/jdk.internal.reflect.DirectConstructorHandleAccessor.newInstance(DirectConstructorHandleAccessor.java:67)
at java.base/java.lang.reflect.Constructor.newInstanceWithCaller(Constructor.java:500)
at java.base/java.lang.reflect.Constructor.newInstance(Constructor.java:484)
at org.openqa.selenium.remote.codec.w3c.W3CHttpResponseCodec.createException(W3CHttpResponseCodec.java:200)
at org.openqa.selenium.remote.codec.w3c.W3CHttpResponseCodec.decode(W3CHttpResponseCodec.java:133)
at org.openqa.selenium.remote.codec.w3c.W3CHttpResponseCodec.decode(W3CHttpResponseCodec.java:52)
at org.openqa.selenium.remote.HttpCommandExecutor.execute(HttpCommandExecutor.java:191)
at org.openqa.selenium.remote.service.DriverCommandExecutor.invokeExecute(DriverCommandExecutor.java:200)
at org.openqa.selenium.remote.service.DriverCommandExecutor.execute(DriverCommandExecutor.java:175)
at org.openqa.selenium.remote.RemoteWebDriver.execute(RemoteWebDriver.java:523)
at org.openqa.selenium.remote.RemoteWebElement.execute(RemoteWebElement.java:224)
at org.openqa.selenium.remote.RemoteWebElement.click(RemoteWebElement.java:77)
at java.base/jdk.internal.reflect.DirectMethodHandleAccessor.invoke(DirectMethodHandleAccessor.java:104)
at java.base/java.lang.reflect.Method.invoke(Method.java:578)
at org.openqa.selenium.support.pagefactory.internal.LocatingElementHandler.invoke(LocatingElementHandler.java:51)
at jdk.proxy2/jdk.proxy2.$Proxy40.click(Unknown Source)
at com.pageObjects.ProgramPageObject.clickOnProgramButton(ProgramPageObject.java:143)
at com.stepDefinitions.ManageProgram_steps.admin_clicks_on_the_navigation_bar(ManageProgram_steps.java:37)
at ✽.Admin clicks "Program" on the navigation bar(file:///C:/Users/kiran/eclipse-workspace/Team04_LMS_WebAutomaters/src/test/resources/Features/004_ManageProgram.feature:5)
]]>
    </failure>
  </testcase> <!-- runScenario -->
  <testcase classname="io.cucumber.testng.AbstractTestNGCucumberTests" name="runScenario" time="2.267">
    <failure type="org.openqa.selenium.ElementClickInterceptedException" message="element click intercepted: Element &amp;lt;span class=&amp;quot;mat-button-wrapper&amp;quot;&amp;gt;...&amp;lt;/span&amp;gt; is not clickable at point (1270, 32). Other element would receive the click: &amp;lt;div class=&amp;quot;ng-tns-c132-3 p-dialog-mask p-component-overlay p-dialog-mask-scrollblocker ng-star-inserted&amp;quot; style=&amp;quot;z-index: 1001;&amp;quot;&amp;gt;...&amp;lt;/div&amp;gt;
  (Session info: chrome=124.0.6367.92)
Build info: version: &amp;apos;4.16.1&amp;apos;, revision: &amp;apos;9b4c83354e&amp;apos;
System info: os.name: &amp;apos;Windows 11&amp;apos;, os.arch: &amp;apos;amd64&amp;apos;, os.version: &amp;apos;10.0&amp;apos;, java.version: &amp;apos;20.0.1&amp;apos;
Driver info: org.openqa.selenium.chrome.ChromeDriver
Command: [bd7bd9a8fa654a2dfc8afa9bd699a31e, clickElement {id=f.5D52B0B946BF484B635CA583BD81D799.d.9642C613F43610600930EAD45FCDCADA.e.520}]
Capabilities {acceptInsecureCerts: false, browserName: chrome, browserVersion: 124.0.6367.92, chrome: {chromedriverVersion: 124.0.6367.91 (51df0e5e17a8..., userDataDir: C:\Users\kiran\AppData\Loca...}, fedcm:accounts: true, goog:chromeOptions: {debuggerAddress: localhost:58819}, networkConnectionEnabled: false, pageLoadStrategy: normal, platformName: windows, proxy: Proxy(), se:cdp: ws://localhost:58819/devtoo..., se:cdpVersion: 124.0.6367.92, setWindowRect: true, strictFileInteractability: false, timeouts: {implicit: 0, pageLoad: 300000, script: 30000}, unhandledPromptBehavior: dismiss and notify, webauthn:extension:credBlob: true, webauthn:extension:largeBlob: true, webauthn:extension:minPinLength: true, webauthn:extension:prf: true, webauthn:virtualAuthenticators: true}
Element: [[ChromeDriver: chrome on windows (bd7bd9a8fa654a2dfc8afa9bd699a31e)] -&amp;gt; xpath: /html/body/app-root/app-header/mat-toolbar/button[1]/span[1]]
Session ID: bd7bd9a8fa654a2dfc8afa9bd699a31e">
      <![CDATA[org.openqa.selenium.ElementClickInterceptedException: element click intercepted: Element <span class="mat-button-wrapper">...</span> is not clickable at point (1270, 32). Other element would receive the click: <div class="ng-tns-c132-3 p-dialog-mask p-component-overlay p-dialog-mask-scrollblocker ng-star-inserted" style="z-index: 1001;">...</div>
  (Session info: chrome=124.0.6367.92)
Build info: version: '4.16.1', revision: '9b4c83354e'
System info: os.name: 'Windows 11', os.arch: 'amd64', os.version: '10.0', java.version: '20.0.1'
Driver info: org.openqa.selenium.chrome.ChromeDriver
Command: [bd7bd9a8fa654a2dfc8afa9bd699a31e, clickElement {id=f.5D52B0B946BF484B635CA583BD81D799.d.9642C613F43610600930EAD45FCDCADA.e.520}]
Capabilities {acceptInsecureCerts: false, browserName: chrome, browserVersion: 124.0.6367.92, chrome: {chromedriverVersion: 124.0.6367.91 (51df0e5e17a8..., userDataDir: C:\Users\kiran\AppData\Loca...}, fedcm:accounts: true, goog:chromeOptions: {debuggerAddress: localhost:58819}, networkConnectionEnabled: false, pageLoadStrategy: normal, platformName: windows, proxy: Proxy(), se:cdp: ws://localhost:58819/devtoo..., se:cdpVersion: 124.0.6367.92, setWindowRect: true, strictFileInteractability: false, timeouts: {implicit: 0, pageLoad: 300000, script: 30000}, unhandledPromptBehavior: dismiss and notify, webauthn:extension:credBlob: true, webauthn:extension:largeBlob: true, webauthn:extension:minPinLength: true, webauthn:extension:prf: true, webauthn:virtualAuthenticators: true}
Element: [[ChromeDriver: chrome on windows (bd7bd9a8fa654a2dfc8afa9bd699a31e)] -> xpath: /html/body/app-root/app-header/mat-toolbar/button[1]/span[1]]
Session ID: bd7bd9a8fa654a2dfc8afa9bd699a31e
at java.base/jdk.internal.reflect.DirectConstructorHandleAccessor.newInstance(DirectConstructorHandleAccessor.java:67)
at java.base/java.lang.reflect.Constructor.newInstanceWithCaller(Constructor.java:500)
at java.base/java.lang.reflect.Constructor.newInstance(Constructor.java:484)
at org.openqa.selenium.remote.codec.w3c.W3CHttpResponseCodec.createException(W3CHttpResponseCodec.java:200)
at org.openqa.selenium.remote.codec.w3c.W3CHttpResponseCodec.decode(W3CHttpResponseCodec.java:133)
at org.openqa.selenium.remote.codec.w3c.W3CHttpResponseCodec.decode(W3CHttpResponseCodec.java:52)
at org.openqa.selenium.remote.HttpCommandExecutor.execute(HttpCommandExecutor.java:191)
at org.openqa.selenium.remote.service.DriverCommandExecutor.invokeExecute(DriverCommandExecutor.java:200)
at org.openqa.selenium.remote.service.DriverCommandExecutor.execute(DriverCommandExecutor.java:175)
at org.openqa.selenium.remote.RemoteWebDriver.execute(RemoteWebDriver.java:523)
at org.openqa.selenium.remote.RemoteWebElement.execute(RemoteWebElement.java:224)
at org.openqa.selenium.remote.RemoteWebElement.click(RemoteWebElement.java:77)
at java.base/jdk.internal.reflect.DirectMethodHandleAccessor.invoke(DirectMethodHandleAccessor.java:104)
at java.base/java.lang.reflect.Method.invoke(Method.java:578)
at org.openqa.selenium.support.pagefactory.internal.LocatingElementHandler.invoke(LocatingElementHandler.java:51)
at jdk.proxy2/jdk.proxy2.$Proxy40.click(Unknown Source)
at com.pageObjects.ProgramPageObject.clickOnProgramButton(ProgramPageObject.java:143)
at com.stepDefinitions.ManageProgram_steps.admin_clicks_on_the_navigation_bar(ManageProgram_steps.java:37)
at ✽.Admin clicks "Program" on the navigation bar(file:///C:/Users/kiran/eclipse-workspace/Team04_LMS_WebAutomaters/src/test/resources/Features/004_ManageProgram.feature:5)
]]>
    </failure>
  </testcase> <!-- runScenario -->
  <testcase classname="io.cucumber.testng.AbstractTestNGCucumberTests" name="runScenario" time="2.28">
    <failure type="org.openqa.selenium.ElementClickInterceptedException" message="element click intercepted: Element &amp;lt;span class=&amp;quot;mat-button-wrapper&amp;quot;&amp;gt;...&amp;lt;/span&amp;gt; is not clickable at point (1270, 32). Other element would receive the click: &amp;lt;div class=&amp;quot;ng-tns-c132-3 p-dialog-mask p-component-overlay p-dialog-mask-scrollblocker ng-star-inserted&amp;quot; style=&amp;quot;z-index: 1001;&amp;quot;&amp;gt;...&amp;lt;/div&amp;gt;
  (Session info: chrome=124.0.6367.92)
Build info: version: &amp;apos;4.16.1&amp;apos;, revision: &amp;apos;9b4c83354e&amp;apos;
System info: os.name: &amp;apos;Windows 11&amp;apos;, os.arch: &amp;apos;amd64&amp;apos;, os.version: &amp;apos;10.0&amp;apos;, java.version: &amp;apos;20.0.1&amp;apos;
Driver info: org.openqa.selenium.chrome.ChromeDriver
Command: [bd7bd9a8fa654a2dfc8afa9bd699a31e, clickElement {id=f.5D52B0B946BF484B635CA583BD81D799.d.9642C613F43610600930EAD45FCDCADA.e.520}]
Capabilities {acceptInsecureCerts: false, browserName: chrome, browserVersion: 124.0.6367.92, chrome: {chromedriverVersion: 124.0.6367.91 (51df0e5e17a8..., userDataDir: C:\Users\kiran\AppData\Loca...}, fedcm:accounts: true, goog:chromeOptions: {debuggerAddress: localhost:58819}, networkConnectionEnabled: false, pageLoadStrategy: normal, platformName: windows, proxy: Proxy(), se:cdp: ws://localhost:58819/devtoo..., se:cdpVersion: 124.0.6367.92, setWindowRect: true, strictFileInteractability: false, timeouts: {implicit: 0, pageLoad: 300000, script: 30000}, unhandledPromptBehavior: dismiss and notify, webauthn:extension:credBlob: true, webauthn:extension:largeBlob: true, webauthn:extension:minPinLength: true, webauthn:extension:prf: true, webauthn:virtualAuthenticators: true}
Element: [[ChromeDriver: chrome on windows (bd7bd9a8fa654a2dfc8afa9bd699a31e)] -&amp;gt; xpath: /html/body/app-root/app-header/mat-toolbar/button[1]/span[1]]
Session ID: bd7bd9a8fa654a2dfc8afa9bd699a31e">
      <![CDATA[org.openqa.selenium.ElementClickInterceptedException: element click intercepted: Element <span class="mat-button-wrapper">...</span> is not clickable at point (1270, 32). Other element would receive the click: <div class="ng-tns-c132-3 p-dialog-mask p-component-overlay p-dialog-mask-scrollblocker ng-star-inserted" style="z-index: 1001;">...</div>
  (Session info: chrome=124.0.6367.92)
Build info: version: '4.16.1', revision: '9b4c83354e'
System info: os.name: 'Windows 11', os.arch: 'amd64', os.version: '10.0', java.version: '20.0.1'
Driver info: org.openqa.selenium.chrome.ChromeDriver
Command: [bd7bd9a8fa654a2dfc8afa9bd699a31e, clickElement {id=f.5D52B0B946BF484B635CA583BD81D799.d.9642C613F43610600930EAD45FCDCADA.e.520}]
Capabilities {acceptInsecureCerts: false, browserName: chrome, browserVersion: 124.0.6367.92, chrome: {chromedriverVersion: 124.0.6367.91 (51df0e5e17a8..., userDataDir: C:\Users\kiran\AppData\Loca...}, fedcm:accounts: true, goog:chromeOptions: {debuggerAddress: localhost:58819}, networkConnectionEnabled: false, pageLoadStrategy: normal, platformName: windows, proxy: Proxy(), se:cdp: ws://localhost:58819/devtoo..., se:cdpVersion: 124.0.6367.92, setWindowRect: true, strictFileInteractability: false, timeouts: {implicit: 0, pageLoad: 300000, script: 30000}, unhandledPromptBehavior: dismiss and notify, webauthn:extension:credBlob: true, webauthn:extension:largeBlob: true, webauthn:extension:minPinLength: true, webauthn:extension:prf: true, webauthn:virtualAuthenticators: true}
Element: [[ChromeDriver: chrome on windows (bd7bd9a8fa654a2dfc8afa9bd699a31e)] -> xpath: /html/body/app-root/app-header/mat-toolbar/button[1]/span[1]]
Session ID: bd7bd9a8fa654a2dfc8afa9bd699a31e
at java.base/jdk.internal.reflect.DirectConstructorHandleAccessor.newInstance(DirectConstructorHandleAccessor.java:67)
at java.base/java.lang.reflect.Constructor.newInstanceWithCaller(Constructor.java:500)
at java.base/java.lang.reflect.Constructor.newInstance(Constructor.java:484)
at org.openqa.selenium.remote.codec.w3c.W3CHttpResponseCodec.createException(W3CHttpResponseCodec.java:200)
at org.openqa.selenium.remote.codec.w3c.W3CHttpResponseCodec.decode(W3CHttpResponseCodec.java:133)
at org.openqa.selenium.remote.codec.w3c.W3CHttpResponseCodec.decode(W3CHttpResponseCodec.java:52)
at org.openqa.selenium.remote.HttpCommandExecutor.execute(HttpCommandExecutor.java:191)
at org.openqa.selenium.remote.service.DriverCommandExecutor.invokeExecute(DriverCommandExecutor.java:200)
at org.openqa.selenium.remote.service.DriverCommandExecutor.execute(DriverCommandExecutor.java:175)
at org.openqa.selenium.remote.RemoteWebDriver.execute(RemoteWebDriver.java:523)
at org.openqa.selenium.remote.RemoteWebElement.execute(RemoteWebElement.java:224)
at org.openqa.selenium.remote.RemoteWebElement.click(RemoteWebElement.java:77)
at java.base/jdk.internal.reflect.DirectMethodHandleAccessor.invoke(DirectMethodHandleAccessor.java:104)
at java.base/java.lang.reflect.Method.invoke(Method.java:578)
at org.openqa.selenium.support.pagefactory.internal.LocatingElementHandler.invoke(LocatingElementHandler.java:51)
at jdk.proxy2/jdk.proxy2.$Proxy40.click(Unknown Source)
at com.pageObjects.ProgramPageObject.clickOnProgramButton(ProgramPageObject.java:143)
at com.stepDefinitions.ManageProgram_steps.admin_clicks_on_the_navigation_bar(ManageProgram_steps.java:37)
at ✽.Admin clicks "Program" on the navigation bar(file:///C:/Users/kiran/eclipse-workspace/Team04_LMS_WebAutomaters/src/test/resources/Features/004_ManageProgram.feature:5)
]]>
    </failure>
  </testcase> <!-- runScenario -->
  <testcase classname="io.cucumber.testng.AbstractTestNGCucumberTests" name="runScenario" time="2.235">
    <failure type="org.openqa.selenium.ElementClickInterceptedException" message="element click intercepted: Element &amp;lt;span class=&amp;quot;mat-button-wrapper&amp;quot;&amp;gt;...&amp;lt;/span&amp;gt; is not clickable at point (1270, 32). Other element would receive the click: &amp;lt;div class=&amp;quot;ng-tns-c132-3 p-dialog-mask p-component-overlay p-dialog-mask-scrollblocker ng-star-inserted&amp;quot; style=&amp;quot;z-index: 1001;&amp;quot;&amp;gt;...&amp;lt;/div&amp;gt;
  (Session info: chrome=124.0.6367.92)
Build info: version: &amp;apos;4.16.1&amp;apos;, revision: &amp;apos;9b4c83354e&amp;apos;
System info: os.name: &amp;apos;Windows 11&amp;apos;, os.arch: &amp;apos;amd64&amp;apos;, os.version: &amp;apos;10.0&amp;apos;, java.version: &amp;apos;20.0.1&amp;apos;
Driver info: org.openqa.selenium.chrome.ChromeDriver
Command: [bd7bd9a8fa654a2dfc8afa9bd699a31e, clickElement {id=f.5D52B0B946BF484B635CA583BD81D799.d.9642C613F43610600930EAD45FCDCADA.e.520}]
Capabilities {acceptInsecureCerts: false, browserName: chrome, browserVersion: 124.0.6367.92, chrome: {chromedriverVersion: 124.0.6367.91 (51df0e5e17a8..., userDataDir: C:\Users\kiran\AppData\Loca...}, fedcm:accounts: true, goog:chromeOptions: {debuggerAddress: localhost:58819}, networkConnectionEnabled: false, pageLoadStrategy: normal, platformName: windows, proxy: Proxy(), se:cdp: ws://localhost:58819/devtoo..., se:cdpVersion: 124.0.6367.92, setWindowRect: true, strictFileInteractability: false, timeouts: {implicit: 0, pageLoad: 300000, script: 30000}, unhandledPromptBehavior: dismiss and notify, webauthn:extension:credBlob: true, webauthn:extension:largeBlob: true, webauthn:extension:minPinLength: true, webauthn:extension:prf: true, webauthn:virtualAuthenticators: true}
Element: [[ChromeDriver: chrome on windows (bd7bd9a8fa654a2dfc8afa9bd699a31e)] -&amp;gt; xpath: /html/body/app-root/app-header/mat-toolbar/button[1]/span[1]]
Session ID: bd7bd9a8fa654a2dfc8afa9bd699a31e">
      <![CDATA[org.openqa.selenium.ElementClickInterceptedException: element click intercepted: Element <span class="mat-button-wrapper">...</span> is not clickable at point (1270, 32). Other element would receive the click: <div class="ng-tns-c132-3 p-dialog-mask p-component-overlay p-dialog-mask-scrollblocker ng-star-inserted" style="z-index: 1001;">...</div>
  (Session info: chrome=124.0.6367.92)
Build info: version: '4.16.1', revision: '9b4c83354e'
System info: os.name: 'Windows 11', os.arch: 'amd64', os.version: '10.0', java.version: '20.0.1'
Driver info: org.openqa.selenium.chrome.ChromeDriver
Command: [bd7bd9a8fa654a2dfc8afa9bd699a31e, clickElement {id=f.5D52B0B946BF484B635CA583BD81D799.d.9642C613F43610600930EAD45FCDCADA.e.520}]
Capabilities {acceptInsecureCerts: false, browserName: chrome, browserVersion: 124.0.6367.92, chrome: {chromedriverVersion: 124.0.6367.91 (51df0e5e17a8..., userDataDir: C:\Users\kiran\AppData\Loca...}, fedcm:accounts: true, goog:chromeOptions: {debuggerAddress: localhost:58819}, networkConnectionEnabled: false, pageLoadStrategy: normal, platformName: windows, proxy: Proxy(), se:cdp: ws://localhost:58819/devtoo..., se:cdpVersion: 124.0.6367.92, setWindowRect: true, strictFileInteractability: false, timeouts: {implicit: 0, pageLoad: 300000, script: 30000}, unhandledPromptBehavior: dismiss and notify, webauthn:extension:credBlob: true, webauthn:extension:largeBlob: true, webauthn:extension:minPinLength: true, webauthn:extension:prf: true, webauthn:virtualAuthenticators: true}
Element: [[ChromeDriver: chrome on windows (bd7bd9a8fa654a2dfc8afa9bd699a31e)] -> xpath: /html/body/app-root/app-header/mat-toolbar/button[1]/span[1]]
Session ID: bd7bd9a8fa654a2dfc8afa9bd699a31e
at java.base/jdk.internal.reflect.DirectConstructorHandleAccessor.newInstance(DirectConstructorHandleAccessor.java:67)
at java.base/java.lang.reflect.Constructor.newInstanceWithCaller(Constructor.java:500)
at java.base/java.lang.reflect.Constructor.newInstance(Constructor.java:484)
at org.openqa.selenium.remote.codec.w3c.W3CHttpResponseCodec.createException(W3CHttpResponseCodec.java:200)
at org.openqa.selenium.remote.codec.w3c.W3CHttpResponseCodec.decode(W3CHttpResponseCodec.java:133)
at org.openqa.selenium.remote.codec.w3c.W3CHttpResponseCodec.decode(W3CHttpResponseCodec.java:52)
at org.openqa.selenium.remote.HttpCommandExecutor.execute(HttpCommandExecutor.java:191)
at org.openqa.selenium.remote.service.DriverCommandExecutor.invokeExecute(DriverCommandExecutor.java:200)
at org.openqa.selenium.remote.service.DriverCommandExecutor.execute(DriverCommandExecutor.java:175)
at org.openqa.selenium.remote.RemoteWebDriver.execute(RemoteWebDriver.java:523)
at org.openqa.selenium.remote.RemoteWebElement.execute(RemoteWebElement.java:224)
at org.openqa.selenium.remote.RemoteWebElement.click(RemoteWebElement.java:77)
at java.base/jdk.internal.reflect.DirectMethodHandleAccessor.invoke(DirectMethodHandleAccessor.java:104)
at java.base/java.lang.reflect.Method.invoke(Method.java:578)
at org.openqa.selenium.support.pagefactory.internal.LocatingElementHandler.invoke(LocatingElementHandler.java:51)
at jdk.proxy2/jdk.proxy2.$Proxy40.click(Unknown Source)
at com.pageObjects.ProgramPageObject.clickOnProgramButton(ProgramPageObject.java:143)
at com.stepDefinitions.ManageProgram_steps.admin_clicks_on_the_navigation_bar(ManageProgram_steps.java:37)
at ✽.Admin clicks "Program" on the navigation bar(file:///C:/Users/kiran/eclipse-workspace/Team04_LMS_WebAutomaters/src/test/resources/Features/004_ManageProgram.feature:5)
]]>
    </failure>
  </testcase> <!-- runScenario -->
  <testcase classname="io.cucumber.testng.AbstractTestNGCucumberTests" name="runScenario" time="2.22">
    <failure type="org.openqa.selenium.ElementClickInterceptedException" message="element click intercepted: Element &amp;lt;span class=&amp;quot;mat-button-wrapper&amp;quot;&amp;gt;...&amp;lt;/span&amp;gt; is not clickable at point (1270, 32). Other element would receive the click: &amp;lt;div class=&amp;quot;ng-tns-c132-3 p-dialog-mask p-component-overlay p-dialog-mask-scrollblocker ng-star-inserted&amp;quot; style=&amp;quot;z-index: 1001;&amp;quot;&amp;gt;...&amp;lt;/div&amp;gt;
  (Session info: chrome=124.0.6367.92)
Build info: version: &amp;apos;4.16.1&amp;apos;, revision: &amp;apos;9b4c83354e&amp;apos;
System info: os.name: &amp;apos;Windows 11&amp;apos;, os.arch: &amp;apos;amd64&amp;apos;, os.version: &amp;apos;10.0&amp;apos;, java.version: &amp;apos;20.0.1&amp;apos;
Driver info: org.openqa.selenium.chrome.ChromeDriver
Command: [bd7bd9a8fa654a2dfc8afa9bd699a31e, clickElement {id=f.5D52B0B946BF484B635CA583BD81D799.d.9642C613F43610600930EAD45FCDCADA.e.520}]
Capabilities {acceptInsecureCerts: false, browserName: chrome, browserVersion: 124.0.6367.92, chrome: {chromedriverVersion: 124.0.6367.91 (51df0e5e17a8..., userDataDir: C:\Users\kiran\AppData\Loca...}, fedcm:accounts: true, goog:chromeOptions: {debuggerAddress: localhost:58819}, networkConnectionEnabled: false, pageLoadStrategy: normal, platformName: windows, proxy: Proxy(), se:cdp: ws://localhost:58819/devtoo..., se:cdpVersion: 124.0.6367.92, setWindowRect: true, strictFileInteractability: false, timeouts: {implicit: 0, pageLoad: 300000, script: 30000}, unhandledPromptBehavior: dismiss and notify, webauthn:extension:credBlob: true, webauthn:extension:largeBlob: true, webauthn:extension:minPinLength: true, webauthn:extension:prf: true, webauthn:virtualAuthenticators: true}
Element: [[ChromeDriver: chrome on windows (bd7bd9a8fa654a2dfc8afa9bd699a31e)] -&amp;gt; xpath: /html/body/app-root/app-header/mat-toolbar/button[1]/span[1]]
Session ID: bd7bd9a8fa654a2dfc8afa9bd699a31e">
      <![CDATA[org.openqa.selenium.ElementClickInterceptedException: element click intercepted: Element <span class="mat-button-wrapper">...</span> is not clickable at point (1270, 32). Other element would receive the click: <div class="ng-tns-c132-3 p-dialog-mask p-component-overlay p-dialog-mask-scrollblocker ng-star-inserted" style="z-index: 1001;">...</div>
  (Session info: chrome=124.0.6367.92)
Build info: version: '4.16.1', revision: '9b4c83354e'
System info: os.name: 'Windows 11', os.arch: 'amd64', os.version: '10.0', java.version: '20.0.1'
Driver info: org.openqa.selenium.chrome.ChromeDriver
Command: [bd7bd9a8fa654a2dfc8afa9bd699a31e, clickElement {id=f.5D52B0B946BF484B635CA583BD81D799.d.9642C613F43610600930EAD45FCDCADA.e.520}]
Capabilities {acceptInsecureCerts: false, browserName: chrome, browserVersion: 124.0.6367.92, chrome: {chromedriverVersion: 124.0.6367.91 (51df0e5e17a8..., userDataDir: C:\Users\kiran\AppData\Loca...}, fedcm:accounts: true, goog:chromeOptions: {debuggerAddress: localhost:58819}, networkConnectionEnabled: false, pageLoadStrategy: normal, platformName: windows, proxy: Proxy(), se:cdp: ws://localhost:58819/devtoo..., se:cdpVersion: 124.0.6367.92, setWindowRect: true, strictFileInteractability: false, timeouts: {implicit: 0, pageLoad: 300000, script: 30000}, unhandledPromptBehavior: dismiss and notify, webauthn:extension:credBlob: true, webauthn:extension:largeBlob: true, webauthn:extension:minPinLength: true, webauthn:extension:prf: true, webauthn:virtualAuthenticators: true}
Element: [[ChromeDriver: chrome on windows (bd7bd9a8fa654a2dfc8afa9bd699a31e)] -> xpath: /html/body/app-root/app-header/mat-toolbar/button[1]/span[1]]
Session ID: bd7bd9a8fa654a2dfc8afa9bd699a31e
at java.base/jdk.internal.reflect.DirectConstructorHandleAccessor.newInstance(DirectConstructorHandleAccessor.java:67)
at java.base/java.lang.reflect.Constructor.newInstanceWithCaller(Constructor.java:500)
at java.base/java.lang.reflect.Constructor.newInstance(Constructor.java:484)
at org.openqa.selenium.remote.codec.w3c.W3CHttpResponseCodec.createException(W3CHttpResponseCodec.java:200)
at org.openqa.selenium.remote.codec.w3c.W3CHttpResponseCodec.decode(W3CHttpResponseCodec.java:133)
at org.openqa.selenium.remote.codec.w3c.W3CHttpResponseCodec.decode(W3CHttpResponseCodec.java:52)
at org.openqa.selenium.remote.HttpCommandExecutor.execute(HttpCommandExecutor.java:191)
at org.openqa.selenium.remote.service.DriverCommandExecutor.invokeExecute(DriverCommandExecutor.java:200)
at org.openqa.selenium.remote.service.DriverCommandExecutor.execute(DriverCommandExecutor.java:175)
at org.openqa.selenium.remote.RemoteWebDriver.execute(RemoteWebDriver.java:523)
at org.openqa.selenium.remote.RemoteWebElement.execute(RemoteWebElement.java:224)
at org.openqa.selenium.remote.RemoteWebElement.click(RemoteWebElement.java:77)
at java.base/jdk.internal.reflect.DirectMethodHandleAccessor.invoke(DirectMethodHandleAccessor.java:104)
at java.base/java.lang.reflect.Method.invoke(Method.java:578)
at org.openqa.selenium.support.pagefactory.internal.LocatingElementHandler.invoke(LocatingElementHandler.java:51)
at jdk.proxy2/jdk.proxy2.$Proxy40.click(Unknown Source)
at com.pageObjects.ProgramPageObject.clickOnProgramButton(ProgramPageObject.java:143)
at com.stepDefinitions.ManageProgram_steps.admin_clicks_on_the_navigation_bar(ManageProgram_steps.java:37)
at ✽.Admin clicks "Program" on the navigation bar(file:///C:/Users/kiran/eclipse-workspace/Team04_LMS_WebAutomaters/src/test/resources/Features/004_ManageProgram.feature:5)
]]>
    </failure>
  </testcase> <!-- runScenario -->
  <testcase classname="io.cucumber.testng.AbstractTestNGCucumberTests" name="runScenario" time="2.242">
    <failure type="org.openqa.selenium.ElementClickInterceptedException" message="element click intercepted: Element &amp;lt;span class=&amp;quot;mat-button-wrapper&amp;quot;&amp;gt;...&amp;lt;/span&amp;gt; is not clickable at point (1270, 32). Other element would receive the click: &amp;lt;div class=&amp;quot;ng-tns-c132-3 p-dialog-mask p-component-overlay p-dialog-mask-scrollblocker ng-star-inserted&amp;quot; style=&amp;quot;z-index: 1001;&amp;quot;&amp;gt;...&amp;lt;/div&amp;gt;
  (Session info: chrome=124.0.6367.92)
Build info: version: &amp;apos;4.16.1&amp;apos;, revision: &amp;apos;9b4c83354e&amp;apos;
System info: os.name: &amp;apos;Windows 11&amp;apos;, os.arch: &amp;apos;amd64&amp;apos;, os.version: &amp;apos;10.0&amp;apos;, java.version: &amp;apos;20.0.1&amp;apos;
Driver info: org.openqa.selenium.chrome.ChromeDriver
Command: [bd7bd9a8fa654a2dfc8afa9bd699a31e, clickElement {id=f.5D52B0B946BF484B635CA583BD81D799.d.9642C613F43610600930EAD45FCDCADA.e.520}]
Capabilities {acceptInsecureCerts: false, browserName: chrome, browserVersion: 124.0.6367.92, chrome: {chromedriverVersion: 124.0.6367.91 (51df0e5e17a8..., userDataDir: C:\Users\kiran\AppData\Loca...}, fedcm:accounts: true, goog:chromeOptions: {debuggerAddress: localhost:58819}, networkConnectionEnabled: false, pageLoadStrategy: normal, platformName: windows, proxy: Proxy(), se:cdp: ws://localhost:58819/devtoo..., se:cdpVersion: 124.0.6367.92, setWindowRect: true, strictFileInteractability: false, timeouts: {implicit: 0, pageLoad: 300000, script: 30000}, unhandledPromptBehavior: dismiss and notify, webauthn:extension:credBlob: true, webauthn:extension:largeBlob: true, webauthn:extension:minPinLength: true, webauthn:extension:prf: true, webauthn:virtualAuthenticators: true}
Element: [[ChromeDriver: chrome on windows (bd7bd9a8fa654a2dfc8afa9bd699a31e)] -&amp;gt; xpath: /html/body/app-root/app-header/mat-toolbar/button[1]/span[1]]
Session ID: bd7bd9a8fa654a2dfc8afa9bd699a31e">
      <![CDATA[org.openqa.selenium.ElementClickInterceptedException: element click intercepted: Element <span class="mat-button-wrapper">...</span> is not clickable at point (1270, 32). Other element would receive the click: <div class="ng-tns-c132-3 p-dialog-mask p-component-overlay p-dialog-mask-scrollblocker ng-star-inserted" style="z-index: 1001;">...</div>
  (Session info: chrome=124.0.6367.92)
Build info: version: '4.16.1', revision: '9b4c83354e'
System info: os.name: 'Windows 11', os.arch: 'amd64', os.version: '10.0', java.version: '20.0.1'
Driver info: org.openqa.selenium.chrome.ChromeDriver
Command: [bd7bd9a8fa654a2dfc8afa9bd699a31e, clickElement {id=f.5D52B0B946BF484B635CA583BD81D799.d.9642C613F43610600930EAD45FCDCADA.e.520}]
Capabilities {acceptInsecureCerts: false, browserName: chrome, browserVersion: 124.0.6367.92, chrome: {chromedriverVersion: 124.0.6367.91 (51df0e5e17a8..., userDataDir: C:\Users\kiran\AppData\Loca...}, fedcm:accounts: true, goog:chromeOptions: {debuggerAddress: localhost:58819}, networkConnectionEnabled: false, pageLoadStrategy: normal, platformName: windows, proxy: Proxy(), se:cdp: ws://localhost:58819/devtoo..., se:cdpVersion: 124.0.6367.92, setWindowRect: true, strictFileInteractability: false, timeouts: {implicit: 0, pageLoad: 300000, script: 30000}, unhandledPromptBehavior: dismiss and notify, webauthn:extension:credBlob: true, webauthn:extension:largeBlob: true, webauthn:extension:minPinLength: true, webauthn:extension:prf: true, webauthn:virtualAuthenticators: true}
Element: [[ChromeDriver: chrome on windows (bd7bd9a8fa654a2dfc8afa9bd699a31e)] -> xpath: /html/body/app-root/app-header/mat-toolbar/button[1]/span[1]]
Session ID: bd7bd9a8fa654a2dfc8afa9bd699a31e
at java.base/jdk.internal.reflect.DirectConstructorHandleAccessor.newInstance(DirectConstructorHandleAccessor.java:67)
at java.base/java.lang.reflect.Constructor.newInstanceWithCaller(Constructor.java:500)
at java.base/java.lang.reflect.Constructor.newInstance(Constructor.java:484)
at org.openqa.selenium.remote.codec.w3c.W3CHttpResponseCodec.createException(W3CHttpResponseCodec.java:200)
at org.openqa.selenium.remote.codec.w3c.W3CHttpResponseCodec.decode(W3CHttpResponseCodec.java:133)
at org.openqa.selenium.remote.codec.w3c.W3CHttpResponseCodec.decode(W3CHttpResponseCodec.java:52)
at org.openqa.selenium.remote.HttpCommandExecutor.execute(HttpCommandExecutor.java:191)
at org.openqa.selenium.remote.service.DriverCommandExecutor.invokeExecute(DriverCommandExecutor.java:200)
at org.openqa.selenium.remote.service.DriverCommandExecutor.execute(DriverCommandExecutor.java:175)
at org.openqa.selenium.remote.RemoteWebDriver.execute(RemoteWebDriver.java:523)
at org.openqa.selenium.remote.RemoteWebElement.execute(RemoteWebElement.java:224)
at org.openqa.selenium.remote.RemoteWebElement.click(RemoteWebElement.java:77)
at java.base/jdk.internal.reflect.DirectMethodHandleAccessor.invoke(DirectMethodHandleAccessor.java:104)
at java.base/java.lang.reflect.Method.invoke(Method.java:578)
at org.openqa.selenium.support.pagefactory.internal.LocatingElementHandler.invoke(LocatingElementHandler.java:51)
at jdk.proxy2/jdk.proxy2.$Proxy40.click(Unknown Source)
at com.pageObjects.ProgramPageObject.clickOnProgramButton(ProgramPageObject.java:143)
at com.stepDefinitions.ManageProgram_steps.admin_clicks_on_the_navigation_bar(ManageProgram_steps.java:37)
at ✽.Admin clicks "Program" on the navigation bar(file:///C:/Users/kiran/eclipse-workspace/Team04_LMS_WebAutomaters/src/test/resources/Features/004_ManageProgram.feature:5)
]]>
    </failure>
  </testcase> <!-- runScenario -->
  <testcase classname="io.cucumber.testng.AbstractTestNGCucumberTests" name="runScenario" time="2.264">
    <failure type="org.openqa.selenium.ElementClickInterceptedException" message="element click intercepted: Element &amp;lt;span class=&amp;quot;mat-button-wrapper&amp;quot;&amp;gt;...&amp;lt;/span&amp;gt; is not clickable at point (1270, 32). Other element would receive the click: &amp;lt;div class=&amp;quot;ng-tns-c132-3 p-dialog-mask p-component-overlay p-dialog-mask-scrollblocker ng-star-inserted&amp;quot; style=&amp;quot;z-index: 1001;&amp;quot;&amp;gt;...&amp;lt;/div&amp;gt;
  (Session info: chrome=124.0.6367.92)
Build info: version: &amp;apos;4.16.1&amp;apos;, revision: &amp;apos;9b4c83354e&amp;apos;
System info: os.name: &amp;apos;Windows 11&amp;apos;, os.arch: &amp;apos;amd64&amp;apos;, os.version: &amp;apos;10.0&amp;apos;, java.version: &amp;apos;20.0.1&amp;apos;
Driver info: org.openqa.selenium.chrome.ChromeDriver
Command: [bd7bd9a8fa654a2dfc8afa9bd699a31e, clickElement {id=f.5D52B0B946BF484B635CA583BD81D799.d.9642C613F43610600930EAD45FCDCADA.e.520}]
Capabilities {acceptInsecureCerts: false, browserName: chrome, browserVersion: 124.0.6367.92, chrome: {chromedriverVersion: 124.0.6367.91 (51df0e5e17a8..., userDataDir: C:\Users\kiran\AppData\Loca...}, fedcm:accounts: true, goog:chromeOptions: {debuggerAddress: localhost:58819}, networkConnectionEnabled: false, pageLoadStrategy: normal, platformName: windows, proxy: Proxy(), se:cdp: ws://localhost:58819/devtoo..., se:cdpVersion: 124.0.6367.92, setWindowRect: true, strictFileInteractability: false, timeouts: {implicit: 0, pageLoad: 300000, script: 30000}, unhandledPromptBehavior: dismiss and notify, webauthn:extension:credBlob: true, webauthn:extension:largeBlob: true, webauthn:extension:minPinLength: true, webauthn:extension:prf: true, webauthn:virtualAuthenticators: true}
Element: [[ChromeDriver: chrome on windows (bd7bd9a8fa654a2dfc8afa9bd699a31e)] -&amp;gt; xpath: /html/body/app-root/app-header/mat-toolbar/button[1]/span[1]]
Session ID: bd7bd9a8fa654a2dfc8afa9bd699a31e">
      <![CDATA[org.openqa.selenium.ElementClickInterceptedException: element click intercepted: Element <span class="mat-button-wrapper">...</span> is not clickable at point (1270, 32). Other element would receive the click: <div class="ng-tns-c132-3 p-dialog-mask p-component-overlay p-dialog-mask-scrollblocker ng-star-inserted" style="z-index: 1001;">...</div>
  (Session info: chrome=124.0.6367.92)
Build info: version: '4.16.1', revision: '9b4c83354e'
System info: os.name: 'Windows 11', os.arch: 'amd64', os.version: '10.0', java.version: '20.0.1'
Driver info: org.openqa.selenium.chrome.ChromeDriver
Command: [bd7bd9a8fa654a2dfc8afa9bd699a31e, clickElement {id=f.5D52B0B946BF484B635CA583BD81D799.d.9642C613F43610600930EAD45FCDCADA.e.520}]
Capabilities {acceptInsecureCerts: false, browserName: chrome, browserVersion: 124.0.6367.92, chrome: {chromedriverVersion: 124.0.6367.91 (51df0e5e17a8..., userDataDir: C:\Users\kiran\AppData\Loca...}, fedcm:accounts: true, goog:chromeOptions: {debuggerAddress: localhost:58819}, networkConnectionEnabled: false, pageLoadStrategy: normal, platformName: windows, proxy: Proxy(), se:cdp: ws://localhost:58819/devtoo..., se:cdpVersion: 124.0.6367.92, setWindowRect: true, strictFileInteractability: false, timeouts: {implicit: 0, pageLoad: 300000, script: 30000}, unhandledPromptBehavior: dismiss and notify, webauthn:extension:credBlob: true, webauthn:extension:largeBlob: true, webauthn:extension:minPinLength: true, webauthn:extension:prf: true, webauthn:virtualAuthenticators: true}
Element: [[ChromeDriver: chrome on windows (bd7bd9a8fa654a2dfc8afa9bd699a31e)] -> xpath: /html/body/app-root/app-header/mat-toolbar/button[1]/span[1]]
Session ID: bd7bd9a8fa654a2dfc8afa9bd699a31e
at java.base/jdk.internal.reflect.DirectConstructorHandleAccessor.newInstance(DirectConstructorHandleAccessor.java:67)
at java.base/java.lang.reflect.Constructor.newInstanceWithCaller(Constructor.java:500)
at java.base/java.lang.reflect.Constructor.newInstance(Constructor.java:484)
at org.openqa.selenium.remote.codec.w3c.W3CHttpResponseCodec.createException(W3CHttpResponseCodec.java:200)
at org.openqa.selenium.remote.codec.w3c.W3CHttpResponseCodec.decode(W3CHttpResponseCodec.java:133)
at org.openqa.selenium.remote.codec.w3c.W3CHttpResponseCodec.decode(W3CHttpResponseCodec.java:52)
at org.openqa.selenium.remote.HttpCommandExecutor.execute(HttpCommandExecutor.java:191)
at org.openqa.selenium.remote.service.DriverCommandExecutor.invokeExecute(DriverCommandExecutor.java:200)
at org.openqa.selenium.remote.service.DriverCommandExecutor.execute(DriverCommandExecutor.java:175)
at org.openqa.selenium.remote.RemoteWebDriver.execute(RemoteWebDriver.java:523)
at org.openqa.selenium.remote.RemoteWebElement.execute(RemoteWebElement.java:224)
at org.openqa.selenium.remote.RemoteWebElement.click(RemoteWebElement.java:77)
at java.base/jdk.internal.reflect.DirectMethodHandleAccessor.invoke(DirectMethodHandleAccessor.java:104)
at java.base/java.lang.reflect.Method.invoke(Method.java:578)
at org.openqa.selenium.support.pagefactory.internal.LocatingElementHandler.invoke(LocatingElementHandler.java:51)
at jdk.proxy2/jdk.proxy2.$Proxy40.click(Unknown Source)
at com.pageObjects.ProgramPageObject.clickOnProgramButton(ProgramPageObject.java:143)
at com.stepDefinitions.ManageProgram_steps.admin_clicks_on_the_navigation_bar(ManageProgram_steps.java:37)
at ✽.Admin clicks "Program" on the navigation bar(file:///C:/Users/kiran/eclipse-workspace/Team04_LMS_WebAutomaters/src/test/resources/Features/004_ManageProgram.feature:5)
]]>
    </failure>
  </testcase> <!-- runScenario -->
  <testcase classname="io.cucumber.testng.AbstractTestNGCucumberTests" name="runScenario" time="2.215">
    <failure type="org.openqa.selenium.ElementClickInterceptedException" message="element click intercepted: Element &amp;lt;span class=&amp;quot;mat-button-wrapper&amp;quot;&amp;gt;...&amp;lt;/span&amp;gt; is not clickable at point (1270, 32). Other element would receive the click: &amp;lt;div class=&amp;quot;ng-tns-c132-3 p-dialog-mask p-component-overlay p-dialog-mask-scrollblocker ng-star-inserted&amp;quot; style=&amp;quot;z-index: 1001;&amp;quot;&amp;gt;...&amp;lt;/div&amp;gt;
  (Session info: chrome=124.0.6367.92)
Build info: version: &amp;apos;4.16.1&amp;apos;, revision: &amp;apos;9b4c83354e&amp;apos;
System info: os.name: &amp;apos;Windows 11&amp;apos;, os.arch: &amp;apos;amd64&amp;apos;, os.version: &amp;apos;10.0&amp;apos;, java.version: &amp;apos;20.0.1&amp;apos;
Driver info: org.openqa.selenium.chrome.ChromeDriver
Command: [bd7bd9a8fa654a2dfc8afa9bd699a31e, clickElement {id=f.5D52B0B946BF484B635CA583BD81D799.d.9642C613F43610600930EAD45FCDCADA.e.520}]
Capabilities {acceptInsecureCerts: false, browserName: chrome, browserVersion: 124.0.6367.92, chrome: {chromedriverVersion: 124.0.6367.91 (51df0e5e17a8..., userDataDir: C:\Users\kiran\AppData\Loca...}, fedcm:accounts: true, goog:chromeOptions: {debuggerAddress: localhost:58819}, networkConnectionEnabled: false, pageLoadStrategy: normal, platformName: windows, proxy: Proxy(), se:cdp: ws://localhost:58819/devtoo..., se:cdpVersion: 124.0.6367.92, setWindowRect: true, strictFileInteractability: false, timeouts: {implicit: 0, pageLoad: 300000, script: 30000}, unhandledPromptBehavior: dismiss and notify, webauthn:extension:credBlob: true, webauthn:extension:largeBlob: true, webauthn:extension:minPinLength: true, webauthn:extension:prf: true, webauthn:virtualAuthenticators: true}
Element: [[ChromeDriver: chrome on windows (bd7bd9a8fa654a2dfc8afa9bd699a31e)] -&amp;gt; xpath: /html/body/app-root/app-header/mat-toolbar/button[1]/span[1]]
Session ID: bd7bd9a8fa654a2dfc8afa9bd699a31e">
      <![CDATA[org.openqa.selenium.ElementClickInterceptedException: element click intercepted: Element <span class="mat-button-wrapper">...</span> is not clickable at point (1270, 32). Other element would receive the click: <div class="ng-tns-c132-3 p-dialog-mask p-component-overlay p-dialog-mask-scrollblocker ng-star-inserted" style="z-index: 1001;">...</div>
  (Session info: chrome=124.0.6367.92)
Build info: version: '4.16.1', revision: '9b4c83354e'
System info: os.name: 'Windows 11', os.arch: 'amd64', os.version: '10.0', java.version: '20.0.1'
Driver info: org.openqa.selenium.chrome.ChromeDriver
Command: [bd7bd9a8fa654a2dfc8afa9bd699a31e, clickElement {id=f.5D52B0B946BF484B635CA583BD81D799.d.9642C613F43610600930EAD45FCDCADA.e.520}]
Capabilities {acceptInsecureCerts: false, browserName: chrome, browserVersion: 124.0.6367.92, chrome: {chromedriverVersion: 124.0.6367.91 (51df0e5e17a8..., userDataDir: C:\Users\kiran\AppData\Loca...}, fedcm:accounts: true, goog:chromeOptions: {debuggerAddress: localhost:58819}, networkConnectionEnabled: false, pageLoadStrategy: normal, platformName: windows, proxy: Proxy(), se:cdp: ws://localhost:58819/devtoo..., se:cdpVersion: 124.0.6367.92, setWindowRect: true, strictFileInteractability: false, timeouts: {implicit: 0, pageLoad: 300000, script: 30000}, unhandledPromptBehavior: dismiss and notify, webauthn:extension:credBlob: true, webauthn:extension:largeBlob: true, webauthn:extension:minPinLength: true, webauthn:extension:prf: true, webauthn:virtualAuthenticators: true}
Element: [[ChromeDriver: chrome on windows (bd7bd9a8fa654a2dfc8afa9bd699a31e)] -> xpath: /html/body/app-root/app-header/mat-toolbar/button[1]/span[1]]
Session ID: bd7bd9a8fa654a2dfc8afa9bd699a31e
at java.base/jdk.internal.reflect.DirectConstructorHandleAccessor.newInstance(DirectConstructorHandleAccessor.java:67)
at java.base/java.lang.reflect.Constructor.newInstanceWithCaller(Constructor.java:500)
at java.base/java.lang.reflect.Constructor.newInstance(Constructor.java:484)
at org.openqa.selenium.remote.codec.w3c.W3CHttpResponseCodec.createException(W3CHttpResponseCodec.java:200)
at org.openqa.selenium.remote.codec.w3c.W3CHttpResponseCodec.decode(W3CHttpResponseCodec.java:133)
at org.openqa.selenium.remote.codec.w3c.W3CHttpResponseCodec.decode(W3CHttpResponseCodec.java:52)
at org.openqa.selenium.remote.HttpCommandExecutor.execute(HttpCommandExecutor.java:191)
at org.openqa.selenium.remote.service.DriverCommandExecutor.invokeExecute(DriverCommandExecutor.java:200)
at org.openqa.selenium.remote.service.DriverCommandExecutor.execute(DriverCommandExecutor.java:175)
at org.openqa.selenium.remote.RemoteWebDriver.execute(RemoteWebDriver.java:523)
at org.openqa.selenium.remote.RemoteWebElement.execute(RemoteWebElement.java:224)
at org.openqa.selenium.remote.RemoteWebElement.click(RemoteWebElement.java:77)
at java.base/jdk.internal.reflect.DirectMethodHandleAccessor.invoke(DirectMethodHandleAccessor.java:104)
at java.base/java.lang.reflect.Method.invoke(Method.java:578)
at org.openqa.selenium.support.pagefactory.internal.LocatingElementHandler.invoke(LocatingElementHandler.java:51)
at jdk.proxy2/jdk.proxy2.$Proxy40.click(Unknown Source)
at com.pageObjects.ProgramPageObject.clickOnProgramButton(ProgramPageObject.java:143)
at com.stepDefinitions.ManageProgram_steps.admin_clicks_on_the_navigation_bar(ManageProgram_steps.java:37)
at ✽.Admin clicks "Program" on the navigation bar(file:///C:/Users/kiran/eclipse-workspace/Team04_LMS_WebAutomaters/src/test/resources/Features/004_ManageProgram.feature:5)
]]>
    </failure>
  </testcase> <!-- runScenario -->
  <testcase classname="io.cucumber.testng.AbstractTestNGCucumberTests" name="runScenario" time="2.262">
    <failure type="org.openqa.selenium.ElementClickInterceptedException" message="element click intercepted: Element &amp;lt;span class=&amp;quot;mat-button-wrapper&amp;quot;&amp;gt;...&amp;lt;/span&amp;gt; is not clickable at point (1270, 32). Other element would receive the click: &amp;lt;div class=&amp;quot;ng-tns-c132-3 p-dialog-mask p-component-overlay p-dialog-mask-scrollblocker ng-star-inserted&amp;quot; style=&amp;quot;z-index: 1001;&amp;quot;&amp;gt;...&amp;lt;/div&amp;gt;
  (Session info: chrome=124.0.6367.92)
Build info: version: &amp;apos;4.16.1&amp;apos;, revision: &amp;apos;9b4c83354e&amp;apos;
System info: os.name: &amp;apos;Windows 11&amp;apos;, os.arch: &amp;apos;amd64&amp;apos;, os.version: &amp;apos;10.0&amp;apos;, java.version: &amp;apos;20.0.1&amp;apos;
Driver info: org.openqa.selenium.chrome.ChromeDriver
Command: [bd7bd9a8fa654a2dfc8afa9bd699a31e, clickElement {id=f.5D52B0B946BF484B635CA583BD81D799.d.9642C613F43610600930EAD45FCDCADA.e.520}]
Capabilities {acceptInsecureCerts: false, browserName: chrome, browserVersion: 124.0.6367.92, chrome: {chromedriverVersion: 124.0.6367.91 (51df0e5e17a8..., userDataDir: C:\Users\kiran\AppData\Loca...}, fedcm:accounts: true, goog:chromeOptions: {debuggerAddress: localhost:58819}, networkConnectionEnabled: false, pageLoadStrategy: normal, platformName: windows, proxy: Proxy(), se:cdp: ws://localhost:58819/devtoo..., se:cdpVersion: 124.0.6367.92, setWindowRect: true, strictFileInteractability: false, timeouts: {implicit: 0, pageLoad: 300000, script: 30000}, unhandledPromptBehavior: dismiss and notify, webauthn:extension:credBlob: true, webauthn:extension:largeBlob: true, webauthn:extension:minPinLength: true, webauthn:extension:prf: true, webauthn:virtualAuthenticators: true}
Element: [[ChromeDriver: chrome on windows (bd7bd9a8fa654a2dfc8afa9bd699a31e)] -&amp;gt; xpath: /html/body/app-root/app-header/mat-toolbar/button[1]/span[1]]
Session ID: bd7bd9a8fa654a2dfc8afa9bd699a31e">
      <![CDATA[org.openqa.selenium.ElementClickInterceptedException: element click intercepted: Element <span class="mat-button-wrapper">...</span> is not clickable at point (1270, 32). Other element would receive the click: <div class="ng-tns-c132-3 p-dialog-mask p-component-overlay p-dialog-mask-scrollblocker ng-star-inserted" style="z-index: 1001;">...</div>
  (Session info: chrome=124.0.6367.92)
Build info: version: '4.16.1', revision: '9b4c83354e'
System info: os.name: 'Windows 11', os.arch: 'amd64', os.version: '10.0', java.version: '20.0.1'
Driver info: org.openqa.selenium.chrome.ChromeDriver
Command: [bd7bd9a8fa654a2dfc8afa9bd699a31e, clickElement {id=f.5D52B0B946BF484B635CA583BD81D799.d.9642C613F43610600930EAD45FCDCADA.e.520}]
Capabilities {acceptInsecureCerts: false, browserName: chrome, browserVersion: 124.0.6367.92, chrome: {chromedriverVersion: 124.0.6367.91 (51df0e5e17a8..., userDataDir: C:\Users\kiran\AppData\Loca...}, fedcm:accounts: true, goog:chromeOptions: {debuggerAddress: localhost:58819}, networkConnectionEnabled: false, pageLoadStrategy: normal, platformName: windows, proxy: Proxy(), se:cdp: ws://localhost:58819/devtoo..., se:cdpVersion: 124.0.6367.92, setWindowRect: true, strictFileInteractability: false, timeouts: {implicit: 0, pageLoad: 300000, script: 30000}, unhandledPromptBehavior: dismiss and notify, webauthn:extension:credBlob: true, webauthn:extension:largeBlob: true, webauthn:extension:minPinLength: true, webauthn:extension:prf: true, webauthn:virtualAuthenticators: true}
Element: [[ChromeDriver: chrome on windows (bd7bd9a8fa654a2dfc8afa9bd699a31e)] -> xpath: /html/body/app-root/app-header/mat-toolbar/button[1]/span[1]]
Session ID: bd7bd9a8fa654a2dfc8afa9bd699a31e
at java.base/jdk.internal.reflect.DirectConstructorHandleAccessor.newInstance(DirectConstructorHandleAccessor.java:67)
at java.base/java.lang.reflect.Constructor.newInstanceWithCaller(Constructor.java:500)
at java.base/java.lang.reflect.Constructor.newInstance(Constructor.java:484)
at org.openqa.selenium.remote.codec.w3c.W3CHttpResponseCodec.createException(W3CHttpResponseCodec.java:200)
at org.openqa.selenium.remote.codec.w3c.W3CHttpResponseCodec.decode(W3CHttpResponseCodec.java:133)
at org.openqa.selenium.remote.codec.w3c.W3CHttpResponseCodec.decode(W3CHttpResponseCodec.java:52)
at org.openqa.selenium.remote.HttpCommandExecutor.execute(HttpCommandExecutor.java:191)
at org.openqa.selenium.remote.service.DriverCommandExecutor.invokeExecute(DriverCommandExecutor.java:200)
at org.openqa.selenium.remote.service.DriverCommandExecutor.execute(DriverCommandExecutor.java:175)
at org.openqa.selenium.remote.RemoteWebDriver.execute(RemoteWebDriver.java:523)
at org.openqa.selenium.remote.RemoteWebElement.execute(RemoteWebElement.java:224)
at org.openqa.selenium.remote.RemoteWebElement.click(RemoteWebElement.java:77)
at java.base/jdk.internal.reflect.DirectMethodHandleAccessor.invoke(DirectMethodHandleAccessor.java:104)
at java.base/java.lang.reflect.Method.invoke(Method.java:578)
at org.openqa.selenium.support.pagefactory.internal.LocatingElementHandler.invoke(LocatingElementHandler.java:51)
at jdk.proxy2/jdk.proxy2.$Proxy40.click(Unknown Source)
at com.pageObjects.ProgramPageObject.clickOnProgramButton(ProgramPageObject.java:143)
at com.stepDefinitions.ManageProgram_steps.admin_clicks_on_the_navigation_bar(ManageProgram_steps.java:37)
at ✽.Admin clicks "Program" on the navigation bar(file:///C:/Users/kiran/eclipse-workspace/Team04_LMS_WebAutomaters/src/test/resources/Features/004_ManageProgram.feature:5)
]]>
    </failure>
  </testcase> <!-- runScenario -->
  <testcase classname="io.cucumber.testng.AbstractTestNGCucumberTests" name="runScenario" time="2.244">
    <failure type="org.openqa.selenium.ElementClickInterceptedException" message="element click intercepted: Element &amp;lt;span class=&amp;quot;mat-button-wrapper&amp;quot;&amp;gt;...&amp;lt;/span&amp;gt; is not clickable at point (1270, 32). Other element would receive the click: &amp;lt;div class=&amp;quot;ng-tns-c132-3 p-dialog-mask p-component-overlay p-dialog-mask-scrollblocker ng-star-inserted&amp;quot; style=&amp;quot;z-index: 1001;&amp;quot;&amp;gt;...&amp;lt;/div&amp;gt;
  (Session info: chrome=124.0.6367.92)
Build info: version: &amp;apos;4.16.1&amp;apos;, revision: &amp;apos;9b4c83354e&amp;apos;
System info: os.name: &amp;apos;Windows 11&amp;apos;, os.arch: &amp;apos;amd64&amp;apos;, os.version: &amp;apos;10.0&amp;apos;, java.version: &amp;apos;20.0.1&amp;apos;
Driver info: org.openqa.selenium.chrome.ChromeDriver
Command: [bd7bd9a8fa654a2dfc8afa9bd699a31e, clickElement {id=f.5D52B0B946BF484B635CA583BD81D799.d.9642C613F43610600930EAD45FCDCADA.e.520}]
Capabilities {acceptInsecureCerts: false, browserName: chrome, browserVersion: 124.0.6367.92, chrome: {chromedriverVersion: 124.0.6367.91 (51df0e5e17a8..., userDataDir: C:\Users\kiran\AppData\Loca...}, fedcm:accounts: true, goog:chromeOptions: {debuggerAddress: localhost:58819}, networkConnectionEnabled: false, pageLoadStrategy: normal, platformName: windows, proxy: Proxy(), se:cdp: ws://localhost:58819/devtoo..., se:cdpVersion: 124.0.6367.92, setWindowRect: true, strictFileInteractability: false, timeouts: {implicit: 0, pageLoad: 300000, script: 30000}, unhandledPromptBehavior: dismiss and notify, webauthn:extension:credBlob: true, webauthn:extension:largeBlob: true, webauthn:extension:minPinLength: true, webauthn:extension:prf: true, webauthn:virtualAuthenticators: true}
Element: [[ChromeDriver: chrome on windows (bd7bd9a8fa654a2dfc8afa9bd699a31e)] -&amp;gt; xpath: /html/body/app-root/app-header/mat-toolbar/button[1]/span[1]]
Session ID: bd7bd9a8fa654a2dfc8afa9bd699a31e">
      <![CDATA[org.openqa.selenium.ElementClickInterceptedException: element click intercepted: Element <span class="mat-button-wrapper">...</span> is not clickable at point (1270, 32). Other element would receive the click: <div class="ng-tns-c132-3 p-dialog-mask p-component-overlay p-dialog-mask-scrollblocker ng-star-inserted" style="z-index: 1001;">...</div>
  (Session info: chrome=124.0.6367.92)
Build info: version: '4.16.1', revision: '9b4c83354e'
System info: os.name: 'Windows 11', os.arch: 'amd64', os.version: '10.0', java.version: '20.0.1'
Driver info: org.openqa.selenium.chrome.ChromeDriver
Command: [bd7bd9a8fa654a2dfc8afa9bd699a31e, clickElement {id=f.5D52B0B946BF484B635CA583BD81D799.d.9642C613F43610600930EAD45FCDCADA.e.520}]
Capabilities {acceptInsecureCerts: false, browserName: chrome, browserVersion: 124.0.6367.92, chrome: {chromedriverVersion: 124.0.6367.91 (51df0e5e17a8..., userDataDir: C:\Users\kiran\AppData\Loca...}, fedcm:accounts: true, goog:chromeOptions: {debuggerAddress: localhost:58819}, networkConnectionEnabled: false, pageLoadStrategy: normal, platformName: windows, proxy: Proxy(), se:cdp: ws://localhost:58819/devtoo..., se:cdpVersion: 124.0.6367.92, setWindowRect: true, strictFileInteractability: false, timeouts: {implicit: 0, pageLoad: 300000, script: 30000}, unhandledPromptBehavior: dismiss and notify, webauthn:extension:credBlob: true, webauthn:extension:largeBlob: true, webauthn:extension:minPinLength: true, webauthn:extension:prf: true, webauthn:virtualAuthenticators: true}
Element: [[ChromeDriver: chrome on windows (bd7bd9a8fa654a2dfc8afa9bd699a31e)] -> xpath: /html/body/app-root/app-header/mat-toolbar/button[1]/span[1]]
Session ID: bd7bd9a8fa654a2dfc8afa9bd699a31e
at java.base/jdk.internal.reflect.DirectConstructorHandleAccessor.newInstance(DirectConstructorHandleAccessor.java:67)
at java.base/java.lang.reflect.Constructor.newInstanceWithCaller(Constructor.java:500)
at java.base/java.lang.reflect.Constructor.newInstance(Constructor.java:484)
at org.openqa.selenium.remote.codec.w3c.W3CHttpResponseCodec.createException(W3CHttpResponseCodec.java:200)
at org.openqa.selenium.remote.codec.w3c.W3CHttpResponseCodec.decode(W3CHttpResponseCodec.java:133)
at org.openqa.selenium.remote.codec.w3c.W3CHttpResponseCodec.decode(W3CHttpResponseCodec.java:52)
at org.openqa.selenium.remote.HttpCommandExecutor.execute(HttpCommandExecutor.java:191)
at org.openqa.selenium.remote.service.DriverCommandExecutor.invokeExecute(DriverCommandExecutor.java:200)
at org.openqa.selenium.remote.service.DriverCommandExecutor.execute(DriverCommandExecutor.java:175)
at org.openqa.selenium.remote.RemoteWebDriver.execute(RemoteWebDriver.java:523)
at org.openqa.selenium.remote.RemoteWebElement.execute(RemoteWebElement.java:224)
at org.openqa.selenium.remote.RemoteWebElement.click(RemoteWebElement.java:77)
at java.base/jdk.internal.reflect.DirectMethodHandleAccessor.invoke(DirectMethodHandleAccessor.java:104)
at java.base/java.lang.reflect.Method.invoke(Method.java:578)
at org.openqa.selenium.support.pagefactory.internal.LocatingElementHandler.invoke(LocatingElementHandler.java:51)
at jdk.proxy2/jdk.proxy2.$Proxy40.click(Unknown Source)
at com.pageObjects.ProgramPageObject.clickOnProgramButton(ProgramPageObject.java:143)
at com.stepDefinitions.ManageProgram_steps.admin_clicks_on_the_navigation_bar(ManageProgram_steps.java:37)
at ✽.Admin clicks "Program" on the navigation bar(file:///C:/Users/kiran/eclipse-workspace/Team04_LMS_WebAutomaters/src/test/resources/Features/004_ManageProgram.feature:5)
]]>
    </failure>
  </testcase> <!-- runScenario -->
  <testcase classname="io.cucumber.testng.AbstractTestNGCucumberTests" name="runScenario" time="2.305">
[...]
Capabilities {acceptInsecureCerts: false, browserName: chrome, browserVersion: 124.0.6367.92, chrome: {chromedriverVersion: 124.0.6367.91 (51df0e5e17a8..., userDataDir: C:\Users\kiran\AppData\Loca...}, fedcm:accounts: true, goog:chromeOptions: {debuggerAddress: localhost:58819}, networkConnectionEnabled: false, pageLoadStrategy: normal, platformName: windows, proxy: Proxy(), se:cdp: ws://localhost:58819/devtoo..., se:cdpVersion: 124.0.6367.92, setWindowRect: true, strictFileInteractability: false, timeouts: {implicit: 0, pageLoad: 300000, script: 30000}, unhandledPromptBehavior: dismiss and notify, webauthn:extension:credBlob: true, webauthn:extension:largeBlob: true, webauthn:extension:minPinLength: true, webauthn:extension:prf: true, webauthn:virtualAuthenticators: true}
Element: [[ChromeDriver: chrome on windows (bd7bd9a8fa654a2dfc8afa9bd699a31e)] -> xpath: /html/body/app-root/app-header/mat-toolbar/button[1]/span[1]]
Session ID: bd7bd9a8fa654a2dfc8afa9bd699a31e
at java.base/jdk.internal.reflect.DirectConstructorHandleAccessor.newInstance(DirectConstructorHandleAccessor.java:67)
at java.base/java.lang.reflect.Constructor.newInstanceWithCaller(Constructor.java:500)
at java.base/java.lang.reflect.Constructor.newInstance(Constructor.java:484)
at org.openqa.selenium.remote.codec.w3c.W3CHttpResponseCodec.createException(W3CHttpResponseCodec.java:200)
at org.openqa.selenium.remote.codec.w3c.W3CHttpResponseCodec.decode(W3CHttpResponseCodec.java:133)
at org.openqa.selenium.remote.codec.w3c.W3CHttpResponseCodec.decode(W3CHttpResponseCodec.java:52)
at org.openqa.selenium.remote.HttpCommandExecutor.execute(HttpCommandExecutor.java:191)
at org.openqa.selenium.remote.service.DriverCommandExecutor.invokeExecute(DriverCommandExecutor.java:200)
at org.openqa.selenium.remote.service.DriverCommandExecutor.execute(DriverCommandExecutor.java:175)
at org.openqa.selenium.remote.RemoteWebDriver.execute(RemoteWebDriver.java:523)
at org.openqa.selenium.remote.RemoteWebElement.execute(RemoteWebElement.java:224)
at org.openqa.selenium.remote.RemoteWebElement.click(RemoteWebElement.java:77)
at java.base/jdk.internal.reflect.DirectMethodHandleAccessor.invoke(DirectMethodHandleAccessor.java:104)
at java.base/java.lang.reflect.Method.invoke(Method.java:578)
at org.openqa.selenium.support.pagefactory.internal.LocatingElementHandler.invoke(LocatingElementHandler.java:51)
at jdk.proxy2/jdk.proxy2.$Proxy40.click(Unknown Source)
at com.pageObjects.ProgramPageObject.clickOnProgramButton(ProgramPageObject.java:143)
at com.stepDefinitions.ManageProgram_steps.admin_clicks_on_the_navigation_bar(ManageProgram_steps.java:37)
at ✽.Admin clicks "Program" on the navigation bar(file:///C:/Users/kiran/eclipse-workspace/Team04_LMS_WebAutomaters/src/test/resources/Features/004_ManageProgram.feature:5)
]]>
    </failure>
  </testcase> <!-- runScenario -->
  <testcase classname="io.cucumber.testng.AbstractTestNGCucumberTests" name="runScenario" time="2.227">
    <failure type="org.openqa.selenium.ElementClickInterceptedException" message="element click intercepted: Element &amp;lt;span class=&amp;quot;mat-button-wrapper&amp;quot;&amp;gt;...&amp;lt;/span&amp;gt; is not clickable at point (1270, 32). Other element would receive the click: &amp;lt;div class=&amp;quot;ng-tns-c132-3 p-dialog-mask p-component-overlay p-dialog-mask-scrollblocker ng-star-inserted&amp;quot; style=&amp;quot;z-index: 1001;&amp;quot;&amp;gt;...&amp;lt;/div&amp;gt;
  (Session info: chrome=124.0.6367.92)
Build info: version: &amp;apos;4.16.1&amp;apos;, revision: &amp;apos;9b4c83354e&amp;apos;
System info: os.name: &amp;apos;Windows 11&amp;apos;, os.arch: &amp;apos;amd64&amp;apos;, os.version: &amp;apos;10.0&amp;apos;, java.version: &amp;apos;20.0.1&amp;apos;
Driver info: org.openqa.selenium.chrome.ChromeDriver
Command: [bd7bd9a8fa654a2dfc8afa9bd699a31e, clickElement {id=f.5D52B0B946BF484B635CA583BD81D799.d.9642C613F43610600930EAD45FCDCADA.e.520}]
Capabilities {acceptInsecureCerts: false, browserName: chrome, browserVersion: 124.0.6367.92, chrome: {chromedriverVersion: 124.0.6367.91 (51df0e5e17a8..., userDataDir: C:\Users\kiran\AppData\Loca...}, fedcm:accounts: true, goog:chromeOptions: {debuggerAddress: localhost:58819}, networkConnectionEnabled: false, pageLoadStrategy: normal, platformName: windows, proxy: Proxy(), se:cdp: ws://localhost:58819/devtoo..., se:cdpVersion: 124.0.6367.92, setWindowRect: true, strictFileInteractability: false, timeouts: {implicit: 0, pageLoad: 300000, script: 30000}, unhandledPromptBehavior: dismiss and notify, webauthn:extension:credBlob: true, webauthn:extension:largeBlob: true, webauthn:extension:minPinLength: true, webauthn:extension:prf: true, webauthn:virtualAuthenticators: true}
Element: [[ChromeDriver: chrome on windows (bd7bd9a8fa654a2dfc8afa9bd699a31e)] -&amp;gt; xpath: /html/body/app-root/app-header/mat-toolbar/button[1]/span[1]]
Session ID: bd7bd9a8fa654a2dfc8afa9bd699a31e">
      <![CDATA[org.openqa.selenium.ElementClickInterceptedException: element click intercepted: Element <span class="mat-button-wrapper">...</span> is not clickable at point (1270, 32). Other element would receive the click: <div class="ng-tns-c132-3 p-dialog-mask p-component-overlay p-dialog-mask-scrollblocker ng-star-inserted" style="z-index: 1001;">...</div>
  (Session info: chrome=124.0.6367.92)
Build info: version: '4.16.1', revision: '9b4c83354e'
System info: os.name: 'Windows 11', os.arch: 'amd64', os.version: '10.0', java.version: '20.0.1'
Driver info: org.openqa.selenium.chrome.ChromeDriver
Command: [bd7bd9a8fa654a2dfc8afa9bd699a31e, clickElement {id=f.5D52B0B946BF484B635CA583BD81D799.d.9642C613F43610600930EAD45FCDCADA.e.520}]
Capabilities {acceptInsecureCerts: false, browserName: chrome, browserVersion: 124.0.6367.92, chrome: {chromedriverVersion: 124.0.6367.91 (51df0e5e17a8..., userDataDir: C:\Users\kiran\AppData\Loca...}, fedcm:accounts: true, goog:chromeOptions: {debuggerAddress: localhost:58819}, networkConnectionEnabled: false, pageLoadStrategy: normal, platformName: windows, proxy: Proxy(), se:cdp: ws://localhost:58819/devtoo..., se:cdpVersion: 124.0.6367.92, setWindowRect: true, strictFileInteractability: false, timeouts: {implicit: 0, pageLoad: 300000, script: 30000}, unhandledPromptBehavior: dismiss and notify, webauthn:extension:credBlob: true, webauthn:extension:largeBlob: true, webauthn:extension:minPinLength: true, webauthn:extension:prf: true, webauthn:virtualAuthenticators: true}
Element: [[ChromeDriver: chrome on windows (bd7bd9a8fa654a2dfc8afa9bd699a31e)] -> xpath: /html/body/app-root/app-header/mat-toolbar/button[1]/span[1]]
Session ID: bd7bd9a8fa654a2dfc8afa9bd699a31e
at java.base/jdk.internal.reflect.DirectConstructorHandleAccessor.newInstance(DirectConstructorHandleAccessor.java:67)
at java.base/java.lang.reflect.Constructor.newInstanceWithCaller(Constructor.java:500)
at java.base/java.lang.reflect.Constructor.newInstance(Constructor.java:484)
at org.openqa.selenium.remote.codec.w3c.W3CHttpResponseCodec.createException(W3CHttpResponseCodec.java:200)
at org.openqa.selenium.remote.codec.w3c.W3CHttpResponseCodec.decode(W3CHttpResponseCodec.java:133)
at org.openqa.selenium.remote.codec.w3c.W3CHttpResponseCodec.decode(W3CHttpResponseCodec.java:52)
at org.openqa.selenium.remote.HttpCommandExecutor.execute(HttpCommandExecutor.java:191)
at org.openqa.selenium.remote.service.DriverCommandExecutor.invokeExecute(DriverCommandExecutor.java:200)
at org.openqa.selenium.remote.service.DriverCommandExecutor.execute(DriverCommandExecutor.java:175)
at org.openqa.selenium.remote.RemoteWebDriver.execute(RemoteWebDriver.java:523)
at org.openqa.selenium.remote.RemoteWebElement.execute(RemoteWebElement.java:224)
at org.openqa.selenium.remote.RemoteWebElement.click(RemoteWebElement.java:77)
at java.base/jdk.internal.reflect.DirectMethodHandleAccessor.invoke(DirectMethodHandleAccessor.java:104)
at java.base/java.lang.reflect.Method.invoke(Method.java:578)
at org.openqa.selenium.support.pagefactory.internal.LocatingElementHandler.invoke(LocatingElementHandler.java:51)
at jdk.proxy2/jdk.proxy2.$Proxy40.click(Unknown Source)
at com.pageObjects.ProgramPageObject.clickOnProgramButton(ProgramPageObject.java:143)
at com.stepDefinitions.ManageProgram_steps.admin_clicks_on_the_navigation_bar(ManageProgram_steps.java:37)
at ✽.Admin clicks "Program" on the navigation bar(file:///C:/Users/kiran/eclipse-workspace/Team04_LMS_WebAutomaters/src/test/resources/Features/004_ManageProgram.feature:5)
]]>
    </failure>
  </testcase> <!-- runScenario -->
  <testcase classname="io.cucumber.testng.AbstractTestNGCucumberTests" name="runScenario" time="2.275">
    <failure type="org.openqa.selenium.ElementClickInterceptedException" message="element click intercepted: Element &amp;lt;span class=&amp;quot;mat-button-wrapper&amp;quot;&amp;gt;...&amp;lt;/span&amp;gt; is not clickable at point (1270, 32). Other element would receive the click: &amp;lt;div class=&amp;quot;ng-tns-c132-3 p-dialog-mask p-component-overlay p-dialog-mask-scrollblocker ng-star-inserted&amp;quot; style=&amp;quot;z-index: 1001;&amp;quot;&amp;gt;...&amp;lt;/div&amp;gt;
  (Session info: chrome=124.0.6367.92)
Build info: version: &amp;apos;4.16.1&amp;apos;, revision: &amp;apos;9b4c83354e&amp;apos;
System info: os.name: &amp;apos;Windows 11&amp;apos;, os.arch: &amp;apos;amd64&amp;apos;, os.version: &amp;apos;10.0&amp;apos;, java.version: &amp;apos;20.0.1&amp;apos;
Driver info: org.openqa.selenium.chrome.ChromeDriver
Command: [bd7bd9a8fa654a2dfc8afa9bd699a31e, clickElement {id=f.5D52B0B946BF484B635CA583BD81D799.d.9642C613F43610600930EAD45FCDCADA.e.520}]
Capabilities {acceptInsecureCerts: false, browserName: chrome, browserVersion: 124.0.6367.92, chrome: {chromedriverVersion: 124.0.6367.91 (51df0e5e17a8..., userDataDir: C:\Users\kiran\AppData\Loca...}, fedcm:accounts: true, goog:chromeOptions: {debuggerAddress: localhost:58819}, networkConnectionEnabled: false, pageLoadStrategy: normal, platformName: windows, proxy: Proxy(), se:cdp: ws://localhost:58819/devtoo..., se:cdpVersion: 124.0.6367.92, setWindowRect: true, strictFileInteractability: false, timeouts: {implicit: 0, pageLoad: 300000, script: 30000}, unhandledPromptBehavior: dismiss and notify, webauthn:extension:credBlob: true, webauthn:extension:largeBlob: true, webauthn:extension:minPinLength: true, webauthn:extension:prf: true, webauthn:virtualAuthenticators: true}
Element: [[ChromeDriver: chrome on windows (bd7bd9a8fa654a2dfc8afa9bd699a31e)] -&amp;gt; xpath: /html/body/app-root/app-header/mat-toolbar/button[1]/span[1]]
Session ID: bd7bd9a8fa654a2dfc8afa9bd699a31e">
      <![CDATA[org.openqa.selenium.ElementClickInterceptedException: element click intercepted: Element <span class="mat-button-wrapper">...</span> is not clickable at point (1270, 32). Other element would receive the click: <div class="ng-tns-c132-3 p-dialog-mask p-component-overlay p-dialog-mask-scrollblocker ng-star-inserted" style="z-index: 1001;">...</div>
  (Session info: chrome=124.0.6367.92)
Build info: version: '4.16.1', revision: '9b4c83354e'
System info: os.name: 'Windows 11', os.arch: 'amd64', os.version: '10.0', java.version: '20.0.1'
Driver info: org.openqa.selenium.chrome.ChromeDriver
Command: [bd7bd9a8fa654a2dfc8afa9bd699a31e, clickElement {id=f.5D52B0B946BF484B635CA583BD81D799.d.9642C613F43610600930EAD45FCDCADA.e.520}]
Capabilities {acceptInsecureCerts: false, browserName: chrome, browserVersion: 124.0.6367.92, chrome: {chromedriverVersion: 124.0.6367.91 (51df0e5e17a8..., userDataDir: C:\Users\kiran\AppData\Loca...}, fedcm:accounts: true, goog:chromeOptions: {debuggerAddress: localhost:58819}, networkConnectionEnabled: false, pageLoadStrategy: normal, platformName: windows, proxy: Proxy(), se:cdp: ws://localhost:58819/devtoo..., se:cdpVersion: 124.0.6367.92, setWindowRect: true, strictFileInteractability: false, timeouts: {implicit: 0, pageLoad: 300000, script: 30000}, unhandledPromptBehavior: dismiss and notify, webauthn:extension:credBlob: true, webauthn:extension:largeBlob: true, webauthn:extension:minPinLength: true, webauthn:extension:prf: true, webauthn:virtualAuthenticators: true}
Element: [[ChromeDriver: chrome on windows (bd7bd9a8fa654a2dfc8afa9bd699a31e)] -> xpath: /html/body/app-root/app-header/mat-toolbar/button[1]/span[1]]
Session ID: bd7bd9a8fa654a2dfc8afa9bd699a31e
at java.base/jdk.internal.reflect.DirectConstructorHandleAccessor.newInstance(DirectConstructorHandleAccessor.java:67)
at java.base/java.lang.reflect.Constructor.newInstanceWithCaller(Constructor.java:500)
at java.base/java.lang.reflect.Constructor.newInstance(Constructor.java:484)
at org.openqa.selenium.remote.codec.w3c.W3CHttpResponseCodec.createException(W3CHttpResponseCodec.java:200)
at org.openqa.selenium.remote.codec.w3c.W3CHttpResponseCodec.decode(W3CHttpResponseCodec.java:133)
at org.openqa.selenium.remote.codec.w3c.W3CHttpResponseCodec.decode(W3CHttpResponseCodec.java:52)
at org.openqa.selenium.remote.HttpCommandExecutor.execute(HttpCommandExecutor.java:191)
at org.openqa.selenium.remote.service.DriverCommandExecutor.invokeExecute(DriverCommandExecutor.java:200)
at org.openqa.selenium.remote.service.DriverCommandExecutor.execute(DriverCommandExecutor.java:175)
at org.openqa.selenium.remote.RemoteWebDriver.execute(RemoteWebDriver.java:523)
at org.openqa.selenium.remote.RemoteWebElement.execute(RemoteWebElement.java:224)
at org.openqa.selenium.remote.RemoteWebElement.click(RemoteWebElement.java:77)
at java.base/jdk.internal.reflect.DirectMethodHandleAccessor.invoke(DirectMethodHandleAccessor.java:104)
at java.base/java.lang.reflect.Method.invoke(Method.java:578)
at org.openqa.selenium.support.pagefactory.internal.LocatingElementHandler.invoke(LocatingElementHandler.java:51)
at jdk.proxy2/jdk.proxy2.$Proxy40.click(Unknown Source)
at com.pageObjects.ProgramPageObject.clickOnProgramButton(ProgramPageObject.java:143)
at com.stepDefinitions.ManageProgram_steps.admin_clicks_on_the_navigation_bar(ManageProgram_steps.java:37)
at ✽.Admin clicks "Program" on the navigation bar(file:///C:/Users/kiran/eclipse-workspace/Team04_LMS_WebAutomaters/src/test/resources/Features/004_ManageProgram.feature:5)
]]>
    </failure>
  </testcase> <!-- runScenario -->
  <testcase classname="io.cucumber.testng.AbstractTestNGCucumberTests" name="runScenario" time="2.23">
    <failure type="org.openqa.selenium.ElementClickInterceptedException" message="element click intercepted: Element &amp;lt;span class=&amp;quot;mat-button-wrapper&amp;quot;&amp;gt;...&amp;lt;/span&amp;gt; is not clickable at point (1270, 32). Other element would receive the click: &amp;lt;div class=&amp;quot;ng-tns-c132-3 p-dialog-mask p-component-overlay p-dialog-mask-scrollblocker ng-star-inserted&amp;quot; style=&amp;quot;z-index: 1001;&amp;quot;&amp;gt;...&amp;lt;/div&amp;gt;
  (Session info: chrome=124.0.6367.92)
Build info: version: &amp;apos;4.16.1&amp;apos;, revision: &amp;apos;9b4c83354e&amp;apos;
System info: os.name: &amp;apos;Windows 11&amp;apos;, os.arch: &amp;apos;amd64&amp;apos;, os.version: &amp;apos;10.0&amp;apos;, java.version: &amp;apos;20.0.1&amp;apos;
Driver info: org.openqa.selenium.chrome.ChromeDriver
Command: [bd7bd9a8fa654a2dfc8afa9bd699a31e, clickElement {id=f.5D52B0B946BF484B635CA583BD81D799.d.9642C613F43610600930EAD45FCDCADA.e.520}]
Capabilities {acceptInsecureCerts: false, browserName: chrome, browserVersion: 124.0.6367.92, chrome: {chromedriverVersion: 124.0.6367.91 (51df0e5e17a8..., userDataDir: C:\Users\kiran\AppData\Loca...}, fedcm:accounts: true, goog:chromeOptions: {debuggerAddress: localhost:58819}, networkConnectionEnabled: false, pageLoadStrategy: normal, platformName: windows, proxy: Proxy(), se:cdp: ws://localhost:58819/devtoo..., se:cdpVersion: 124.0.6367.92, setWindowRect: true, strictFileInteractability: false, timeouts: {implicit: 0, pageLoad: 300000, script: 30000}, unhandledPromptBehavior: dismiss and notify, webauthn:extension:credBlob: true, webauthn:extension:largeBlob: true, webauthn:extension:minPinLength: true, webauthn:extension:prf: true, webauthn:virtualAuthenticators: true}
Element: [[ChromeDriver: chrome on windows (bd7bd9a8fa654a2dfc8afa9bd699a31e)] -&amp;gt; xpath: /html/body/app-root/app-header/mat-toolbar/button[1]/span[1]]
Session ID: bd7bd9a8fa654a2dfc8afa9bd699a31e">
      <![CDATA[org.openqa.selenium.ElementClickInterceptedException: element click intercepted: Element <span class="mat-button-wrapper">...</span> is not clickable at point (1270, 32). Other element would receive the click: <div class="ng-tns-c132-3 p-dialog-mask p-component-overlay p-dialog-mask-scrollblocker ng-star-inserted" style="z-index: 1001;">...</div>
  (Session info: chrome=124.0.6367.92)
Build info: version: '4.16.1', revision: '9b4c83354e'
System info: os.name: 'Windows 11', os.arch: 'amd64', os.version: '10.0', java.version: '20.0.1'
Driver info: org.openqa.selenium.chrome.ChromeDriver
Command: [bd7bd9a8fa654a2dfc8afa9bd699a31e, clickElement {id=f.5D52B0B946BF484B635CA583BD81D799.d.9642C613F43610600930EAD45FCDCADA.e.520}]
Capabilities {acceptInsecureCerts: false, browserName: chrome, browserVersion: 124.0.6367.92, chrome: {chromedriverVersion: 124.0.6367.91 (51df0e5e17a8..., userDataDir: C:\Users\kiran\AppData\Loca...}, fedcm:accounts: true, goog:chromeOptions: {debuggerAddress: localhost:58819}, networkConnectionEnabled: false, pageLoadStrategy: normal, platformName: windows, proxy: Proxy(), se:cdp: ws://localhost:58819/devtoo..., se:cdpVersion: 124.0.6367.92, setWindowRect: true, strictFileInteractability: false, timeouts: {implicit: 0, pageLoad: 300000, script: 30000}, unhandledPromptBehavior: dismiss and notify, webauthn:extension:credBlob: true, webauthn:extension:largeBlob: true, webauthn:extension:minPinLength: true, webauthn:extension:prf: true, webauthn:virtualAuthenticators: true}
Element: [[ChromeDriver: chrome on windows (bd7bd9a8fa654a2dfc8afa9bd699a31e)] -> xpath: /html/body/app-root/app-header/mat-toolbar/button[1]/span[1]]
Session ID: bd7bd9a8fa654a2dfc8afa9bd699a31e
at java.base/jdk.internal.reflect.DirectConstructorHandleAccessor.newInstance(DirectConstructorHandleAccessor.java:67)
at java.base/java.lang.reflect.Constructor.newInstanceWithCaller(Constructor.java:500)
at java.base/java.lang.reflect.Constructor.newInstance(Constructor.java:484)
at org.openqa.selenium.remote.codec.w3c.W3CHttpResponseCodec.createException(W3CHttpResponseCodec.java:200)
at org.openqa.selenium.remote.codec.w3c.W3CHttpResponseCodec.decode(W3CHttpResponseCodec.java:133)
at org.openqa.selenium.remote.codec.w3c.W3CHttpResponseCodec.decode(W3CHttpResponseCodec.java:52)
at org.openqa.selenium.remote.HttpCommandExecutor.execute(HttpCommandExecutor.java:191)
at org.openqa.selenium.remote.service.DriverCommandExecutor.invokeExecute(DriverCommandExecutor.java:200)
at org.openqa.selenium.remote.service.DriverCommandExecutor.execute(DriverCommandExecutor.java:175)
at org.openqa.selenium.remote.RemoteWebDriver.execute(RemoteWebDriver.java:523)
at org.openqa.selenium.remote.RemoteWebElement.execute(RemoteWebElement.java:224)
at org.openqa.selenium.remote.RemoteWebElement.click(RemoteWebElement.java:77)
at java.base/jdk.internal.reflect.DirectMethodHandleAccessor.invoke(DirectMethodHandleAccessor.java:104)
at java.base/java.lang.reflect.Method.invoke(Method.java:578)
at org.openqa.selenium.support.pagefactory.internal.LocatingElementHandler.invoke(LocatingElementHandler.java:51)
at jdk.proxy2/jdk.proxy2.$Proxy40.click(Unknown Source)
at com.pageObjects.ProgramPageObject.clickOnProgramButton(ProgramPageObject.java:143)
at com.stepDefinitions.ManageProgram_steps.admin_clicks_on_the_navigation_bar(ManageProgram_steps.java:37)
at ✽.Admin clicks "Program" on the navigation bar(file:///C:/Users/kiran/eclipse-workspace/Team04_LMS_WebAutomaters/src/test/resources/Features/004_ManageProgram.feature:5)
]]>
    </failure>
  </testcase> <!-- runScenario -->
</testsuite> <!-- Default test -->
