<?xml version="1.0" encoding="UTF-8"?>
<!-- Generated by org.testng.reporters.JUnitXMLReporter -->
<testsuite ignored="0" hostname="Jibys-MacBook-Air.local" failures="7" tests="60" name="Default test" time="107.699" errors="0" timestamp="2024-05-01T14:37:06 EDT">
  <testcase classname="io.cucumber.testng.AbstractTestNGCucumberTests" name="runScenario" time="4.659"/>
  <testcase classname="io.cucumber.testng.AbstractTestNGCucumberTests" name="runScenario" time="30.829"/>
  <testcase classname="io.cucumber.testng.AbstractTestNGCucumberTests" name="runScenario" time="15.301"/>
  <testcase classname="io.cucumber.testng.AbstractTestNGCucumberTests" name="runScenario" time="2.671"/>
  <testcase classname="io.cucumber.testng.AbstractTestNGCucumberTests" name="runScenario" time="0.187"/>
  <testcase classname="io.cucumber.testng.AbstractTestNGCucumberTests" name="runScenario" time="0.188"/>
  <testcase classname="io.cucumber.testng.AbstractTestNGCucumberTests" name="runScenario" time="0.214"/>
  <testcase classname="io.cucumber.testng.AbstractTestNGCucumberTests" name="runScenario" time="0.234"/>
  <testcase classname="io.cucumber.testng.AbstractTestNGCucumberTests" name="runScenario" time="0.206"/>
  <testcase classname="io.cucumber.testng.AbstractTestNGCucumberTests" name="runScenario" time="0.192"/>
  <testcase classname="io.cucumber.testng.AbstractTestNGCucumberTests" name="runScenario" time="0.187"/>
  <testcase classname="io.cucumber.testng.AbstractTestNGCucumberTests" name="runScenario" time="0.189"/>
  <testcase classname="io.cucumber.testng.AbstractTestNGCucumberTests" name="runScenario" time="0.182"/>
  <testcase classname="io.cucumber.testng.AbstractTestNGCucumberTests" name="runScenario" time="0.188"/>
  <testcase classname="io.cucumber.testng.AbstractTestNGCucumberTests" name="runScenario" time="0.211"/>
  <testcase classname="io.cucumber.testng.AbstractTestNGCucumberTests" name="runScenario" time="0.206"/>
  <testcase classname="io.cucumber.testng.AbstractTestNGCucumberTests" name="runScenario" time="0.246"/>
  <testcase classname="io.cucumber.testng.AbstractTestNGCucumberTests" name="runScenario" time="0.17"/>
  <testcase classname="io.cucumber.testng.AbstractTestNGCucumberTests" name="runScenario" time="0.202"/>
  <testcase classname="io.cucumber.testng.AbstractTestNGCucumberTests" name="runScenario" time="16.355"/>
  <testcase classname="io.cucumber.testng.AbstractTestNGCucumberTests" name="runScenario" time="1.06"/>
  <testcase classname="io.cucumber.testng.AbstractTestNGCucumberTests" name="runScenario" time="1.312"/>
  <testcase classname="io.cucumber.testng.AbstractTestNGCucumberTests" name="runScenario" time="0.815"/>
  <testcase classname="io.cucumber.testng.AbstractTestNGCucumberTests" name="runScenario" time="5.922"/>
  <testcase classname="io.cucumber.testng.AbstractTestNGCucumberTests" name="runScenario" time="0.776"/>
  <testcase classname="io.cucumber.testng.AbstractTestNGCucumberTests" name="runScenario" time="0.336"/>
  <testcase classname="io.cucumber.testng.AbstractTestNGCucumberTests" name="runScenario" time="0.005"/>
  <testcase classname="io.cucumber.testng.AbstractTestNGCucumberTests" name="runScenario" time="15.063"/>
  <testcase classname="io.cucumber.testng.AbstractTestNGCucumberTests" name="runScenario" time="0.036"/>
  <testcase classname="io.cucumber.testng.AbstractTestNGCucumberTests" name="runScenario" time="0.029"/>
  <testcase classname="io.cucumber.testng.AbstractTestNGCucumberTests" name="runScenario" time="0.66"/>
  <testcase classname="io.cucumber.testng.AbstractTestNGCucumberTests" name="runScenario" time="0.436"/>
  <testcase classname="io.cucumber.testng.AbstractTestNGCucumberTests" name="runScenario" time="0.037"/>
  <testcase classname="io.cucumber.testng.AbstractTestNGCucumberTests" name="runScenario" time="0.031"/>
  <testcase classname="io.cucumber.testng.AbstractTestNGCucumberTests" name="runScenario" time="0.047"/>
  <testcase classname="io.cucumber.testng.AbstractTestNGCucumberTests" name="runScenario" time="0.069"/>
  <testcase classname="io.cucumber.testng.AbstractTestNGCucumberTests" name="runScenario" time="0.08"/>
  <testcase classname="io.cucumber.testng.AbstractTestNGCucumberTests" name="runScenario" time="1.269">
    <failure type="java.lang.AssertionError" message="expected [https://lms-frontend-api-hackathon-apr-326235f3973d.herokuapp.com/program] but found [https://lms-frontend-api-hackathon-apr-326235f3973d.herokuapp.com/]">
      <![CDATA[java.lang.AssertionError: expected [https://lms-frontend-api-hackathon-apr-326235f3973d.herokuapp.com/program] but found [https://lms-frontend-api-hackathon-apr-326235f3973d.herokuapp.com/]
at org.testng.Assert.fail(Assert.java:111)
at org.testng.Assert.failNotEquals(Assert.java:1578)
at org.testng.Assert.assertEqualsImpl(Assert.java:150)
at org.testng.Assert.assertEquals(Assert.java:132)
at org.testng.Assert.assertEquals(Assert.java:656)
at org.testng.Assert.assertEquals(Assert.java:666)
at com.stepDefinitions.ManageProgram_steps.admin_should_see_url_with(ManageProgram_steps.java:38)
at ✽.Admin should see URL with "Manage Program"(file:///Users/jibyraju/git/Team04_LMS_WebAutomaters/src/test/resources/Features/004_ManageProgram.feature:9)
]]>
    </failure>
  </testcase> <!-- runScenario -->
  <testcase classname="io.cucumber.testng.AbstractTestNGCucumberTests" name="runScenario" time="0.085"/>
  <testcase classname="io.cucumber.testng.AbstractTestNGCucumberTests" name="runScenario" time="0.027"/>
  <testcase classname="io.cucumber.testng.AbstractTestNGCucumberTests" name="runScenario" time="0.054"/>
  <testcase classname="io.cucumber.testng.AbstractTestNGCucumberTests" name="runScenario" time="0.023"/>
  <testcase classname="io.cucumber.testng.AbstractTestNGCucumberTests" name="runScenario" time="0.06"/>
  <testcase classname="io.cucumber.testng.AbstractTestNGCucumberTests" name="runScenario" time="0.245">
    <failure type="java.lang.AssertionError" message="expected [https://lms-frontend-api-hackathon-apr-326235f3973d.herokuapp.com/Managebatch] but found [https://lms-frontend-api-hackathon-apr-326235f3973d.herokuapp.com/batch]">
      <![CDATA[java.lang.AssertionError: expected [https://lms-frontend-api-hackathon-apr-326235f3973d.herokuapp.com/Managebatch] but found [https://lms-frontend-api-hackathon-apr-326235f3973d.herokuapp.com/batch]
at org.testng.Assert.fail(Assert.java:111)
at org.testng.Assert.failNotEquals(Assert.java:1578)
at org.testng.Assert.assertEqualsImpl(Assert.java:150)
at org.testng.Assert.assertEquals(Assert.java:132)
at org.testng.Assert.assertEquals(Assert.java:656)
at org.testng.Assert.assertEquals(Assert.java:666)
at com.stepDefinitions.ManageBatch_steps.admin_should_see_the_manage_batch_in_the_url(ManageBatch_steps.java:32)
at ✽.Admin should see the Manage Batch in the URL(file:///Users/jibyraju/git/Team04_LMS_WebAutomaters/src/test/resources/Features/005_ManageBatch.feature:10)
]]>
    </failure>
  </testcase> <!-- runScenario -->
  <testcase classname="io.cucumber.testng.AbstractTestNGCucumberTests" name="runScenario" time="0.041"/>
  <testcase classname="io.cucumber.testng.AbstractTestNGCucumberTests" name="runScenario" time="0.037"/>
  <testcase classname="io.cucumber.testng.AbstractTestNGCucumberTests" name="runScenario" time="0.042"/>
  <testcase classname="io.cucumber.testng.AbstractTestNGCucumberTests" name="runScenario" time="0.051"/>
  <testcase classname="io.cucumber.testng.AbstractTestNGCucumberTests" name="runScenario" time="0.036"/>
  <testcase classname="io.cucumber.testng.AbstractTestNGCucumberTests" name="runScenario" time="0.037"/>
  <testcase classname="io.cucumber.testng.AbstractTestNGCucumberTests" name="runScenario" time="0.038"/>
  <testcase classname="io.cucumber.testng.AbstractTestNGCucumberTests" name="runScenario" time="0.034"/>
  <testcase classname="io.cucumber.testng.AbstractTestNGCucumberTests" name="runScenario" time="0.032"/>
  <testcase classname="io.cucumber.testng.AbstractTestNGCucumberTests" name="runScenario" time="0.031"/>
  <testcase classname="io.cucumber.testng.AbstractTestNGCucumberTests" name="runScenario" time="0.038"/>
  <testcase classname="io.cucumber.testng.AbstractTestNGCucumberTests" name="runScenario" time="0.439">
    <failure type="org.openqa.selenium.NoAlertPresentException" message="no such alert
  (Session info: chrome=124.0.6367.91)
Build info: version: &amp;apos;4.16.1&amp;apos;, revision: &amp;apos;9b4c83354e&amp;apos;
System info: os.name: &amp;apos;Mac OS X&amp;apos;, os.arch: &amp;apos;aarch64&amp;apos;, os.version: &amp;apos;13.5.2&amp;apos;, java.version: &amp;apos;20.0.2&amp;apos;
Driver info: org.openqa.selenium.chrome.ChromeDriver
Command: [dc412c9754e89713f3f15fb41afcfc39, getAlertText {}]
Capabilities {acceptInsecureCerts: false, browserName: chrome, browserVersion: 124.0.6367.91, chrome: {chromedriverVersion: 124.0.6367.91 (51df0e5e17a8..., userDataDir: /var/folders/x3/28px5q393bv...}, fedcm:accounts: true, goog:chromeOptions: {debuggerAddress: localhost:58774}, networkConnectionEnabled: false, pageLoadStrategy: normal, platformName: mac, proxy: Proxy(), se:cdp: ws://localhost:58774/devtoo..., se:cdpVersion: 124.0.6367.91, setWindowRect: true, strictFileInteractability: false, timeouts: {implicit: 0, pageLoad: 300000, script: 30000}, unhandledPromptBehavior: dismiss and notify, webauthn:extension:credBlob: true, webauthn:extension:largeBlob: true, webauthn:extension:minPinLength: true, webauthn:extension:prf: true, webauthn:virtualAuthenticators: true}
Session ID: dc412c9754e89713f3f15fb41afcfc39">
      <![CDATA[org.openqa.selenium.NoAlertPresentException: no such alert
  (Session info: chrome=124.0.6367.91)
Build info: version: '4.16.1', revision: '9b4c83354e'
System info: os.name: 'Mac OS X', os.arch: 'aarch64', os.version: '13.5.2', java.version: '20.0.2'
Driver info: org.openqa.selenium.chrome.ChromeDriver
Command: [dc412c9754e89713f3f15fb41afcfc39, getAlertText {}]
Capabilities {acceptInsecureCerts: false, browserName: chrome, browserVersion: 124.0.6367.91, chrome: {chromedriverVersion: 124.0.6367.91 (51df0e5e17a8..., userDataDir: /var/folders/x3/28px5q393bv...}, fedcm:accounts: true, goog:chromeOptions: {debuggerAddress: localhost:58774}, networkConnectionEnabled: false, pageLoadStrategy: normal, platformName: mac, proxy: Proxy(), se:cdp: ws://localhost:58774/devtoo..., se:cdpVersion: 124.0.6367.91, setWindowRect: true, strictFileInteractability: false, timeouts: {implicit: 0, pageLoad: 300000, script: 30000}, unhandledPromptBehavior: dismiss and notify, webauthn:extension:credBlob: true, webauthn:extension:largeBlob: true, webauthn:extension:minPinLength: true, webauthn:extension:prf: true, webauthn:virtualAuthenticators: true}
Session ID: dc412c9754e89713f3f15fb41afcfc39
at java.base/jdk.internal.reflect.DirectConstructorHandleAccessor.newInstance(DirectConstructorHandleAccessor.java:67)
at java.base/java.lang.reflect.Constructor.newInstanceWithCaller(Constructor.java:500)
at java.base/java.lang.reflect.Constructor.newInstance(Constructor.java:484)
at org.openqa.selenium.remote.codec.w3c.W3CHttpResponseCodec.createException(W3CHttpResponseCodec.java:200)
at org.openqa.selenium.remote.codec.w3c.W3CHttpResponseCodec.decode(W3CHttpResponseCodec.java:133)
at org.openqa.selenium.remote.codec.w3c.W3CHttpResponseCodec.decode(W3CHttpResponseCodec.java:52)
at org.openqa.selenium.remote.HttpCommandExecutor.execute(HttpCommandExecutor.java:191)
at org.openqa.selenium.remote.service.DriverCommandExecutor.invokeExecute(DriverCommandExecutor.java:200)
at org.openqa.selenium.remote.service.DriverCommandExecutor.execute(DriverCommandExecutor.java:175)
at org.openqa.selenium.remote.RemoteWebDriver.execute(RemoteWebDriver.java:523)
at org.openqa.selenium.remote.RemoteWebDriver.execute(RemoteWebDriver.java:596)
at org.openqa.selenium.remote.RemoteWebDriver.execute(RemoteWebDriver.java:600)
at org.openqa.selenium.remote.RemoteWebDriver$RemoteTargetLocator.alert(RemoteWebDriver.java:1168)
at com.pageObjects.BatchPageObject.alertDisplyFunction(BatchPageObject.java:144)
at com.stepDefinitions.ManageBatch_steps.alert_appears_with_yes_and_no_option(ManageBatch_steps.java:136)
at ✽.Alert appears with yes and No option(file:///Users/jibyraju/git/Team04_LMS_WebAutomaters/src/test/resources/Features/005_ManageBatch.feature:57)
]]>
    </failure>
  </testcase> <!-- runScenario -->
  <testcase classname="io.cucumber.testng.AbstractTestNGCucumberTests" name="runScenario" time="1.29">
    <failure type="org.openqa.selenium.ElementClickInterceptedException" message="element click intercepted: Element &amp;lt;button _ngcontent-vfm-c223=&amp;quot;&amp;quot; id=&amp;quot;batch&amp;quot; mat-button=&amp;quot;&amp;quot; a=&amp;quot;&amp;quot; routerlink=&amp;quot;/batch&amp;quot; class=&amp;quot;mat-focus-indicator mat-button mat-button-base&amp;quot; tabindex=&amp;quot;0&amp;quot;&amp;gt;...&amp;lt;/button&amp;gt; is not clickable at point (1251, 32). Other element would receive the click: &amp;lt;div class=&amp;quot;ng-tns-c133-7 ng-star-inserted p-dialog-mask p-component-overlay p-dialog-mask-scrollblocker&amp;quot; style=&amp;quot;z-index: 1000;&amp;quot;&amp;gt;...&amp;lt;/div&amp;gt;
  (Session info: chrome=124.0.6367.91)
Build info: version: &amp;apos;4.16.1&amp;apos;, revision: &amp;apos;9b4c83354e&amp;apos;
System info: os.name: &amp;apos;Mac OS X&amp;apos;, os.arch: &amp;apos;aarch64&amp;apos;, os.version: &amp;apos;13.5.2&amp;apos;, java.version: &amp;apos;20.0.2&amp;apos;
Driver info: org.openqa.selenium.chrome.ChromeDriver
Command: [dc412c9754e89713f3f15fb41afcfc39, clickElement {id=f.F5C23083F14AFE39757F2D65AFFED2F9.d.71B6BBE8E933BEF5B2E5706C9D1C43F0.e.397}]
Capabilities {acceptInsecureCerts: false, browserName: chrome, browserVersion: 124.0.6367.91, chrome: {chromedriverVersion: 124.0.6367.91 (51df0e5e17a8..., userDataDir: /var/folders/x3/28px5q393bv...}, fedcm:accounts: true, goog:chromeOptions: {debuggerAddress: localhost:58774}, networkConnectionEnabled: false, pageLoadStrategy: normal, platformName: mac, proxy: Proxy(), se:cdp: ws://localhost:58774/devtoo..., se:cdpVersion: 124.0.6367.91, setWindowRect: true, strictFileInteractability: false, timeouts: {implicit: 0, pageLoad: 300000, script: 30000}, unhandledPromptBehavior: dismiss and notify, webauthn:extension:credBlob: true, webauthn:extension:largeBlob: true, webauthn:extension:minPinLength: true, webauthn:extension:prf: true, webauthn:virtualAuthenticators: true}
Element: [[ChromeDriver: chrome on mac (dc412c9754e89713f3f15fb41afcfc39)] -&amp;gt; id: batch]
Session ID: dc412c9754e89713f3f15fb41afcfc39">
      <![CDATA[org.openqa.selenium.ElementClickInterceptedException: element click intercepted: Element <button _ngcontent-vfm-c223="" id="batch" mat-button="" a="" routerlink="/batch" class="mat-focus-indicator mat-button mat-button-base" tabindex="0">...</button> is not clickable at point (1251, 32). Other element would receive the click: <div class="ng-tns-c133-7 ng-star-inserted p-dialog-mask p-component-overlay p-dialog-mask-scrollblocker" style="z-index: 1000;">...</div>
  (Session info: chrome=124.0.6367.91)
Build info: version: '4.16.1', revision: '9b4c83354e'
System info: os.name: 'Mac OS X', os.arch: 'aarch64', os.version: '13.5.2', java.version: '20.0.2'
Driver info: org.openqa.selenium.chrome.ChromeDriver
Command: [dc412c9754e89713f3f15fb41afcfc39, clickElement {id=f.F5C23083F14AFE39757F2D65AFFED2F9.d.71B6BBE8E933BEF5B2E5706C9D1C43F0.e.397}]
Capabilities {acceptInsecureCerts: false, browserName: chrome, browserVersion: 124.0.6367.91, chrome: {chromedriverVersion: 124.0.6367.91 (51df0e5e17a8..., userDataDir: /var/folders/x3/28px5q393bv...}, fedcm:accounts: true, goog:chromeOptions: {debuggerAddress: localhost:58774}, networkConnectionEnabled: false, pageLoadStrategy: normal, platformName: mac, proxy: Proxy(), se:cdp: ws://localhost:58774/devtoo..., se:cdpVersion: 124.0.6367.91, setWindowRect: true, strictFileInteractability: false, timeouts: {implicit: 0, pageLoad: 300000, script: 30000}, unhandledPromptBehavior: dismiss and notify, webauthn:extension:credBlob: true, webauthn:extension:largeBlob: true, webauthn:extension:minPinLength: true, webauthn:extension:prf: true, webauthn:virtualAuthenticators: true}
Element: [[ChromeDriver: chrome on mac (dc412c9754e89713f3f15fb41afcfc39)] -> id: batch]
Session ID: dc412c9754e89713f3f15fb41afcfc39
at java.base/jdk.internal.reflect.DirectConstructorHandleAccessor.newInstance(DirectConstructorHandleAccessor.java:67)
at java.base/java.lang.reflect.Constructor.newInstanceWithCaller(Constructor.java:500)
at java.base/java.lang.reflect.Constructor.newInstance(Constructor.java:484)
at org.openqa.selenium.remote.codec.w3c.W3CHttpResponseCodec.createException(W3CHttpResponseCodec.java:200)
at org.openqa.selenium.remote.codec.w3c.W3CHttpResponseCodec.decode(W3CHttpResponseCodec.java:133)
at org.openqa.selenium.remote.codec.w3c.W3CHttpResponseCodec.decode(W3CHttpResponseCodec.java:52)
at org.openqa.selenium.remote.HttpCommandExecutor.execute(HttpCommandExecutor.java:191)
at org.openqa.selenium.remote.service.DriverCommandExecutor.invokeExecute(DriverCommandExecutor.java:200)
at org.openqa.selenium.remote.service.DriverCommandExecutor.execute(DriverCommandExecutor.java:175)
at org.openqa.selenium.remote.RemoteWebDriver.execute(RemoteWebDriver.java:523)
at org.openqa.selenium.remote.RemoteWebElement.execute(RemoteWebElement.java:224)
at org.openqa.selenium.remote.RemoteWebElement.click(RemoteWebElement.java:77)
at java.base/jdk.internal.reflect.DirectMethodHandleAccessor.invoke(DirectMethodHandleAccessor.java:104)
at java.base/java.lang.reflect.Method.invoke(Method.java:578)
at org.openqa.selenium.support.pagefactory.internal.LocatingElementHandler.invoke(LocatingElementHandler.java:51)
at jdk.proxy2/jdk.proxy2.$Proxy39.click(Unknown Source)
at com.pageObjects.BatchPageObject.clickBatchBtn(BatchPageObject.java:81)
at com.stepDefinitions.ManageBatch_steps.admin_clicks_batch_from_navigation_bar(ManageBatch_steps.java:25)
at ✽.Admin clicks Batch from navigation bar(file:///Users/jibyraju/git/Team04_LMS_WebAutomaters/src/test/resources/Features/005_ManageBatch.feature:6)
]]>
    </failure>
  </testcase> <!-- runScenario -->
  <testcase classname="io.cucumber.testng.AbstractTestNGCucumberTests" name="runScenario" time="1.291">
    <failure type="org.openqa.selenium.ElementClickInterceptedException" message="element click intercepted: Element &amp;lt;button _ngcontent-vfm-c223=&amp;quot;&amp;quot; id=&amp;quot;batch&amp;quot; mat-button=&amp;quot;&amp;quot; a=&amp;quot;&amp;quot; routerlink=&amp;quot;/batch&amp;quot; class=&amp;quot;mat-focus-indicator mat-button mat-button-base&amp;quot; tabindex=&amp;quot;0&amp;quot;&amp;gt;...&amp;lt;/button&amp;gt; is not clickable at point (1251, 32). Other element would receive the click: &amp;lt;div class=&amp;quot;ng-tns-c133-7 ng-star-inserted p-dialog-mask p-component-overlay p-dialog-mask-scrollblocker&amp;quot; style=&amp;quot;z-index: 1000;&amp;quot;&amp;gt;...&amp;lt;/div&amp;gt;
  (Session info: chrome=124.0.6367.91)
Build info: version: &amp;apos;4.16.1&amp;apos;, revision: &amp;apos;9b4c83354e&amp;apos;
System info: os.name: &amp;apos;Mac OS X&amp;apos;, os.arch: &amp;apos;aarch64&amp;apos;, os.version: &amp;apos;13.5.2&amp;apos;, java.version: &amp;apos;20.0.2&amp;apos;
Driver info: org.openqa.selenium.chrome.ChromeDriver
Command: [dc412c9754e89713f3f15fb41afcfc39, clickElement {id=f.F5C23083F14AFE39757F2D65AFFED2F9.d.71B6BBE8E933BEF5B2E5706C9D1C43F0.e.397}]
Capabilities {acceptInsecureCerts: false, browserName: chrome, browserVersion: 124.0.6367.91, chrome: {chromedriverVersion: 124.0.6367.91 (51df0e5e17a8..., userDataDir: /var/folders/x3/28px5q393bv...}, fedcm:accounts: true, goog:chromeOptions: {debuggerAddress: localhost:58774}, networkConnectionEnabled: false, pageLoadStrategy: normal, platformName: mac, proxy: Proxy(), se:cdp: ws://localhost:58774/devtoo..., se:cdpVersion: 124.0.6367.91, setWindowRect: true, strictFileInteractability: false, timeouts: {implicit: 0, pageLoad: 300000, script: 30000}, unhandledPromptBehavior: dismiss and notify, webauthn:extension:credBlob: true, webauthn:extension:largeBlob: true, webauthn:extension:minPinLength: true, webauthn:extension:prf: true, webauthn:virtualAuthenticators: true}
Element: [[ChromeDriver: chrome on mac (dc412c9754e89713f3f15fb41afcfc39)] -&amp;gt; id: batch]
Session ID: dc412c9754e89713f3f15fb41afcfc39">
      <![CDATA[org.openqa.selenium.ElementClickInterceptedException: element click intercepted: Element <button _ngcontent-vfm-c223="" id="batch" mat-button="" a="" routerlink="/batch" class="mat-focus-indicator mat-button mat-button-base" tabindex="0">...</button> is not clickable at point (1251, 32). Other element would receive the click: <div class="ng-tns-c133-7 ng-star-inserted p-dialog-mask p-component-overlay p-dialog-mask-scrollblocker" style="z-index: 1000;">...</div>
  (Session info: chrome=124.0.6367.91)
Build info: version: '4.16.1', revision: '9b4c83354e'
System info: os.name: 'Mac OS X', os.arch: 'aarch64', os.version: '13.5.2', java.version: '20.0.2'
Driver info: org.openqa.selenium.chrome.ChromeDriver
Command: [dc412c9754e89713f3f15fb41afcfc39, clickElement {id=f.F5C23083F14AFE39757F2D65AFFED2F9.d.71B6BBE8E933BEF5B2E5706C9D1C43F0.e.397}]
Capabilities {acceptInsecureCerts: false, browserName: chrome, browserVersion: 124.0.6367.91, chrome: {chromedriverVersion: 124.0.6367.91 (51df0e5e17a8..., userDataDir: /var/folders/x3/28px5q393bv...}, fedcm:accounts: true, goog:chromeOptions: {debuggerAddress: localhost:58774}, networkConnectionEnabled: false, pageLoadStrategy: normal, platformName: mac, proxy: Proxy(), se:cdp: ws://localhost:58774/devtoo..., se:cdpVersion: 124.0.6367.91, setWindowRect: true, strictFileInteractability: false, timeouts: {implicit: 0, pageLoad: 300000, script: 30000}, unhandledPromptBehavior: dismiss and notify, webauthn:extension:credBlob: true, webauthn:extension:largeBlob: true, webauthn:extension:minPinLength: true, webauthn:extension:prf: true, webauthn:virtualAuthenticators: true}
Element: [[ChromeDriver: chrome on mac (dc412c9754e89713f3f15fb41afcfc39)] -> id: batch]
Session ID: dc412c9754e89713f3f15fb41afcfc39
at java.base/jdk.internal.reflect.DirectConstructorHandleAccessor.newInstance(DirectConstructorHandleAccessor.java:67)
at java.base/java.lang.reflect.Constructor.newInstanceWithCaller(Constructor.java:500)
at java.base/java.lang.reflect.Constructor.newInstance(Constructor.java:484)
at org.openqa.selenium.remote.codec.w3c.W3CHttpResponseCodec.createException(W3CHttpResponseCodec.java:200)
at org.openqa.selenium.remote.codec.w3c.W3CHttpResponseCodec.decode(W3CHttpResponseCodec.java:133)
at org.openqa.selenium.remote.codec.w3c.W3CHttpResponseCodec.decode(W3CHttpResponseCodec.java:52)
at org.openqa.selenium.remote.HttpCommandExecutor.execute(HttpCommandExecutor.java:191)
at org.openqa.selenium.remote.service.DriverCommandExecutor.invokeExecute(DriverCommandExecutor.java:200)
at org.openqa.selenium.remote.service.DriverCommandExecutor.execute(DriverCommandExecutor.java:175)
at org.openqa.selenium.remote.RemoteWebDriver.execute(RemoteWebDriver.java:523)
at org.openqa.selenium.remote.RemoteWebElement.execute(RemoteWebElement.java:224)
at org.openqa.selenium.remote.RemoteWebElement.click(RemoteWebElement.java:77)
at java.base/jdk.internal.reflect.DirectMethodHandleAccessor.invoke(DirectMethodHandleAccessor.java:104)
at java.base/java.lang.reflect.Method.invoke(Method.java:578)
at org.openqa.selenium.support.pagefactory.internal.LocatingElementHandler.invoke(LocatingElementHandler.java:51)
at jdk.proxy2/jdk.proxy2.$Proxy39.click(Unknown Source)
at com.pageObjects.BatchPageObject.clickBatchBtn(BatchPageObject.java:81)
at com.stepDefinitions.ManageBatch_steps.admin_clicks_batch_from_navigation_bar(ManageBatch_steps.java:25)
at ✽.Admin clicks Batch from navigation bar(file:///Users/jibyraju/git/Team04_LMS_WebAutomaters/src/test/resources/Features/005_ManageBatch.feature:6)
]]>
    </failure>
  </testcase> <!-- runScenario -->
  <testcase classname="io.cucumber.testng.AbstractTestNGCucumberTests" name="runScenario" time="1.243">
    <failure type="org.openqa.selenium.ElementClickInterceptedException" message="element click intercepted: Element &amp;lt;button _ngcontent-vfm-c223=&amp;quot;&amp;quot; id=&amp;quot;batch&amp;quot; mat-button=&amp;quot;&amp;quot; a=&amp;quot;&amp;quot; routerlink=&amp;quot;/batch&amp;quot; class=&amp;quot;mat-focus-indicator mat-button mat-button-base&amp;quot; tabindex=&amp;quot;0&amp;quot;&amp;gt;...&amp;lt;/button&amp;gt; is not clickable at point (1251, 32). Other element would receive the click: &amp;lt;div class=&amp;quot;ng-tns-c133-7 ng-star-inserted p-dialog-mask p-component-overlay p-dialog-mask-scrollblocker&amp;quot; style=&amp;quot;z-index: 1000;&amp;quot;&amp;gt;...&amp;lt;/div&amp;gt;
  (Session info: chrome=124.0.6367.91)
Build info: version: &amp;apos;4.16.1&amp;apos;, revision: &amp;apos;9b4c83354e&amp;apos;
System info: os.name: &amp;apos;Mac OS X&amp;apos;, os.arch: &amp;apos;aarch64&amp;apos;, os.version: &amp;apos;13.5.2&amp;apos;, java.version: &amp;apos;20.0.2&amp;apos;
Driver info: org.openqa.selenium.chrome.ChromeDriver
Command: [dc412c9754e89713f3f15fb41afcfc39, clickElement {id=f.F5C23083F14AFE39757F2D65AFFED2F9.d.71B6BBE8E933BEF5B2E5706C9D1C43F0.e.397}]
Capabilities {acceptInsecureCerts: false, browserName: chrome, browserVersion: 124.0.6367.91, chrome: {chromedriverVersion: 124.0.6367.91 (51df0e5e17a8..., userDataDir: /var/folders/x3/28px5q393bv...}, fedcm:accounts: true, goog:chromeOptions: {debuggerAddress: localhost:58774}, networkConnectionEnabled: false, pageLoadStrategy: normal, platformName: mac, proxy: Proxy(), se:cdp: ws://localhost:58774/devtoo..., se:cdpVersion: 124.0.6367.91, setWindowRect: true, strictFileInteractability: false, timeouts: {implicit: 0, pageLoad: 300000, script: 30000}, unhandledPromptBehavior: dismiss and notify, webauthn:extension:credBlob: true, webauthn:extension:largeBlob: true, webauthn:extension:minPinLength: true, webauthn:extension:prf: true, webauthn:virtualAuthenticators: true}
Element: [[ChromeDriver: chrome on mac (dc412c9754e89713f3f15fb41afcfc39)] -&amp;gt; id: batch]
Session ID: dc412c9754e89713f3f15fb41afcfc39">
      <![CDATA[org.openqa.selenium.ElementClickInterceptedException: element click intercepted: Element <button _ngcontent-vfm-c223="" id="batch" mat-button="" a="" routerlink="/batch" class="mat-focus-indicator mat-button mat-button-base" tabindex="0">...</button> is not clickable at point (1251, 32). Other element would receive the click: <div class="ng-tns-c133-7 ng-star-inserted p-dialog-mask p-component-overlay p-dialog-mask-scrollblocker" style="z-index: 1000;">...</div>
  (Session info: chrome=124.0.6367.91)
Build info: version: '4.16.1', revision: '9b4c83354e'
System info: os.name: 'Mac OS X', os.arch: 'aarch64', os.version: '13.5.2', java.version: '20.0.2'
Driver info: org.openqa.selenium.chrome.ChromeDriver
Command: [dc412c9754e89713f3f15fb41afcfc39, clickElement {id=f.F5C23083F14AFE39757F2D65AFFED2F9.d.71B6BBE8E933BEF5B2E5706C9D1C43F0.e.397}]
Capabilities {acceptInsecureCerts: false, browserName: chrome, browserVersion: 124.0.6367.91, chrome: {chromedriverVersion: 124.0.6367.91 (51df0e5e17a8..., userDataDir: /var/folders/x3/28px5q393bv...}, fedcm:accounts: true, goog:chromeOptions: {debuggerAddress: localhost:58774}, networkConnectionEnabled: false, pageLoadStrategy: normal, platformName: mac, proxy: Proxy(), se:cdp: ws://localhost:58774/devtoo..., se:cdpVersion: 124.0.6367.91, setWindowRect: true, strictFileInteractability: false, timeouts: {implicit: 0, pageLoad: 300000, script: 30000}, unhandledPromptBehavior: dismiss and notify, webauthn:extension:credBlob: true, webauthn:extension:largeBlob: true, webauthn:extension:minPinLength: true, webauthn:extension:prf: true, webauthn:virtualAuthenticators: true}
Element: [[ChromeDriver: chrome on mac (dc412c9754e89713f3f15fb41afcfc39)] -> id: batch]
Session ID: dc412c9754e89713f3f15fb41afcfc39
at java.base/jdk.internal.reflect.DirectConstructorHandleAccessor.newInstance(DirectConstructorHandleAccessor.java:67)
at java.base/java.lang.reflect.Constructor.newInstanceWithCaller(Constructor.java:500)
at java.base/java.lang.reflect.Constructor.newInstance(Constructor.java:484)
at org.openqa.selenium.remote.codec.w3c.W3CHttpResponseCodec.createException(W3CHttpResponseCodec.java:200)
at org.openqa.selenium.remote.codec.w3c.W3CHttpResponseCodec.decode(W3CHttpResponseCodec.java:133)
at org.openqa.selenium.remote.codec.w3c.W3CHttpResponseCodec.decode(W3CHttpResponseCodec.java:52)
at org.openqa.selenium.remote.HttpCommandExecutor.execute(HttpCommandExecutor.java:191)
at org.openqa.selenium.remote.service.DriverCommandExecutor.invokeExecute(DriverCommandExecutor.java:200)
at org.openqa.selenium.remote.service.DriverCommandExecutor.execute(DriverCommandExecutor.java:175)
at org.openqa.selenium.remote.RemoteWebDriver.execute(RemoteWebDriver.java:523)
at org.openqa.selenium.remote.RemoteWebElement.execute(RemoteWebElement.java:224)
at org.openqa.selenium.remote.RemoteWebElement.click(RemoteWebElement.java:77)
at java.base/jdk.internal.reflect.DirectMethodHandleAccessor.invoke(DirectMethodHandleAccessor.java:104)
at java.base/java.lang.reflect.Method.invoke(Method.java:578)
at org.openqa.selenium.support.pagefactory.internal.LocatingElementHandler.invoke(LocatingElementHandler.java:51)
at jdk.proxy2/jdk.proxy2.$Proxy39.click(Unknown Source)
at com.pageObjects.BatchPageObject.clickBatchBtn(BatchPageObject.java:81)
at com.stepDefinitions.ManageBatch_steps.admin_clicks_batch_from_navigation_bar(ManageBatch_steps.java:25)
at ✽.Admin clicks Batch from navigation bar(file:///Users/jibyraju/git/Team04_LMS_WebAutomaters/src/test/resources/Features/005_ManageBatch.feature:6)
]]>
    </failure>
  </testcase> <!-- runScenario -->
  <testcase classname="io.cucumber.testng.AbstractTestNGCucumberTests" name="runScenario" time="1.281">
    <failure type="org.openqa.selenium.ElementClickInterceptedException" message="element click intercepted: Element &amp;lt;button _ngcontent-vfm-c223=&amp;quot;&amp;quot; id=&amp;quot;batch&amp;quot; mat-button=&amp;quot;&amp;quot; a=&amp;quot;&amp;quot; routerlink=&amp;quot;/batch&amp;quot; class=&amp;quot;mat-focus-indicator mat-button mat-button-base&amp;quot; tabindex=&amp;quot;0&amp;quot;&amp;gt;...&amp;lt;/button&amp;gt; is not clickable at point (1251, 32). Other element would receive the click: &amp;lt;div class=&amp;quot;ng-tns-c133-7 ng-star-inserted p-dialog-mask p-component-overlay p-dialog-mask-scrollblocker&amp;quot; style=&amp;quot;z-index: 1000;&amp;quot;&amp;gt;...&amp;lt;/div&amp;gt;
  (Session info: chrome=124.0.6367.91)
Build info: version: &amp;apos;4.16.1&amp;apos;, revision: &amp;apos;9b4c83354e&amp;apos;
System info: os.name: &amp;apos;Mac OS X&amp;apos;, os.arch: &amp;apos;aarch64&amp;apos;, os.version: &amp;apos;13.5.2&amp;apos;, java.version: &amp;apos;20.0.2&amp;apos;
Driver info: org.openqa.selenium.chrome.ChromeDriver
Command: [dc412c9754e89713f3f15fb41afcfc39, clickElement {id=f.F5C23083F14AFE39757F2D65AFFED2F9.d.71B6BBE8E933BEF5B2E5706C9D1C43F0.e.397}]
Capabilities {acceptInsecureCerts: false, browserName: chrome, browserVersion: 124.0.6367.91, chrome: {chromedriverVersion: 124.0.6367.91 (51df0e5e17a8..., userDataDir: /var/folders/x3/28px5q393bv...}, fedcm:accounts: true, goog:chromeOptions: {debuggerAddress: localhost:58774}, networkConnectionEnabled: false, pageLoadStrategy: normal, platformName: mac, proxy: Proxy(), se:cdp: ws://localhost:58774/devtoo..., se:cdpVersion: 124.0.6367.91, setWindowRect: true, strictFileInteractability: false, timeouts: {implicit: 0, pageLoad: 300000, script: 30000}, unhandledPromptBehavior: dismiss and notify, webauthn:extension:credBlob: true, webauthn:extension:largeBlob: true, webauthn:extension:minPinLength: true, webauthn:extension:prf: true, webauthn:virtualAuthenticators: true}
Element: [[ChromeDriver: chrome on mac (dc412c9754e89713f3f15fb41afcfc39)] -&amp;gt; id: batch]
Session ID: dc412c9754e89713f3f15fb41afcfc39">
      <![CDATA[org.openqa.selenium.ElementClickInterceptedException: element click intercepted: Element <button _ngcontent-vfm-c223="" id="batch" mat-button="" a="" routerlink="/batch" class="mat-focus-indicator mat-button mat-button-base" tabindex="0">...</button> is not clickable at point (1251, 32). Other element would receive the click: <div class="ng-tns-c133-7 ng-star-inserted p-dialog-mask p-component-overlay p-dialog-mask-scrollblocker" style="z-index: 1000;">...</div>
  (Session info: chrome=124.0.6367.91)
Build info: version: '4.16.1', revision: '9b4c83354e'
System info: os.name: 'Mac OS X', os.arch: 'aarch64', os.version: '13.5.2', java.version: '20.0.2'
Driver info: org.openqa.selenium.chrome.ChromeDriver
Command: [dc412c9754e89713f3f15fb41afcfc39, clickElement {id=f.F5C23083F14AFE39757F2D65AFFED2F9.d.71B6BBE8E933BEF5B2E5706C9D1C43F0.e.397}]
Capabilities {acceptInsecureCerts: false, browserName: chrome, browserVersion: 124.0.6367.91, chrome: {chromedriverVersion: 124.0.6367.91 (51df0e5e17a8..., userDataDir: /var/folders/x3/28px5q393bv...}, fedcm:accounts: true, goog:chromeOptions: {debuggerAddress: localhost:58774}, networkConnectionEnabled: false, pageLoadStrategy: normal, platformName: mac, proxy: Proxy(), se:cdp: ws://localhost:58774/devtoo..., se:cdpVersion: 124.0.6367.91, setWindowRect: true, strictFileInteractability: false, timeouts: {implicit: 0, pageLoad: 300000, script: 30000}, unhandledPromptBehavior: dismiss and notify, webauthn:extension:credBlob: true, webauthn:extension:largeBlob: true, webauthn:extension:minPinLength: true, webauthn:extension:prf: true, webauthn:virtualAuthenticators: true}
Element: [[ChromeDriver: chrome on mac (dc412c9754e89713f3f15fb41afcfc39)] -> id: batch]
Session ID: dc412c9754e89713f3f15fb41afcfc39
at java.base/jdk.internal.reflect.DirectConstructorHandleAccessor.newInstance(DirectConstructorHandleAccessor.java:67)
at java.base/java.lang.reflect.Constructor.newInstanceWithCaller(Constructor.java:500)
at java.base/java.lang.reflect.Constructor.newInstance(Constructor.java:484)
at org.openqa.selenium.remote.codec.w3c.W3CHttpResponseCodec.createException(W3CHttpResponseCodec.java:200)
at org.openqa.selenium.remote.codec.w3c.W3CHttpResponseCodec.decode(W3CHttpResponseCodec.java:133)
at org.openqa.selenium.remote.codec.w3c.W3CHttpResponseCodec.decode(W3CHttpResponseCodec.java:52)
at org.openqa.selenium.remote.HttpCommandExecutor.execute(HttpCommandExecutor.java:191)
at org.openqa.selenium.remote.service.DriverCommandExecutor.invokeExecute(DriverCommandExecutor.java:200)
at org.openqa.selenium.remote.service.DriverCommandExecutor.execute(DriverCommandExecutor.java:175)
at org.openqa.selenium.remote.RemoteWebDriver.execute(RemoteWebDriver.java:523)
at org.openqa.selenium.remote.RemoteWebElement.execute(RemoteWebElement.java:224)
at org.openqa.selenium.remote.RemoteWebElement.click(RemoteWebElement.java:77)
at java.base/jdk.internal.reflect.DirectMethodHandleAccessor.invoke(DirectMethodHandleAccessor.java:104)
at java.base/java.lang.reflect.Method.invoke(Method.java:578)
at org.openqa.selenium.support.pagefactory.internal.LocatingElementHandler.invoke(LocatingElementHandler.java:51)
at jdk.proxy2/jdk.proxy2.$Proxy39.click(Unknown Source)
at com.pageObjects.BatchPageObject.clickBatchBtn(BatchPageObject.java:81)
at com.stepDefinitions.ManageBatch_steps.admin_clicks_batch_from_navigation_bar(ManageBatch_steps.java:25)
at ✽.Admin clicks Batch from navigation bar(file:///Users/jibyraju/git/Team04_LMS_WebAutomaters/src/test/resources/Features/005_ManageBatch.feature:6)
]]>
    </failure>
  </testcase> <!-- runScenario -->
</testsuite> <!-- Default test -->
