<?xml version="1.0" encoding="UTF-8"?>
<!-- Generated by org.testng.reporters.JUnitXMLReporter -->
<testsuite ignored="0" hostname="Keerthis-Air.lan" failures="92" tests="92" name="Default test" time="5.434" errors="0" timestamp="2024-05-01T11:25:06 EDT">
  <testcase classname="io.cucumber.testng.AbstractTestNGCucumberTests" name="runScenario" time="1.473">
    <failure type="java.util.MissingResourceException" message="Can&amp;apos;t find bundle for base name config, locale en_US">
      <![CDATA[java.util.MissingResourceException: Can't find bundle for base name config, locale en_US
at java.base/java.util.ResourceBundle.throwMissingResourceException(ResourceBundle.java:2062)
at java.base/java.util.ResourceBundle.getBundleImpl(ResourceBundle.java:1700)
at java.base/java.util.ResourceBundle.getBundleImpl(ResourceBundle.java:1603)
at java.base/java.util.ResourceBundle.getBundleImpl(ResourceBundle.java:1558)
at java.base/java.util.ResourceBundle.getBundle(ResourceBundle.java:864)
at com.driverFactory.DriverClass.getdesireDriver(DriverClass.java:24)
at com.driverFactory.DriverClass.setUpDriver(DriverClass.java:67)
at com.Hooks.Hooks.setUp(Hooks.java:21)
]]>
    </failure>
  </testcase> <!-- runScenario -->
  <testcase classname="io.cucumber.testng.AbstractTestNGCucumberTests" name="runScenario" time="0.081">
    <failure type="java.util.MissingResourceException" message="Can&amp;apos;t find bundle for base name config, locale en_US">
      <![CDATA[java.util.MissingResourceException: Can't find bundle for base name config, locale en_US
at java.base/java.util.ResourceBundle.throwMissingResourceException(ResourceBundle.java:2062)
at java.base/java.util.ResourceBundle.getBundleImpl(ResourceBundle.java:1700)
at java.base/java.util.ResourceBundle.getBundleImpl(ResourceBundle.java:1603)
at java.base/java.util.ResourceBundle.getBundleImpl(ResourceBundle.java:1558)
at java.base/java.util.ResourceBundle.getBundle(ResourceBundle.java:864)
at com.driverFactory.DriverClass.getdesireDriver(DriverClass.java:24)
at com.driverFactory.DriverClass.setUpDriver(DriverClass.java:67)
at com.Hooks.Hooks.setUp(Hooks.java:21)
]]>
    </failure>
  </testcase> <!-- runScenario -->
  <testcase classname="io.cucumber.testng.AbstractTestNGCucumberTests" name="runScenario" time="0.05">
    <failure type="java.util.MissingResourceException" message="Can&amp;apos;t find bundle for base name config, locale en_US">
      <![CDATA[java.util.MissingResourceException: Can't find bundle for base name config, locale en_US
at java.base/java.util.ResourceBundle.throwMissingResourceException(ResourceBundle.java:2062)
at java.base/java.util.ResourceBundle.getBundleImpl(ResourceBundle.java:1700)
at java.base/java.util.ResourceBundle.getBundleImpl(ResourceBundle.java:1603)
at java.base/java.util.ResourceBundle.getBundleImpl(ResourceBundle.java:1558)
at java.base/java.util.ResourceBundle.getBundle(ResourceBundle.java:864)
at com.driverFactory.DriverClass.getdesireDriver(DriverClass.java:24)
at com.driverFactory.DriverClass.setUpDriver(DriverClass.java:67)
at com.Hooks.Hooks.setUp(Hooks.java:21)
]]>
    </failure>
  </testcase> <!-- runScenario -->
  <testcase classname="io.cucumber.testng.AbstractTestNGCucumberTests" name="runScenario" time="0.053">
    <failure type="java.util.MissingResourceException" message="Can&amp;apos;t find bundle for base name config, locale en_US">
      <![CDATA[java.util.MissingResourceException: Can't find bundle for base name config, locale en_US
at java.base/java.util.ResourceBundle.throwMissingResourceException(ResourceBundle.java:2062)
at java.base/java.util.ResourceBundle.getBundleImpl(ResourceBundle.java:1700)
at java.base/java.util.ResourceBundle.getBundleImpl(ResourceBundle.java:1603)
at java.base/java.util.ResourceBundle.getBundleImpl(ResourceBundle.java:1558)
at java.base/java.util.ResourceBundle.getBundle(ResourceBundle.java:864)
at com.driverFactory.DriverClass.getdesireDriver(DriverClass.java:24)
at com.driverFactory.DriverClass.setUpDriver(DriverClass.java:67)
at com.Hooks.Hooks.setUp(Hooks.java:21)
]]>
    </failure>
  </testcase> <!-- runScenario -->
  <testcase classname="io.cucumber.testng.AbstractTestNGCucumberTests" name="runScenario" time="0.043">
    <failure type="java.util.MissingResourceException" message="Can&amp;apos;t find bundle for base name config, locale en_US">
      <![CDATA[java.util.MissingResourceException: Can't find bundle for base name config, locale en_US
at java.base/java.util.ResourceBundle.throwMissingResourceException(ResourceBundle.java:2062)
at java.base/java.util.ResourceBundle.getBundleImpl(ResourceBundle.java:1700)
at java.base/java.util.ResourceBundle.getBundleImpl(ResourceBundle.java:1603)
at java.base/java.util.ResourceBundle.getBundleImpl(ResourceBundle.java:1558)
at java.base/java.util.ResourceBundle.getBundle(ResourceBundle.java:864)
at com.driverFactory.DriverClass.getdesireDriver(DriverClass.java:24)
at com.driverFactory.DriverClass.setUpDriver(DriverClass.java:67)
at com.Hooks.Hooks.setUp(Hooks.java:21)
]]>
    </failure>
  </testcase> <!-- runScenario -->
  <testcase classname="io.cucumber.testng.AbstractTestNGCucumberTests" name="runScenario" time="0.042">
    <failure type="java.util.MissingResourceException" message="Can&amp;apos;t find bundle for base name config, locale en_US">
      <![CDATA[java.util.MissingResourceException: Can't find bundle for base name config, locale en_US
at java.base/java.util.ResourceBundle.throwMissingResourceException(ResourceBundle.java:2062)
at java.base/java.util.ResourceBundle.getBundleImpl(ResourceBundle.java:1700)
at java.base/java.util.ResourceBundle.getBundleImpl(ResourceBundle.java:1603)
at java.base/java.util.ResourceBundle.getBundleImpl(ResourceBundle.java:1558)
at java.base/java.util.ResourceBundle.getBundle(ResourceBundle.java:864)
at com.driverFactory.DriverClass.getdesireDriver(DriverClass.java:24)
at com.driverFactory.DriverClass.setUpDriver(DriverClass.java:67)
at com.Hooks.Hooks.setUp(Hooks.java:21)
]]>
    </failure>
  </testcase> <!-- runScenario -->
  <testcase classname="io.cucumber.testng.AbstractTestNGCucumberTests" name="runScenario" time="0.039">
    <failure type="java.util.MissingResourceException" message="Can&amp;apos;t find bundle for base name config, locale en_US">
      <![CDATA[java.util.MissingResourceException: Can't find bundle for base name config, locale en_US
at java.base/java.util.ResourceBundle.throwMissingResourceException(ResourceBundle.java:2062)
at java.base/java.util.ResourceBundle.getBundleImpl(ResourceBundle.java:1700)
at java.base/java.util.ResourceBundle.getBundleImpl(ResourceBundle.java:1603)
at java.base/java.util.ResourceBundle.getBundleImpl(ResourceBundle.java:1558)
at java.base/java.util.ResourceBundle.getBundle(ResourceBundle.java:864)
at com.driverFactory.DriverClass.getdesireDriver(DriverClass.java:24)
at com.driverFactory.DriverClass.setUpDriver(DriverClass.java:67)
at com.Hooks.Hooks.setUp(Hooks.java:21)
]]>
    </failure>
  </testcase> <!-- runScenario -->
  <testcase classname="io.cucumber.testng.AbstractTestNGCucumberTests" name="runScenario" time="0.031">
    <failure type="java.util.MissingResourceException" message="Can&amp;apos;t find bundle for base name config, locale en_US">
      <![CDATA[java.util.MissingResourceException: Can't find bundle for base name config, locale en_US
at java.base/java.util.ResourceBundle.throwMissingResourceException(ResourceBundle.java:2062)
at java.base/java.util.ResourceBundle.getBundleImpl(ResourceBundle.java:1700)
at java.base/java.util.ResourceBundle.getBundleImpl(ResourceBundle.java:1603)
at java.base/java.util.ResourceBundle.getBundleImpl(ResourceBundle.java:1558)
at java.base/java.util.ResourceBundle.getBundle(ResourceBundle.java:864)
at com.driverFactory.DriverClass.getdesireDriver(DriverClass.java:24)
at com.driverFactory.DriverClass.setUpDriver(DriverClass.java:67)
at com.Hooks.Hooks.setUp(Hooks.java:21)
]]>
    </failure>
  </testcase> <!-- runScenario -->
  <testcase classname="io.cucumber.testng.AbstractTestNGCucumberTests" name="runScenario" time="0.044">
    <failure type="java.util.MissingResourceException" message="Can&amp;apos;t find bundle for base name config, locale en_US">
      <![CDATA[java.util.MissingResourceException: Can't find bundle for base name config, locale en_US
at java.base/java.util.ResourceBundle.throwMissingResourceException(ResourceBundle.java:2062)
at java.base/java.util.ResourceBundle.getBundleImpl(ResourceBundle.java:1700)
at java.base/java.util.ResourceBundle.getBundleImpl(ResourceBundle.java:1603)
at java.base/java.util.ResourceBundle.getBundleImpl(ResourceBundle.java:1558)
at java.base/java.util.ResourceBundle.getBundle(ResourceBundle.java:864)
at com.driverFactory.DriverClass.getdesireDriver(DriverClass.java:24)
at com.driverFactory.DriverClass.setUpDriver(DriverClass.java:67)
at com.Hooks.Hooks.setUp(Hooks.java:21)
]]>
    </failure>
  </testcase> <!-- runScenario -->
  <testcase classname="io.cucumber.testng.AbstractTestNGCucumberTests" name="runScenario" time="0.028">
    <failure type="java.util.MissingResourceException" message="Can&amp;apos;t find bundle for base name config, locale en_US">
      <![CDATA[java.util.MissingResourceException: Can't find bundle for base name config, locale en_US
at java.base/java.util.ResourceBundle.throwMissingResourceException(ResourceBundle.java:2062)
at java.base/java.util.ResourceBundle.getBundleImpl(ResourceBundle.java:1700)
at java.base/java.util.ResourceBundle.getBundleImpl(ResourceBundle.java:1603)
at java.base/java.util.ResourceBundle.getBundleImpl(ResourceBundle.java:1558)
at java.base/java.util.ResourceBundle.getBundle(ResourceBundle.java:864)
at com.driverFactory.DriverClass.getdesireDriver(DriverClass.java:24)
at com.driverFactory.DriverClass.setUpDriver(DriverClass.java:67)
at com.Hooks.Hooks.setUp(Hooks.java:21)
]]>
    </failure>
  </testcase> <!-- runScenario -->
  <testcase classname="io.cucumber.testng.AbstractTestNGCucumberTests" name="runScenario" time="0.019">
    <failure type="java.util.MissingResourceException" message="Can&amp;apos;t find bundle for base name config, locale en_US">
      <![CDATA[java.util.MissingResourceException: Can't find bundle for base name config, locale en_US
at java.base/java.util.ResourceBundle.throwMissingResourceException(ResourceBundle.java:2062)
at java.base/java.util.ResourceBundle.getBundleImpl(ResourceBundle.java:1700)
at java.base/java.util.ResourceBundle.getBundleImpl(ResourceBundle.java:1603)
at java.base/java.util.ResourceBundle.getBundleImpl(ResourceBundle.java:1558)
at java.base/java.util.ResourceBundle.getBundle(ResourceBundle.java:864)
at com.driverFactory.DriverClass.getdesireDriver(DriverClass.java:24)
at com.driverFactory.DriverClass.setUpDriver(DriverClass.java:67)
at com.Hooks.Hooks.setUp(Hooks.java:21)
]]>
    </failure>
  </testcase> <!-- runScenario -->
  <testcase classname="io.cucumber.testng.AbstractTestNGCucumberTests" name="runScenario" time="0.02">
    <failure type="java.util.MissingResourceException" message="Can&amp;apos;t find bundle for base name config, locale en_US">
      <![CDATA[java.util.MissingResourceException: Can't find bundle for base name config, locale en_US
at java.base/java.util.ResourceBundle.throwMissingResourceException(ResourceBundle.java:2062)
at java.base/java.util.ResourceBundle.getBundleImpl(ResourceBundle.java:1700)
at java.base/java.util.ResourceBundle.getBundleImpl(ResourceBundle.java:1603)
at java.base/java.util.ResourceBundle.getBundleImpl(ResourceBundle.java:1558)
at java.base/java.util.ResourceBundle.getBundle(ResourceBundle.java:864)
at com.driverFactory.DriverClass.getdesireDriver(DriverClass.java:24)
at com.driverFactory.DriverClass.setUpDriver(DriverClass.java:67)
at com.Hooks.Hooks.setUp(Hooks.java:21)
]]>
    </failure>
  </testcase> <!-- runScenario -->
  <testcase classname="io.cucumber.testng.AbstractTestNGCucumberTests" name="runScenario" time="0.017">
    <failure type="java.util.MissingResourceException" message="Can&amp;apos;t find bundle for base name config, locale en_US">
      <![CDATA[java.util.MissingResourceException: Can't find bundle for base name config, locale en_US
at java.base/java.util.ResourceBundle.throwMissingResourceException(ResourceBundle.java:2062)
at java.base/java.util.ResourceBundle.getBundleImpl(ResourceBundle.java:1700)
at java.base/java.util.ResourceBundle.getBundleImpl(ResourceBundle.java:1603)
at java.base/java.util.ResourceBundle.getBundleImpl(ResourceBundle.java:1558)
at java.base/java.util.ResourceBundle.getBundle(ResourceBundle.java:864)
at com.driverFactory.DriverClass.getdesireDriver(DriverClass.java:24)
at com.driverFactory.DriverClass.setUpDriver(DriverClass.java:67)
at com.Hooks.Hooks.setUp(Hooks.java:21)
]]>
    </failure>
  </testcase> <!-- runScenario -->
  <testcase classname="io.cucumber.testng.AbstractTestNGCucumberTests" name="runScenario" time="0.023">
    <failure type="java.util.MissingResourceException" message="Can&amp;apos;t find bundle for base name config, locale en_US">
      <![CDATA[java.util.MissingResourceException: Can't find bundle for base name config, locale en_US
at java.base/java.util.ResourceBundle.throwMissingResourceException(ResourceBundle.java:2062)
at java.base/java.util.ResourceBundle.getBundleImpl(ResourceBundle.java:1700)
at java.base/java.util.ResourceBundle.getBundleImpl(ResourceBundle.java:1603)
at java.base/java.util.ResourceBundle.getBundleImpl(ResourceBundle.java:1558)
at java.base/java.util.ResourceBundle.getBundle(ResourceBundle.java:864)
at com.driverFactory.DriverClass.getdesireDriver(DriverClass.java:24)
at com.driverFactory.DriverClass.setUpDriver(DriverClass.java:67)
at com.Hooks.Hooks.setUp(Hooks.java:21)
]]>
    </failure>
  </testcase> <!-- runScenario -->
  <testcase classname="io.cucumber.testng.AbstractTestNGCucumberTests" name="runScenario" time="0.017">
    <failure type="java.util.MissingResourceException" message="Can&amp;apos;t find bundle for base name config, locale en_US">
      <![CDATA[java.util.MissingResourceException: Can't find bundle for base name config, locale en_US
at java.base/java.util.ResourceBundle.throwMissingResourceException(ResourceBundle.java:2062)
at java.base/java.util.ResourceBundle.getBundleImpl(ResourceBundle.java:1700)
at java.base/java.util.ResourceBundle.getBundleImpl(ResourceBundle.java:1603)
at java.base/java.util.ResourceBundle.getBundleImpl(ResourceBundle.java:1558)
at java.base/java.util.ResourceBundle.getBundle(ResourceBundle.java:864)
at com.driverFactory.DriverClass.getdesireDriver(DriverClass.java:24)
at com.driverFactory.DriverClass.setUpDriver(DriverClass.java:67)
at com.Hooks.Hooks.setUp(Hooks.java:21)
]]>
    </failure>
  </testcase> <!-- runScenario -->
  <testcase classname="io.cucumber.testng.AbstractTestNGCucumberTests" name="runScenario" time="0.02">
    <failure type="java.util.MissingResourceException" message="Can&amp;apos;t find bundle for base name config, locale en_US">
      <![CDATA[java.util.MissingResourceException: Can't find bundle for base name config, locale en_US
at java.base/java.util.ResourceBundle.throwMissingResourceException(ResourceBundle.java:2062)
at java.base/java.util.ResourceBundle.getBundleImpl(ResourceBundle.java:1700)
at java.base/java.util.ResourceBundle.getBundleImpl(ResourceBundle.java:1603)
at java.base/java.util.ResourceBundle.getBundleImpl(ResourceBundle.java:1558)
at java.base/java.util.ResourceBundle.getBundle(ResourceBundle.java:864)
at com.driverFactory.DriverClass.getdesireDriver(DriverClass.java:24)
at com.driverFactory.DriverClass.setUpDriver(DriverClass.java:67)
at com.Hooks.Hooks.setUp(Hooks.java:21)
]]>
    </failure>
  </testcase> <!-- runScenario -->
  <testcase classname="io.cucumber.testng.AbstractTestNGCucumberTests" name="runScenario" time="0.028">
    <failure type="java.util.MissingResourceException" message="Can&amp;apos;t find bundle for base name config, locale en_US">
      <![CDATA[java.util.MissingResourceException: Can't find bundle for base name config, locale en_US
at java.base/java.util.ResourceBundle.throwMissingResourceException(ResourceBundle.java:2062)
at java.base/java.util.ResourceBundle.getBundleImpl(ResourceBundle.java:1700)
at java.base/java.util.ResourceBundle.getBundleImpl(ResourceBundle.java:1603)
at java.base/java.util.ResourceBundle.getBundleImpl(ResourceBundle.java:1558)
at java.base/java.util.ResourceBundle.getBundle(ResourceBundle.java:864)
at com.driverFactory.DriverClass.getdesireDriver(DriverClass.java:24)
at com.driverFactory.DriverClass.setUpDriver(DriverClass.java:67)
at com.Hooks.Hooks.setUp(Hooks.java:21)
]]>
    </failure>
  </testcase> <!-- runScenario -->
  <testcase classname="io.cucumber.testng.AbstractTestNGCucumberTests" name="runScenario" time="0.045">
    <failure type="java.util.MissingResourceException" message="Can&amp;apos;t find bundle for base name config, locale en_US">
      <![CDATA[java.util.MissingResourceException: Can't find bundle for base name config, locale en_US
at java.base/java.util.ResourceBundle.throwMissingResourceException(ResourceBundle.java:2062)
at java.base/java.util.ResourceBundle.getBundleImpl(ResourceBundle.java:1700)
at java.base/java.util.ResourceBundle.getBundleImpl(ResourceBundle.java:1603)
at java.base/java.util.ResourceBundle.getBundleImpl(ResourceBundle.java:1558)
at java.base/java.util.ResourceBundle.getBundle(ResourceBundle.java:864)
at com.driverFactory.DriverClass.getdesireDriver(DriverClass.java:24)
at com.driverFactory.DriverClass.setUpDriver(DriverClass.java:67)
at com.Hooks.Hooks.setUp(Hooks.java:21)
]]>
    </failure>
  </testcase> <!-- runScenario -->
  <testcase classname="io.cucumber.testng.AbstractTestNGCucumberTests" name="runScenario" time="0.037">
    <failure type="java.util.MissingResourceException" message="Can&amp;apos;t find bundle for base name config, locale en_US">
      <![CDATA[java.util.MissingResourceException: Can't find bundle for base name config, locale en_US
at java.base/java.util.ResourceBundle.throwMissingResourceException(ResourceBundle.java:2062)
at java.base/java.util.ResourceBundle.getBundleImpl(ResourceBundle.java:1700)
at java.base/java.util.ResourceBundle.getBundleImpl(ResourceBundle.java:1603)
at java.base/java.util.ResourceBundle.getBundleImpl(ResourceBundle.java:1558)
at java.base/java.util.ResourceBundle.getBundle(ResourceBundle.java:864)
at com.driverFactory.DriverClass.getdesireDriver(DriverClass.java:24)
at com.driverFactory.DriverClass.setUpDriver(DriverClass.java:67)
at com.Hooks.Hooks.setUp(Hooks.java:21)
]]>
    </failure>
  </testcase> <!-- runScenario -->
  <testcase classname="io.cucumber.testng.AbstractTestNGCucumberTests" name="runScenario" time="0.043">
    <failure type="java.util.MissingResourceException" message="Can&amp;apos;t find bundle for base name config, locale en_US">
      <![CDATA[java.util.MissingResourceException: Can't find bundle for base name config, locale en_US
at java.base/java.util.ResourceBundle.throwMissingResourceException(ResourceBundle.java:2062)
at java.base/java.util.ResourceBundle.getBundleImpl(ResourceBundle.java:1700)
at java.base/java.util.ResourceBundle.getBundleImpl(ResourceBundle.java:1603)
at java.base/java.util.ResourceBundle.getBundleImpl(ResourceBundle.java:1558)
at java.base/java.util.ResourceBundle.getBundle(ResourceBundle.java:864)
at com.driverFactory.DriverClass.getdesireDriver(DriverClass.java:24)
at com.driverFactory.DriverClass.setUpDriver(DriverClass.java:67)
at com.Hooks.Hooks.setUp(Hooks.java:21)
]]>
    </failure>
  </testcase> <!-- runScenario -->
  <testcase classname="io.cucumber.testng.AbstractTestNGCucumberTests" name="runScenario" time="0.043">
    <failure type="java.util.MissingResourceException" message="Can&amp;apos;t find bundle for base name config, locale en_US">
      <![CDATA[java.util.MissingResourceException: Can't find bundle for base name config, locale en_US
at java.base/java.util.ResourceBundle.throwMissingResourceException(ResourceBundle.java:2062)
at java.base/java.util.ResourceBundle.getBundleImpl(ResourceBundle.java:1700)
at java.base/java.util.ResourceBundle.getBundleImpl(ResourceBundle.java:1603)
at java.base/java.util.ResourceBundle.getBundleImpl(ResourceBundle.java:1558)
at java.base/java.util.ResourceBundle.getBundle(ResourceBundle.java:864)
at com.driverFactory.DriverClass.getdesireDriver(DriverClass.java:24)
at com.driverFactory.DriverClass.setUpDriver(DriverClass.java:67)
at com.Hooks.Hooks.setUp(Hooks.java:21)
]]>
    </failure>
  </testcase> <!-- runScenario -->
  <testcase classname="io.cucumber.testng.AbstractTestNGCucumberTests" name="runScenario" time="0.033">
    <failure type="java.util.MissingResourceException" message="Can&amp;apos;t find bundle for base name config, locale en_US">
      <![CDATA[java.util.MissingResourceException: Can't find bundle for base name config, locale en_US
at java.base/java.util.ResourceBundle.throwMissingResourceException(ResourceBundle.java:2062)
at java.base/java.util.ResourceBundle.getBundleImpl(ResourceBundle.java:1700)
at java.base/java.util.ResourceBundle.getBundleImpl(ResourceBundle.java:1603)
at java.base/java.util.ResourceBundle.getBundleImpl(ResourceBundle.java:1558)
at java.base/java.util.ResourceBundle.getBundle(ResourceBundle.java:864)
at com.driverFactory.DriverClass.getdesireDriver(DriverClass.java:24)
at com.driverFactory.DriverClass.setUpDriver(DriverClass.java:67)
at com.Hooks.Hooks.setUp(Hooks.java:21)
]]>
    </failure>
  </testcase> <!-- runScenario -->
  <testcase classname="io.cucumber.testng.AbstractTestNGCucumberTests" name="runScenario" time="0.026">
    <failure type="java.util.MissingResourceException" message="Can&amp;apos;t find bundle for base name config, locale en_US">
      <![CDATA[java.util.MissingResourceException: Can't find bundle for base name config, locale en_US
at java.base/java.util.ResourceBundle.throwMissingResourceException(ResourceBundle.java:2062)
at java.base/java.util.ResourceBundle.getBundleImpl(ResourceBundle.java:1700)
at java.base/java.util.ResourceBundle.getBundleImpl(ResourceBundle.java:1603)
at java.base/java.util.ResourceBundle.getBundleImpl(ResourceBundle.java:1558)
at java.base/java.util.ResourceBundle.getBundle(ResourceBundle.java:864)
at com.driverFactory.DriverClass.getdesireDriver(DriverClass.java:24)
at com.driverFactory.DriverClass.setUpDriver(DriverClass.java:67)
at com.Hooks.Hooks.setUp(Hooks.java:21)
]]>
    </failure>
  </testcase> <!-- runScenario -->
  <testcase classname="io.cucumber.testng.AbstractTestNGCucumberTests" name="runScenario" time="0.028">
    <failure type="java.util.MissingResourceException" message="Can&amp;apos;t find bundle for base name config, locale en_US">
      <![CDATA[java.util.MissingResourceException: Can't find bundle for base name config, locale en_US
at java.base/java.util.ResourceBundle.throwMissingResourceException(ResourceBundle.java:2062)
at java.base/java.util.ResourceBundle.getBundleImpl(ResourceBundle.java:1700)
at java.base/java.util.ResourceBundle.getBundleImpl(ResourceBundle.java:1603)
at java.base/java.util.ResourceBundle.getBundleImpl(ResourceBundle.java:1558)
at java.base/java.util.ResourceBundle.getBundle(ResourceBundle.java:864)
at com.driverFactory.DriverClass.getdesireDriver(DriverClass.java:24)
at com.driverFactory.DriverClass.setUpDriver(DriverClass.java:67)
at com.Hooks.Hooks.setUp(Hooks.java:21)
]]>
    </failure>
  </testcase> <!-- runScenario -->
  <testcase classname="io.cucumber.testng.AbstractTestNGCucumberTests" name="runScenario" time="0.021">
    <failure type="java.util.MissingResourceException" message="Can&amp;apos;t find bundle for base name config, locale en_US">
      <![CDATA[java.util.MissingResourceException: Can't find bundle for base name config, locale en_US
at java.base/java.util.ResourceBundle.throwMissingResourceException(ResourceBundle.java:2062)
at java.base/java.util.ResourceBundle.getBundleImpl(ResourceBundle.java:1700)
at java.base/java.util.ResourceBundle.getBundleImpl(ResourceBundle.java:1603)
at java.base/java.util.ResourceBundle.getBundleImpl(ResourceBundle.java:1558)
at java.base/java.util.ResourceBundle.getBundle(ResourceBundle.java:864)
at com.driverFactory.DriverClass.getdesireDriver(DriverClass.java:24)
at com.driverFactory.DriverClass.setUpDriver(DriverClass.java:67)
at com.Hooks.Hooks.setUp(Hooks.java:21)
]]>
    </failure>
  </testcase> <!-- runScenario -->
  <testcase classname="io.cucumber.testng.AbstractTestNGCucumberTests" name="runScenario" time="0.021">
    <failure type="java.util.MissingResourceException" message="Can&amp;apos;t find bundle for base name config, locale en_US">
      <![CDATA[java.util.MissingResourceException: Can't find bundle for base name config, locale en_US
at java.base/java.util.ResourceBundle.throwMissingResourceException(ResourceBundle.java:2062)
at java.base/java.util.ResourceBundle.getBundleImpl(ResourceBundle.java:1700)
at java.base/java.util.ResourceBundle.getBundleImpl(ResourceBundle.java:1603)
at java.base/java.util.ResourceBundle.getBundleImpl(ResourceBundle.java:1558)
at java.base/java.util.ResourceBundle.getBundle(ResourceBundle.java:864)
at com.driverFactory.DriverClass.getdesireDriver(DriverClass.java:24)
at com.driverFactory.DriverClass.setUpDriver(DriverClass.java:67)
at com.Hooks.Hooks.setUp(Hooks.java:21)
]]>
    </failure>
  </testcase> <!-- runScenario -->
  <testcase classname="io.cucumber.testng.AbstractTestNGCucumberTests" name="runScenario" time="0.018">
    <failure type="java.util.MissingResourceException" message="Can&amp;apos;t find bundle for base name config, locale en_US">
      <![CDATA[java.util.MissingResourceException: Can't find bundle for base name config, locale en_US
at java.base/java.util.ResourceBundle.throwMissingResourceException(ResourceBundle.java:2062)
at java.base/java.util.ResourceBundle.getBundleImpl(ResourceBundle.java:1700)
at java.base/java.util.ResourceBundle.getBundleImpl(ResourceBundle.java:1603)
at java.base/java.util.ResourceBundle.getBundleImpl(ResourceBundle.java:1558)
at java.base/java.util.ResourceBundle.getBundle(ResourceBundle.java:864)
at com.driverFactory.DriverClass.getdesireDriver(DriverClass.java:24)
at com.driverFactory.DriverClass.setUpDriver(DriverClass.java:67)
at com.Hooks.Hooks.setUp(Hooks.java:21)
]]>
    </failure>
  </testcase> <!-- runScenario -->
  <testcase classname="io.cucumber.testng.AbstractTestNGCucumberTests" name="runScenario" time="0.015">
    <failure type="java.util.MissingResourceException" message="Can&amp;apos;t find bundle for base name config, locale en_US">
      <![CDATA[java.util.MissingResourceException: Can't find bundle for base name config, locale en_US
at java.base/java.util.ResourceBundle.throwMissingResourceException(ResourceBundle.java:2062)
at java.base/java.util.ResourceBundle.getBundleImpl(ResourceBundle.java:1700)
at java.base/java.util.ResourceBundle.getBundleImpl(ResourceBundle.java:1603)
at java.base/java.util.ResourceBundle.getBundleImpl(ResourceBundle.java:1558)
at java.base/java.util.ResourceBundle.getBundle(ResourceBundle.java:864)
at com.driverFactory.DriverClass.getdesireDriver(DriverClass.java:24)
at com.driverFactory.DriverClass.setUpDriver(DriverClass.java:67)
at com.Hooks.Hooks.setUp(Hooks.java:21)
]]>
    </failure>
  </testcase> <!-- runScenario -->
  <testcase classname="io.cucumber.testng.AbstractTestNGCucumberTests" name="runScenario" time="0.017">
    <failure type="java.util.MissingResourceException" message="Can&amp;apos;t find bundle for base name config, locale en_US">
      <![CDATA[java.util.MissingResourceException: Can't find bundle for base name config, locale en_US
at java.base/java.util.ResourceBundle.throwMissingResourceException(ResourceBundle.java:2062)
at java.base/java.util.ResourceBundle.getBundleImpl(ResourceBundle.java:1700)
at java.base/java.util.ResourceBundle.getBundleImpl(ResourceBundle.java:1603)
at java.base/java.util.ResourceBundle.getBundleImpl(ResourceBundle.java:1558)
at java.base/java.util.ResourceBundle.getBundle(ResourceBundle.java:864)
at com.driverFactory.DriverClass.getdesireDriver(DriverClass.java:24)
at com.driverFactory.DriverClass.setUpDriver(DriverClass.java:67)
at com.Hooks.Hooks.setUp(Hooks.java:21)
]]>
    </failure>
  </testcase> <!-- runScenario -->
  <testcase classname="io.cucumber.testng.AbstractTestNGCucumberTests" name="runScenario" time="0.018">
    <failure type="java.util.MissingResourceException" message="Can&amp;apos;t find bundle for base name config, locale en_US">
      <![CDATA[java.util.MissingResourceException: Can't find bundle for base name config, locale en_US
at java.base/java.util.ResourceBundle.throwMissingResourceException(ResourceBundle.java:2062)
at java.base/java.util.ResourceBundle.getBundleImpl(ResourceBundle.java:1700)
at java.base/java.util.ResourceBundle.getBundleImpl(ResourceBundle.java:1603)
at java.base/java.util.ResourceBundle.getBundleImpl(ResourceBundle.java:1558)
at java.base/java.util.ResourceBundle.getBundle(ResourceBundle.java:864)
at com.driverFactory.DriverClass.getdesireDriver(DriverClass.java:24)
at com.driverFactory.DriverClass.setUpDriver(DriverClass.java:67)
at com.Hooks.Hooks.setUp(Hooks.java:21)
]]>
    </failure>
  </testcase> <!-- runScenario -->
  <testcase classname="io.cucumber.testng.AbstractTestNGCucumberTests" name="runScenario" time="0.035">
    <failure type="java.util.MissingResourceException" message="Can&amp;apos;t find bundle for base name config, locale en_US">
      <![CDATA[java.util.MissingResourceException: Can't find bundle for base name config, locale en_US
at java.base/java.util.ResourceBundle.throwMissingResourceException(ResourceBundle.java:2062)
at java.base/java.util.ResourceBundle.getBundleImpl(ResourceBundle.java:1700)
at java.base/java.util.ResourceBundle.getBundleImpl(ResourceBundle.java:1603)
at java.base/java.util.ResourceBundle.getBundleImpl(ResourceBundle.java:1558)
at java.base/java.util.ResourceBundle.getBundle(ResourceBundle.java:864)
at com.driverFactory.DriverClass.getdesireDriver(DriverClass.java:24)
at com.driverFactory.DriverClass.setUpDriver(DriverClass.java:67)
at com.Hooks.Hooks.setUp(Hooks.java:21)
]]>
    </failure>
  </testcase> <!-- runScenario -->
  <testcase classname="io.cucumber.testng.AbstractTestNGCucumberTests" name="runScenario" time="0.023">
    <failure type="java.util.MissingResourceException" message="Can&amp;apos;t find bundle for base name config, locale en_US">
      <![CDATA[java.util.MissingResourceException: Can't find bundle for base name config, locale en_US
at java.base/java.util.ResourceBundle.throwMissingResourceException(ResourceBundle.java:2062)
at java.base/java.util.ResourceBundle.getBundleImpl(ResourceBundle.java:1700)
at java.base/java.util.ResourceBundle.getBundleImpl(ResourceBundle.java:1603)
at java.base/java.util.ResourceBundle.getBundleImpl(ResourceBundle.java:1558)
at java.base/java.util.ResourceBundle.getBundle(ResourceBundle.java:864)
at com.driverFactory.DriverClass.getdesireDriver(DriverClass.java:24)
at com.driverFactory.DriverClass.setUpDriver(DriverClass.java:67)
at com.Hooks.Hooks.setUp(Hooks.java:21)
]]>
    </failure>
  </testcase> <!-- runScenario -->
  <testcase classname="io.cucumber.testng.AbstractTestNGCucumberTests" name="runScenario" time="0.022">
    <failure type="java.util.MissingResourceException" message="Can&amp;apos;t find bundle for base name config, locale en_US">
      <![CDATA[java.util.MissingResourceException: Can't find bundle for base name config, locale en_US
at java.base/java.util.ResourceBundle.throwMissingResourceException(ResourceBundle.java:2062)
at java.base/java.util.ResourceBundle.getBundleImpl(ResourceBundle.java:1700)
at java.base/java.util.ResourceBundle.getBundleImpl(ResourceBundle.java:1603)
at java.base/java.util.ResourceBundle.getBundleImpl(ResourceBundle.java:1558)
at java.base/java.util.ResourceBundle.getBundle(ResourceBundle.java:864)
at com.driverFactory.DriverClass.getdesireDriver(DriverClass.java:24)
at com.driverFactory.DriverClass.setUpDriver(DriverClass.java:67)
at com.Hooks.Hooks.setUp(Hooks.java:21)
]]>
    </failure>
  </testcase> <!-- runScenario -->
  <testcase classname="io.cucumber.testng.AbstractTestNGCucumberTests" name="runScenario" time="0.021">
    <failure type="java.util.MissingResourceException" message="Can&amp;apos;t find bundle for base name config, locale en_US">
      <![CDATA[java.util.MissingResourceException: Can't find bundle for base name config, locale en_US
at java.base/java.util.ResourceBundle.throwMissingResourceException(ResourceBundle.java:2062)
at java.base/java.util.ResourceBundle.getBundleImpl(ResourceBundle.java:1700)
at java.base/java.util.ResourceBundle.getBundleImpl(ResourceBundle.java:1603)
at java.base/java.util.ResourceBundle.getBundleImpl(ResourceBundle.java:1558)
at java.base/java.util.ResourceBundle.getBundle(ResourceBundle.java:864)
at com.driverFactory.DriverClass.getdesireDriver(DriverClass.java:24)
at com.driverFactory.DriverClass.setUpDriver(DriverClass.java:67)
at com.Hooks.Hooks.setUp(Hooks.java:21)
]]>
    </failure>
  </testcase> <!-- runScenario -->
  <testcase classname="io.cucumber.testng.AbstractTestNGCucumberTests" name="runScenario" time="0.026">
    <failure type="java.util.MissingResourceException" message="Can&amp;apos;t find bundle for base name config, locale en_US">
      <![CDATA[java.util.MissingResourceException: Can't find bundle for base name config, locale en_US
at java.base/java.util.ResourceBundle.throwMissingResourceException(ResourceBundle.java:2062)
at java.base/java.util.ResourceBundle.getBundleImpl(ResourceBundle.java:1700)
at java.base/java.util.ResourceBundle.getBundleImpl(ResourceBundle.java:1603)
at java.base/java.util.ResourceBundle.getBundleImpl(ResourceBundle.java:1558)
at java.base/java.util.ResourceBundle.getBundle(ResourceBundle.java:864)
at com.driverFactory.DriverClass.getdesireDriver(DriverClass.java:24)
at com.driverFactory.DriverClass.setUpDriver(DriverClass.java:67)
at com.Hooks.Hooks.setUp(Hooks.java:21)
]]>
    </failure>
  </testcase> <!-- runScenario -->
  <testcase classname="io.cucumber.testng.AbstractTestNGCucumberTests" name="runScenario" time="0.024">
    <failure type="java.util.MissingResourceException" message="Can&amp;apos;t find bundle for base name config, locale en_US">
      <![CDATA[java.util.MissingResourceException: Can't find bundle for base name config, locale en_US
at java.base/java.util.ResourceBundle.throwMissingResourceException(ResourceBundle.java:2062)
at java.base/java.util.ResourceBundle.getBundleImpl(ResourceBundle.java:1700)
at java.base/java.util.ResourceBundle.getBundleImpl(ResourceBundle.java:1603)
at java.base/java.util.ResourceBundle.getBundleImpl(ResourceBundle.java:1558)
at java.base/java.util.ResourceBundle.getBundle(ResourceBundle.java:864)
at com.driverFactory.DriverClass.getdesireDriver(DriverClass.java:24)
at com.driverFactory.DriverClass.setUpDriver(DriverClass.java:67)
at com.Hooks.Hooks.setUp(Hooks.java:21)
]]>
    </failure>
  </testcase> <!-- runScenario -->
  <testcase classname="io.cucumber.testng.AbstractTestNGCucumberTests" name="runScenario" time="0.026">
    <failure type="java.util.MissingResourceException" message="Can&amp;apos;t find bundle for base name config, locale en_US">
      <![CDATA[java.util.MissingResourceException: Can't find bundle for base name config, locale en_US
at java.base/java.util.ResourceBundle.throwMissingResourceException(ResourceBundle.java:2062)
at java.base/java.util.ResourceBundle.getBundleImpl(ResourceBundle.java:1700)
at java.base/java.util.ResourceBundle.getBundleImpl(ResourceBundle.java:1603)
at java.base/java.util.ResourceBundle.getBundleImpl(ResourceBundle.java:1558)
at java.base/java.util.ResourceBundle.getBundle(ResourceBundle.java:864)
at com.driverFactory.DriverClass.getdesireDriver(DriverClass.java:24)
at com.driverFactory.DriverClass.setUpDriver(DriverClass.java:67)
at com.Hooks.Hooks.setUp(Hooks.java:21)
]]>
    </failure>
  </testcase> <!-- runScenario -->
  <testcase classname="io.cucumber.testng.AbstractTestNGCucumberTests" name="runScenario" time="0.021">
    <failure type="java.util.MissingResourceException" message="Can&amp;apos;t find bundle for base name config, locale en_US">
      <![CDATA[java.util.MissingResourceException: Can't find bundle for base name config, locale en_US
at java.base/java.util.ResourceBundle.throwMissingResourceException(ResourceBundle.java:2062)
at java.base/java.util.ResourceBundle.getBundleImpl(ResourceBundle.java:1700)
at java.base/java.util.ResourceBundle.getBundleImpl(ResourceBundle.java:1603)
at java.base/java.util.ResourceBundle.getBundleImpl(ResourceBundle.java:1558)
at java.base/java.util.ResourceBundle.getBundle(ResourceBundle.java:864)
at com.driverFactory.DriverClass.getdesireDriver(DriverClass.java:24)
at com.driverFactory.DriverClass.setUpDriver(DriverClass.java:67)
at com.Hooks.Hooks.setUp(Hooks.java:21)
]]>
    </failure>
  </testcase> <!-- runScenario -->
  <testcase classname="io.cucumber.testng.AbstractTestNGCucumberTests" name="runScenario" time="0.022">
    <failure type="java.util.MissingResourceException" message="Can&amp;apos;t find bundle for base name config, locale en_US">
      <![CDATA[java.util.MissingResourceException: Can't find bundle for base name config, locale en_US
at java.base/java.util.ResourceBundle.throwMissingResourceException(ResourceBundle.java:2062)
at java.base/java.util.ResourceBundle.getBundleImpl(ResourceBundle.java:1700)
at java.base/java.util.ResourceBundle.getBundleImpl(ResourceBundle.java:1603)
at java.base/java.util.ResourceBundle.getBundleImpl(ResourceBundle.java:1558)
at java.base/java.util.ResourceBundle.getBundle(ResourceBundle.java:864)
at com.driverFactory.DriverClass.getdesireDriver(DriverClass.java:24)
at com.driverFactory.DriverClass.setUpDriver(DriverClass.java:67)
at com.Hooks.Hooks.setUp(Hooks.java:21)
]]>
    </failure>
  </testcase> <!-- runScenario -->
  <testcase classname="io.cucumber.testng.AbstractTestNGCucumberTests" name="runScenario" time="0.022">
    <failure type="java.util.MissingResourceException" message="Can&amp;apos;t find bundle for base name config, locale en_US">
      <![CDATA[java.util.MissingResourceException: Can't find bundle for base name config, locale en_US
at java.base/java.util.ResourceBundle.throwMissingResourceException(ResourceBundle.java:2062)
at java.base/java.util.ResourceBundle.getBundleImpl(ResourceBundle.java:1700)
at java.base/java.util.ResourceBundle.getBundleImpl(ResourceBundle.java:1603)
at java.base/java.util.ResourceBundle.getBundleImpl(ResourceBundle.java:1558)
at java.base/java.util.ResourceBundle.getBundle(ResourceBundle.java:864)
at com.driverFactory.DriverClass.getdesireDriver(DriverClass.java:24)
at com.driverFactory.DriverClass.setUpDriver(DriverClass.java:67)
at com.Hooks.Hooks.setUp(Hooks.java:21)
]]>
    </failure>
  </testcase> <!-- runScenario -->
  <testcase classname="io.cucumber.testng.AbstractTestNGCucumberTests" name="runScenario" time="0.025">
    <failure type="java.util.MissingResourceException" message="Can&amp;apos;t find bundle for base name config, locale en_US">
      <![CDATA[java.util.MissingResourceException: Can't find bundle for base name config, locale en_US
at java.base/java.util.ResourceBundle.throwMissingResourceException(ResourceBundle.java:2062)
at java.base/java.util.ResourceBundle.getBundleImpl(ResourceBundle.java:1700)
at java.base/java.util.ResourceBundle.getBundleImpl(ResourceBundle.java:1603)
at java.base/java.util.ResourceBundle.getBundleImpl(ResourceBundle.java:1558)
at java.base/java.util.ResourceBundle.getBundle(ResourceBundle.java:864)
at com.driverFactory.DriverClass.getdesireDriver(DriverClass.java:24)
at com.driverFactory.DriverClass.setUpDriver(DriverClass.java:67)
at com.Hooks.Hooks.setUp(Hooks.java:21)
]]>
    </failure>
  </testcase> <!-- runScenario -->
  <testcase classname="io.cucumber.testng.AbstractTestNGCucumberTests" name="runScenario" time="0.018">
    <failure type="java.util.MissingResourceException" message="Can&amp;apos;t find bundle for base name config, locale en_US">
      <![CDATA[java.util.MissingResourceException: Can't find bundle for base name config, locale en_US
at java.base/java.util.ResourceBundle.throwMissingResourceException(ResourceBundle.java:2062)
at java.base/java.util.ResourceBundle.getBundleImpl(ResourceBundle.java:1700)
at java.base/java.util.ResourceBundle.getBundleImpl(ResourceBundle.java:1603)
at java.base/java.util.ResourceBundle.getBundleImpl(ResourceBundle.java:1558)
at java.base/java.util.ResourceBundle.getBundle(ResourceBundle.java:864)
at com.driverFactory.DriverClass.getdesireDriver(DriverClass.java:24)
at com.driverFactory.DriverClass.setUpDriver(DriverClass.java:67)
at com.Hooks.Hooks.setUp(Hooks.java:21)
]]>
    </failure>
  </testcase> <!-- runScenario -->
  <testcase classname="io.cucumber.testng.AbstractTestNGCucumberTests" name="runScenario" time="0.034">
    <failure type="java.util.MissingResourceException" message="Can&amp;apos;t find bundle for base name config, locale en_US">
      <![CDATA[java.util.MissingResourceException: Can't find bundle for base name config, locale en_US
at java.base/java.util.ResourceBundle.throwMissingResourceException(ResourceBundle.java:2062)
at java.base/java.util.ResourceBundle.getBundleImpl(ResourceBundle.java:1700)
at java.base/java.util.ResourceBundle.getBundleImpl(ResourceBundle.java:1603)
at java.base/java.util.ResourceBundle.getBundleImpl(ResourceBundle.java:1558)
at java.base/java.util.ResourceBundle.getBundle(ResourceBundle.java:864)
at com.driverFactory.DriverClass.getdesireDriver(DriverClass.java:24)
at com.driverFactory.DriverClass.setUpDriver(DriverClass.java:67)
at com.Hooks.Hooks.setUp(Hooks.java:21)
]]>
    </failure>
  </testcase> <!-- runScenario -->
  <testcase classname="io.cucumber.testng.AbstractTestNGCucumberTests" name="runScenario" time="0.018">
    <failure type="java.util.MissingResourceException" message="Can&amp;apos;t find bundle for base name config, locale en_US">
      <![CDATA[java.util.MissingResourceException: Can't find bundle for base name config, locale en_US
at java.base/java.util.ResourceBundle.throwMissingResourceException(ResourceBundle.java:2062)
at java.base/java.util.ResourceBundle.getBundleImpl(ResourceBundle.java:1700)
at java.base/java.util.ResourceBundle.getBundleImpl(ResourceBundle.java:1603)
at java.base/java.util.ResourceBundle.getBundleImpl(ResourceBundle.java:1558)
at java.base/java.util.ResourceBundle.getBundle(ResourceBundle.java:864)
at com.driverFactory.DriverClass.getdesireDriver(DriverClass.java:24)
at com.driverFactory.DriverClass.setUpDriver(DriverClass.java:67)
at com.Hooks.Hooks.setUp(Hooks.java:21)
]]>
    </failure>
  </testcase> <!-- runScenario -->
  <testcase classname="io.cucumber.testng.AbstractTestNGCucumberTests" name="runScenario" time="0.017">
    <failure type="java.util.MissingResourceException" message="Can&amp;apos;t find bundle for base name config, locale en_US">
      <![CDATA[java.util.MissingResourceException: Can't find bundle for base name config, locale en_US
at java.base/java.util.ResourceBundle.throwMissingResourceException(ResourceBundle.java:2062)
at java.base/java.util.ResourceBundle.getBundleImpl(ResourceBundle.java:1700)
at java.base/java.util.ResourceBundle.getBundleImpl(ResourceBundle.java:1603)
at java.base/java.util.ResourceBundle.getBundleImpl(ResourceBundle.java:1558)
at java.base/java.util.ResourceBundle.getBundle(ResourceBundle.java:864)
at com.driverFactory.DriverClass.getdesireDriver(DriverClass.java:24)
at com.driverFactory.DriverClass.setUpDriver(DriverClass.java:67)
at com.Hooks.Hooks.setUp(Hooks.java:21)
]]>
    </failure>
  </testcase> <!-- runScenario -->
  <testcase classname="io.cucumber.testng.AbstractTestNGCucumberTests" name="runScenario" time="0.026">
    <failure type="java.util.MissingResourceException" message="Can&amp;apos;t find bundle for base name config, locale en_US">
      <![CDATA[java.util.MissingResourceException: Can't find bundle for base name config, locale en_US
at java.base/java.util.ResourceBundle.throwMissingResourceException(ResourceBundle.java:2062)
at java.base/java.util.ResourceBundle.getBundleImpl(ResourceBundle.java:1700)
at java.base/java.util.ResourceBundle.getBundleImpl(ResourceBundle.java:1603)
at java.base/java.util.ResourceBundle.getBundleImpl(ResourceBundle.java:1558)
at java.base/java.util.ResourceBundle.getBundle(ResourceBundle.java:864)
at com.driverFactory.DriverClass.getdesireDriver(DriverClass.java:24)
at com.driverFactory.DriverClass.setUpDriver(DriverClass.java:67)
at com.Hooks.Hooks.setUp(Hooks.java:21)
]]>
    </failure>
  </testcase> <!-- runScenario -->
  <testcase classname="io.cucumber.testng.AbstractTestNGCucumberTests" name="runScenario" time="0.014">
    <failure type="java.util.MissingResourceException" message="Can&amp;apos;t find bundle for base name config, locale en_US">
      <![CDATA[java.util.MissingResourceException: Can't find bundle for base name config, locale en_US
at java.base/java.util.ResourceBundle.throwMissingResourceException(ResourceBundle.java:2062)
at java.base/java.util.ResourceBundle.getBundleImpl(ResourceBundle.java:1700)
at java.base/java.util.ResourceBundle.getBundleImpl(ResourceBundle.java:1603)
at java.base/java.util.ResourceBundle.getBundleImpl(ResourceBundle.java:1558)
at java.base/java.util.ResourceBundle.getBundle(ResourceBundle.java:864)
at com.driverFactory.DriverClass.getdesireDriver(DriverClass.java:24)
at com.driverFactory.DriverClass.setUpDriver(DriverClass.java:67)
at com.Hooks.Hooks.setUp(Hooks.java:21)
]]>
    </failure>
  </testcase> <!-- runScenario -->
  <testcase classname="io.cucumber.testng.AbstractTestNGCucumberTests" name="runScenario" time="0.014">
    <failure type="java.util.MissingResourceException" message="Can&amp;apos;t find bundle for base name config, locale en_US">
      <![CDATA[java.util.MissingResourceException: Can't find bundle for base name config, locale en_US
at java.base/java.util.ResourceBundle.throwMissingResourceException(ResourceBundle.java:2062)
at java.base/java.util.ResourceBundle.getBundleImpl(ResourceBundle.java:1700)
at java.base/java.util.ResourceBundle.getBundleImpl(ResourceBundle.java:1603)
at java.base/java.util.ResourceBundle.getBundleImpl(ResourceBundle.java:1558)
at java.base/java.util.ResourceBundle.getBundle(ResourceBundle.java:864)
at com.driverFactory.DriverClass.getdesireDriver(DriverClass.java:24)
at com.driverFactory.DriverClass.setUpDriver(DriverClass.java:67)
at com.Hooks.Hooks.setUp(Hooks.java:21)
]]>
    </failure>
  </testcase> <!-- runScenario -->
  <testcase classname="io.cucumber.testng.AbstractTestNGCucumberTests" name="runScenario" time="0.013">
    <failure type="java.util.MissingResourceException" message="Can&amp;apos;t find bundle for base name config, locale en_US">
      <![CDATA[java.util.MissingResourceException: Can't find bundle for base name config, locale en_US
at java.base/java.util.ResourceBundle.throwMissingResourceException(ResourceBundle.java:2062)
at java.base/java.util.ResourceBundle.getBundleImpl(ResourceBundle.java:1700)
at java.base/java.util.ResourceBundle.getBundleImpl(ResourceBundle.java:1603)
at java.base/java.util.ResourceBundle.getBundleImpl(ResourceBundle.java:1558)
at java.base/java.util.ResourceBundle.getBundle(ResourceBundle.java:864)
at com.driverFactory.DriverClass.getdesireDriver(DriverClass.java:24)
at com.driverFactory.DriverClass.setUpDriver(DriverClass.java:67)
at com.Hooks.Hooks.setUp(Hooks.java:21)
]]>
    </failure>
  </testcase> <!-- runScenario -->
  <testcase classname="io.cucumber.testng.AbstractTestNGCucumberTests" name="runScenario" time="0.013">
    <failure type="java.util.MissingResourceException" message="Can&amp;apos;t find bundle for base name config, locale en_US">
      <![CDATA[java.util.MissingResourceException: Can't find bundle for base name config, locale en_US
at java.base/java.util.ResourceBundle.throwMissingResourceException(ResourceBundle.java:2062)
at java.base/java.util.ResourceBundle.getBundleImpl(ResourceBundle.java:1700)
at java.base/java.util.ResourceBundle.getBundleImpl(ResourceBundle.java:1603)
at java.base/java.util.ResourceBundle.getBundleImpl(ResourceBundle.java:1558)
at java.base/java.util.ResourceBundle.getBundle(ResourceBundle.java:864)
at com.driverFactory.DriverClass.getdesireDriver(DriverClass.java:24)
at com.driverFactory.DriverClass.setUpDriver(DriverClass.java:67)
at com.Hooks.Hooks.setUp(Hooks.java:21)
]]>
    </failure>
  </testcase> <!-- runScenario -->
  <testcase classname="io.cucumber.testng.AbstractTestNGCucumberTests" name="runScenario" time="0.013">
    <failure type="java.util.MissingResourceException" message="Can&amp;apos;t find bundle for base name config, locale en_US">
      <![CDATA[java.util.MissingResourceException: Can't find bundle for base name config, locale en_US
at java.base/java.util.ResourceBundle.throwMissingResourceException(ResourceBundle.java:2062)
at java.base/java.util.ResourceBundle.getBundleImpl(ResourceBundle.java:1700)
at java.base/java.util.ResourceBundle.getBundleImpl(ResourceBundle.java:1603)
at java.base/java.util.ResourceBundle.getBundleImpl(ResourceBundle.java:1558)
at java.base/java.util.ResourceBundle.getBundle(ResourceBundle.java:864)
at com.driverFactory.DriverClass.getdesireDriver(DriverClass.java:24)
at com.driverFactory.DriverClass.setUpDriver(DriverClass.java:67)
at com.Hooks.Hooks.setUp(Hooks.java:21)
]]>
    </failure>
  </testcase> <!-- runScenario -->
  <testcase classname="io.cucumber.testng.AbstractTestNGCucumberTests" name="runScenario" time="0.014">
    <failure type="java.util.MissingResourceException" message="Can&amp;apos;t find bundle for base name config, locale en_US">
      <![CDATA[java.util.MissingResourceException: Can't find bundle for base name config, locale en_US
at java.base/java.util.ResourceBundle.throwMissingResourceException(ResourceBundle.java:2062)
at java.base/java.util.ResourceBundle.getBundleImpl(ResourceBundle.java:1700)
at java.base/java.util.ResourceBundle.getBundleImpl(ResourceBundle.java:1603)
at java.base/java.util.ResourceBundle.getBundleImpl(ResourceBundle.java:1558)
at java.base/java.util.ResourceBundle.getBundle(ResourceBundle.java:864)
at com.driverFactory.DriverClass.getdesireDriver(DriverClass.java:24)
at com.driverFactory.DriverClass.setUpDriver(DriverClass.java:67)
at com.Hooks.Hooks.setUp(Hooks.java:21)
]]>
    </failure>
  </testcase> <!-- runScenario -->
  <testcase classname="io.cucumber.testng.AbstractTestNGCucumberTests" name="runScenario" time="0.016">
    <failure type="java.util.MissingResourceException" message="Can&amp;apos;t find bundle for base name config, locale en_US">
      <![CDATA[java.util.MissingResourceException: Can't find bundle for base name config, locale en_US
at java.base/java.util.ResourceBundle.throwMissingResourceException(ResourceBundle.java:2062)
at java.base/java.util.ResourceBundle.getBundleImpl(ResourceBundle.java:1700)
at java.base/java.util.ResourceBundle.getBundleImpl(ResourceBundle.java:1603)
at java.base/java.util.ResourceBundle.getBundleImpl(ResourceBundle.java:1558)
at java.base/java.util.ResourceBundle.getBundle(ResourceBundle.java:864)
at com.driverFactory.DriverClass.getdesireDriver(DriverClass.java:24)
at com.driverFactory.DriverClass.setUpDriver(DriverClass.java:67)
at com.Hooks.Hooks.setUp(Hooks.java:21)
]]>
    </failure>
  </testcase> <!-- runScenario -->
  <testcase classname="io.cucumber.testng.AbstractTestNGCucumberTests" name="runScenario" time="0.011">
    <failure type="java.util.MissingResourceException" message="Can&amp;apos;t find bundle for base name config, locale en_US">
      <![CDATA[java.util.MissingResourceException: Can't find bundle for base name config, locale en_US
at java.base/java.util.ResourceBundle.throwMissingResourceException(ResourceBundle.java:2062)
at java.base/java.util.ResourceBundle.getBundleImpl(ResourceBundle.java:1700)
at java.base/java.util.ResourceBundle.getBundleImpl(ResourceBundle.java:1603)
at java.base/java.util.ResourceBundle.getBundleImpl(ResourceBundle.java:1558)
at java.base/java.util.ResourceBundle.getBundle(ResourceBundle.java:864)
at com.driverFactory.DriverClass.getdesireDriver(DriverClass.java:24)
at com.driverFactory.DriverClass.setUpDriver(DriverClass.java:67)
at com.Hooks.Hooks.setUp(Hooks.java:21)
]]>
    </failure>
  </testcase> <!-- runScenario -->
  <testcase classname="io.cucumber.testng.AbstractTestNGCucumberTests" name="runScenario" time="0.011">
    <failure type="java.util.MissingResourceException" message="Can&amp;apos;t find bundle for base name config, locale en_US">
      <![CDATA[java.util.MissingResourceException: Can't find bundle for base name config, locale en_US
at java.base/java.util.ResourceBundle.throwMissingResourceException(ResourceBundle.java:2062)
at java.base/java.util.ResourceBundle.getBundleImpl(ResourceBundle.java:1700)
at java.base/java.util.ResourceBundle.getBundleImpl(ResourceBundle.java:1603)
at java.base/java.util.ResourceBundle.getBundleImpl(ResourceBundle.java:1558)
at java.base/java.util.ResourceBundle.getBundle(ResourceBundle.java:864)
at com.driverFactory.DriverClass.getdesireDriver(DriverClass.java:24)
at com.driverFactory.DriverClass.setUpDriver(DriverClass.java:67)
at com.Hooks.Hooks.setUp(Hooks.java:21)
]]>
    </failure>
  </testcase> <!-- runScenario -->
  <testcase classname="io.cucumber.testng.AbstractTestNGCucumberTests" name="runScenario" time="0.016">
    <failure type="java.util.MissingResourceException" message="Can&amp;apos;t find bundle for base name config, locale en_US">
      <![CDATA[java.util.MissingResourceException: Can't find bundle for base name config, locale en_US
at java.base/java.util.ResourceBundle.throwMissingResourceException(ResourceBundle.java:2062)
at java.base/java.util.ResourceBundle.getBundleImpl(ResourceBundle.java:1700)
at java.base/java.util.ResourceBundle.getBundleImpl(ResourceBundle.java:1603)
at java.base/java.util.ResourceBundle.getBundleImpl(ResourceBundle.java:1558)
at java.base/java.util.ResourceBundle.getBundle(ResourceBundle.java:864)
at com.driverFactory.DriverClass.getdesireDriver(DriverClass.java:24)
at com.driverFactory.DriverClass.setUpDriver(DriverClass.java:67)
at com.Hooks.Hooks.setUp(Hooks.java:21)
]]>
    </failure>
  </testcase> <!-- runScenario -->
  <testcase classname="io.cucumber.testng.AbstractTestNGCucumberTests" name="runScenario" time="0.014">
    <failure type="java.util.MissingResourceException" message="Can&amp;apos;t find bundle for base name config, locale en_US">
      <![CDATA[java.util.MissingResourceException: Can't find bundle for base name config, locale en_US
at java.base/java.util.ResourceBundle.throwMissingResourceException(ResourceBundle.java:2062)
at java.base/java.util.ResourceBundle.getBundleImpl(ResourceBundle.java:1700)
at java.base/java.util.ResourceBundle.getBundleImpl(ResourceBundle.java:1603)
at java.base/java.util.ResourceBundle.getBundleImpl(ResourceBundle.java:1558)
at java.base/java.util.ResourceBundle.getBundle(ResourceBundle.java:864)
at com.driverFactory.DriverClass.getdesireDriver(DriverClass.java:24)
at com.driverFactory.DriverClass.setUpDriver(DriverClass.java:67)
at com.Hooks.Hooks.setUp(Hooks.java:21)
]]>
    </failure>
  </testcase> <!-- runScenario -->
  <testcase classname="io.cucumber.testng.AbstractTestNGCucumberTests" name="runScenario" time="0.011">
    <failure type="java.util.MissingResourceException" message="Can&amp;apos;t find bundle for base name config, locale en_US">
      <![CDATA[java.util.MissingResourceException: Can't find bundle for base name config, locale en_US
at java.base/java.util.ResourceBundle.throwMissingResourceException(ResourceBundle.java:2062)
at java.base/java.util.ResourceBundle.getBundleImpl(ResourceBundle.java:1700)
at java.base/java.util.ResourceBundle.getBundleImpl(ResourceBundle.java:1603)
at java.base/java.util.ResourceBundle.getBundleImpl(ResourceBundle.java:1558)
at java.base/java.util.ResourceBundle.getBundle(ResourceBundle.java:864)
at com.driverFactory.DriverClass.getdesireDriver(DriverClass.java:24)
at com.driverFactory.DriverClass.setUpDriver(DriverClass.java:67)
at com.Hooks.Hooks.setUp(Hooks.java:21)
]]>
    </failure>
  </testcase> <!-- runScenario -->
  <testcase classname="io.cucumber.testng.AbstractTestNGCucumberTests" name="runScenario" time="0.02">
    <failure type="java.util.MissingResourceException" message="Can&amp;apos;t find bundle for base name config, locale en_US">
      <![CDATA[java.util.MissingResourceException: Can't find bundle for base name config, locale en_US
at java.base/java.util.ResourceBundle.throwMissingResourceException(ResourceBundle.java:2062)
at java.base/java.util.ResourceBundle.getBundleImpl(ResourceBundle.java:1700)
at java.base/java.util.ResourceBundle.getBundleImpl(ResourceBundle.java:1603)
at java.base/java.util.ResourceBundle.getBundleImpl(ResourceBundle.java:1558)
at java.base/java.util.ResourceBundle.getBundle(ResourceBundle.java:864)
at com.driverFactory.DriverClass.getdesireDriver(DriverClass.java:24)
at com.driverFactory.DriverClass.setUpDriver(DriverClass.java:67)
at com.Hooks.Hooks.setUp(Hooks.java:21)
]]>
    </failure>
  </testcase> <!-- runScenario -->
  <testcase classname="io.cucumber.testng.AbstractTestNGCucumberTests" name="runScenario" time="0.014">
    <failure type="java.util.MissingResourceException" message="Can&amp;apos;t find bundle for base name config, locale en_US">
      <![CDATA[java.util.MissingResourceException: Can't find bundle for base name config, locale en_US
at java.base/java.util.ResourceBundle.throwMissingResourceException(ResourceBundle.java:2062)
at java.base/java.util.ResourceBundle.getBundleImpl(ResourceBundle.java:1700)
at java.base/java.util.ResourceBundle.getBundleImpl(ResourceBundle.java:1603)
at java.base/java.util.ResourceBundle.getBundleImpl(ResourceBundle.java:1558)
at java.base/java.util.ResourceBundle.getBundle(ResourceBundle.java:864)
at com.driverFactory.DriverClass.getdesireDriver(DriverClass.java:24)
at com.driverFactory.DriverClass.setUpDriver(DriverClass.java:67)
at com.Hooks.Hooks.setUp(Hooks.java:21)
]]>
    </failure>
  </testcase> <!-- runScenario -->
  <testcase classname="io.cucumber.testng.AbstractTestNGCucumberTests" name="runScenario" time="0.015">
    <failure type="java.util.MissingResourceException" message="Can&amp;apos;t find bundle for base name config, locale en_US">
      <![CDATA[java.util.MissingResourceException: Can't find bundle for base name config, locale en_US
at java.base/java.util.ResourceBundle.throwMissingResourceException(ResourceBundle.java:2062)
at java.base/java.util.ResourceBundle.getBundleImpl(ResourceBundle.java:1700)
at java.base/java.util.ResourceBundle.getBundleImpl(ResourceBundle.java:1603)
at java.base/java.util.ResourceBundle.getBundleImpl(ResourceBundle.java:1558)
at java.base/java.util.ResourceBundle.getBundle(ResourceBundle.java:864)
at com.driverFactory.DriverClass.getdesireDriver(DriverClass.java:24)
at com.driverFactory.DriverClass.setUpDriver(DriverClass.java:67)
at com.Hooks.Hooks.setUp(Hooks.java:21)
]]>
    </failure>
  </testcase> <!-- runScenario -->
  <testcase classname="io.cucumber.testng.AbstractTestNGCucumberTests" name="runScenario" time="0.015">
    <failure type="java.util.MissingResourceException" message="Can&amp;apos;t find bundle for base name config, locale en_US">
      <![CDATA[java.util.MissingResourceException: Can't find bundle for base name config, locale en_US
at java.base/java.util.ResourceBundle.throwMissingResourceException(ResourceBundle.java:2062)
at java.base/java.util.ResourceBundle.getBundleImpl(ResourceBundle.java:1700)
at java.base/java.util.ResourceBundle.getBundleImpl(ResourceBundle.java:1603)
at java.base/java.util.ResourceBundle.getBundleImpl(ResourceBundle.java:1558)
at java.base/java.util.ResourceBundle.getBundle(ResourceBundle.java:864)
at com.driverFactory.DriverClass.getdesireDriver(DriverClass.java:24)
at com.driverFactory.DriverClass.setUpDriver(DriverClass.java:67)
at com.Hooks.Hooks.setUp(Hooks.java:21)
]]>
    </failure>
  </testcase> <!-- runScenario -->
  <testcase classname="io.cucumber.testng.AbstractTestNGCucumberTests" name="runScenario" time="0.015">
    <failure type="java.util.MissingResourceException" message="Can&amp;apos;t find bundle for base name config, locale en_US">
      <![CDATA[java.util.MissingResourceException: Can't find bundle for base name config, locale en_US
at java.base/java.util.ResourceBundle.throwMissingResourceException(ResourceBundle.java:2062)
at java.base/java.util.ResourceBundle.getBundleImpl(ResourceBundle.java:1700)
at java.base/java.util.ResourceBundle.getBundleImpl(ResourceBundle.java:1603)
at java.base/java.util.ResourceBundle.getBundleImpl(ResourceBundle.java:1558)
at java.base/java.util.ResourceBundle.getBundle(ResourceBundle.java:864)
at com.driverFactory.DriverClass.getdesireDriver(DriverClass.java:24)
at com.driverFactory.DriverClass.setUpDriver(DriverClass.java:67)
at com.Hooks.Hooks.setUp(Hooks.java:21)
]]>
    </failure>
  </testcase> <!-- runScenario -->
  <testcase classname="io.cucumber.testng.AbstractTestNGCucumberTests" name="runScenario" time="0.014">
    <failure type="java.util.MissingResourceException" message="Can&amp;apos;t find bundle for base name config, locale en_US">
      <![CDATA[java.util.MissingResourceException: Can't find bundle for base name config, locale en_US
at java.base/java.util.ResourceBundle.throwMissingResourceException(ResourceBundle.java:2062)
at java.base/java.util.ResourceBundle.getBundleImpl(ResourceBundle.java:1700)
at java.base/java.util.ResourceBundle.getBundleImpl(ResourceBundle.java:1603)
at java.base/java.util.ResourceBundle.getBundleImpl(ResourceBundle.java:1558)
at java.base/java.util.ResourceBundle.getBundle(ResourceBundle.java:864)
at com.driverFactory.DriverClass.getdesireDriver(DriverClass.java:24)
at com.driverFactory.DriverClass.setUpDriver(DriverClass.java:67)
at com.Hooks.Hooks.setUp(Hooks.java:21)
]]>
    </failure>
  </testcase> <!-- runScenario -->
  <testcase classname="io.cucumber.testng.AbstractTestNGCucumberTests" name="runScenario" time="0.013">
    <failure type="java.util.MissingResourceException" message="Can&amp;apos;t find bundle for base name config, locale en_US">
      <![CDATA[java.util.MissingResourceException: Can't find bundle for base name config, locale en_US
at java.base/java.util.ResourceBundle.throwMissingResourceException(ResourceBundle.java:2062)
at java.base/java.util.ResourceBundle.getBundleImpl(ResourceBundle.java:1700)
at java.base/java.util.ResourceBundle.getBundleImpl(ResourceBundle.java:1603)
at java.base/java.util.ResourceBundle.getBundleImpl(ResourceBundle.java:1558)
at java.base/java.util.ResourceBundle.getBundle(ResourceBundle.java:864)
at com.driverFactory.DriverClass.getdesireDriver(DriverClass.java:24)
at com.driverFactory.DriverClass.setUpDriver(DriverClass.java:67)
at com.Hooks.Hooks.setUp(Hooks.java:21)
]]>
    </failure>
  </testcase> <!-- runScenario -->
  <testcase classname="io.cucumber.testng.AbstractTestNGCucumberTests" name="runScenario" time="0.015">
    <failure type="java.util.MissingResourceException" message="Can&amp;apos;t find bundle for base name config, locale en_US">
      <![CDATA[java.util.MissingResourceException: Can't find bundle for base name config, locale en_US
at java.base/java.util.ResourceBundle.throwMissingResourceException(ResourceBundle.java:2062)
at java.base/java.util.ResourceBundle.getBundleImpl(ResourceBundle.java:1700)
at java.base/java.util.ResourceBundle.getBundleImpl(ResourceBundle.java:1603)
at java.base/java.util.ResourceBundle.getBundleImpl(ResourceBundle.java:1558)
at java.base/java.util.ResourceBundle.getBundle(ResourceBundle.java:864)
at com.driverFactory.DriverClass.getdesireDriver(DriverClass.java:24)
at com.driverFactory.DriverClass.setUpDriver(DriverClass.java:67)
at com.Hooks.Hooks.setUp(Hooks.java:21)
]]>
    </failure>
  </testcase> <!-- runScenario -->
  <testcase classname="io.cucumber.testng.AbstractTestNGCucumberTests" name="runScenario" time="0.02">
    <failure type="java.util.MissingResourceException" message="Can&amp;apos;t find bundle for base name config, locale en_US">
      <![CDATA[java.util.MissingResourceException: Can't find bundle for base name config, locale en_US
at java.base/java.util.ResourceBundle.throwMissingResourceException(ResourceBundle.java:2062)
at java.base/java.util.ResourceBundle.getBundleImpl(ResourceBundle.java:1700)
at java.base/java.util.ResourceBundle.getBundleImpl(ResourceBundle.java:1603)
at java.base/java.util.ResourceBundle.getBundleImpl(ResourceBundle.java:1558)
at java.base/java.util.ResourceBundle.getBundle(ResourceBundle.java:864)
at com.driverFactory.DriverClass.getdesireDriver(DriverClass.java:24)
at com.driverFactory.DriverClass.setUpDriver(DriverClass.java:67)
at com.Hooks.Hooks.setUp(Hooks.java:21)
]]>
    </failure>
  </testcase> <!-- runScenario -->
  <testcase classname="io.cucumber.testng.AbstractTestNGCucumberTests" name="runScenario" time="0.024">
    <failure type="java.util.MissingResourceException" message="Can&amp;apos;t find bundle for base name config, locale en_US">
      <![CDATA[java.util.MissingResourceException: Can't find bundle for base name config, locale en_US
at java.base/java.util.ResourceBundle.throwMissingResourceException(ResourceBundle.java:2062)
at java.base/java.util.ResourceBundle.getBundleImpl(ResourceBundle.java:1700)
at java.base/java.util.ResourceBundle.getBundleImpl(ResourceBundle.java:1603)
at java.base/java.util.ResourceBundle.getBundleImpl(ResourceBundle.java:1558)
at java.base/java.util.ResourceBundle.getBundle(ResourceBundle.java:864)
at com.driverFactory.DriverClass.getdesireDriver(DriverClass.java:24)
at com.driverFactory.DriverClass.setUpDriver(DriverClass.java:67)
at com.Hooks.Hooks.setUp(Hooks.java:21)
]]>
    </failure>
  </testcase> <!-- runScenario -->
  <testcase classname="io.cucumber.testng.AbstractTestNGCucumberTests" name="runScenario" time="0.016">
    <failure type="java.util.MissingResourceException" message="Can&amp;apos;t find bundle for base name config, locale en_US">
      <![CDATA[java.util.MissingResourceException: Can't find bundle for base name config, locale en_US
at java.base/java.util.ResourceBundle.throwMissingResourceException(ResourceBundle.java:2062)
at java.base/java.util.ResourceBundle.getBundleImpl(ResourceBundle.java:1700)
at java.base/java.util.ResourceBundle.getBundleImpl(ResourceBundle.java:1603)
at java.base/java.util.ResourceBundle.getBundleImpl(ResourceBundle.java:1558)
at java.base/java.util.ResourceBundle.getBundle(ResourceBundle.java:864)
at com.driverFactory.DriverClass.getdesireDriver(DriverClass.java:24)
at com.driverFactory.DriverClass.setUpDriver(DriverClass.java:67)
at com.Hooks.Hooks.setUp(Hooks.java:21)
]]>
    </failure>
  </testcase> <!-- runScenario -->
  <testcase classname="io.cucumber.testng.AbstractTestNGCucumberTests" name="runScenario" time="0.014">
    <failure type="java.util.MissingResourceException" message="Can&amp;apos;t find bundle for base name config, locale en_US">
      <![CDATA[java.util.MissingResourceException: Can't find bundle for base name config, locale en_US
at java.base/java.util.ResourceBundle.throwMissingResourceException(ResourceBundle.java:2062)
at java.base/java.util.ResourceBundle.getBundleImpl(ResourceBundle.java:1700)
at java.base/java.util.ResourceBundle.getBundleImpl(ResourceBundle.java:1603)
at java.base/java.util.ResourceBundle.getBundleImpl(ResourceBundle.java:1558)
at java.base/java.util.ResourceBundle.getBundle(ResourceBundle.java:864)
at com.driverFactory.DriverClass.getdesireDriver(DriverClass.java:24)
at com.driverFactory.DriverClass.setUpDriver(DriverClass.java:67)
at com.Hooks.Hooks.setUp(Hooks.java:21)
]]>
    </failure>
  </testcase> <!-- runScenario -->
  <testcase classname="io.cucumber.testng.AbstractTestNGCucumberTests" name="runScenario" time="0.013">
    <failure type="java.util.MissingResourceException" message="Can&amp;apos;t find bundle for base name config, locale en_US">
      <![CDATA[java.util.MissingResourceException: Can't find bundle for base name config, locale en_US
at java.base/java.util.ResourceBundle.throwMissingResourceException(ResourceBundle.java:2062)
at java.base/java.util.ResourceBundle.getBundleImpl(ResourceBundle.java:1700)
at java.base/java.util.ResourceBundle.getBundleImpl(ResourceBundle.java:1603)
at java.base/java.util.ResourceBundle.getBundleImpl(ResourceBundle.java:1558)
at java.base/java.util.ResourceBundle.getBundle(ResourceBundle.java:864)
at com.driverFactory.DriverClass.getdesireDriver(DriverClass.java:24)
at com.driverFactory.DriverClass.setUpDriver(DriverClass.java:67)
at com.Hooks.Hooks.setUp(Hooks.java:21)
]]>
    </failure>
  </testcase> <!-- runScenario -->
  <testcase classname="io.cucumber.testng.AbstractTestNGCucumberTests" name="runScenario" time="0.015">
    <failure type="java.util.MissingResourceException" message="Can&amp;apos;t find bundle for base name config, locale en_US">
      <![CDATA[java.util.MissingResourceException: Can't find bundle for base name config, locale en_US
at java.base/java.util.ResourceBundle.throwMissingResourceException(ResourceBundle.java:2062)
at java.base/java.util.ResourceBundle.getBundleImpl(ResourceBundle.java:1700)
at java.base/java.util.ResourceBundle.getBundleImpl(ResourceBundle.java:1603)
at java.base/java.util.ResourceBundle.getBundleImpl(ResourceBundle.java:1558)
at java.base/java.util.ResourceBundle.getBundle(ResourceBundle.java:864)
at com.driverFactory.DriverClass.getdesireDriver(DriverClass.java:24)
at com.driverFactory.DriverClass.setUpDriver(DriverClass.java:67)
at com.Hooks.Hooks.setUp(Hooks.java:21)
]]>
    </failure>
  </testcase> <!-- runScenario -->
  <testcase classname="io.cucumber.testng.AbstractTestNGCucumberTests" name="runScenario" time="0.017">
    <failure type="java.util.MissingResourceException" message="Can&amp;apos;t find bundle for base name config, locale en_US">
      <![CDATA[java.util.MissingResourceException: Can't find bundle for base name config, locale en_US
at java.base/java.util.ResourceBundle.throwMissingResourceException(ResourceBundle.java:2062)
at java.base/java.util.ResourceBundle.getBundleImpl(ResourceBundle.java:1700)
at java.base/java.util.ResourceBundle.getBundleImpl(ResourceBundle.java:1603)
at java.base/java.util.ResourceBundle.getBundleImpl(ResourceBundle.java:1558)
at java.base/java.util.ResourceBundle.getBundle(ResourceBundle.java:864)
at com.driverFactory.DriverClass.getdesireDriver(DriverClass.java:24)
at com.driverFactory.DriverClass.setUpDriver(DriverClass.java:67)
at com.Hooks.Hooks.setUp(Hooks.java:21)
]]>
    </failure>
  </testcase> <!-- runScenario -->
  <testcase classname="io.cucumber.testng.AbstractTestNGCucumberTests" name="runScenario" time="0.015">
    <failure type="java.util.MissingResourceException" message="Can&amp;apos;t find bundle for base name config, locale en_US">
      <![CDATA[java.util.MissingResourceException: Can't find bundle for base name config, locale en_US
at java.base/java.util.ResourceBundle.throwMissingResourceException(ResourceBundle.java:2062)
at java.base/java.util.ResourceBundle.getBundleImpl(ResourceBundle.java:1700)
at java.base/java.util.ResourceBundle.getBundleImpl(ResourceBundle.java:1603)
at java.base/java.util.ResourceBundle.getBundleImpl(ResourceBundle.java:1558)
at java.base/java.util.ResourceBundle.getBundle(ResourceBundle.java:864)
at com.driverFactory.DriverClass.getdesireDriver(DriverClass.java:24)
at com.driverFactory.DriverClass.setUpDriver(DriverClass.java:67)
at com.Hooks.Hooks.setUp(Hooks.java:21)
]]>
    </failure>
  </testcase> <!-- runScenario -->
  <testcase classname="io.cucumber.testng.AbstractTestNGCucumberTests" name="runScenario" time="0.014">
    <failure type="java.util.MissingResourceException" message="Can&amp;apos;t find bundle for base name config, locale en_US">
      <![CDATA[java.util.MissingResourceException: Can't find bundle for base name config, locale en_US
at java.base/java.util.ResourceBundle.throwMissingResourceException(ResourceBundle.java:2062)
at java.base/java.util.ResourceBundle.getBundleImpl(ResourceBundle.java:1700)
at java.base/java.util.ResourceBundle.getBundleImpl(ResourceBundle.java:1603)
at java.base/java.util.ResourceBundle.getBundleImpl(ResourceBundle.java:1558)
at java.base/java.util.ResourceBundle.getBundle(ResourceBundle.java:864)
at com.driverFactory.DriverClass.getdesireDriver(DriverClass.java:24)
at com.driverFactory.DriverClass.setUpDriver(DriverClass.java:67)
at com.Hooks.Hooks.setUp(Hooks.java:21)
]]>
    </failure>
  </testcase> <!-- runScenario -->
  <testcase classname="io.cucumber.testng.AbstractTestNGCucumberTests" name="runScenario" time="0.013">
    <failure type="java.util.MissingResourceException" message="Can&amp;apos;t find bundle for base name config, locale en_US">
      <![CDATA[java.util.MissingResourceException: Can't find bundle for base name config, locale en_US
at java.base/java.util.ResourceBundle.throwMissingResourceException(ResourceBundle.java:2062)
at java.base/java.util.ResourceBundle.getBundleImpl(ResourceBundle.java:1700)
at java.base/java.util.ResourceBundle.getBundleImpl(ResourceBundle.java:1603)
at java.base/java.util.ResourceBundle.getBundleImpl(ResourceBundle.java:1558)
at java.base/java.util.ResourceBundle.getBundle(ResourceBundle.java:864)
at com.driverFactory.DriverClass.getdesireDriver(DriverClass.java:24)
at com.driverFactory.DriverClass.setUpDriver(DriverClass.java:67)
at com.Hooks.Hooks.setUp(Hooks.java:21)
]]>
    </failure>
  </testcase> <!-- runScenario -->
  <testcase classname="io.cucumber.testng.AbstractTestNGCucumberTests" name="runScenario" time="0.012">
    <failure type="java.util.MissingResourceException" message="Can&amp;apos;t find bundle for base name config, locale en_US">
      <![CDATA[java.util.MissingResourceException: Can't find bundle for base name config, locale en_US
at java.base/java.util.ResourceBundle.throwMissingResourceException(ResourceBundle.java:2062)
at java.base/java.util.ResourceBundle.getBundleImpl(ResourceBundle.java:1700)
at java.base/java.util.ResourceBundle.getBundleImpl(ResourceBundle.java:1603)
at java.base/java.util.ResourceBundle.getBundleImpl(ResourceBundle.java:1558)
at java.base/java.util.ResourceBundle.getBundle(ResourceBundle.java:864)
at com.driverFactory.DriverClass.getdesireDriver(DriverClass.java:24)
at com.driverFactory.DriverClass.setUpDriver(DriverClass.java:67)
at com.Hooks.Hooks.setUp(Hooks.java:21)
]]>
    </failure>
  </testcase> <!-- runScenario -->
  <testcase classname="io.cucumber.testng.AbstractTestNGCucumberTests" name="runScenario" time="0.013">
    <failure type="java.util.MissingResourceException" message="Can&amp;apos;t find bundle for base name config, locale en_US">
      <![CDATA[java.util.MissingResourceException: Can't find bundle for base name config, locale en_US
at java.base/java.util.ResourceBundle.throwMissingResourceException(ResourceBundle.java:2062)
at java.base/java.util.ResourceBundle.getBundleImpl(ResourceBundle.java:1700)
at java.base/java.util.ResourceBundle.getBundleImpl(ResourceBundle.java:1603)
at java.base/java.util.ResourceBundle.getBundleImpl(ResourceBundle.java:1558)
at java.base/java.util.ResourceBundle.getBundle(ResourceBundle.java:864)
at com.driverFactory.DriverClass.getdesireDriver(DriverClass.java:24)
at com.driverFactory.DriverClass.setUpDriver(DriverClass.java:67)
at com.Hooks.Hooks.setUp(Hooks.java:21)
]]>
    </failure>
  </testcase> <!-- runScenario -->
  <testcase classname="io.cucumber.testng.AbstractTestNGCucumberTests" name="runScenario" time="0.011">
    <failure type="java.util.MissingResourceException" message="Can&amp;apos;t find bundle for base name config, locale en_US">
      <![CDATA[java.util.MissingResourceException: Can't find bundle for base name config, locale en_US
at java.base/java.util.ResourceBundle.throwMissingResourceException(ResourceBundle.java:2062)
at java.base/java.util.ResourceBundle.getBundleImpl(ResourceBundle.java:1700)
at java.base/java.util.ResourceBundle.getBundleImpl(ResourceBundle.java:1603)
at java.base/java.util.ResourceBundle.getBundleImpl(ResourceBundle.java:1558)
at java.base/java.util.ResourceBundle.getBundle(ResourceBundle.java:864)
at com.driverFactory.DriverClass.getdesireDriver(DriverClass.java:24)
at com.driverFactory.DriverClass.setUpDriver(DriverClass.java:67)
at com.Hooks.Hooks.setUp(Hooks.java:21)
]]>
    </failure>
  </testcase> <!-- runScenario -->
  <testcase classname="io.cucumber.testng.AbstractTestNGCucumberTests" name="runScenario" time="0.031">
    <failure type="java.util.MissingResourceException" message="Can&amp;apos;t find bundle for base name config, locale en_US">
      <![CDATA[java.util.MissingResourceException: Can't find bundle for base name config, locale en_US
at java.base/java.util.ResourceBundle.throwMissingResourceException(ResourceBundle.java:2062)
at java.base/java.util.ResourceBundle.getBundleImpl(ResourceBundle.java:1700)
at java.base/java.util.ResourceBundle.getBundleImpl(ResourceBundle.java:1603)
at java.base/java.util.ResourceBundle.getBundleImpl(ResourceBundle.java:1558)
at java.base/java.util.ResourceBundle.getBundle(ResourceBundle.java:864)
at com.driverFactory.DriverClass.getdesireDriver(DriverClass.java:24)
at com.driverFactory.DriverClass.setUpDriver(DriverClass.java:67)
at com.Hooks.Hooks.setUp(Hooks.java:21)
]]>
    </failure>
  </testcase> <!-- runScenario -->
  <testcase classname="io.cucumber.testng.AbstractTestNGCucumberTests" name="runScenario" time="0.034">
    <failure type="java.util.MissingResourceException" message="Can&amp;apos;t find bundle for base name config, locale en_US">
      <![CDATA[java.util.MissingResourceException: Can't find bundle for base name config, locale en_US
at java.base/java.util.ResourceBundle.throwMissingResourceException(ResourceBundle.java:2062)
at java.base/java.util.ResourceBundle.getBundleImpl(ResourceBundle.java:1700)
at java.base/java.util.ResourceBundle.getBundleImpl(ResourceBundle.java:1603)
at java.base/java.util.ResourceBundle.getBundleImpl(ResourceBundle.java:1558)
at java.base/java.util.ResourceBundle.getBundle(ResourceBundle.java:864)
at com.driverFactory.DriverClass.getdesireDriver(DriverClass.java:24)
at com.driverFactory.DriverClass.setUpDriver(DriverClass.java:67)
at com.Hooks.Hooks.setUp(Hooks.java:21)
]]>
    </failure>
  </testcase> <!-- runScenario -->
  <testcase classname="io.cucumber.testng.AbstractTestNGCucumberTests" name="runScenario" time="0.024">
    <failure type="java.util.MissingResourceException" message="Can&amp;apos;t find bundle for base name config, locale en_US">
      <![CDATA[java.util.MissingResourceException: Can't find bundle for base name config, locale en_US
at java.base/java.util.ResourceBundle.throwMissingResourceException(ResourceBundle.java:2062)
at java.base/java.util.ResourceBundle.getBundleImpl(ResourceBundle.java:1700)
at java.base/java.util.ResourceBundle.getBundleImpl(ResourceBundle.java:1603)
at java.base/java.util.ResourceBundle.getBundleImpl(ResourceBundle.java:1558)
at java.base/java.util.ResourceBundle.getBundle(ResourceBundle.java:864)
at com.driverFactory.DriverClass.getdesireDriver(DriverClass.java:24)
at com.driverFactory.DriverClass.setUpDriver(DriverClass.java:67)
at com.Hooks.Hooks.setUp(Hooks.java:21)
]]>
    </failure>
  </testcase> <!-- runScenario -->
  <testcase classname="io.cucumber.testng.AbstractTestNGCucumberTests" name="runScenario" time="0.021">
    <failure type="java.util.MissingResourceException" message="Can&amp;apos;t find bundle for base name config, locale en_US">
      <![CDATA[java.util.MissingResourceException: Can't find bundle for base name config, locale en_US
at java.base/java.util.ResourceBundle.throwMissingResourceException(ResourceBundle.java:2062)
at java.base/java.util.ResourceBundle.getBundleImpl(ResourceBundle.java:1700)
at java.base/java.util.ResourceBundle.getBundleImpl(ResourceBundle.java:1603)
at java.base/java.util.ResourceBundle.getBundleImpl(ResourceBundle.java:1558)
at java.base/java.util.ResourceBundle.getBundle(ResourceBundle.java:864)
at com.driverFactory.DriverClass.getdesireDriver(DriverClass.java:24)
at com.driverFactory.DriverClass.setUpDriver(DriverClass.java:67)
at com.Hooks.Hooks.setUp(Hooks.java:21)
]]>
    </failure>
  </testcase> <!-- runScenario -->
  <testcase classname="io.cucumber.testng.AbstractTestNGCucumberTests" name="runScenario" time="0.016">
    <failure type="java.util.MissingResourceException" message="Can&amp;apos;t find bundle for base name config, locale en_US">
      <![CDATA[java.util.MissingResourceException: Can't find bundle for base name config, locale en_US
at java.base/java.util.ResourceBundle.throwMissingResourceException(ResourceBundle.java:2062)
at java.base/java.util.ResourceBundle.getBundleImpl(ResourceBundle.java:1700)
at java.base/java.util.ResourceBundle.getBundleImpl(ResourceBundle.java:1603)
at java.base/java.util.ResourceBundle.getBundleImpl(ResourceBundle.java:1558)
at java.base/java.util.ResourceBundle.getBundle(ResourceBundle.java:864)
at com.driverFactory.DriverClass.getdesireDriver(DriverClass.java:24)
at com.driverFactory.DriverClass.setUpDriver(DriverClass.java:67)
at com.Hooks.Hooks.setUp(Hooks.java:21)
]]>
    </failure>
  </testcase> <!-- runScenario -->
  <testcase classname="io.cucumber.testng.AbstractTestNGCucumberTests" name="runScenario" time="0.024">
    <failure type="java.util.MissingResourceException" message="Can&amp;apos;t find bundle for base name config, locale en_US">
      <![CDATA[java.util.MissingResourceException: Can't find bundle for base name config, locale en_US
at java.base/java.util.ResourceBundle.throwMissingResourceException(ResourceBundle.java:2062)
at java.base/java.util.ResourceBundle.getBundleImpl(ResourceBundle.java:1700)
at java.base/java.util.ResourceBundle.getBundleImpl(ResourceBundle.java:1603)
at java.base/java.util.ResourceBundle.getBundleImpl(ResourceBundle.java:1558)
at java.base/java.util.ResourceBundle.getBundle(ResourceBundle.java:864)
at com.driverFactory.DriverClass.getdesireDriver(DriverClass.java:24)
at com.driverFactory.DriverClass.setUpDriver(DriverClass.java:67)
at com.Hooks.Hooks.setUp(Hooks.java:21)
]]>
    </failure>
  </testcase> <!-- runScenario -->
  <testcase classname="io.cucumber.testng.AbstractTestNGCucumberTests" name="runScenario" time="0.017">
    <failure type="java.util.MissingResourceException" message="Can&amp;apos;t find bundle for base name config, locale en_US">
      <![CDATA[java.util.MissingResourceException: Can't find bundle for base name config, locale en_US
at java.base/java.util.ResourceBundle.throwMissingResourceException(ResourceBundle.java:2062)
at java.base/java.util.ResourceBundle.getBundleImpl(ResourceBundle.java:1700)
at java.base/java.util.ResourceBundle.getBundleImpl(ResourceBundle.java:1603)
at java.base/java.util.ResourceBundle.getBundleImpl(ResourceBundle.java:1558)
at java.base/java.util.ResourceBundle.getBundle(ResourceBundle.java:864)
at com.driverFactory.DriverClass.getdesireDriver(DriverClass.java:24)
at com.driverFactory.DriverClass.setUpDriver(DriverClass.java:67)
at com.Hooks.Hooks.setUp(Hooks.java:21)
]]>
    </failure>
  </testcase> <!-- runScenario -->
  <testcase classname="io.cucumber.testng.AbstractTestNGCucumberTests" name="runScenario" time="0.014">
    <failure type="java.util.MissingResourceException" message="Can&amp;apos;t find bundle for base name config, locale en_US">
      <![CDATA[java.util.MissingResourceException: Can't find bundle for base name config, locale en_US
at java.base/java.util.ResourceBundle.throwMissingResourceException(ResourceBundle.java:2062)
at java.base/java.util.ResourceBundle.getBundleImpl(ResourceBundle.java:1700)
at java.base/java.util.ResourceBundle.getBundleImpl(ResourceBundle.java:1603)
at java.base/java.util.ResourceBundle.getBundleImpl(ResourceBundle.java:1558)
at java.base/java.util.ResourceBundle.getBundle(ResourceBundle.java:864)
at com.driverFactory.DriverClass.getdesireDriver(DriverClass.java:24)
at com.driverFactory.DriverClass.setUpDriver(DriverClass.java:67)
at com.Hooks.Hooks.setUp(Hooks.java:21)
]]>
    </failure>
  </testcase> <!-- runScenario -->
  <testcase classname="io.cucumber.testng.AbstractTestNGCucumberTests" name="runScenario" time="0.016">
    <failure type="java.util.MissingResourceException" message="Can&amp;apos;t find bundle for base name config, locale en_US">
      <![CDATA[java.util.MissingResourceException: Can't find bundle for base name config, locale en_US
at java.base/java.util.ResourceBundle.throwMissingResourceException(ResourceBundle.java:2062)
at java.base/java.util.ResourceBundle.getBundleImpl(ResourceBundle.java:1700)
at java.base/java.util.ResourceBundle.getBundleImpl(ResourceBundle.java:1603)
at java.base/java.util.ResourceBundle.getBundleImpl(ResourceBundle.java:1558)
at java.base/java.util.ResourceBundle.getBundle(ResourceBundle.java:864)
at com.driverFactory.DriverClass.getdesireDriver(DriverClass.java:24)
at com.driverFactory.DriverClass.setUpDriver(DriverClass.java:67)
at com.Hooks.Hooks.setUp(Hooks.java:21)
]]>
    </failure>
  </testcase> <!-- runScenario -->
  <testcase classname="io.cucumber.testng.AbstractTestNGCucumberTests" name="runScenario" time="0.018">
    <failure type="java.util.MissingResourceException" message="Can&amp;apos;t find bundle for base name config, locale en_US">
      <![CDATA[java.util.MissingResourceException: Can't find bundle for base name config, locale en_US
at java.base/java.util.ResourceBundle.throwMissingResourceException(ResourceBundle.java:2062)
at java.base/java.util.ResourceBundle.getBundleImpl(ResourceBundle.java:1700)
at java.base/java.util.ResourceBundle.getBundleImpl(ResourceBundle.java:1603)
at java.base/java.util.ResourceBundle.getBundleImpl(ResourceBundle.java:1558)
at java.base/java.util.ResourceBundle.getBundle(ResourceBundle.java:864)
at com.driverFactory.DriverClass.getdesireDriver(DriverClass.java:24)
at com.driverFactory.DriverClass.setUpDriver(DriverClass.java:67)
at com.Hooks.Hooks.setUp(Hooks.java:21)
]]>
    </failure>
  </testcase> <!-- runScenario -->
  <testcase classname="io.cucumber.testng.AbstractTestNGCucumberTests" name="runScenario" time="0.018">
    <failure type="java.util.MissingResourceException" message="Can&amp;apos;t find bundle for base name config, locale en_US">
      <![CDATA[java.util.MissingResourceException: Can't find bundle for base name config, locale en_US
at java.base/java.util.ResourceBundle.throwMissingResourceException(ResourceBundle.java:2062)
at java.base/java.util.ResourceBundle.getBundleImpl(ResourceBundle.java:1700)
at java.base/java.util.ResourceBundle.getBundleImpl(ResourceBundle.java:1603)
at java.base/java.util.ResourceBundle.getBundleImpl(ResourceBundle.java:1558)
at java.base/java.util.ResourceBundle.getBundle(ResourceBundle.java:864)
at com.driverFactory.DriverClass.getdesireDriver(DriverClass.java:24)
at com.driverFactory.DriverClass.setUpDriver(DriverClass.java:67)
at com.Hooks.Hooks.setUp(Hooks.java:21)
]]>
    </failure>
  </testcase> <!-- runScenario -->
  <testcase classname="io.cucumber.testng.AbstractTestNGCucumberTests" name="runScenario" time="0.017">
    <failure type="java.util.MissingResourceException" message="Can&amp;apos;t find bundle for base name config, locale en_US">
      <![CDATA[java.util.MissingResourceException: Can't find bundle for base name config, locale en_US
at java.base/java.util.ResourceBundle.throwMissingResourceException(ResourceBundle.java:2062)
at java.base/java.util.ResourceBundle.getBundleImpl(ResourceBundle.java:1700)
at java.base/java.util.ResourceBundle.getBundleImpl(ResourceBundle.java:1603)
at java.base/java.util.ResourceBundle.getBundleImpl(ResourceBundle.java:1558)
at java.base/java.util.ResourceBundle.getBundle(ResourceBundle.java:864)
at com.driverFactory.DriverClass.getdesireDriver(DriverClass.java:24)
at com.driverFactory.DriverClass.setUpDriver(DriverClass.java:67)
at com.Hooks.Hooks.setUp(Hooks.java:21)
]]>
    </failure>
  </testcase> <!-- runScenario -->
  <testcase classname="io.cucumber.testng.AbstractTestNGCucumberTests" name="runScenario" time="0.013">
    <failure type="java.util.MissingResourceException" message="Can&amp;apos;t find bundle for base name config, locale en_US">
      <![CDATA[java.util.MissingResourceException: Can't find bundle for base name config, locale en_US
at java.base/java.util.ResourceBundle.throwMissingResourceException(ResourceBundle.java:2062)
at java.base/java.util.ResourceBundle.getBundleImpl(ResourceBundle.java:1700)
at java.base/java.util.ResourceBundle.getBundleImpl(ResourceBundle.java:1603)
at java.base/java.util.ResourceBundle.getBundleImpl(ResourceBundle.java:1558)
at java.base/java.util.ResourceBundle.getBundle(ResourceBundle.java:864)
at com.driverFactory.DriverClass.getdesireDriver(DriverClass.java:24)
at com.driverFactory.DriverClass.setUpDriver(DriverClass.java:67)
at com.Hooks.Hooks.setUp(Hooks.java:21)
]]>
    </failure>
  </testcase> <!-- runScenario -->
</testsuite> <!-- Default test -->
