<?xml version="1.0" encoding="UTF-8"?>
<!-- Generated by org.testng.reporters.JUnitXMLReporter -->
<testsuite ignored="0" hostname="LAPTOP-TINQNFE1" failures="1" tests="1" name="Default test" time="5.083" errors="0" timestamp="2024-04-24T18:33:44 EDT">
  <testcase classname="io.cucumber.testng.AbstractTestNGCucumberTests" name="runScenario" time="3.82">
    <failure type="io.github.bonigarcia.wdm.config.WebDriverManagerException" message="java.lang.NumberFormatException: For input string: &amp;quot;public&amp;quot;">
      <![CDATA[io.github.bonigarcia.wdm.config.WebDriverManagerException: java.lang.NumberFormatException: For input string: "public"
at io.github.bonigarcia.wdm.WebDriverManager.handleException(WebDriverManager.java:1435)
at io.github.bonigarcia.wdm.WebDriverManager.manage(WebDriverManager.java:1195)
at io.github.bonigarcia.wdm.WebDriverManager.fallback(WebDriverManager.java:1451)
at io.github.bonigarcia.wdm.WebDriverManager.handleException(WebDriverManager.java:1432)
at io.github.bonigarcia.wdm.WebDriverManager.manage(WebDriverManager.java:1195)
at io.github.bonigarcia.wdm.WebDriverManager.handleException(WebDriverManager.java:1425)
at io.github.bonigarcia.wdm.WebDriverManager.manage(WebDriverManager.java:1195)
at io.github.bonigarcia.wdm.WebDriverManager.setup(WebDriverManager.java:427)
at com.driverFactory.DriverClass.getdesireDriver(DriverClass.java:24)
at com.driverFactory.DriverClass.setUpDriver(DriverClass.java:54)
at com.Hooks.Hooks.setUp(Hooks.java:21)
Caused by: java.lang.NumberFormatException: For input string: "public"
at java.base/java.lang.NumberFormatException.forInputString(NumberFormatException.java:67)
at java.base/java.lang.Integer.parseInt(Integer.java:665)
at java.base/java.lang.Integer.parseInt(Integer.java:781)
at io.github.bonigarcia.wdm.managers.ChromeDriverManager.buildUrl(ChromeDriverManager.java:178)
at io.github.bonigarcia.wdm.managers.ChromeDriverManager.buildUrl(ChromeDriverManager.java:155)
at io.github.bonigarcia.wdm.WebDriverManager.download(WebDriverManager.java:1272)
at io.github.bonigarcia.wdm.WebDriverManager.manage(WebDriverManager.java:1189)
at io.github.bonigarcia.wdm.WebDriverManager.fallback(WebDriverManager.java:1451)
at io.github.bonigarcia.wdm.WebDriverManager.handleException(WebDriverManager.java:1432)
at io.github.bonigarcia.wdm.WebDriverManager.manage(WebDriverManager.java:1195)
at io.github.bonigarcia.wdm.WebDriverManager.handleException(WebDriverManager.java:1425)
at io.github.bonigarcia.wdm.WebDriverManager.manage(WebDriverManager.java:1195)
at io.github.bonigarcia.wdm.WebDriverManager.setup(WebDriverManager.java:427)
at com.driverFactory.DriverClass.getdesireDriver(DriverClass.java:24)
at com.driverFactory.DriverClass.setUpDriver(DriverClass.java:54)
at com.Hooks.Hooks.setUp(Hooks.java:21)
at java.base/jdk.internal.reflect.DirectMethodHandleAccessor.invoke(DirectMethodHandleAccessor.java:104)
at java.base/java.lang.reflect.Method.invoke(Method.java:578)
at io.cucumber.java.Invoker.doInvoke(Invoker.java:66)
at io.cucumber.java.Invoker.invokeStatic(Invoker.java:80)
at io.cucumber.java.AbstractGlueDefinition.invokeMethod(AbstractGlueDefinition.java:45)
at io.cucumber.java.JavaHookDefinition.execute(JavaHookDefinition.java:64)
at io.cucumber.core.runner.CoreHookDefinition.execute(CoreHookDefinition.java:46)
at io.cucumber.core.runner.HookDefinitionMatch.runStep(HookDefinitionMatch.java:21)
at io.cucumber.core.runner.ExecutionMode$1.execute(ExecutionMode.java:10)
at io.cucumber.core.runner.TestStep.executeStep(TestStep.java:84)
at io.cucumber.core.runner.TestStep.run(TestStep.java:56)
at io.cucumber.core.runner.TestCase.run(TestCase.java:78)
at io.cucumber.core.runner.Runner.runPickle(Runner.java:75)
at io.cucumber.testng.TestNGCucumberRunner.lambda$runScenario$1(TestNGCucumberRunner.java:132)
at io.cucumber.core.runtime.CucumberExecutionContext.lambda$runTestCase$5(CucumberExecutionContext.java:130)
at io.cucumber.core.runtime.RethrowingThrowableCollector.executeAndThrow(RethrowingThrowableCollector.java:23)
at io.cucumber.core.runtime.CucumberExecutionContext.runTestCase(CucumberExecutionContext.java:130)
at io.cucumber.testng.TestNGCucumberRunner.runScenario(TestNGCucumberRunner.java:129)
at io.cucumber.testng.AbstractTestNGCucumberTests.runScenario(AbstractTestNGCucumberTests.java:35)
at java.base/jdk.internal.reflect.DirectMethodHandleAccessor.invoke(DirectMethodHandleAccessor.java:104)
at java.base/java.lang.reflect.Method.invoke(Method.java:578)
at org.testng.internal.invokers.MethodInvocationHelper.invokeMethod(MethodInvocationHelper.java:139)
at org.testng.internal.invokers.TestInvoker.invokeMethod(TestInvoker.java:664)
at org.testng.internal.invokers.TestInvoker.invokeTestMethod(TestInvoker.java:227)
at org.testng.internal.invokers.MethodRunner.runInSequence(MethodRunner.java:50)
at org.testng.internal.invokers.TestInvoker$MethodInvocationAgent.invoke(TestInvoker.java:957)
at org.testng.internal.invokers.TestInvoker.invokeTestMethods(TestInvoker.java:200)
at org.testng.internal.invokers.TestMethodWorker.invokeTestMethods(TestMethodWorker.java:148)
at org.testng.internal.invokers.TestMethodWorker.run(TestMethodWorker.java:128)
at java.base/java.util.ArrayList.forEach(ArrayList.java:1511)
at org.testng.TestRunner.privateRun(TestRunner.java:848)
at org.testng.TestRunner.run(TestRunner.java:621)
at org.testng.SuiteRunner.runTest(SuiteRunner.java:443)
at org.testng.SuiteRunner.runSequentially(SuiteRunner.java:437)
at org.testng.SuiteRunner.privateRun(SuiteRunner.java:397)
at org.testng.SuiteRunner.run(SuiteRunner.java:336)
at org.testng.SuiteRunnerWorker.runSuite(SuiteRunnerWorker.java:52)
at org.testng.SuiteRunnerWorker.run(SuiteRunnerWorker.java:95)
at org.testng.TestNG.runSuitesSequentially(TestNG.java:1280)
at org.testng.TestNG.runSuitesLocally(TestNG.java:1200)
at org.testng.TestNG.runSuites(TestNG.java:1114)
at org.testng.TestNG.run(TestNG.java:1082)
at org.testng.remote.AbstractRemoteTestNG.run(AbstractRemoteTestNG.java:115)
at org.testng.remote.RemoteTestNG.initAndRun(RemoteTestNG.java:251)
at org.testng.remote.RemoteTestNG.main(RemoteTestNG.java:77)
]]>
    </failure>
  </testcase> <!-- runScenario -->
</testsuite> <!-- Default test -->
