<?xml version="1.0" encoding="UTF-8"?>
<!-- Generated by org.testng.reporters.JUnitXMLReporter -->
<testsuite ignored="0" hostname="Perumals-MBP.cable.rcn.com" failures="26" tests="53" name="Default test" time="147.758" errors="0" timestamp="2024-04-29T23:50:27 EDT">
  <testcase classname="io.cucumber.testng.AbstractTestNGCucumberTests" name="runScenario" time="4.617"/>
  <testcase classname="io.cucumber.testng.AbstractTestNGCucumberTests" name="runScenario" time="10.318"/>
  <testcase classname="io.cucumber.testng.AbstractTestNGCucumberTests" name="runScenario" time="5.183"/>
  <testcase classname="io.cucumber.testng.AbstractTestNGCucumberTests" name="runScenario" time="2.245"/>
  <testcase classname="io.cucumber.testng.AbstractTestNGCucumberTests" name="runScenario" time="0.168"/>
  <testcase classname="io.cucumber.testng.AbstractTestNGCucumberTests" name="runScenario" time="0.144"/>
  <testcase classname="io.cucumber.testng.AbstractTestNGCucumberTests" name="runScenario" time="0.168"/>
  <testcase classname="io.cucumber.testng.AbstractTestNGCucumberTests" name="runScenario" time="0.164"/>
  <testcase classname="io.cucumber.testng.AbstractTestNGCucumberTests" name="runScenario" time="0.135"/>
  <testcase classname="io.cucumber.testng.AbstractTestNGCucumberTests" name="runScenario" time="0.41">
    <failure type="java.lang.NoSuchMethodError" message="&amp;apos;void org.testng.Assert.assertEquals(java.lang.Integer, int)&amp;apos;">
      <![CDATA[java.lang.NoSuchMethodError: 'void org.testng.Assert.assertEquals(java.lang.Integer, int)'
at com.stepDefinitions.LoginPage_steps.admin_should_see_text_fields(LoginPage_steps.java:136)
at ✽.Admin should see <2> text fields(file:///Users/perumalramamoorthy/git/Team04_LMS_WebAutomaters/src/test/resources/Features/001_LMSPortal.feature:62)
]]>
    </failure>
  </testcase> <!-- runScenario -->
  <testcase classname="io.cucumber.testng.AbstractTestNGCucumberTests" name="runScenario" time="0.155"/>
  <testcase classname="io.cucumber.testng.AbstractTestNGCucumberTests" name="runScenario" time="0.155"/>
  <testcase classname="io.cucumber.testng.AbstractTestNGCucumberTests" name="runScenario" time="0.148"/>
  <testcase classname="io.cucumber.testng.AbstractTestNGCucumberTests" name="runScenario" time="0.145"/>
  <testcase classname="io.cucumber.testng.AbstractTestNGCucumberTests" name="runScenario" time="0.163"/>
  <testcase classname="io.cucumber.testng.AbstractTestNGCucumberTests" name="runScenario" time="0.151"/>
  <testcase classname="io.cucumber.testng.AbstractTestNGCucumberTests" name="runScenario" time="0.168"/>
  <testcase classname="io.cucumber.testng.AbstractTestNGCucumberTests" name="runScenario" time="0.141"/>
  <testcase classname="io.cucumber.testng.AbstractTestNGCucumberTests" name="runScenario" time="0.135"/>
  <testcase classname="io.cucumber.testng.AbstractTestNGCucumberTests" name="runScenario" time="0.319">
    <failure type="java.io.FileNotFoundException" message=".\src/test/resources/TestData/LMS_data.xlsx">
      <![CDATA[java.io.FileNotFoundException: .\src/test/resources/TestData/LMS_data.xlsx
at org.apache.poi.ss.usermodel.WorkbookFactory.create(WorkbookFactory.java:302)
at org.apache.poi.ss.usermodel.WorkbookFactory.create(WorkbookFactory.java:277)
at org.apache.poi.ss.usermodel.WorkbookFactory.create(WorkbookFactory.java:255)
at com.Utilities.ExcelReaderListMap.getWorkBook(ExcelReaderListMap.java:42)
at com.Utilities.ExcelReaderListMap.getSheetByName(ExcelReaderListMap.java:32)
at com.Utilities.ExcelReaderListMap.getData(ExcelReaderListMap.java:20)
at com.stepDefinitions.LoginPage_steps.admin_enter_value_only_in_username_using_and(LoginPage_steps.java:302)
at ✽.Admin enter value only in username using "Login" and 3(file:///Users/perumalramamoorthy/git/Team04_LMS_WebAutomaters/src/test/resources/Features/002_LoginPage.feature:10)
]]>
    </failure>
  </testcase> <!-- runScenario -->
  <testcase classname="io.cucumber.testng.AbstractTestNGCucumberTests" name="runScenario" time="0.329">
    <failure type="java.io.FileNotFoundException" message=".\src/test/resources/TestData/LMS_data.xlsx">
      <![CDATA[java.io.FileNotFoundException: .\src/test/resources/TestData/LMS_data.xlsx
at org.apache.poi.ss.usermodel.WorkbookFactory.create(WorkbookFactory.java:302)
at org.apache.poi.ss.usermodel.WorkbookFactory.create(WorkbookFactory.java:277)
at org.apache.poi.ss.usermodel.WorkbookFactory.create(WorkbookFactory.java:255)
at com.Utilities.ExcelReaderListMap.getWorkBook(ExcelReaderListMap.java:42)
at com.Utilities.ExcelReaderListMap.getSheetByName(ExcelReaderListMap.java:32)
at com.Utilities.ExcelReaderListMap.getData(ExcelReaderListMap.java:20)
at com.stepDefinitions.LoginPage_steps.admin_enter_value_only_in_password_using_and(LoginPage_steps.java:282)
at ✽.Admin enter value only in password using "Login" and 2(file:///Users/perumalramamoorthy/git/Team04_LMS_WebAutomaters/src/test/resources/Features/002_LoginPage.feature:21)
]]>
    </failure>
  </testcase> <!-- runScenario -->
  <testcase classname="io.cucumber.testng.AbstractTestNGCucumberTests" name="runScenario" time="0.332">
    <failure type="java.io.FileNotFoundException" message=".\src/test/resources/TestData/LMS_data.xlsx">
      <![CDATA[java.io.FileNotFoundException: .\src/test/resources/TestData/LMS_data.xlsx
at org.apache.poi.ss.usermodel.WorkbookFactory.create(WorkbookFactory.java:302)
at org.apache.poi.ss.usermodel.WorkbookFactory.create(WorkbookFactory.java:277)
at org.apache.poi.ss.usermodel.WorkbookFactory.create(WorkbookFactory.java:255)
at com.Utilities.ExcelReaderListMap.getWorkBook(ExcelReaderListMap.java:42)
at com.Utilities.ExcelReaderListMap.getSheetByName(ExcelReaderListMap.java:32)
at com.Utilities.ExcelReaderListMap.getData(ExcelReaderListMap.java:20)
at com.stepDefinitions.LoginPage_steps.admin_enter_invalid_credentials_from_and(LoginPage_steps.java:259)
at ✽.Admin enter invalid credentials from "Login" and 1(file:///Users/perumalramamoorthy/git/Team04_LMS_WebAutomaters/src/test/resources/Features/002_LoginPage.feature:32)
]]>
    </failure>
  </testcase> <!-- runScenario -->
  <testcase classname="io.cucumber.testng.AbstractTestNGCucumberTests" name="runScenario" time="0.334">
    <failure type="java.io.FileNotFoundException" message=".\src/test/resources/TestData/LMS_data.xlsx">
      <![CDATA[java.io.FileNotFoundException: .\src/test/resources/TestData/LMS_data.xlsx
at org.apache.poi.ss.usermodel.WorkbookFactory.create(WorkbookFactory.java:302)
at org.apache.poi.ss.usermodel.WorkbookFactory.create(WorkbookFactory.java:277)
at org.apache.poi.ss.usermodel.WorkbookFactory.create(WorkbookFactory.java:255)
at com.Utilities.ExcelReaderListMap.getWorkBook(ExcelReaderListMap.java:42)
at com.Utilities.ExcelReaderListMap.getSheetByName(ExcelReaderListMap.java:32)
at com.Utilities.ExcelReaderListMap.getData(ExcelReaderListMap.java:20)
at com.stepDefinitions.LoginPage_steps.admin_enter_valid_credentials_from_and(LoginPage_steps.java:233)
at ✽.Admin enter valid credentials from "Login" and 0(file:///Users/perumalramamoorthy/git/Team04_LMS_WebAutomaters/src/test/resources/Features/002_LoginPage.feature:43)
]]>
    </failure>
  </testcase> <!-- runScenario -->
  <testcase classname="io.cucumber.testng.AbstractTestNGCucumberTests" name="runScenario" time="0.655">
    <failure type="java.io.FileNotFoundException" message=".\src/test/resources/TestData/LMS_data.xlsx">
      <![CDATA[java.io.FileNotFoundException: .\src/test/resources/TestData/LMS_data.xlsx
at org.apache.poi.ss.usermodel.WorkbookFactory.create(WorkbookFactory.java:302)
at org.apache.poi.ss.usermodel.WorkbookFactory.create(WorkbookFactory.java:277)
at org.apache.poi.ss.usermodel.WorkbookFactory.create(WorkbookFactory.java:255)
at com.Utilities.ExcelReaderListMap.getWorkBook(ExcelReaderListMap.java:42)
at com.Utilities.ExcelReaderListMap.getSheetByName(ExcelReaderListMap.java:32)
at com.Utilities.ExcelReaderListMap.getData(ExcelReaderListMap.java:20)
at com.stepDefinitions.LoginPage_steps.admin_enter_valid_credentials_from_and(LoginPage_steps.java:233)
at ✽.Admin enter valid credentials from "Login" and 0(file:///Users/perumalramamoorthy/git/Team04_LMS_WebAutomaters/src/test/resources/Features/002_LoginPage.feature:54)
]]>
    </failure>
  </testcase> <!-- runScenario -->
  <testcase classname="io.cucumber.testng.AbstractTestNGCucumberTests" name="runScenario" time="0.338">
    <failure type="java.io.FileNotFoundException" message=".\src/test/resources/TestData/LMS_data.xlsx">
      <![CDATA[java.io.FileNotFoundException: .\src/test/resources/TestData/LMS_data.xlsx
at org.apache.poi.ss.usermodel.WorkbookFactory.create(WorkbookFactory.java:302)
at org.apache.poi.ss.usermodel.WorkbookFactory.create(WorkbookFactory.java:277)
at org.apache.poi.ss.usermodel.WorkbookFactory.create(WorkbookFactory.java:255)
at com.Utilities.ExcelReaderListMap.getWorkBook(ExcelReaderListMap.java:42)
at com.Utilities.ExcelReaderListMap.getSheetByName(ExcelReaderListMap.java:32)
at com.Utilities.ExcelReaderListMap.getData(ExcelReaderListMap.java:20)
at com.stepDefinitions.LoginPage_steps.admin_enter_valid_credentials_from_and(LoginPage_steps.java:233)
at ✽.Admin enter valid credentials from "Login" and 0(file:///Users/perumalramamoorthy/git/Team04_LMS_WebAutomaters/src/test/resources/Features/002_LoginPage.feature:65)
]]>
    </failure>
  </testcase> <!-- runScenario -->
  <testcase classname="io.cucumber.testng.AbstractTestNGCucumberTests" name="runScenario" time="5.223">
    <failure type="org.openqa.selenium.NoSuchElementException" message="no such element: Unable to locate element: {&amp;quot;method&amp;quot;:&amp;quot;xpath&amp;quot;,&amp;quot;selector&amp;quot;:&amp;quot;//*[contains(text(),&amp;apos;Manage Program&amp;apos;)]&amp;quot;}
  (Session info: chrome=124.0.6367.92)
For documentation on this error, please visit: https://www.selenium.dev/documentation/webdriver/troubleshooting/errors#no-such-element-exception
Build info: version: &amp;apos;4.16.1&amp;apos;, revision: &amp;apos;9b4c83354e&amp;apos;
System info: os.name: &amp;apos;Mac OS X&amp;apos;, os.arch: &amp;apos;aarch64&amp;apos;, os.version: &amp;apos;14.4.1&amp;apos;, java.version: &amp;apos;21.0.1&amp;apos;
Driver info: org.openqa.selenium.chrome.ChromeDriver
Command: [3aba7b60cb40ae1f0ee1a48f8459d8dc, findElement {using=xpath, value=//*[contains(text(),&amp;apos;Manage Program&amp;apos;)]}]
Capabilities {acceptInsecureCerts: false, browserName: chrome, browserVersion: 124.0.6367.92, chrome: {chromedriverVersion: 124.0.6367.91 (51df0e5e17a8..., userDataDir: /var/folders/qz/43vf7hk55fz...}, fedcm:accounts: true, goog:chromeOptions: {debuggerAddress: localhost:57640}, networkConnectionEnabled: false, pageLoadStrategy: normal, platformName: mac, proxy: Proxy(), se:cdp: ws://localhost:57640/devtoo..., se:cdpVersion: 124.0.6367.92, setWindowRect: true, strictFileInteractability: false, timeouts: {implicit: 0, pageLoad: 300000, script: 30000}, unhandledPromptBehavior: dismiss and notify, webauthn:extension:credBlob: true, webauthn:extension:largeBlob: true, webauthn:extension:minPinLength: true, webauthn:extension:prf: true, webauthn:virtualAuthenticators: true}
Session ID: 3aba7b60cb40ae1f0ee1a48f8459d8dc">
      <![CDATA[org.openqa.selenium.NoSuchElementException: no such element: Unable to locate element: {"method":"xpath","selector":"//*[contains(text(),'Manage Program')]"}
  (Session info: chrome=124.0.6367.92)
For documentation on this error, please visit: https://www.selenium.dev/documentation/webdriver/troubleshooting/errors#no-such-element-exception
Build info: version: '4.16.1', revision: '9b4c83354e'
System info: os.name: 'Mac OS X', os.arch: 'aarch64', os.version: '14.4.1', java.version: '21.0.1'
Driver info: org.openqa.selenium.chrome.ChromeDriver
Command: [3aba7b60cb40ae1f0ee1a48f8459d8dc, findElement {using=xpath, value=//*[contains(text(),'Manage Program')]}]
Capabilities {acceptInsecureCerts: false, browserName: chrome, browserVersion: 124.0.6367.92, chrome: {chromedriverVersion: 124.0.6367.91 (51df0e5e17a8..., userDataDir: /var/folders/qz/43vf7hk55fz...}, fedcm:accounts: true, goog:chromeOptions: {debuggerAddress: localhost:57640}, networkConnectionEnabled: false, pageLoadStrategy: normal, platformName: mac, proxy: Proxy(), se:cdp: ws://localhost:57640/devtoo..., se:cdpVersion: 124.0.6367.92, setWindowRect: true, strictFileInteractability: false, timeouts: {implicit: 0, pageLoad: 300000, script: 30000}, unhandledPromptBehavior: dismiss and notify, webauthn:extension:credBlob: true, webauthn:extension:largeBlob: true, webauthn:extension:minPinLength: true, webauthn:extension:prf: true, webauthn:virtualAuthenticators: true}
Session ID: 3aba7b60cb40ae1f0ee1a48f8459d8dc
at java.base/jdk.internal.reflect.DirectConstructorHandleAccessor.newInstance(DirectConstructorHandleAccessor.java:62)
at java.base/java.lang.reflect.Constructor.newInstanceWithCaller(Constructor.java:502)
at java.base/java.lang.reflect.Constructor.newInstance(Constructor.java:486)
at org.openqa.selenium.remote.codec.w3c.W3CHttpResponseCodec.createException(W3CHttpResponseCodec.java:200)
at org.openqa.selenium.remote.codec.w3c.W3CHttpResponseCodec.decode(W3CHttpResponseCodec.java:133)
at org.openqa.selenium.remote.codec.w3c.W3CHttpResponseCodec.decode(W3CHttpResponseCodec.java:52)
at org.openqa.selenium.remote.HttpCommandExecutor.execute(HttpCommandExecutor.java:191)
at org.openqa.selenium.remote.service.DriverCommandExecutor.invokeExecute(DriverCommandExecutor.java:200)
at org.openqa.selenium.remote.service.DriverCommandExecutor.execute(DriverCommandExecutor.java:175)
at org.openqa.selenium.remote.RemoteWebDriver.execute(RemoteWebDriver.java:523)
at org.openqa.selenium.remote.ElementLocation$ElementFinder$2.findElement(ElementLocation.java:165)
at org.openqa.selenium.remote.ElementLocation.findElement(ElementLocation.java:59)
at org.openqa.selenium.remote.RemoteWebDriver.findElement(RemoteWebDriver.java:360)
at org.openqa.selenium.remote.RemoteWebDriver.findElement(RemoteWebDriver.java:354)
at org.openqa.selenium.support.pagefactory.DefaultElementLocator.findElement(DefaultElementLocator.java:68)
at org.openqa.selenium.support.pagefactory.internal.LocatingElementHandler.invoke(LocatingElementHandler.java:38)
at jdk.proxy2/jdk.proxy2.$Proxy39.getText(Unknown Source)
at com.pageObjects.DashboardPageObject.getHeaderText(DashboardPageObject.java:53)
at com.stepDefinitions.DashboardPage_steps.admin_should_see_manage_program_as_header(DashboardPage_steps.java:28)
at ✽.Admin should see manage program as header(file:///Users/perumalramamoorthy/git/Team04_LMS_WebAutomaters/src/test/resources/Features/003_DashboardPage.feature:10)
]]>
    </failure>
  </testcase> <!-- runScenario -->
  <testcase classname="io.cucumber.testng.AbstractTestNGCucumberTests" name="runScenario" time="0.003"/>
  <testcase classname="io.cucumber.testng.AbstractTestNGCucumberTests" name="runScenario" time="5.009"/>
  <testcase classname="io.cucumber.testng.AbstractTestNGCucumberTests" name="runScenario" time="5.235">
    <failure type="org.openqa.selenium.NoSuchElementException" message="no such element: Unable to locate element: {&amp;quot;method&amp;quot;:&amp;quot;xpath&amp;quot;,&amp;quot;selector&amp;quot;:&amp;quot;//mat-toolbar/span[1]&amp;quot;}
  (Session info: chrome=124.0.6367.92)
For documentation on this error, please visit: https://www.selenium.dev/documentation/webdriver/troubleshooting/errors#no-such-element-exception
Build info: version: &amp;apos;4.16.1&amp;apos;, revision: &amp;apos;9b4c83354e&amp;apos;
System info: os.name: &amp;apos;Mac OS X&amp;apos;, os.arch: &amp;apos;aarch64&amp;apos;, os.version: &amp;apos;14.4.1&amp;apos;, java.version: &amp;apos;21.0.1&amp;apos;
Driver info: org.openqa.selenium.chrome.ChromeDriver
Command: [3aba7b60cb40ae1f0ee1a48f8459d8dc, findElement {using=xpath, value=//mat-toolbar/span[1]}]
Capabilities {acceptInsecureCerts: false, browserName: chrome, browserVersion: 124.0.6367.92, chrome: {chromedriverVersion: 124.0.6367.91 (51df0e5e17a8..., userDataDir: /var/folders/qz/43vf7hk55fz...}, fedcm:accounts: true, goog:chromeOptions: {debuggerAddress: localhost:57640}, networkConnectionEnabled: false, pageLoadStrategy: normal, platformName: mac, proxy: Proxy(), se:cdp: ws://localhost:57640/devtoo..., se:cdpVersion: 124.0.6367.92, setWindowRect: true, strictFileInteractability: false, timeouts: {implicit: 0, pageLoad: 300000, script: 30000}, unhandledPromptBehavior: dismiss and notify, webauthn:extension:credBlob: true, webauthn:extension:largeBlob: true, webauthn:extension:minPinLength: true, webauthn:extension:prf: true, webauthn:virtualAuthenticators: true}
Session ID: 3aba7b60cb40ae1f0ee1a48f8459d8dc">
      <![CDATA[org.openqa.selenium.NoSuchElementException: no such element: Unable to locate element: {"method":"xpath","selector":"//mat-toolbar/span[1]"}
  (Session info: chrome=124.0.6367.92)
For documentation on this error, please visit: https://www.selenium.dev/documentation/webdriver/troubleshooting/errors#no-such-element-exception
Build info: version: '4.16.1', revision: '9b4c83354e'
System info: os.name: 'Mac OS X', os.arch: 'aarch64', os.version: '14.4.1', java.version: '21.0.1'
Driver info: org.openqa.selenium.chrome.ChromeDriver
Command: [3aba7b60cb40ae1f0ee1a48f8459d8dc, findElement {using=xpath, value=//mat-toolbar/span[1]}]
Capabilities {acceptInsecureCerts: false, browserName: chrome, browserVersion: 124.0.6367.92, chrome: {chromedriverVersion: 124.0.6367.91 (51df0e5e17a8..., userDataDir: /var/folders/qz/43vf7hk55fz...}, fedcm:accounts: true, goog:chromeOptions: {debuggerAddress: localhost:57640}, networkConnectionEnabled: false, pageLoadStrategy: normal, platformName: mac, proxy: Proxy(), se:cdp: ws://localhost:57640/devtoo..., se:cdpVersion: 124.0.6367.92, setWindowRect: true, strictFileInteractability: false, timeouts: {implicit: 0, pageLoad: 300000, script: 30000}, unhandledPromptBehavior: dismiss and notify, webauthn:extension:credBlob: true, webauthn:extension:largeBlob: true, webauthn:extension:minPinLength: true, webauthn:extension:prf: true, webauthn:virtualAuthenticators: true}
Session ID: 3aba7b60cb40ae1f0ee1a48f8459d8dc
at java.base/jdk.internal.reflect.DirectConstructorHandleAccessor.newInstance(DirectConstructorHandleAccessor.java:62)
at java.base/java.lang.reflect.Constructor.newInstanceWithCaller(Constructor.java:502)
at java.base/java.lang.reflect.Constructor.newInstance(Constructor.java:486)
at org.openqa.selenium.remote.codec.w3c.W3CHttpResponseCodec.createException(W3CHttpResponseCodec.java:200)
at org.openqa.selenium.remote.codec.w3c.W3CHttpResponseCodec.decode(W3CHttpResponseCodec.java:133)
at org.openqa.selenium.remote.codec.w3c.W3CHttpResponseCodec.decode(W3CHttpResponseCodec.java:52)
at org.openqa.selenium.remote.HttpCommandExecutor.execute(HttpCommandExecutor.java:191)
at org.openqa.selenium.remote.service.DriverCommandExecutor.invokeExecute(DriverCommandExecutor.java:200)
at org.openqa.selenium.remote.service.DriverCommandExecutor.execute(DriverCommandExecutor.java:175)
at org.openqa.selenium.remote.RemoteWebDriver.execute(RemoteWebDriver.java:523)
at org.openqa.selenium.remote.ElementLocation$ElementFinder$2.findElement(ElementLocation.java:165)
at org.openqa.selenium.remote.ElementLocation.findElement(ElementLocation.java:59)
at org.openqa.selenium.remote.RemoteWebDriver.findElement(RemoteWebDriver.java:360)
at org.openqa.selenium.remote.RemoteWebDriver.findElement(RemoteWebDriver.java:354)
at org.openqa.selenium.support.pagefactory.DefaultElementLocator.findElement(DefaultElementLocator.java:68)
at org.openqa.selenium.support.pagefactory.internal.LocatingElementHandler.invoke(LocatingElementHandler.java:38)
at jdk.proxy2/jdk.proxy2.$Proxy39.getText(Unknown Source)
at com.pageObjects.DashboardPageObject.lmsmanagetitle(DashboardPageObject.java:88)
at com.stepDefinitions.DashboardPage_steps.admin_should_see_lms_learning_management_system_as_title(DashboardPage_steps.java:47)
at ✽.Admin should see LMS-Learning management system  as title(file:///Users/perumalramamoorthy/git/Team04_LMS_WebAutomaters/src/test/resources/Features/003_DashboardPage.feature:19)
]]>
    </failure>
  </testcase> <!-- runScenario -->
  <testcase classname="io.cucumber.testng.AbstractTestNGCucumberTests" name="runScenario" time="5.237">
    <failure type="org.openqa.selenium.NoSuchElementException" message="no such element: Unable to locate element: {&amp;quot;method&amp;quot;:&amp;quot;xpath&amp;quot;,&amp;quot;selector&amp;quot;:&amp;quot;//mat-toolbar/span[1]&amp;quot;}
  (Session info: chrome=124.0.6367.92)
For documentation on this error, please visit: https://www.selenium.dev/documentation/webdriver/troubleshooting/errors#no-such-element-exception
Build info: version: &amp;apos;4.16.1&amp;apos;, revision: &amp;apos;9b4c83354e&amp;apos;
System info: os.name: &amp;apos;Mac OS X&amp;apos;, os.arch: &amp;apos;aarch64&amp;apos;, os.version: &amp;apos;14.4.1&amp;apos;, java.version: &amp;apos;21.0.1&amp;apos;
Driver info: org.openqa.selenium.chrome.ChromeDriver
Command: [3aba7b60cb40ae1f0ee1a48f8459d8dc, findElement {using=xpath, value=//mat-toolbar/span[1]}]
Capabilities {acceptInsecureCerts: false, browserName: chrome, browserVersion: 124.0.6367.92, chrome: {chromedriverVersion: 124.0.6367.91 (51df0e5e17a8..., userDataDir: /var/folders/qz/43vf7hk55fz...}, fedcm:accounts: true, goog:chromeOptions: {debuggerAddress: localhost:57640}, networkConnectionEnabled: false, pageLoadStrategy: normal, platformName: mac, proxy: Proxy(), se:cdp: ws://localhost:57640/devtoo..., se:cdpVersion: 124.0.6367.92, setWindowRect: true, strictFileInteractability: false, timeouts: {implicit: 0, pageLoad: 300000, script: 30000}, unhandledPromptBehavior: dismiss and notify, webauthn:extension:credBlob: true, webauthn:extension:largeBlob: true, webauthn:extension:minPinLength: true, webauthn:extension:prf: true, webauthn:virtualAuthenticators: true}
Session ID: 3aba7b60cb40ae1f0ee1a48f8459d8dc">
      <![CDATA[org.openqa.selenium.NoSuchElementException: no such element: Unable to locate element: {"method":"xpath","selector":"//mat-toolbar/span[1]"}
  (Session info: chrome=124.0.6367.92)
For documentation on this error, please visit: https://www.selenium.dev/documentation/webdriver/troubleshooting/errors#no-such-element-exception
Build info: version: '4.16.1', revision: '9b4c83354e'
System info: os.name: 'Mac OS X', os.arch: 'aarch64', os.version: '14.4.1', java.version: '21.0.1'
Driver info: org.openqa.selenium.chrome.ChromeDriver
Command: [3aba7b60cb40ae1f0ee1a48f8459d8dc, findElement {using=xpath, value=//mat-toolbar/span[1]}]
Capabilities {acceptInsecureCerts: false, browserName: chrome, browserVersion: 124.0.6367.92, chrome: {chromedriverVersion: 124.0.6367.91 (51df0e5e17a8..., userDataDir: /var/folders/qz/43vf7hk55fz...}, fedcm:accounts: true, goog:chromeOptions: {debuggerAddress: localhost:57640}, networkConnectionEnabled: false, pageLoadStrategy: normal, platformName: mac, proxy: Proxy(), se:cdp: ws://localhost:57640/devtoo..., se:cdpVersion: 124.0.6367.92, setWindowRect: true, strictFileInteractability: false, timeouts: {implicit: 0, pageLoad: 300000, script: 30000}, unhandledPromptBehavior: dismiss and notify, webauthn:extension:credBlob: true, webauthn:extension:largeBlob: true, webauthn:extension:minPinLength: true, webauthn:extension:prf: true, webauthn:virtualAuthenticators: true}
Session ID: 3aba7b60cb40ae1f0ee1a48f8459d8dc
at java.base/jdk.internal.reflect.DirectConstructorHandleAccessor.newInstance(DirectConstructorHandleAccessor.java:62)
at java.base/java.lang.reflect.Constructor.newInstanceWithCaller(Constructor.java:502)
at java.base/java.lang.reflect.Constructor.newInstance(Constructor.java:486)
at org.openqa.selenium.remote.codec.w3c.W3CHttpResponseCodec.createException(W3CHttpResponseCodec.java:200)
at org.openqa.selenium.remote.codec.w3c.W3CHttpResponseCodec.decode(W3CHttpResponseCodec.java:133)
at org.openqa.selenium.remote.codec.w3c.W3CHttpResponseCodec.decode(W3CHttpResponseCodec.java:52)
at org.openqa.selenium.remote.HttpCommandExecutor.execute(HttpCommandExecutor.java:191)
at org.openqa.selenium.remote.service.DriverCommandExecutor.invokeExecute(DriverCommandExecutor.java:200)
at org.openqa.selenium.remote.service.DriverCommandExecutor.execute(DriverCommandExecutor.java:175)
at org.openqa.selenium.remote.RemoteWebDriver.execute(RemoteWebDriver.java:523)
at org.openqa.selenium.remote.ElementLocation$ElementFinder$2.findElement(ElementLocation.java:165)
at org.openqa.selenium.remote.ElementLocation.findElement(ElementLocation.java:59)
at org.openqa.selenium.remote.RemoteWebDriver.findElement(RemoteWebDriver.java:360)
at org.openqa.selenium.remote.RemoteWebDriver.findElement(RemoteWebDriver.java:354)
at org.openqa.selenium.support.pagefactory.DefaultElementLocator.findElement(DefaultElementLocator.java:68)
at org.openqa.selenium.support.pagefactory.internal.LocatingElementHandler.invoke(LocatingElementHandler.java:38)
at jdk.proxy2/jdk.proxy2.$Proxy39.getLocation(Unknown Source)
at com.pageObjects.DashboardPageObject.checkLMStitleAlignment(DashboardPageObject.java:94)
at com.stepDefinitions.DashboardPage_steps.lms_title_should_be_on_the_top_left_corner_of_page(DashboardPage_steps.java:56)
at ✽.LMS title should be on the top left corner of page(file:///Users/perumalramamoorthy/git/Team04_LMS_WebAutomaters/src/test/resources/Features/003_DashboardPage.feature:22)
]]>
    </failure>
  </testcase> <!-- runScenario -->
  <testcase classname="io.cucumber.testng.AbstractTestNGCucumberTests" name="runScenario" time="0.354"/>
  <testcase classname="io.cucumber.testng.AbstractTestNGCucumberTests" name="runScenario" time="5.24">
    <failure type="org.openqa.selenium.NoSuchElementException" message="no such element: Unable to locate element: {&amp;quot;method&amp;quot;:&amp;quot;xpath&amp;quot;,&amp;quot;selector&amp;quot;:&amp;quot;//mat-toolbar/span[1]&amp;quot;}
  (Session info: chrome=124.0.6367.92)
For documentation on this error, please visit: https://www.selenium.dev/documentation/webdriver/troubleshooting/errors#no-such-element-exception
Build info: version: &amp;apos;4.16.1&amp;apos;, revision: &amp;apos;9b4c83354e&amp;apos;
System info: os.name: &amp;apos;Mac OS X&amp;apos;, os.arch: &amp;apos;aarch64&amp;apos;, os.version: &amp;apos;14.4.1&amp;apos;, java.version: &amp;apos;21.0.1&amp;apos;
Driver info: org.openqa.selenium.chrome.ChromeDriver
Command: [3aba7b60cb40ae1f0ee1a48f8459d8dc, findElement {using=xpath, value=//mat-toolbar/span[1]}]
Capabilities {acceptInsecureCerts: false, browserName: chrome, browserVersion: 124.0.6367.92, chrome: {chromedriverVersion: 124.0.6367.91 (51df0e5e17a8..., userDataDir: /var/folders/qz/43vf7hk55fz...}, fedcm:accounts: true, goog:chromeOptions: {debuggerAddress: localhost:57640}, networkConnectionEnabled: false, pageLoadStrategy: normal, platformName: mac, proxy: Proxy(), se:cdp: ws://localhost:57640/devtoo..., se:cdpVersion: 124.0.6367.92, setWindowRect: true, strictFileInteractability: false, timeouts: {implicit: 0, pageLoad: 300000, script: 30000}, unhandledPromptBehavior: dismiss and notify, webauthn:extension:credBlob: true, webauthn:extension:largeBlob: true, webauthn:extension:minPinLength: true, webauthn:extension:prf: true, webauthn:virtualAuthenticators: true}
Session ID: 3aba7b60cb40ae1f0ee1a48f8459d8dc">
      <![CDATA[org.openqa.selenium.NoSuchElementException: no such element: Unable to locate element: {"method":"xpath","selector":"//mat-toolbar/span[1]"}
  (Session info: chrome=124.0.6367.92)
For documentation on this error, please visit: https://www.selenium.dev/documentation/webdriver/troubleshooting/errors#no-such-element-exception
Build info: version: '4.16.1', revision: '9b4c83354e'
System info: os.name: 'Mac OS X', os.arch: 'aarch64', os.version: '14.4.1', java.version: '21.0.1'
Driver info: org.openqa.selenium.chrome.ChromeDriver
Command: [3aba7b60cb40ae1f0ee1a48f8459d8dc, findElement {using=xpath, value=//mat-toolbar/span[1]}]
Capabilities {acceptInsecureCerts: false, browserName: chrome, browserVersion: 124.0.6367.92, chrome: {chromedriverVersion: 124.0.6367.91 (51df0e5e17a8..., userDataDir: /var/folders/qz/43vf7hk55fz...}, fedcm:accounts: true, goog:chromeOptions: {debuggerAddress: localhost:57640}, networkConnectionEnabled: false, pageLoadStrategy: normal, platformName: mac, proxy: Proxy(), se:cdp: ws://localhost:57640/devtoo..., se:cdpVersion: 124.0.6367.92, setWindowRect: true, strictFileInteractability: false, timeouts: {implicit: 0, pageLoad: 300000, script: 30000}, unhandledPromptBehavior: dismiss and notify, webauthn:extension:credBlob: true, webauthn:extension:largeBlob: true, webauthn:extension:minPinLength: true, webauthn:extension:prf: true, webauthn:virtualAuthenticators: true}
Session ID: 3aba7b60cb40ae1f0ee1a48f8459d8dc
at java.base/jdk.internal.reflect.DirectConstructorHandleAccessor.newInstance(DirectConstructorHandleAccessor.java:62)
at java.base/java.lang.reflect.Constructor.newInstanceWithCaller(Constructor.java:502)
at java.base/java.lang.reflect.Constructor.newInstance(Constructor.java:486)
at org.openqa.selenium.remote.codec.w3c.W3CHttpResponseCodec.createException(W3CHttpResponseCodec.java:200)
at org.openqa.selenium.remote.codec.w3c.W3CHttpResponseCodec.decode(W3CHttpResponseCodec.java:133)
at org.openqa.selenium.remote.codec.w3c.W3CHttpResponseCodec.decode(W3CHttpResponseCodec.java:52)
at org.openqa.selenium.remote.HttpCommandExecutor.execute(HttpCommandExecutor.java:191)
at org.openqa.selenium.remote.service.DriverCommandExecutor.invokeExecute(DriverCommandExecutor.java:200)
at org.openqa.selenium.remote.service.DriverCommandExecutor.execute(DriverCommandExecutor.java:175)
at org.openqa.selenium.remote.RemoteWebDriver.execute(RemoteWebDriver.java:523)
at org.openqa.selenium.remote.ElementLocation$ElementFinder$2.findElement(ElementLocation.java:165)
at org.openqa.selenium.remote.ElementLocation.findElement(ElementLocation.java:59)
at org.openqa.selenium.remote.RemoteWebDriver.findElement(RemoteWebDriver.java:360)
at org.openqa.selenium.remote.RemoteWebDriver.findElement(RemoteWebDriver.java:354)
at org.openqa.selenium.support.pagefactory.DefaultElementLocator.findElement(DefaultElementLocator.java:68)
at org.openqa.selenium.support.pagefactory.internal.LocatingElementHandler.invoke(LocatingElementHandler.java:38)
at jdk.proxy2/jdk.proxy2.$Proxy39.getText(Unknown Source)
at com.pageObjects.DashboardPageObject.spellCheckForLMStitle(DashboardPageObject.java:152)
at com.stepDefinitions.DashboardPage_steps.admin_should_see_correct_spelling_and_space_in_lms_title(DashboardPage_steps.java:71)
at ✽.Admin should see correct spelling and space in LMS title(file:///Users/perumalramamoorthy/git/Team04_LMS_WebAutomaters/src/test/resources/Features/003_DashboardPage.feature:28)
]]>
    </failure>
  </testcase> <!-- runScenario -->
  <testcase classname="io.cucumber.testng.AbstractTestNGCucumberTests" name="runScenario" time="5.218">
    <failure type="org.openqa.selenium.NoSuchElementException" message="no such element: Unable to locate element: {&amp;quot;method&amp;quot;:&amp;quot;xpath&amp;quot;,&amp;quot;selector&amp;quot;:&amp;quot;//span[normalize-space()=&amp;apos;Program&amp;apos;]&amp;quot;}
  (Session info: chrome=124.0.6367.92)
For documentation on this error, please visit: https://www.selenium.dev/documentation/webdriver/troubleshooting/errors#no-such-element-exception
Build info: version: &amp;apos;4.16.1&amp;apos;, revision: &amp;apos;9b4c83354e&amp;apos;
System info: os.name: &amp;apos;Mac OS X&amp;apos;, os.arch: &amp;apos;aarch64&amp;apos;, os.version: &amp;apos;14.4.1&amp;apos;, java.version: &amp;apos;21.0.1&amp;apos;
Driver info: org.openqa.selenium.chrome.ChromeDriver
Command: [3aba7b60cb40ae1f0ee1a48f8459d8dc, findElement {using=xpath, value=//span[normalize-space()=&amp;apos;Program&amp;apos;]}]
Capabilities {acceptInsecureCerts: false, browserName: chrome, browserVersion: 124.0.6367.92, chrome: {chromedriverVersion: 124.0.6367.91 (51df0e5e17a8..., userDataDir: /var/folders/qz/43vf7hk55fz...}, fedcm:accounts: true, goog:chromeOptions: {debuggerAddress: localhost:57640}, networkConnectionEnabled: false, pageLoadStrategy: normal, platformName: mac, proxy: Proxy(), se:cdp: ws://localhost:57640/devtoo..., se:cdpVersion: 124.0.6367.92, setWindowRect: true, strictFileInteractability: false, timeouts: {implicit: 0, pageLoad: 300000, script: 30000}, unhandledPromptBehavior: dismiss and notify, webauthn:extension:credBlob: true, webauthn:extension:largeBlob: true, webauthn:extension:minPinLength: true, webauthn:extension:prf: true, webauthn:virtualAuthenticators: true}
Session ID: 3aba7b60cb40ae1f0ee1a48f8459d8dc">
      <![CDATA[org.openqa.selenium.NoSuchElementException: no such element: Unable to locate element: {"method":"xpath","selector":"//span[normalize-space()='Program']"}
  (Session info: chrome=124.0.6367.92)
For documentation on this error, please visit: https://www.selenium.dev/documentation/webdriver/troubleshooting/errors#no-such-element-exception
Build info: version: '4.16.1', revision: '9b4c83354e'
System info: os.name: 'Mac OS X', os.arch: 'aarch64', os.version: '14.4.1', java.version: '21.0.1'
Driver info: org.openqa.selenium.chrome.ChromeDriver
Command: [3aba7b60cb40ae1f0ee1a48f8459d8dc, findElement {using=xpath, value=//span[normalize-space()='Program']}]
Capabilities {acceptInsecureCerts: false, browserName: chrome, browserVersion: 124.0.6367.92, chrome: {chromedriverVersion: 124.0.6367.91 (51df0e5e17a8..., userDataDir: /var/folders/qz/43vf7hk55fz...}, fedcm:accounts: true, goog:chromeOptions: {debuggerAddress: localhost:57640}, networkConnectionEnabled: false, pageLoadStrategy: normal, platformName: mac, proxy: Proxy(), se:cdp: ws://localhost:57640/devtoo..., se:cdpVersion: 124.0.6367.92, setWindowRect: true, strictFileInteractability: false, timeouts: {implicit: 0, pageLoad: 300000, script: 30000}, unhandledPromptBehavior: dismiss and notify, webauthn:extension:credBlob: true, webauthn:extension:largeBlob: true, webauthn:extension:minPinLength: true, webauthn:extension:prf: true, webauthn:virtualAuthenticators: true}
Session ID: 3aba7b60cb40ae1f0ee1a48f8459d8dc
at java.base/jdk.internal.reflect.DirectConstructorHandleAccessor.newInstance(DirectConstructorHandleAccessor.java:62)
at java.base/java.lang.reflect.Constructor.newInstanceWithCaller(Constructor.java:502)
at java.base/java.lang.reflect.Constructor.newInstance(Constructor.java:486)
at org.openqa.selenium.remote.codec.w3c.W3CHttpResponseCodec.createException(W3CHttpResponseCodec.java:200)
at org.openqa.selenium.remote.codec.w3c.W3CHttpResponseCodec.decode(W3CHttpResponseCodec.java:133)
at org.openqa.selenium.remote.codec.w3c.W3CHttpResponseCodec.decode(W3CHttpResponseCodec.java:52)
at org.openqa.selenium.remote.HttpCommandExecutor.execute(HttpCommandExecutor.java:191)
at org.openqa.selenium.remote.service.DriverCommandExecutor.invokeExecute(DriverCommandExecutor.java:200)
at org.openqa.selenium.remote.service.DriverCommandExecutor.execute(DriverCommandExecutor.java:175)
at org.openqa.selenium.remote.RemoteWebDriver.execute(RemoteWebDriver.java:523)
at org.openqa.selenium.remote.ElementLocation$ElementFinder$2.findElement(ElementLocation.java:165)
at org.openqa.selenium.remote.ElementLocation.findElement(ElementLocation.java:59)
at org.openqa.selenium.remote.RemoteWebDriver.findElement(RemoteWebDriver.java:360)
at org.openqa.selenium.remote.RemoteWebDriver.findElement(RemoteWebDriver.java:354)
at org.openqa.selenium.support.pagefactory.DefaultElementLocator.findElement(DefaultElementLocator.java:68)
at org.openqa.selenium.support.pagefactory.internal.LocatingElementHandler.invoke(LocatingElementHandler.java:38)
at jdk.proxy2/jdk.proxy2.$Proxy39.getLocation(Unknown Source)
at com.pageObjects.DashboardPageObject.checkNavigationAlignment(DashboardPageObject.java:183)
at com.stepDefinitions.DashboardPage_steps.admin_should_see_the_navigation_bar_text_on_the_top_right_side(DashboardPage_steps.java:78)
at ✽.Admin should see the navigation bar text on the top right side(file:///Users/perumalramamoorthy/git/Team04_LMS_WebAutomaters/src/test/resources/Features/003_DashboardPage.feature:31)
]]>
    </failure>
  </testcase> <!-- runScenario -->
  <testcase classname="io.cucumber.testng.AbstractTestNGCucumberTests" name="runScenario" time="5.023"/>
  <testcase classname="io.cucumber.testng.AbstractTestNGCucumberTests" name="runScenario" time="5.022"/>
  <testcase classname="io.cucumber.testng.AbstractTestNGCucumberTests" name="runScenario" time="5.023"/>
  <testcase classname="io.cucumber.testng.AbstractTestNGCucumberTests" name="runScenario" time="5.024"/>
  <testcase classname="io.cucumber.testng.AbstractTestNGCucumberTests" name="runScenario" time="0.266">
    <failure type="java.lang.AssertionError" message="expected [https://lms-frontend-api-hackathon-apr-326235f3973d.herokuapp.com/program] but found [https://lms-frontend-api-hackathon-apr-326235f3973d.herokuapp.com/login]">
      <![CDATA[java.lang.AssertionError: expected [https://lms-frontend-api-hackathon-apr-326235f3973d.herokuapp.com/program] but found [https://lms-frontend-api-hackathon-apr-326235f3973d.herokuapp.com/login]
at org.testng.Assert.fail(Assert.java:99)
at org.testng.Assert.failNotEquals(Assert.java:1037)
at org.testng.Assert.assertEqualsImpl(Assert.java:140)
at org.testng.Assert.assertEquals(Assert.java:122)
at org.testng.Assert.assertEquals(Assert.java:629)
at org.testng.Assert.assertEquals(Assert.java:639)
at com.stepDefinitions.ManageProgram_steps.admin_should_see_url_with(ManageProgram_steps.java:38)
at ✽.Admin should see URL with "Manage Program"(file:///Users/perumalramamoorthy/git/Team04_LMS_WebAutomaters/src/test/resources/Features/004_ManageProgram.feature:9)
]]>
    </failure>
  </testcase> <!-- runScenario -->
  <testcase classname="io.cucumber.testng.AbstractTestNGCucumberTests" name="runScenario" time="5.262">
    <failure type="org.openqa.selenium.NoSuchElementException" message="no such element: Unable to locate element: {&amp;quot;method&amp;quot;:&amp;quot;xpath&amp;quot;,&amp;quot;selector&amp;quot;:&amp;quot;//div[normalize-space()=&amp;apos;Manage Program&amp;apos;]&amp;quot;}
  (Session info: chrome=124.0.6367.92)
For documentation on this error, please visit: https://www.selenium.dev/documentation/webdriver/troubleshooting/errors#no-such-element-exception
Build info: version: &amp;apos;4.16.1&amp;apos;, revision: &amp;apos;9b4c83354e&amp;apos;
System info: os.name: &amp;apos;Mac OS X&amp;apos;, os.arch: &amp;apos;aarch64&amp;apos;, os.version: &amp;apos;14.4.1&amp;apos;, java.version: &amp;apos;21.0.1&amp;apos;
Driver info: org.openqa.selenium.chrome.ChromeDriver
Command: [3aba7b60cb40ae1f0ee1a48f8459d8dc, findElement {using=xpath, value=//div[normalize-space()=&amp;apos;Manage Program&amp;apos;]}]
Capabilities {acceptInsecureCerts: false, browserName: chrome, browserVersion: 124.0.6367.92, chrome: {chromedriverVersion: 124.0.6367.91 (51df0e5e17a8..., userDataDir: /var/folders/qz/43vf7hk55fz...}, fedcm:accounts: true, goog:chromeOptions: {debuggerAddress: localhost:57640}, networkConnectionEnabled: false, pageLoadStrategy: normal, platformName: mac, proxy: Proxy(), se:cdp: ws://localhost:57640/devtoo..., se:cdpVersion: 124.0.6367.92, setWindowRect: true, strictFileInteractability: false, timeouts: {implicit: 0, pageLoad: 300000, script: 30000}, unhandledPromptBehavior: dismiss and notify, webauthn:extension:credBlob: true, webauthn:extension:largeBlob: true, webauthn:extension:minPinLength: true, webauthn:extension:prf: true, webauthn:virtualAuthenticators: true}
Session ID: 3aba7b60cb40ae1f0ee1a48f8459d8dc">
      <![CDATA[org.openqa.selenium.NoSuchElementException: no such element: Unable to locate element: {"method":"xpath","selector":"//div[normalize-space()='Manage Program']"}
  (Session info: chrome=124.0.6367.92)
For documentation on this error, please visit: https://www.selenium.dev/documentation/webdriver/troubleshooting/errors#no-such-element-exception
Build info: version: '4.16.1', revision: '9b4c83354e'
System info: os.name: 'Mac OS X', os.arch: 'aarch64', os.version: '14.4.1', java.version: '21.0.1'
Driver info: org.openqa.selenium.chrome.ChromeDriver
Command: [3aba7b60cb40ae1f0ee1a48f8459d8dc, findElement {using=xpath, value=//div[normalize-space()='Manage Program']}]
Capabilities {acceptInsecureCerts: false, browserName: chrome, browserVersion: 124.0.6367.92, chrome: {chromedriverVersion: 124.0.6367.91 (51df0e5e17a8..., userDataDir: /var/folders/qz/43vf7hk55fz...}, fedcm:accounts: true, goog:chromeOptions: {debuggerAddress: localhost:57640}, networkConnectionEnabled: false, pageLoadStrategy: normal, platformName: mac, proxy: Proxy(), se:cdp: ws://localhost:57640/devtoo..., se:cdpVersion: 124.0.6367.92, setWindowRect: true, strictFileInteractability: false, timeouts: {implicit: 0, pageLoad: 300000, script: 30000}, unhandledPromptBehavior: dismiss and notify, webauthn:extension:credBlob: true, webauthn:extension:largeBlob: true, webauthn:extension:minPinLength: true, webauthn:extension:prf: true, webauthn:virtualAuthenticators: true}
Session ID: 3aba7b60cb40ae1f0ee1a48f8459d8dc
at java.base/jdk.internal.reflect.DirectConstructorHandleAccessor.newInstance(DirectConstructorHandleAccessor.java:62)
at java.base/java.lang.reflect.Constructor.newInstanceWithCaller(Constructor.java:502)
at java.base/java.lang.reflect.Constructor.newInstance(Constructor.java:486)
at org.openqa.selenium.remote.codec.w3c.W3CHttpResponseCodec.createException(W3CHttpResponseCodec.java:200)
at org.openqa.selenium.remote.codec.w3c.W3CHttpResponseCodec.decode(W3CHttpResponseCodec.java:133)
at org.openqa.selenium.remote.codec.w3c.W3CHttpResponseCodec.decode(W3CHttpResponseCodec.java:52)
at org.openqa.selenium.remote.HttpCommandExecutor.execute(HttpCommandExecutor.java:191)
at org.openqa.selenium.remote.service.DriverCommandExecutor.invokeExecute(DriverCommandExecutor.java:200)
at org.openqa.selenium.remote.service.DriverCommandExecutor.execute(DriverCommandExecutor.java:175)
at org.openqa.selenium.remote.RemoteWebDriver.execute(RemoteWebDriver.java:523)
at org.openqa.selenium.remote.ElementLocation$ElementFinder$2.findElement(ElementLocation.java:165)
at org.openqa.selenium.remote.ElementLocation.findElement(ElementLocation.java:59)
at org.openqa.selenium.remote.RemoteWebDriver.findElement(RemoteWebDriver.java:360)
at org.openqa.selenium.remote.RemoteWebDriver.findElement(RemoteWebDriver.java:354)
at org.openqa.selenium.support.pagefactory.DefaultElementLocator.findElement(DefaultElementLocator.java:68)
at org.openqa.selenium.support.pagefactory.internal.LocatingElementHandler.invoke(LocatingElementHandler.java:38)
at jdk.proxy2/jdk.proxy2.$Proxy39.getText(Unknown Source)
at com.pageObjects.ProgramPageObject.manageProgramIsDisplayed(ProgramPageObject.java:118)
at com.stepDefinitions.ManageProgram_steps.admin_should_see_a_heading_with_text_on_the_page(ManageProgram_steps.java:51)
at ✽.Admin should see a heading with text "Manage Program" on the page(file:///Users/perumalramamoorthy/git/Team04_LMS_WebAutomaters/src/test/resources/Features/004_ManageProgram.feature:13)
]]>
    </failure>
  </testcase> <!-- runScenario -->
  <testcase classname="io.cucumber.testng.AbstractTestNGCucumberTests" name="runScenario" time="0.025"/>
  <testcase classname="io.cucumber.testng.AbstractTestNGCucumberTests" name="runScenario" time="5.242">
    <failure type="org.openqa.selenium.NoSuchElementException" message="no such element: Unable to locate element: {&amp;quot;method&amp;quot;:&amp;quot;xpath&amp;quot;,&amp;quot;selector&amp;quot;:&amp;quot;/html[1]/body[1]/app-root[1]/app-program[1]/div[1]/mat-card[1]/mat-card-content[1]/p-table[1]/div[1]/div[2]/div[1]&amp;quot;}
  (Session info: chrome=124.0.6367.92)
For documentation on this error, please visit: https://www.selenium.dev/documentation/webdriver/troubleshooting/errors#no-such-element-exception
Build info: version: &amp;apos;4.16.1&amp;apos;, revision: &amp;apos;9b4c83354e&amp;apos;
System info: os.name: &amp;apos;Mac OS X&amp;apos;, os.arch: &amp;apos;aarch64&amp;apos;, os.version: &amp;apos;14.4.1&amp;apos;, java.version: &amp;apos;21.0.1&amp;apos;
Driver info: org.openqa.selenium.chrome.ChromeDriver
Command: [3aba7b60cb40ae1f0ee1a48f8459d8dc, findElement {using=xpath, value=/html[1]/body[1]/app-root[1]/app-program[1]/div[1]/mat-card[1]/mat-card-content[1]/p-table[1]/div[1]/div[2]/div[1]}]
Capabilities {acceptInsecureCerts: false, browserName: chrome, browserVersion: 124.0.6367.92, chrome: {chromedriverVersion: 124.0.6367.91 (51df0e5e17a8..., userDataDir: /var/folders/qz/43vf7hk55fz...}, fedcm:accounts: true, goog:chromeOptions: {debuggerAddress: localhost:57640}, networkConnectionEnabled: false, pageLoadStrategy: normal, platformName: mac, proxy: Proxy(), se:cdp: ws://localhost:57640/devtoo..., se:cdpVersion: 124.0.6367.92, setWindowRect: true, strictFileInteractability: false, timeouts: {implicit: 0, pageLoad: 300000, script: 30000}, unhandledPromptBehavior: dismiss and notify, webauthn:extension:credBlob: true, webauthn:extension:largeBlob: true, webauthn:extension:minPinLength: true, webauthn:extension:prf: true, webauthn:virtualAuthenticators: true}
Session ID: 3aba7b60cb40ae1f0ee1a48f8459d8dc">
      <![CDATA[org.openqa.selenium.NoSuchElementException: no such element: Unable to locate element: {"method":"xpath","selector":"/html[1]/body[1]/app-root[1]/app-program[1]/div[1]/mat-card[1]/mat-card-content[1]/p-table[1]/div[1]/div[2]/div[1]"}
  (Session info: chrome=124.0.6367.92)
For documentation on this error, please visit: https://www.selenium.dev/documentation/webdriver/troubleshooting/errors#no-such-element-exception
Build info: version: '4.16.1', revision: '9b4c83354e'
System info: os.name: 'Mac OS X', os.arch: 'aarch64', os.version: '14.4.1', java.version: '21.0.1'
Driver info: org.openqa.selenium.chrome.ChromeDriver
Command: [3aba7b60cb40ae1f0ee1a48f8459d8dc, findElement {using=xpath, value=/html[1]/body[1]/app-root[1]/app-program[1]/div[1]/mat-card[1]/mat-card-content[1]/p-table[1]/div[1]/div[2]/div[1]}]
Capabilities {acceptInsecureCerts: false, browserName: chrome, browserVersion: 124.0.6367.92, chrome: {chromedriverVersion: 124.0.6367.91 (51df0e5e17a8..., userDataDir: /var/folders/qz/43vf7hk55fz...}, fedcm:accounts: true, goog:chromeOptions: {debuggerAddress: localhost:57640}, networkConnectionEnabled: false, pageLoadStrategy: normal, platformName: mac, proxy: Proxy(), se:cdp: ws://localhost:57640/devtoo..., se:cdpVersion: 124.0.6367.92, setWindowRect: true, strictFileInteractability: false, timeouts: {implicit: 0, pageLoad: 300000, script: 30000}, unhandledPromptBehavior: dismiss and notify, webauthn:extension:credBlob: true, webauthn:extension:largeBlob: true, webauthn:extension:minPinLength: true, webauthn:extension:prf: true, webauthn:virtualAuthenticators: true}
Session ID: 3aba7b60cb40ae1f0ee1a48f8459d8dc
at java.base/jdk.internal.reflect.DirectConstructorHandleAccessor.newInstance(DirectConstructorHandleAccessor.java:62)
at java.base/java.lang.reflect.Constructor.newInstanceWithCaller(Constructor.java:502)
at java.base/java.lang.reflect.Constructor.newInstance(Constructor.java:486)
at org.openqa.selenium.remote.codec.w3c.W3CHttpResponseCodec.createException(W3CHttpResponseCodec.java:200)
at org.openqa.selenium.remote.codec.w3c.W3CHttpResponseCodec.decode(W3CHttpResponseCodec.java:133)
at org.openqa.selenium.remote.codec.w3c.W3CHttpResponseCodec.decode(W3CHttpResponseCodec.java:52)
at org.openqa.selenium.remote.HttpCommandExecutor.execute(HttpCommandExecutor.java:191)
at org.openqa.selenium.remote.service.DriverCommandExecutor.invokeExecute(DriverCommandExecutor.java:200)
at org.openqa.selenium.remote.service.DriverCommandExecutor.execute(DriverCommandExecutor.java:175)
at org.openqa.selenium.remote.RemoteWebDriver.execute(RemoteWebDriver.java:523)
at org.openqa.selenium.remote.ElementLocation$ElementFinder$2.findElement(ElementLocation.java:165)
at org.openqa.selenium.remote.ElementLocation.findElement(ElementLocation.java:59)
at org.openqa.selenium.remote.RemoteWebDriver.findElement(RemoteWebDriver.java:360)
at org.openqa.selenium.remote.RemoteWebDriver.findElement(RemoteWebDriver.java:354)
at org.openqa.selenium.support.pagefactory.DefaultElementLocator.findElement(DefaultElementLocator.java:68)
at org.openqa.selenium.support.pagefactory.internal.LocatingElementHandler.invoke(LocatingElementHandler.java:38)
at jdk.proxy2/jdk.proxy2.$Proxy39.getText(Unknown Source)
at com.pageObjects.ProgramPageObject.getfooterMessage(ProgramPageObject.java:94)
at com.stepDefinitions.ManageProgram_steps.admin_should_see_the_footer_as_in_total_there_are_z_programs(ManageProgram_steps.java:64)
at ✽.Admin should see the footer as In total there are z programs(file:///Users/perumalramamoorthy/git/Team04_LMS_WebAutomaters/src/test/resources/Features/004_ManageProgram.feature:21)
]]>
    </failure>
  </testcase> <!-- runScenario -->
  <testcase classname="io.cucumber.testng.AbstractTestNGCucumberTests" name="runScenario" time="0.023"/>
  <testcase classname="io.cucumber.testng.AbstractTestNGCucumberTests" name="runScenario" time="5.294">
    <failure type="org.openqa.selenium.NoSuchElementException" message="no such element: Unable to locate element: {&amp;quot;method&amp;quot;:&amp;quot;css selector&amp;quot;,&amp;quot;selector&amp;quot;:&amp;quot;#filterGlobal&amp;quot;}
  (Session info: chrome=124.0.6367.92)
For documentation on this error, please visit: https://www.selenium.dev/documentation/webdriver/troubleshooting/errors#no-such-element-exception
Build info: version: &amp;apos;4.16.1&amp;apos;, revision: &amp;apos;9b4c83354e&amp;apos;
System info: os.name: &amp;apos;Mac OS X&amp;apos;, os.arch: &amp;apos;aarch64&amp;apos;, os.version: &amp;apos;14.4.1&amp;apos;, java.version: &amp;apos;21.0.1&amp;apos;
Driver info: org.openqa.selenium.chrome.ChromeDriver
Command: [3aba7b60cb40ae1f0ee1a48f8459d8dc, findElement {using=id, value=filterGlobal}]
Capabilities {acceptInsecureCerts: false, browserName: chrome, browserVersion: 124.0.6367.92, chrome: {chromedriverVersion: 124.0.6367.91 (51df0e5e17a8..., userDataDir: /var/folders/qz/43vf7hk55fz...}, fedcm:accounts: true, goog:chromeOptions: {debuggerAddress: localhost:57640}, networkConnectionEnabled: false, pageLoadStrategy: normal, platformName: mac, proxy: Proxy(), se:cdp: ws://localhost:57640/devtoo..., se:cdpVersion: 124.0.6367.92, setWindowRect: true, strictFileInteractability: false, timeouts: {implicit: 0, pageLoad: 300000, script: 30000}, unhandledPromptBehavior: dismiss and notify, webauthn:extension:credBlob: true, webauthn:extension:largeBlob: true, webauthn:extension:minPinLength: true, webauthn:extension:prf: true, webauthn:virtualAuthenticators: true}
Session ID: 3aba7b60cb40ae1f0ee1a48f8459d8dc">
      <![CDATA[org.openqa.selenium.NoSuchElementException: no such element: Unable to locate element: {"method":"css selector","selector":"#filterGlobal"}
  (Session info: chrome=124.0.6367.92)
For documentation on this error, please visit: https://www.selenium.dev/documentation/webdriver/troubleshooting/errors#no-such-element-exception
Build info: version: '4.16.1', revision: '9b4c83354e'
System info: os.name: 'Mac OS X', os.arch: 'aarch64', os.version: '14.4.1', java.version: '21.0.1'
Driver info: org.openqa.selenium.chrome.ChromeDriver
Command: [3aba7b60cb40ae1f0ee1a48f8459d8dc, findElement {using=id, value=filterGlobal}]
Capabilities {acceptInsecureCerts: false, browserName: chrome, browserVersion: 124.0.6367.92, chrome: {chromedriverVersion: 124.0.6367.91 (51df0e5e17a8..., userDataDir: /var/folders/qz/43vf7hk55fz...}, fedcm:accounts: true, goog:chromeOptions: {debuggerAddress: localhost:57640}, networkConnectionEnabled: false, pageLoadStrategy: normal, platformName: mac, proxy: Proxy(), se:cdp: ws://localhost:57640/devtoo..., se:cdpVersion: 124.0.6367.92, setWindowRect: true, strictFileInteractability: false, timeouts: {implicit: 0, pageLoad: 300000, script: 30000}, unhandledPromptBehavior: dismiss and notify, webauthn:extension:credBlob: true, webauthn:extension:largeBlob: true, webauthn:extension:minPinLength: true, webauthn:extension:prf: true, webauthn:virtualAuthenticators: true}
Session ID: 3aba7b60cb40ae1f0ee1a48f8459d8dc
at java.base/jdk.internal.reflect.DirectConstructorHandleAccessor.newInstance(DirectConstructorHandleAccessor.java:62)
at java.base/java.lang.reflect.Constructor.newInstanceWithCaller(Constructor.java:502)
at java.base/java.lang.reflect.Constructor.newInstance(Constructor.java:486)
at org.openqa.selenium.remote.codec.w3c.W3CHttpResponseCodec.createException(W3CHttpResponseCodec.java:200)
at org.openqa.selenium.remote.codec.w3c.W3CHttpResponseCodec.decode(W3CHttpResponseCodec.java:133)
at org.openqa.selenium.remote.codec.w3c.W3CHttpResponseCodec.decode(W3CHttpResponseCodec.java:52)
at org.openqa.selenium.remote.HttpCommandExecutor.execute(HttpCommandExecutor.java:191)
at org.openqa.selenium.remote.service.DriverCommandExecutor.invokeExecute(DriverCommandExecutor.java:200)
at org.openqa.selenium.remote.service.DriverCommandExecutor.execute(DriverCommandExecutor.java:175)
at org.openqa.selenium.remote.RemoteWebDriver.execute(RemoteWebDriver.java:523)
at org.openqa.selenium.remote.ElementLocation$ElementFinder$2.findElement(ElementLocation.java:165)
at org.openqa.selenium.remote.ElementLocation.findElement(ElementLocation.java:59)
at org.openqa.selenium.remote.RemoteWebDriver.findElement(RemoteWebDriver.java:360)
at org.openqa.selenium.remote.RemoteWebDriver.findElement(RemoteWebDriver.java:354)
at org.openqa.selenium.support.pagefactory.DefaultElementLocator.findElement(DefaultElementLocator.java:68)
at org.openqa.selenium.support.pagefactory.internal.LocatingElementHandler.invoke(LocatingElementHandler.java:38)
at jdk.proxy2/jdk.proxy2.$Proxy39.isDisplayed(Unknown Source)
at com.pageObjects.ProgramPageObject.searchBoxValidation(ProgramPageObject.java:126)
at com.stepDefinitions.ManageProgram_steps.admin_should_see_search_bar_with_text_as(ManageProgram_steps.java:80)
at ✽.Admin should see Search bar with text as "Search..."(file:///Users/perumalramamoorthy/git/Team04_LMS_WebAutomaters/src/test/resources/Features/004_ManageProgram.feature:29)
]]>
    </failure>
  </testcase> <!-- runScenario -->
  <testcase classname="io.cucumber.testng.AbstractTestNGCucumberTests" name="runScenario" time="5.215">
    <failure type="org.openqa.selenium.NoSuchElementException" message="no such element: Unable to locate element: {&amp;quot;method&amp;quot;:&amp;quot;css selector&amp;quot;,&amp;quot;selector&amp;quot;:&amp;quot;#batch&amp;quot;}
  (Session info: chrome=124.0.6367.92)
For documentation on this error, please visit: https://www.selenium.dev/documentation/webdriver/troubleshooting/errors#no-such-element-exception
Build info: version: &amp;apos;4.16.1&amp;apos;, revision: &amp;apos;9b4c83354e&amp;apos;
System info: os.name: &amp;apos;Mac OS X&amp;apos;, os.arch: &amp;apos;aarch64&amp;apos;, os.version: &amp;apos;14.4.1&amp;apos;, java.version: &amp;apos;21.0.1&amp;apos;
Driver info: org.openqa.selenium.chrome.ChromeDriver
Command: [3aba7b60cb40ae1f0ee1a48f8459d8dc, findElement {using=id, value=batch}]
Capabilities {acceptInsecureCerts: false, browserName: chrome, browserVersion: 124.0.6367.92, chrome: {chromedriverVersion: 124.0.6367.91 (51df0e5e17a8..., userDataDir: /var/folders/qz/43vf7hk55fz...}, fedcm:accounts: true, goog:chromeOptions: {debuggerAddress: localhost:57640}, networkConnectionEnabled: false, pageLoadStrategy: normal, platformName: mac, proxy: Proxy(), se:cdp: ws://localhost:57640/devtoo..., se:cdpVersion: 124.0.6367.92, setWindowRect: true, strictFileInteractability: false, timeouts: {implicit: 0, pageLoad: 300000, script: 30000}, unhandledPromptBehavior: dismiss and notify, webauthn:extension:credBlob: true, webauthn:extension:largeBlob: true, webauthn:extension:minPinLength: true, webauthn:extension:prf: true, webauthn:virtualAuthenticators: true}
Session ID: 3aba7b60cb40ae1f0ee1a48f8459d8dc">
      <![CDATA[org.openqa.selenium.NoSuchElementException: no such element: Unable to locate element: {"method":"css selector","selector":"#batch"}
  (Session info: chrome=124.0.6367.92)
For documentation on this error, please visit: https://www.selenium.dev/documentation/webdriver/troubleshooting/errors#no-such-element-exception
Build info: version: '4.16.1', revision: '9b4c83354e'
System info: os.name: 'Mac OS X', os.arch: 'aarch64', os.version: '14.4.1', java.version: '21.0.1'
Driver info: org.openqa.selenium.chrome.ChromeDriver
Command: [3aba7b60cb40ae1f0ee1a48f8459d8dc, findElement {using=id, value=batch}]
Capabilities {acceptInsecureCerts: false, browserName: chrome, browserVersion: 124.0.6367.92, chrome: {chromedriverVersion: 124.0.6367.91 (51df0e5e17a8..., userDataDir: /var/folders/qz/43vf7hk55fz...}, fedcm:accounts: true, goog:chromeOptions: {debuggerAddress: localhost:57640}, networkConnectionEnabled: false, pageLoadStrategy: normal, platformName: mac, proxy: Proxy(), se:cdp: ws://localhost:57640/devtoo..., se:cdpVersion: 124.0.6367.92, setWindowRect: true, strictFileInteractability: false, timeouts: {implicit: 0, pageLoad: 300000, script: 30000}, unhandledPromptBehavior: dismiss and notify, webauthn:extension:credBlob: true, webauthn:extension:largeBlob: true, webauthn:extension:minPinLength: true, webauthn:extension:prf: true, webauthn:virtualAuthenticators: true}
Session ID: 3aba7b60cb40ae1f0ee1a48f8459d8dc
at java.base/jdk.internal.reflect.DirectConstructorHandleAccessor.newInstance(DirectConstructorHandleAccessor.java:62)
at java.base/java.lang.reflect.Constructor.newInstanceWithCaller(Constructor.java:502)
at java.base/java.lang.reflect.Constructor.newInstance(Constructor.java:486)
at org.openqa.selenium.remote.codec.w3c.W3CHttpResponseCodec.createException(W3CHttpResponseCodec.java:200)
at org.openqa.selenium.remote.codec.w3c.W3CHttpResponseCodec.decode(W3CHttpResponseCodec.java:133)
at org.openqa.selenium.remote.codec.w3c.W3CHttpResponseCodec.decode(W3CHttpResponseCodec.java:52)
at org.openqa.selenium.remote.HttpCommandExecutor.execute(HttpCommandExecutor.java:191)
at org.openqa.selenium.remote.service.DriverCommandExecutor.invokeExecute(DriverCommandExecutor.java:200)
at org.openqa.selenium.remote.service.DriverCommandExecutor.execute(DriverCommandExecutor.java:175)
at org.openqa.selenium.remote.RemoteWebDriver.execute(RemoteWebDriver.java:523)
at org.openqa.selenium.remote.ElementLocation$ElementFinder$2.findElement(ElementLocation.java:165)
at org.openqa.selenium.remote.ElementLocation.findElement(ElementLocation.java:59)
at org.openqa.selenium.remote.RemoteWebDriver.findElement(RemoteWebDriver.java:360)
at org.openqa.selenium.remote.RemoteWebDriver.findElement(RemoteWebDriver.java:354)
at org.openqa.selenium.support.pagefactory.DefaultElementLocator.findElement(DefaultElementLocator.java:68)
at org.openqa.selenium.support.pagefactory.internal.LocatingElementHandler.invoke(LocatingElementHandler.java:38)
at jdk.proxy2/jdk.proxy2.$Proxy39.click(Unknown Source)
at com.pageObjects.BatchPageObject.clickBatchBtn(BatchPageObject.java:40)
at com.stepDefinitions.ManageBatch_steps.admin_clicks_batch_from_navigation_bar(ManageBatch_steps.java:25)
at ✽.Admin clicks Batch from navigation bar(file:///Users/perumalramamoorthy/git/Team04_LMS_WebAutomaters/src/test/resources/Features/005_ManageBatch.feature:6)
]]>
    </failure>
  </testcase> <!-- runScenario -->
  <testcase classname="io.cucumber.testng.AbstractTestNGCucumberTests" name="runScenario" time="5.219">
    <failure type="org.openqa.selenium.NoSuchElementException" message="no such element: Unable to locate element: {&amp;quot;method&amp;quot;:&amp;quot;css selector&amp;quot;,&amp;quot;selector&amp;quot;:&amp;quot;#batch&amp;quot;}
  (Session info: chrome=124.0.6367.92)
For documentation on this error, please visit: https://www.selenium.dev/documentation/webdriver/troubleshooting/errors#no-such-element-exception
Build info: version: &amp;apos;4.16.1&amp;apos;, revision: &amp;apos;9b4c83354e&amp;apos;
System info: os.name: &amp;apos;Mac OS X&amp;apos;, os.arch: &amp;apos;aarch64&amp;apos;, os.version: &amp;apos;14.4.1&amp;apos;, java.version: &amp;apos;21.0.1&amp;apos;
Driver info: org.openqa.selenium.chrome.ChromeDriver
Command: [3aba7b60cb40ae1f0ee1a48f8459d8dc, findElement {using=id, value=batch}]
Capabilities {acceptInsecureCerts: false, browserName: chrome, browserVersion: 124.0.6367.92, chrome: {chromedriverVersion: 124.0.6367.91 (51df0e5e17a8..., userDataDir: /var/folders/qz/43vf7hk55fz...}, fedcm:accounts: true, goog:chromeOptions: {debuggerAddress: localhost:57640}, networkConnectionEnabled: false, pageLoadStrategy: normal, platformName: mac, proxy: Proxy(), se:cdp: ws://localhost:57640/devtoo..., se:cdpVersion: 124.0.6367.92, setWindowRect: true, strictFileInteractability: false, timeouts: {implicit: 0, pageLoad: 300000, script: 30000}, unhandledPromptBehavior: dismiss and notify, webauthn:extension:credBlob: true, webauthn:extension:largeBlob: true, webauthn:extension:minPinLength: true, webauthn:extension:prf: true, webauthn:virtualAuthenticators: true}
Session ID: 3aba7b60cb40ae1f0ee1a48f8459d8dc">
      <![CDATA[org.openqa.selenium.NoSuchElementException: no such element: Unable to locate element: {"method":"css selector","selector":"#batch"}
  (Session info: chrome=124.0.6367.92)
For documentation on this error, please visit: https://www.selenium.dev/documentation/webdriver/troubleshooting/errors#no-such-element-exception
Build info: version: '4.16.1', revision: '9b4c83354e'
System info: os.name: 'Mac OS X', os.arch: 'aarch64', os.version: '14.4.1', java.version: '21.0.1'
Driver info: org.openqa.selenium.chrome.ChromeDriver
Command: [3aba7b60cb40ae1f0ee1a48f8459d8dc, findElement {using=id, value=batch}]
Capabilities {acceptInsecureCerts: false, browserName: chrome, browserVersion: 124.0.6367.92, chrome: {chromedriverVersion: 124.0.6367.91 (51df0e5e17a8..., userDataDir: /var/folders/qz/43vf7hk55fz...}, fedcm:accounts: true, goog:chromeOptions: {debuggerAddress: localhost:57640}, networkConnectionEnabled: false, pageLoadStrategy: normal, platformName: mac, proxy: Proxy(), se:cdp: ws://localhost:57640/devtoo..., se:cdpVersion: 124.0.6367.92, setWindowRect: true, strictFileInteractability: false, timeouts: {implicit: 0, pageLoad: 300000, script: 30000}, unhandledPromptBehavior: dismiss and notify, webauthn:extension:credBlob: true, webauthn:extension:largeBlob: true, webauthn:extension:minPinLength: true, webauthn:extension:prf: true, webauthn:virtualAuthenticators: true}
Session ID: 3aba7b60cb40ae1f0ee1a48f8459d8dc
at java.base/jdk.internal.reflect.DirectConstructorHandleAccessor.newInstance(DirectConstructorHandleAccessor.java:62)
at java.base/java.lang.reflect.Constructor.newInstanceWithCaller(Constructor.java:502)
at java.base/java.lang.reflect.Constructor.newInstance(Constructor.java:486)
at org.openqa.selenium.remote.codec.w3c.W3CHttpResponseCodec.createException(W3CHttpResponseCodec.java:200)
at org.openqa.selenium.remote.codec.w3c.W3CHttpResponseCodec.decode(W3CHttpResponseCodec.java:133)
at org.openqa.selenium.remote.codec.w3c.W3CHttpResponseCodec.decode(W3CHttpResponseCodec.java:52)
at org.openqa.selenium.remote.HttpCommandExecutor.execute(HttpCommandExecutor.java:191)
at org.openqa.selenium.remote.service.DriverCommandExecutor.invokeExecute(DriverCommandExecutor.java:200)
at org.openqa.selenium.remote.service.DriverCommandExecutor.execute(DriverCommandExecutor.java:175)
at org.openqa.selenium.remote.RemoteWebDriver.execute(RemoteWebDriver.java:523)
at org.openqa.selenium.remote.ElementLocation$ElementFinder$2.findElement(ElementLocation.java:165)
at org.openqa.selenium.remote.ElementLocation.findElement(ElementLocation.java:59)
at org.openqa.selenium.remote.RemoteWebDriver.findElement(RemoteWebDriver.java:360)
at org.openqa.selenium.remote.RemoteWebDriver.findElement(RemoteWebDriver.java:354)
at org.openqa.selenium.support.pagefactory.DefaultElementLocator.findElement(DefaultElementLocator.java:68)
at org.openqa.selenium.support.pagefactory.internal.LocatingElementHandler.invoke(LocatingElementHandler.java:38)
at jdk.proxy2/jdk.proxy2.$Proxy39.click(Unknown Source)
at com.pageObjects.BatchPageObject.clickBatchBtn(BatchPageObject.java:40)
at com.stepDefinitions.ManageBatch_steps.admin_clicks_batch_from_navigation_bar(ManageBatch_steps.java:25)
at ✽.Admin clicks Batch from navigation bar(file:///Users/perumalramamoorthy/git/Team04_LMS_WebAutomaters/src/test/resources/Features/005_ManageBatch.feature:6)
]]>
    </failure>
  </testcase> <!-- runScenario -->
  <testcase classname="io.cucumber.testng.AbstractTestNGCucumberTests" name="runScenario" time="5.219">
    <failure type="org.openqa.selenium.NoSuchElementException" message="no such element: Unable to locate element: {&amp;quot;method&amp;quot;:&amp;quot;css selector&amp;quot;,&amp;quot;selector&amp;quot;:&amp;quot;#batch&amp;quot;}
  (Session info: chrome=124.0.6367.92)
For documentation on this error, please visit: https://www.selenium.dev/documentation/webdriver/troubleshooting/errors#no-such-element-exception
Build info: version: &amp;apos;4.16.1&amp;apos;, revision: &amp;apos;9b4c83354e&amp;apos;
System info: os.name: &amp;apos;Mac OS X&amp;apos;, os.arch: &amp;apos;aarch64&amp;apos;, os.version: &amp;apos;14.4.1&amp;apos;, java.version: &amp;apos;21.0.1&amp;apos;
Driver info: org.openqa.selenium.chrome.ChromeDriver
Command: [3aba7b60cb40ae1f0ee1a48f8459d8dc, findElement {using=id, value=batch}]
Capabilities {acceptInsecureCerts: false, browserName: chrome, browserVersion: 124.0.6367.92, chrome: {chromedriverVersion: 124.0.6367.91 (51df0e5e17a8..., userDataDir: /var/folders/qz/43vf7hk55fz...}, fedcm:accounts: true, goog:chromeOptions: {debuggerAddress: localhost:57640}, networkConnectionEnabled: false, pageLoadStrategy: normal, platformName: mac, proxy: Proxy(), se:cdp: ws://localhost:57640/devtoo..., se:cdpVersion: 124.0.6367.92, setWindowRect: true, strictFileInteractability: false, timeouts: {implicit: 0, pageLoad: 300000, script: 30000}, unhandledPromptBehavior: dismiss and notify, webauthn:extension:credBlob: true, webauthn:extension:largeBlob: true, webauthn:extension:minPinLength: true, webauthn:extension:prf: true, webauthn:virtualAuthenticators: true}
Session ID: 3aba7b60cb40ae1f0ee1a48f8459d8dc">
      <![CDATA[org.openqa.selenium.NoSuchElementException: no such element: Unable to locate element: {"method":"css selector","selector":"#batch"}
  (Session info: chrome=124.0.6367.92)
For documentation on this error, please visit: https://www.selenium.dev/documentation/webdriver/troubleshooting/errors#no-such-element-exception
Build info: version: '4.16.1', revision: '9b4c83354e'
System info: os.name: 'Mac OS X', os.arch: 'aarch64', os.version: '14.4.1', java.version: '21.0.1'
Driver info: org.openqa.selenium.chrome.ChromeDriver
Command: [3aba7b60cb40ae1f0ee1a48f8459d8dc, findElement {using=id, value=batch}]
Capabilities {acceptInsecureCerts: false, browserName: chrome, browserVersion: 124.0.6367.92, chrome: {chromedriverVersion: 124.0.6367.91 (51df0e5e17a8..., userDataDir: /var/folders/qz/43vf7hk55fz...}, fedcm:accounts: true, goog:chromeOptions: {debuggerAddress: localhost:57640}, networkConnectionEnabled: false, pageLoadStrategy: normal, platformName: mac, proxy: Proxy(), se:cdp: ws://localhost:57640/devtoo..., se:cdpVersion: 124.0.6367.92, setWindowRect: true, strictFileInteractability: false, timeouts: {implicit: 0, pageLoad: 300000, script: 30000}, unhandledPromptBehavior: dismiss and notify, webauthn:extension:credBlob: true, webauthn:extension:largeBlob: true, webauthn:extension:minPinLength: true, webauthn:extension:prf: true, webauthn:virtualAuthenticators: true}
Session ID: 3aba7b60cb40ae1f0ee1a48f8459d8dc
at java.base/jdk.internal.reflect.DirectConstructorHandleAccessor.newInstance(DirectConstructorHandleAccessor.java:62)
at java.base/java.lang.reflect.Constructor.newInstanceWithCaller(Constructor.java:502)
at java.base/java.lang.reflect.Constructor.newInstance(Constructor.java:486)
at org.openqa.selenium.remote.codec.w3c.W3CHttpResponseCodec.createException(W3CHttpResponseCodec.java:200)
at org.openqa.selenium.remote.codec.w3c.W3CHttpResponseCodec.decode(W3CHttpResponseCodec.java:133)
at org.openqa.selenium.remote.codec.w3c.W3CHttpResponseCodec.decode(W3CHttpResponseCodec.java:52)
at org.openqa.selenium.remote.HttpCommandExecutor.execute(HttpCommandExecutor.java:191)
at org.openqa.selenium.remote.service.DriverCommandExecutor.invokeExecute(DriverCommandExecutor.java:200)
at org.openqa.selenium.remote.service.DriverCommandExecutor.execute(DriverCommandExecutor.java:175)
at org.openqa.selenium.remote.RemoteWebDriver.execute(RemoteWebDriver.java:523)
at org.openqa.selenium.remote.ElementLocation$ElementFinder$2.findElement(ElementLocation.java:165)
at org.openqa.selenium.remote.ElementLocation.findElement(ElementLocation.java:59)
at org.openqa.selenium.remote.RemoteWebDriver.findElement(RemoteWebDriver.java:360)
at org.openqa.selenium.remote.RemoteWebDriver.findElement(RemoteWebDriver.java:354)
at org.openqa.selenium.support.pagefactory.DefaultElementLocator.findElement(DefaultElementLocator.java:68)
at org.openqa.selenium.support.pagefactory.internal.LocatingElementHandler.invoke(LocatingElementHandler.java:38)
at jdk.proxy2/jdk.proxy2.$Proxy39.click(Unknown Source)
at com.pageObjects.BatchPageObject.clickBatchBtn(BatchPageObject.java:40)
at com.stepDefinitions.ManageBatch_steps.admin_clicks_batch_from_navigation_bar(ManageBatch_steps.java:25)
at ✽.Admin clicks Batch from navigation bar(file:///Users/perumalramamoorthy/git/Team04_LMS_WebAutomaters/src/test/resources/Features/005_ManageBatch.feature:6)
]]>
    </failure>
  </testcase> <!-- runScenario -->
  <testcase classname="io.cucumber.testng.AbstractTestNGCucumberTests" name="runScenario" time="5.271">
    <failure type="org.openqa.selenium.NoSuchElementException" message="no such element: Unable to locate element: {&amp;quot;method&amp;quot;:&amp;quot;css selector&amp;quot;,&amp;quot;selector&amp;quot;:&amp;quot;#batch&amp;quot;}
  (Session info: chrome=124.0.6367.92)
For documentation on this error, please visit: https://www.selenium.dev/documentation/webdriver/troubleshooting/errors#no-such-element-exception
Build info: version: &amp;apos;4.16.1&amp;apos;, revision: &amp;apos;9b4c83354e&amp;apos;
System info: os.name: &amp;apos;Mac OS X&amp;apos;, os.arch: &amp;apos;aarch64&amp;apos;, os.version: &amp;apos;14.4.1&amp;apos;, java.version: &amp;apos;21.0.1&amp;apos;
Driver info: org.openqa.selenium.chrome.ChromeDriver
Command: [3aba7b60cb40ae1f0ee1a48f8459d8dc, findElement {using=id, value=batch}]
Capabilities {acceptInsecureCerts: false, browserName: chrome, browserVersion: 124.0.6367.92, chrome: {chromedriverVersion: 124.0.6367.91 (51df0e5e17a8..., userDataDir: /var/folders/qz/43vf7hk55fz...}, fedcm:accounts: true, goog:chromeOptions: {debuggerAddress: localhost:57640}, networkConnectionEnabled: false, pageLoadStrategy: normal, platformName: mac, proxy: Proxy(), se:cdp: ws://localhost:57640/devtoo..., se:cdpVersion: 124.0.6367.92, setWindowRect: true, strictFileInteractability: false, timeouts: {implicit: 0, pageLoad: 300000, script: 30000}, unhandledPromptBehavior: dismiss and notify, webauthn:extension:credBlob: true, webauthn:extension:largeBlob: true, webauthn:extension:minPinLength: true, webauthn:extension:prf: true, webauthn:virtualAuthenticators: true}
Session ID: 3aba7b60cb40ae1f0ee1a48f8459d8dc">
      <![CDATA[org.openqa.selenium.NoSuchElementException: no such element: Unable to locate element: {"method":"css selector","selector":"#batch"}
  (Session info: chrome=124.0.6367.92)
For documentation on this error, please visit: https://www.selenium.dev/documentation/webdriver/troubleshooting/errors#no-such-element-exception
Build info: version: '4.16.1', revision: '9b4c83354e'
System info: os.name: 'Mac OS X', os.arch: 'aarch64', os.version: '14.4.1', java.version: '21.0.1'
Driver info: org.openqa.selenium.chrome.ChromeDriver
Command: [3aba7b60cb40ae1f0ee1a48f8459d8dc, findElement {using=id, value=batch}]
Capabilities {acceptInsecureCerts: false, browserName: chrome, browserVersion: 124.0.6367.92, chrome: {chromedriverVersion: 124.0.6367.91 (51df0e5e17a8..., userDataDir: /var/folders/qz/43vf7hk55fz...}, fedcm:accounts: true, goog:chromeOptions: {debuggerAddress: localhost:57640}, networkConnectionEnabled: false, pageLoadStrategy: normal, platformName: mac, proxy: Proxy(), se:cdp: ws://localhost:57640/devtoo..., se:cdpVersion: 124.0.6367.92, setWindowRect: true, strictFileInteractability: false, timeouts: {implicit: 0, pageLoad: 300000, script: 30000}, unhandledPromptBehavior: dismiss and notify, webauthn:extension:credBlob: true, webauthn:extension:largeBlob: true, webauthn:extension:minPinLength: true, webauthn:extension:prf: true, webauthn:virtualAuthenticators: true}
Session ID: 3aba7b60cb40ae1f0ee1a48f8459d8dc
at java.base/jdk.internal.reflect.DirectConstructorHandleAccessor.newInstance(DirectConstructorHandleAccessor.java:62)
at java.base/java.lang.reflect.Constructor.newInstanceWithCaller(Constructor.java:502)
at java.base/java.lang.reflect.Constructor.newInstance(Constructor.java:486)
at org.openqa.selenium.remote.codec.w3c.W3CHttpResponseCodec.createException(W3CHttpResponseCodec.java:200)
at org.openqa.selenium.remote.codec.w3c.W3CHttpResponseCodec.decode(W3CHttpResponseCodec.java:133)
at org.openqa.selenium.remote.codec.w3c.W3CHttpResponseCodec.decode(W3CHttpResponseCodec.java:52)
at org.openqa.selenium.remote.HttpCommandExecutor.execute(HttpCommandExecutor.java:191)
at org.openqa.selenium.remote.service.DriverCommandExecutor.invokeExecute(DriverCommandExecutor.java:200)
at org.openqa.selenium.remote.service.DriverCommandExecutor.execute(DriverCommandExecutor.java:175)
at org.openqa.selenium.remote.RemoteWebDriver.execute(RemoteWebDriver.java:523)
at org.openqa.selenium.remote.ElementLocation$ElementFinder$2.findElement(ElementLocation.java:165)
at org.openqa.selenium.remote.ElementLocation.findElement(ElementLocation.java:59)
at org.openqa.selenium.remote.RemoteWebDriver.findElement(RemoteWebDriver.java:360)
at org.openqa.selenium.remote.RemoteWebDriver.findElement(RemoteWebDriver.java:354)
at org.openqa.selenium.support.pagefactory.DefaultElementLocator.findElement(DefaultElementLocator.java:68)
at org.openqa.selenium.support.pagefactory.internal.LocatingElementHandler.invoke(LocatingElementHandler.java:38)
at jdk.proxy2/jdk.proxy2.$Proxy39.click(Unknown Source)
at com.pageObjects.BatchPageObject.clickBatchBtn(BatchPageObject.java:40)
at com.stepDefinitions.ManageBatch_steps.admin_clicks_batch_from_navigation_bar(ManageBatch_steps.java:25)
at ✽.Admin clicks Batch from navigation bar(file:///Users/perumalramamoorthy/git/Team04_LMS_WebAutomaters/src/test/resources/Features/005_ManageBatch.feature:6)
]]>
    </failure>
  </testcase> <!-- runScenario -->
  <testcase classname="io.cucumber.testng.AbstractTestNGCucumberTests" name="runScenario" time="5.25">
    <failure type="org.openqa.selenium.NoSuchElementException" message="no such element: Unable to locate element: {&amp;quot;method&amp;quot;:&amp;quot;css selector&amp;quot;,&amp;quot;selector&amp;quot;:&amp;quot;#batch&amp;quot;}
  (Session info: chrome=124.0.6367.92)
For documentation on this error, please visit: https://www.selenium.dev/documentation/webdriver/troubleshooting/errors#no-such-element-exception
Build info: version: &amp;apos;4.16.1&amp;apos;, revision: &amp;apos;9b4c83354e&amp;apos;
System info: os.name: &amp;apos;Mac OS X&amp;apos;, os.arch: &amp;apos;aarch64&amp;apos;, os.version: &amp;apos;14.4.1&amp;apos;, java.version: &amp;apos;21.0.1&amp;apos;
Driver info: org.openqa.selenium.chrome.ChromeDriver
Command: [3aba7b60cb40ae1f0ee1a48f8459d8dc, findElement {using=id, value=batch}]
Capabilities {acceptInsecureCerts: false, browserName: chrome, browserVersion: 124.0.6367.92, chrome: {chromedriverVersion: 124.0.6367.91 (51df0e5e17a8..., userDataDir: /var/folders/qz/43vf7hk55fz...}, fedcm:accounts: true, goog:chromeOptions: {debuggerAddress: localhost:57640}, networkConnectionEnabled: false, pageLoadStrategy: normal, platformName: mac, proxy: Proxy(), se:cdp: ws://localhost:57640/devtoo..., se:cdpVersion: 124.0.6367.92, setWindowRect: true, strictFileInteractability: false, timeouts: {implicit: 0, pageLoad: 300000, script: 30000}, unhandledPromptBehavior: dismiss and notify, webauthn:extension:credBlob: true, webauthn:extension:largeBlob: true, webauthn:extension:minPinLength: true, webauthn:extension:prf: true, webauthn:virtualAuthenticators: true}
Session ID: 3aba7b60cb40ae1f0ee1a48f8459d8dc">
      <![CDATA[org.openqa.selenium.NoSuchElementException: no such element: Unable to locate element: {"method":"css selector","selector":"#batch"}
  (Session info: chrome=124.0.6367.92)
For documentation on this error, please visit: https://www.selenium.dev/documentation/webdriver/troubleshooting/errors#no-such-element-exception
Build info: version: '4.16.1', revision: '9b4c83354e'
System info: os.name: 'Mac OS X', os.arch: 'aarch64', os.version: '14.4.1', java.version: '21.0.1'
Driver info: org.openqa.selenium.chrome.ChromeDriver
Command: [3aba7b60cb40ae1f0ee1a48f8459d8dc, findElement {using=id, value=batch}]
Capabilities {acceptInsecureCerts: false, browserName: chrome, browserVersion: 124.0.6367.92, chrome: {chromedriverVersion: 124.0.6367.91 (51df0e5e17a8..., userDataDir: /var/folders/qz/43vf7hk55fz...}, fedcm:accounts: true, goog:chromeOptions: {debuggerAddress: localhost:57640}, networkConnectionEnabled: false, pageLoadStrategy: normal, platformName: mac, proxy: Proxy(), se:cdp: ws://localhost:57640/devtoo..., se:cdpVersion: 124.0.6367.92, setWindowRect: true, strictFileInteractability: false, timeouts: {implicit: 0, pageLoad: 300000, script: 30000}, unhandledPromptBehavior: dismiss and notify, webauthn:extension:credBlob: true, webauthn:extension:largeBlob: true, webauthn:extension:minPinLength: true, webauthn:extension:prf: true, webauthn:virtualAuthenticators: true}
Session ID: 3aba7b60cb40ae1f0ee1a48f8459d8dc
at java.base/jdk.internal.reflect.DirectConstructorHandleAccessor.newInstance(DirectConstructorHandleAccessor.java:62)
at java.base/java.lang.reflect.Constructor.newInstanceWithCaller(Constructor.java:502)
at java.base/java.lang.reflect.Constructor.newInstance(Constructor.java:486)
at org.openqa.selenium.remote.codec.w3c.W3CHttpResponseCodec.createException(W3CHttpResponseCodec.java:200)
at org.openqa.selenium.remote.codec.w3c.W3CHttpResponseCodec.decode(W3CHttpResponseCodec.java:133)
at org.openqa.selenium.remote.codec.w3c.W3CHttpResponseCodec.decode(W3CHttpResponseCodec.java:52)
at org.openqa.selenium.remote.HttpCommandExecutor.execute(HttpCommandExecutor.java:191)
at org.openqa.selenium.remote.service.DriverCommandExecutor.invokeExecute(DriverCommandExecutor.java:200)
at org.openqa.selenium.remote.service.DriverCommandExecutor.execute(DriverCommandExecutor.java:175)
at org.openqa.selenium.remote.RemoteWebDriver.execute(RemoteWebDriver.java:523)
at org.openqa.selenium.remote.ElementLocation$ElementFinder$2.findElement(ElementLocation.java:165)
at org.openqa.selenium.remote.ElementLocation.findElement(ElementLocation.java:59)
at org.openqa.selenium.remote.RemoteWebDriver.findElement(RemoteWebDriver.java:360)
at org.openqa.selenium.remote.RemoteWebDriver.findElement(RemoteWebDriver.java:354)
at org.openqa.selenium.support.pagefactory.DefaultElementLocator.findElement(DefaultElementLocator.java:68)
at org.openqa.selenium.support.pagefactory.internal.LocatingElementHandler.invoke(LocatingElementHandler.java:38)
at jdk.proxy2/jdk.proxy2.$Proxy39.click(Unknown Source)
at com.pageObjects.BatchPageObject.clickBatchBtn(BatchPageObject.java:40)
[...]
Driver info: org.openqa.selenium.chrome.ChromeDriver
Command: [3aba7b60cb40ae1f0ee1a48f8459d8dc, findElement {using=id, value=batch}]
Capabilities {acceptInsecureCerts: false, browserName: chrome, browserVersion: 124.0.6367.92, chrome: {chromedriverVersion: 124.0.6367.91 (51df0e5e17a8..., userDataDir: /var/folders/qz/43vf7hk55fz...}, fedcm:accounts: true, goog:chromeOptions: {debuggerAddress: localhost:57640}, networkConnectionEnabled: false, pageLoadStrategy: normal, platformName: mac, proxy: Proxy(), se:cdp: ws://localhost:57640/devtoo..., se:cdpVersion: 124.0.6367.92, setWindowRect: true, strictFileInteractability: false, timeouts: {implicit: 0, pageLoad: 300000, script: 30000}, unhandledPromptBehavior: dismiss and notify, webauthn:extension:credBlob: true, webauthn:extension:largeBlob: true, webauthn:extension:minPinLength: true, webauthn:extension:prf: true, webauthn:virtualAuthenticators: true}
Session ID: 3aba7b60cb40ae1f0ee1a48f8459d8dc">
      <![CDATA[org.openqa.selenium.NoSuchElementException: no such element: Unable to locate element: {"method":"css selector","selector":"#batch"}
  (Session info: chrome=124.0.6367.92)
For documentation on this error, please visit: https://www.selenium.dev/documentation/webdriver/troubleshooting/errors#no-such-element-exception
Build info: version: '4.16.1', revision: '9b4c83354e'
System info: os.name: 'Mac OS X', os.arch: 'aarch64', os.version: '14.4.1', java.version: '21.0.1'
Driver info: org.openqa.selenium.chrome.ChromeDriver
Command: [3aba7b60cb40ae1f0ee1a48f8459d8dc, findElement {using=id, value=batch}]
Capabilities {acceptInsecureCerts: false, browserName: chrome, browserVersion: 124.0.6367.92, chrome: {chromedriverVersion: 124.0.6367.91 (51df0e5e17a8..., userDataDir: /var/folders/qz/43vf7hk55fz...}, fedcm:accounts: true, goog:chromeOptions: {debuggerAddress: localhost:57640}, networkConnectionEnabled: false, pageLoadStrategy: normal, platformName: mac, proxy: Proxy(), se:cdp: ws://localhost:57640/devtoo..., se:cdpVersion: 124.0.6367.92, setWindowRect: true, strictFileInteractability: false, timeouts: {implicit: 0, pageLoad: 300000, script: 30000}, unhandledPromptBehavior: dismiss and notify, webauthn:extension:credBlob: true, webauthn:extension:largeBlob: true, webauthn:extension:minPinLength: true, webauthn:extension:prf: true, webauthn:virtualAuthenticators: true}
Session ID: 3aba7b60cb40ae1f0ee1a48f8459d8dc
at java.base/jdk.internal.reflect.DirectConstructorHandleAccessor.newInstance(DirectConstructorHandleAccessor.java:62)
at java.base/java.lang.reflect.Constructor.newInstanceWithCaller(Constructor.java:502)
at java.base/java.lang.reflect.Constructor.newInstance(Constructor.java:486)
at org.openqa.selenium.remote.codec.w3c.W3CHttpResponseCodec.createException(W3CHttpResponseCodec.java:200)
at org.openqa.selenium.remote.codec.w3c.W3CHttpResponseCodec.decode(W3CHttpResponseCodec.java:133)
at org.openqa.selenium.remote.codec.w3c.W3CHttpResponseCodec.decode(W3CHttpResponseCodec.java:52)
at org.openqa.selenium.remote.HttpCommandExecutor.execute(HttpCommandExecutor.java:191)
at org.openqa.selenium.remote.service.DriverCommandExecutor.invokeExecute(DriverCommandExecutor.java:200)
at org.openqa.selenium.remote.service.DriverCommandExecutor.execute(DriverCommandExecutor.java:175)
at org.openqa.selenium.remote.RemoteWebDriver.execute(RemoteWebDriver.java:523)
at org.openqa.selenium.remote.ElementLocation$ElementFinder$2.findElement(ElementLocation.java:165)
at org.openqa.selenium.remote.ElementLocation.findElement(ElementLocation.java:59)
at org.openqa.selenium.remote.RemoteWebDriver.findElement(RemoteWebDriver.java:360)
at org.openqa.selenium.remote.RemoteWebDriver.findElement(RemoteWebDriver.java:354)
at org.openqa.selenium.support.pagefactory.DefaultElementLocator.findElement(DefaultElementLocator.java:68)
at org.openqa.selenium.support.pagefactory.internal.LocatingElementHandler.invoke(LocatingElementHandler.java:38)
at jdk.proxy2/jdk.proxy2.$Proxy39.click(Unknown Source)
at com.pageObjects.BatchPageObject.clickBatchBtn(BatchPageObject.java:40)
at com.stepDefinitions.ManageBatch_steps.admin_clicks_batch_from_navigation_bar(ManageBatch_steps.java:25)
at ✽.Admin clicks Batch from navigation bar(file:///Users/perumalramamoorthy/git/Team04_LMS_WebAutomaters/src/test/resources/Features/005_ManageBatch.feature:6)
]]>
    </failure>
  </testcase> <!-- runScenario -->
  <testcase classname="io.cucumber.testng.AbstractTestNGCucumberTests" name="runScenario" time="5.401">
    <failure type="org.openqa.selenium.NoSuchElementException" message="no such element: Unable to locate element: {&amp;quot;method&amp;quot;:&amp;quot;css selector&amp;quot;,&amp;quot;selector&amp;quot;:&amp;quot;#batch&amp;quot;}
  (Session info: chrome=124.0.6367.92)
For documentation on this error, please visit: https://www.selenium.dev/documentation/webdriver/troubleshooting/errors#no-such-element-exception
Build info: version: &amp;apos;4.16.1&amp;apos;, revision: &amp;apos;9b4c83354e&amp;apos;
System info: os.name: &amp;apos;Mac OS X&amp;apos;, os.arch: &amp;apos;aarch64&amp;apos;, os.version: &amp;apos;14.4.1&amp;apos;, java.version: &amp;apos;21.0.1&amp;apos;
Driver info: org.openqa.selenium.chrome.ChromeDriver
Command: [3aba7b60cb40ae1f0ee1a48f8459d8dc, findElement {using=id, value=batch}]
Capabilities {acceptInsecureCerts: false, browserName: chrome, browserVersion: 124.0.6367.92, chrome: {chromedriverVersion: 124.0.6367.91 (51df0e5e17a8..., userDataDir: /var/folders/qz/43vf7hk55fz...}, fedcm:accounts: true, goog:chromeOptions: {debuggerAddress: localhost:57640}, networkConnectionEnabled: false, pageLoadStrategy: normal, platformName: mac, proxy: Proxy(), se:cdp: ws://localhost:57640/devtoo..., se:cdpVersion: 124.0.6367.92, setWindowRect: true, strictFileInteractability: false, timeouts: {implicit: 0, pageLoad: 300000, script: 30000}, unhandledPromptBehavior: dismiss and notify, webauthn:extension:credBlob: true, webauthn:extension:largeBlob: true, webauthn:extension:minPinLength: true, webauthn:extension:prf: true, webauthn:virtualAuthenticators: true}
Session ID: 3aba7b60cb40ae1f0ee1a48f8459d8dc">
      <![CDATA[org.openqa.selenium.NoSuchElementException: no such element: Unable to locate element: {"method":"css selector","selector":"#batch"}
  (Session info: chrome=124.0.6367.92)
For documentation on this error, please visit: https://www.selenium.dev/documentation/webdriver/troubleshooting/errors#no-such-element-exception
Build info: version: '4.16.1', revision: '9b4c83354e'
System info: os.name: 'Mac OS X', os.arch: 'aarch64', os.version: '14.4.1', java.version: '21.0.1'
Driver info: org.openqa.selenium.chrome.ChromeDriver
Command: [3aba7b60cb40ae1f0ee1a48f8459d8dc, findElement {using=id, value=batch}]
Capabilities {acceptInsecureCerts: false, browserName: chrome, browserVersion: 124.0.6367.92, chrome: {chromedriverVersion: 124.0.6367.91 (51df0e5e17a8..., userDataDir: /var/folders/qz/43vf7hk55fz...}, fedcm:accounts: true, goog:chromeOptions: {debuggerAddress: localhost:57640}, networkConnectionEnabled: false, pageLoadStrategy: normal, platformName: mac, proxy: Proxy(), se:cdp: ws://localhost:57640/devtoo..., se:cdpVersion: 124.0.6367.92, setWindowRect: true, strictFileInteractability: false, timeouts: {implicit: 0, pageLoad: 300000, script: 30000}, unhandledPromptBehavior: dismiss and notify, webauthn:extension:credBlob: true, webauthn:extension:largeBlob: true, webauthn:extension:minPinLength: true, webauthn:extension:prf: true, webauthn:virtualAuthenticators: true}
Session ID: 3aba7b60cb40ae1f0ee1a48f8459d8dc
at java.base/jdk.internal.reflect.DirectConstructorHandleAccessor.newInstance(DirectConstructorHandleAccessor.java:62)
at java.base/java.lang.reflect.Constructor.newInstanceWithCaller(Constructor.java:502)
at java.base/java.lang.reflect.Constructor.newInstance(Constructor.java:486)
at org.openqa.selenium.remote.codec.w3c.W3CHttpResponseCodec.createException(W3CHttpResponseCodec.java:200)
at org.openqa.selenium.remote.codec.w3c.W3CHttpResponseCodec.decode(W3CHttpResponseCodec.java:133)
at org.openqa.selenium.remote.codec.w3c.W3CHttpResponseCodec.decode(W3CHttpResponseCodec.java:52)
at org.openqa.selenium.remote.HttpCommandExecutor.execute(HttpCommandExecutor.java:191)
at org.openqa.selenium.remote.service.DriverCommandExecutor.invokeExecute(DriverCommandExecutor.java:200)
at org.openqa.selenium.remote.service.DriverCommandExecutor.execute(DriverCommandExecutor.java:175)
at org.openqa.selenium.remote.RemoteWebDriver.execute(RemoteWebDriver.java:523)
at org.openqa.selenium.remote.ElementLocation$ElementFinder$2.findElement(ElementLocation.java:165)
at org.openqa.selenium.remote.ElementLocation.findElement(ElementLocation.java:59)
at org.openqa.selenium.remote.RemoteWebDriver.findElement(RemoteWebDriver.java:360)
at org.openqa.selenium.remote.RemoteWebDriver.findElement(RemoteWebDriver.java:354)
at org.openqa.selenium.support.pagefactory.DefaultElementLocator.findElement(DefaultElementLocator.java:68)
at org.openqa.selenium.support.pagefactory.internal.LocatingElementHandler.invoke(LocatingElementHandler.java:38)
at jdk.proxy2/jdk.proxy2.$Proxy39.click(Unknown Source)
at com.pageObjects.BatchPageObject.clickBatchBtn(BatchPageObject.java:40)
at com.stepDefinitions.ManageBatch_steps.admin_clicks_batch_from_navigation_bar(ManageBatch_steps.java:25)
at ✽.Admin clicks Batch from navigation bar(file:///Users/perumalramamoorthy/git/Team04_LMS_WebAutomaters/src/test/resources/Features/005_ManageBatch.feature:6)
]]>
    </failure>
  </testcase> <!-- runScenario -->
  <testcase classname="io.cucumber.testng.AbstractTestNGCucumberTests" name="runScenario" time="5.218">
    <failure type="org.openqa.selenium.NoSuchElementException" message="no such element: Unable to locate element: {&amp;quot;method&amp;quot;:&amp;quot;css selector&amp;quot;,&amp;quot;selector&amp;quot;:&amp;quot;#batch&amp;quot;}
  (Session info: chrome=124.0.6367.92)
For documentation on this error, please visit: https://www.selenium.dev/documentation/webdriver/troubleshooting/errors#no-such-element-exception
Build info: version: &amp;apos;4.16.1&amp;apos;, revision: &amp;apos;9b4c83354e&amp;apos;
System info: os.name: &amp;apos;Mac OS X&amp;apos;, os.arch: &amp;apos;aarch64&amp;apos;, os.version: &amp;apos;14.4.1&amp;apos;, java.version: &amp;apos;21.0.1&amp;apos;
Driver info: org.openqa.selenium.chrome.ChromeDriver
Command: [3aba7b60cb40ae1f0ee1a48f8459d8dc, findElement {using=id, value=batch}]
Capabilities {acceptInsecureCerts: false, browserName: chrome, browserVersion: 124.0.6367.92, chrome: {chromedriverVersion: 124.0.6367.91 (51df0e5e17a8..., userDataDir: /var/folders/qz/43vf7hk55fz...}, fedcm:accounts: true, goog:chromeOptions: {debuggerAddress: localhost:57640}, networkConnectionEnabled: false, pageLoadStrategy: normal, platformName: mac, proxy: Proxy(), se:cdp: ws://localhost:57640/devtoo..., se:cdpVersion: 124.0.6367.92, setWindowRect: true, strictFileInteractability: false, timeouts: {implicit: 0, pageLoad: 300000, script: 30000}, unhandledPromptBehavior: dismiss and notify, webauthn:extension:credBlob: true, webauthn:extension:largeBlob: true, webauthn:extension:minPinLength: true, webauthn:extension:prf: true, webauthn:virtualAuthenticators: true}
Session ID: 3aba7b60cb40ae1f0ee1a48f8459d8dc">
      <![CDATA[org.openqa.selenium.NoSuchElementException: no such element: Unable to locate element: {"method":"css selector","selector":"#batch"}
  (Session info: chrome=124.0.6367.92)
For documentation on this error, please visit: https://www.selenium.dev/documentation/webdriver/troubleshooting/errors#no-such-element-exception
Build info: version: '4.16.1', revision: '9b4c83354e'
System info: os.name: 'Mac OS X', os.arch: 'aarch64', os.version: '14.4.1', java.version: '21.0.1'
Driver info: org.openqa.selenium.chrome.ChromeDriver
Command: [3aba7b60cb40ae1f0ee1a48f8459d8dc, findElement {using=id, value=batch}]
Capabilities {acceptInsecureCerts: false, browserName: chrome, browserVersion: 124.0.6367.92, chrome: {chromedriverVersion: 124.0.6367.91 (51df0e5e17a8..., userDataDir: /var/folders/qz/43vf7hk55fz...}, fedcm:accounts: true, goog:chromeOptions: {debuggerAddress: localhost:57640}, networkConnectionEnabled: false, pageLoadStrategy: normal, platformName: mac, proxy: Proxy(), se:cdp: ws://localhost:57640/devtoo..., se:cdpVersion: 124.0.6367.92, setWindowRect: true, strictFileInteractability: false, timeouts: {implicit: 0, pageLoad: 300000, script: 30000}, unhandledPromptBehavior: dismiss and notify, webauthn:extension:credBlob: true, webauthn:extension:largeBlob: true, webauthn:extension:minPinLength: true, webauthn:extension:prf: true, webauthn:virtualAuthenticators: true}
Session ID: 3aba7b60cb40ae1f0ee1a48f8459d8dc
at java.base/jdk.internal.reflect.DirectConstructorHandleAccessor.newInstance(DirectConstructorHandleAccessor.java:62)
at java.base/java.lang.reflect.Constructor.newInstanceWithCaller(Constructor.java:502)
at java.base/java.lang.reflect.Constructor.newInstance(Constructor.java:486)
at org.openqa.selenium.remote.codec.w3c.W3CHttpResponseCodec.createException(W3CHttpResponseCodec.java:200)
at org.openqa.selenium.remote.codec.w3c.W3CHttpResponseCodec.decode(W3CHttpResponseCodec.java:133)
at org.openqa.selenium.remote.codec.w3c.W3CHttpResponseCodec.decode(W3CHttpResponseCodec.java:52)
at org.openqa.selenium.remote.HttpCommandExecutor.execute(HttpCommandExecutor.java:191)
at org.openqa.selenium.remote.service.DriverCommandExecutor.invokeExecute(DriverCommandExecutor.java:200)
at org.openqa.selenium.remote.service.DriverCommandExecutor.execute(DriverCommandExecutor.java:175)
at org.openqa.selenium.remote.RemoteWebDriver.execute(RemoteWebDriver.java:523)
at org.openqa.selenium.remote.ElementLocation$ElementFinder$2.findElement(ElementLocation.java:165)
at org.openqa.selenium.remote.ElementLocation.findElement(ElementLocation.java:59)
at org.openqa.selenium.remote.RemoteWebDriver.findElement(RemoteWebDriver.java:360)
at org.openqa.selenium.remote.RemoteWebDriver.findElement(RemoteWebDriver.java:354)
at org.openqa.selenium.support.pagefactory.DefaultElementLocator.findElement(DefaultElementLocator.java:68)
at org.openqa.selenium.support.pagefactory.internal.LocatingElementHandler.invoke(LocatingElementHandler.java:38)
at jdk.proxy2/jdk.proxy2.$Proxy39.click(Unknown Source)
at com.pageObjects.BatchPageObject.clickBatchBtn(BatchPageObject.java:40)
at com.stepDefinitions.ManageBatch_steps.admin_clicks_batch_from_navigation_bar(ManageBatch_steps.java:25)
at ✽.Admin clicks Batch from navigation bar(file:///Users/perumalramamoorthy/git/Team04_LMS_WebAutomaters/src/test/resources/Features/005_ManageBatch.feature:6)
]]>
    </failure>
  </testcase> <!-- runScenario -->
  <testcase classname="io.cucumber.testng.AbstractTestNGCucumberTests" name="runScenario" time="5.237">
    <failure type="org.openqa.selenium.NoSuchElementException" message="no such element: Unable to locate element: {&amp;quot;method&amp;quot;:&amp;quot;css selector&amp;quot;,&amp;quot;selector&amp;quot;:&amp;quot;#batch&amp;quot;}
  (Session info: chrome=124.0.6367.92)
For documentation on this error, please visit: https://www.selenium.dev/documentation/webdriver/troubleshooting/errors#no-such-element-exception
Build info: version: &amp;apos;4.16.1&amp;apos;, revision: &amp;apos;9b4c83354e&amp;apos;
System info: os.name: &amp;apos;Mac OS X&amp;apos;, os.arch: &amp;apos;aarch64&amp;apos;, os.version: &amp;apos;14.4.1&amp;apos;, java.version: &amp;apos;21.0.1&amp;apos;
Driver info: org.openqa.selenium.chrome.ChromeDriver
Command: [3aba7b60cb40ae1f0ee1a48f8459d8dc, findElement {using=id, value=batch}]
Capabilities {acceptInsecureCerts: false, browserName: chrome, browserVersion: 124.0.6367.92, chrome: {chromedriverVersion: 124.0.6367.91 (51df0e5e17a8..., userDataDir: /var/folders/qz/43vf7hk55fz...}, fedcm:accounts: true, goog:chromeOptions: {debuggerAddress: localhost:57640}, networkConnectionEnabled: false, pageLoadStrategy: normal, platformName: mac, proxy: Proxy(), se:cdp: ws://localhost:57640/devtoo..., se:cdpVersion: 124.0.6367.92, setWindowRect: true, strictFileInteractability: false, timeouts: {implicit: 0, pageLoad: 300000, script: 30000}, unhandledPromptBehavior: dismiss and notify, webauthn:extension:credBlob: true, webauthn:extension:largeBlob: true, webauthn:extension:minPinLength: true, webauthn:extension:prf: true, webauthn:virtualAuthenticators: true}
Session ID: 3aba7b60cb40ae1f0ee1a48f8459d8dc">
      <![CDATA[org.openqa.selenium.NoSuchElementException: no such element: Unable to locate element: {"method":"css selector","selector":"#batch"}
  (Session info: chrome=124.0.6367.92)
For documentation on this error, please visit: https://www.selenium.dev/documentation/webdriver/troubleshooting/errors#no-such-element-exception
Build info: version: '4.16.1', revision: '9b4c83354e'
System info: os.name: 'Mac OS X', os.arch: 'aarch64', os.version: '14.4.1', java.version: '21.0.1'
Driver info: org.openqa.selenium.chrome.ChromeDriver
Command: [3aba7b60cb40ae1f0ee1a48f8459d8dc, findElement {using=id, value=batch}]
Capabilities {acceptInsecureCerts: false, browserName: chrome, browserVersion: 124.0.6367.92, chrome: {chromedriverVersion: 124.0.6367.91 (51df0e5e17a8..., userDataDir: /var/folders/qz/43vf7hk55fz...}, fedcm:accounts: true, goog:chromeOptions: {debuggerAddress: localhost:57640}, networkConnectionEnabled: false, pageLoadStrategy: normal, platformName: mac, proxy: Proxy(), se:cdp: ws://localhost:57640/devtoo..., se:cdpVersion: 124.0.6367.92, setWindowRect: true, strictFileInteractability: false, timeouts: {implicit: 0, pageLoad: 300000, script: 30000}, unhandledPromptBehavior: dismiss and notify, webauthn:extension:credBlob: true, webauthn:extension:largeBlob: true, webauthn:extension:minPinLength: true, webauthn:extension:prf: true, webauthn:virtualAuthenticators: true}
Session ID: 3aba7b60cb40ae1f0ee1a48f8459d8dc
at java.base/jdk.internal.reflect.DirectConstructorHandleAccessor.newInstance(DirectConstructorHandleAccessor.java:62)
at java.base/java.lang.reflect.Constructor.newInstanceWithCaller(Constructor.java:502)
at java.base/java.lang.reflect.Constructor.newInstance(Constructor.java:486)
at org.openqa.selenium.remote.codec.w3c.W3CHttpResponseCodec.createException(W3CHttpResponseCodec.java:200)
at org.openqa.selenium.remote.codec.w3c.W3CHttpResponseCodec.decode(W3CHttpResponseCodec.java:133)
at org.openqa.selenium.remote.codec.w3c.W3CHttpResponseCodec.decode(W3CHttpResponseCodec.java:52)
at org.openqa.selenium.remote.HttpCommandExecutor.execute(HttpCommandExecutor.java:191)
at org.openqa.selenium.remote.service.DriverCommandExecutor.invokeExecute(DriverCommandExecutor.java:200)
at org.openqa.selenium.remote.service.DriverCommandExecutor.execute(DriverCommandExecutor.java:175)
at org.openqa.selenium.remote.RemoteWebDriver.execute(RemoteWebDriver.java:523)
at org.openqa.selenium.remote.ElementLocation$ElementFinder$2.findElement(ElementLocation.java:165)
at org.openqa.selenium.remote.ElementLocation.findElement(ElementLocation.java:59)
at org.openqa.selenium.remote.RemoteWebDriver.findElement(RemoteWebDriver.java:360)
at org.openqa.selenium.remote.RemoteWebDriver.findElement(RemoteWebDriver.java:354)
at org.openqa.selenium.support.pagefactory.DefaultElementLocator.findElement(DefaultElementLocator.java:68)
at org.openqa.selenium.support.pagefactory.internal.LocatingElementHandler.invoke(LocatingElementHandler.java:38)
at jdk.proxy2/jdk.proxy2.$Proxy39.click(Unknown Source)
at com.pageObjects.BatchPageObject.clickBatchBtn(BatchPageObject.java:40)
at com.stepDefinitions.ManageBatch_steps.admin_clicks_batch_from_navigation_bar(ManageBatch_steps.java:25)
at ✽.Admin clicks Batch from navigation bar(file:///Users/perumalramamoorthy/git/Team04_LMS_WebAutomaters/src/test/resources/Features/005_ManageBatch.feature:6)
]]>
    </failure>
  </testcase> <!-- runScenario -->
</testsuite> <!-- Default test -->
