<?xml version="1.0" encoding="UTF-8"?>
<testng-results ignored="0" total="67" passed="49" failed="18" skipped="0">
  <reporter-output>
  </reporter-output>
  <suite started-at="2024-04-30T19:17:11 EDT" name="Default suite" finished-at="2024-04-30T19:19:03 EDT" duration-ms="112241">
    <groups>
      <group name="cucumber">
        <method signature="AbstractTestNGCucumberTests.runScenario(io.cucumber.testng.PickleWrapper,io.cucumber.testng.FeatureWrapper)[pri:0, instance:com.TesRunner.TestNgTestRunner@15ca7889]" name="runScenario" class="io.cucumber.testng.AbstractTestNGCucumberTests"/>
      </group> <!-- cucumber -->
    </groups>
    <test started-at="2024-04-30T19:17:11 EDT" name="Default test" finished-at="2024-04-30T19:19:03 EDT" duration-ms="112241">
      <class name="com.TesRunner.TestNgTestRunner">
        <test-method is-config="true" signature="setUpClass(org.testng.ITestContext)[pri:0, instance:com.TesRunner.TestNgTestRunner@15ca7889]" started-at="2024-04-30T19:17:11 EDT" name="setUpClass" finished-at="2024-04-30T19:17:12 EDT" duration-ms="668" status="PASS">
          <params>
            <param index="0">
              <value>
                <![CDATA[org.testng.TestRunner@59ac77f9]]>
              </value>
            </param>
          </params>
          <reporter-output>
          </reporter-output>
        </test-method> <!-- setUpClass -->
        <test-method signature="runScenario(io.cucumber.testng.PickleWrapper,io.cucumber.testng.FeatureWrapper)[pri:0, instance:com.TesRunner.TestNgTestRunner@15ca7889]" started-at="2024-04-30T19:17:12 EDT" name="runScenario" description="Runs Cucumber Scenarios" data-provider="scenarios" finished-at="2024-04-30T19:17:20 EDT" duration-ms="8630" status="PASS">
          <params>
            <param index="0">
              <value>
                <![CDATA["Verify admin is able to land on home page"]]>
              </value>
            </param>
            <param index="1">
              <value>
                <![CDATA["Homepage verification"]]>
              </value>
            </param>
          </params>
          <reporter-output>
          </reporter-output>
        </test-method> <!-- runScenario -->
        <test-method signature="runScenario(io.cucumber.testng.PickleWrapper,io.cucumber.testng.FeatureWrapper)[pri:0, instance:com.TesRunner.TestNgTestRunner@15ca7889]" started-at="2024-04-30T19:17:20 EDT" name="runScenario" description="Runs Cucumber Scenarios" data-provider="scenarios" finished-at="2024-04-30T19:17:31 EDT" duration-ms="10639" status="PASS">
          <params>
            <param index="0">
              <value>
                <![CDATA["Verify admin is able to land on home page with invalid URL"]]>
              </value>
            </param>
            <param index="1">
              <value>
                <![CDATA["Homepage verification"]]>
              </value>
            </param>
          </params>
          <reporter-output>
          </reporter-output>
        </test-method> <!-- runScenario -->
        <test-method signature="runScenario(io.cucumber.testng.PickleWrapper,io.cucumber.testng.FeatureWrapper)[pri:0, instance:com.TesRunner.TestNgTestRunner@15ca7889]" started-at="2024-04-30T19:17:31 EDT" name="runScenario" description="Runs Cucumber Scenarios" data-provider="scenarios" finished-at="2024-04-30T19:17:37 EDT" duration-ms="5467" status="PASS">
          <params>
            <param index="0">
              <value>
                <![CDATA["Verify for broken link in login page"]]>
              </value>
            </param>
            <param index="1">
              <value>
                <![CDATA["Homepage verification"]]>
              </value>
            </param>
          </params>
          <reporter-output>
          </reporter-output>
        </test-method> <!-- runScenario -->
        <test-method signature="runScenario(io.cucumber.testng.PickleWrapper,io.cucumber.testng.FeatureWrapper)[pri:0, instance:com.TesRunner.TestNgTestRunner@15ca7889]" started-at="2024-04-30T19:17:37 EDT" name="runScenario" description="Runs Cucumber Scenarios" data-provider="scenarios" finished-at="2024-04-30T19:17:42 EDT" duration-ms="5229" status="PASS">
          <params>
            <param index="0">
              <value>
                <![CDATA["Verify the text spelling in the page"]]>
              </value>
            </param>
            <param index="1">
              <value>
                <![CDATA["Homepage verification"]]>
              </value>
            </param>
          </params>
          <reporter-output>
          </reporter-output>
        </test-method> <!-- runScenario -->
        <test-method signature="runScenario(io.cucumber.testng.PickleWrapper,io.cucumber.testng.FeatureWrapper)[pri:0, instance:com.TesRunner.TestNgTestRunner@15ca7889]" started-at="2024-04-30T19:17:42 EDT" name="runScenario" description="Runs Cucumber Scenarios" data-provider="scenarios" finished-at="2024-04-30T19:17:42 EDT" duration-ms="383" status="PASS">
          <params>
            <param index="0">
              <value>
                <![CDATA["Verify the company logo alignment"]]>
              </value>
            </param>
            <param index="1">
              <value>
                <![CDATA["Homepage verification"]]>
              </value>
            </param>
          </params>
          <reporter-output>
          </reporter-output>
        </test-method> <!-- runScenario -->
        <test-method signature="runScenario(io.cucumber.testng.PickleWrapper,io.cucumber.testng.FeatureWrapper)[pri:0, instance:com.TesRunner.TestNgTestRunner@15ca7889]" started-at="2024-04-30T19:17:42 EDT" name="runScenario" description="Runs Cucumber Scenarios" data-provider="scenarios" finished-at="2024-04-30T19:17:42 EDT" duration-ms="241" status="PASS">
          <params>
            <param index="0">
              <value>
                <![CDATA["Verify the company logo is present"]]>
              </value>
            </param>
            <param index="1">
              <value>
                <![CDATA["Homepage verification"]]>
              </value>
            </param>
          </params>
          <reporter-output>
          </reporter-output>
        </test-method> <!-- runScenario -->
        <test-method signature="runScenario(io.cucumber.testng.PickleWrapper,io.cucumber.testng.FeatureWrapper)[pri:0, instance:com.TesRunner.TestNgTestRunner@15ca7889]" started-at="2024-04-30T19:17:42 EDT" name="runScenario" description="Runs Cucumber Scenarios" data-provider="scenarios" finished-at="2024-04-30T19:17:43 EDT" duration-ms="285" status="PASS">
          <params>
            <param index="0">
              <value>
                <![CDATA["Verify application name"]]>
              </value>
            </param>
            <param index="1">
              <value>
                <![CDATA["Homepage verification"]]>
              </value>
            </param>
          </params>
          <reporter-output>
          </reporter-output>
        </test-method> <!-- runScenario -->
        <test-method signature="runScenario(io.cucumber.testng.PickleWrapper,io.cucumber.testng.FeatureWrapper)[pri:0, instance:com.TesRunner.TestNgTestRunner@15ca7889]" started-at="2024-04-30T19:17:43 EDT" name="runScenario" description="Runs Cucumber Scenarios" data-provider="scenarios" finished-at="2024-04-30T19:17:43 EDT" duration-ms="259" status="PASS">
          <params>
            <param index="0">
              <value>
                <![CDATA["Verify company name"]]>
              </value>
            </param>
            <param index="1">
              <value>
                <![CDATA["Homepage verification"]]>
              </value>
            </param>
          </params>
          <reporter-output>
          </reporter-output>
        </test-method> <!-- runScenario -->
        <test-method signature="runScenario(io.cucumber.testng.PickleWrapper,io.cucumber.testng.FeatureWrapper)[pri:0, instance:com.TesRunner.TestNgTestRunner@15ca7889]" started-at="2024-04-30T19:17:43 EDT" name="runScenario" description="Runs Cucumber Scenarios" data-provider="scenarios" finished-at="2024-04-30T19:17:43 EDT" duration-ms="226" status="PASS">
          <params>
            <param index="0">
              <value>
                <![CDATA["Validate sign in content"]]>
              </value>
            </param>
            <param index="1">
              <value>
                <![CDATA["Homepage verification"]]>
              </value>
            </param>
          </params>
          <reporter-output>
          </reporter-output>
        </test-method> <!-- runScenario -->
        <test-method signature="runScenario(io.cucumber.testng.PickleWrapper,io.cucumber.testng.FeatureWrapper)[pri:0, instance:com.TesRunner.TestNgTestRunner@15ca7889]" started-at="2024-04-30T19:17:43 EDT" name="runScenario" description="Runs Cucumber Scenarios" data-provider="scenarios" finished-at="2024-04-30T19:17:43 EDT" duration-ms="216" status="PASS">
          <params>
            <param index="0">
              <value>
                <![CDATA["Verify text field is present"]]>
              </value>
            </param>
            <param index="1">
              <value>
                <![CDATA["Homepage verification"]]>
              </value>
            </param>
          </params>
          <reporter-output>
          </reporter-output>
        </test-method> <!-- runScenario -->
        <test-method signature="runScenario(io.cucumber.testng.PickleWrapper,io.cucumber.testng.FeatureWrapper)[pri:0, instance:com.TesRunner.TestNgTestRunner@15ca7889]" started-at="2024-04-30T19:17:43 EDT" name="runScenario" description="Runs Cucumber Scenarios" data-provider="scenarios" finished-at="2024-04-30T19:17:44 EDT" duration-ms="256" status="PASS">
          <params>
            <param index="0">
              <value>
                <![CDATA["Verify text on the first text field"]]>
              </value>
            </param>
            <param index="1">
              <value>
                <![CDATA["Homepage verification"]]>
              </value>
            </param>
          </params>
          <reporter-output>
          </reporter-output>
        </test-method> <!-- runScenario -->
        <test-method signature="runScenario(io.cucumber.testng.PickleWrapper,io.cucumber.testng.FeatureWrapper)[pri:0, instance:com.TesRunner.TestNgTestRunner@15ca7889]" started-at="2024-04-30T19:17:44 EDT" name="runScenario" description="Runs Cucumber Scenarios" data-provider="scenarios" finished-at="2024-04-30T19:17:44 EDT" duration-ms="248" status="PASS">
          <params>
            <param index="0">
              <value>
                <![CDATA["Verify asterik next to user text"]]>
              </value>
            </param>
            <param index="1">
              <value>
                <![CDATA["Homepage verification"]]>
              </value>
            </param>
          </params>
          <reporter-output>
          </reporter-output>
        </test-method> <!-- runScenario -->
        <test-method signature="runScenario(io.cucumber.testng.PickleWrapper,io.cucumber.testng.FeatureWrapper)[pri:0, instance:com.TesRunner.TestNgTestRunner@15ca7889]" started-at="2024-04-30T19:17:44 EDT" name="runScenario" description="Runs Cucumber Scenarios" data-provider="scenarios" finished-at="2024-04-30T19:17:44 EDT" duration-ms="248" status="PASS">
          <params>
            <param index="0">
              <value>
                <![CDATA["Verify text on the Second text field"]]>
              </value>
            </param>
            <param index="1">
              <value>
                <![CDATA["Homepage verification"]]>
              </value>
            </param>
          </params>
          <reporter-output>
          </reporter-output>
        </test-method> <!-- runScenario -->
        <test-method signature="runScenario(io.cucumber.testng.PickleWrapper,io.cucumber.testng.FeatureWrapper)[pri:0, instance:com.TesRunner.TestNgTestRunner@15ca7889]" started-at="2024-04-30T19:17:44 EDT" name="runScenario" description="Runs Cucumber Scenarios" data-provider="scenarios" finished-at="2024-04-30T19:17:44 EDT" duration-ms="233" status="PASS">
          <params>
            <param index="0">
              <value>
                <![CDATA["Admin should see * symbol next to password text"]]>
              </value>
            </param>
            <param index="1">
              <value>
                <![CDATA["Homepage verification"]]>
              </value>
            </param>
          </params>
          <reporter-output>
          </reporter-output>
        </test-method> <!-- runScenario -->
        <test-method signature="runScenario(io.cucumber.testng.PickleWrapper,io.cucumber.testng.FeatureWrapper)[pri:0, instance:com.TesRunner.TestNgTestRunner@15ca7889]" started-at="2024-04-30T19:17:44 EDT" name="runScenario" description="Runs Cucumber Scenarios" data-provider="scenarios" finished-at="2024-04-30T19:17:45 EDT" duration-ms="318" status="PASS">
          <params>
            <param index="0">
              <value>
                <![CDATA["Verify the alignment of input fields for the login"]]>
              </value>
            </param>
            <param index="1">
              <value>
                <![CDATA["Homepage verification"]]>
              </value>
            </param>
          </params>
          <reporter-output>
          </reporter-output>
        </test-method> <!-- runScenario -->
        <test-method signature="runScenario(io.cucumber.testng.PickleWrapper,io.cucumber.testng.FeatureWrapper)[pri:0, instance:com.TesRunner.TestNgTestRunner@15ca7889]" started-at="2024-04-30T19:17:45 EDT" name="runScenario" description="Runs Cucumber Scenarios" data-provider="scenarios" finished-at="2024-04-30T19:17:45 EDT" duration-ms="273" status="PASS">
          <params>
            <param index="0">
              <value>
                <![CDATA["verify Login is present"]]>
              </value>
            </param>
            <param index="1">
              <value>
                <![CDATA["Homepage verification"]]>
              </value>
            </param>
          </params>
          <reporter-output>
          </reporter-output>
        </test-method> <!-- runScenario -->
        <test-method signature="runScenario(io.cucumber.testng.PickleWrapper,io.cucumber.testng.FeatureWrapper)[pri:0, instance:com.TesRunner.TestNgTestRunner@15ca7889]" started-at="2024-04-30T19:17:45 EDT" name="runScenario" description="Runs Cucumber Scenarios" data-provider="scenarios" finished-at="2024-04-30T19:17:45 EDT" duration-ms="352" status="PASS">
          <params>
            <param index="0">
              <value>
                <![CDATA["Verify the alignment of the login button"]]>
              </value>
            </param>
            <param index="1">
              <value>
                <![CDATA["Homepage verification"]]>
              </value>
            </param>
          </params>
          <reporter-output>
          </reporter-output>
        </test-method> <!-- runScenario -->
        <test-method signature="runScenario(io.cucumber.testng.PickleWrapper,io.cucumber.testng.FeatureWrapper)[pri:0, instance:com.TesRunner.TestNgTestRunner@15ca7889]" started-at="2024-04-30T19:17:45 EDT" name="runScenario" description="Runs Cucumber Scenarios" data-provider="scenarios" finished-at="2024-04-30T19:17:46 EDT" duration-ms="231" status="PASS">
          <params>
            <param index="0">
              <value>
                <![CDATA["Verify input descriptive text in user field"]]>
              </value>
            </param>
            <param index="1">
              <value>
                <![CDATA["Homepage verification"]]>
              </value>
            </param>
          </params>
          <reporter-output>
          </reporter-output>
        </test-method> <!-- runScenario -->
        <test-method signature="runScenario(io.cucumber.testng.PickleWrapper,io.cucumber.testng.FeatureWrapper)[pri:0, instance:com.TesRunner.TestNgTestRunner@15ca7889]" started-at="2024-04-30T19:17:46 EDT" name="runScenario" description="Runs Cucumber Scenarios" data-provider="scenarios" finished-at="2024-04-30T19:17:46 EDT" duration-ms="248" status="PASS">
          <params>
            <param index="0">
              <value>
                <![CDATA["Verify input descriptive text in password field"]]>
              </value>
            </param>
            <param index="1">
              <value>
                <![CDATA["Homepage verification"]]>
              </value>
            </param>
          </params>
          <reporter-output>
          </reporter-output>
        </test-method> <!-- runScenario -->
        <test-method signature="runScenario(io.cucumber.testng.PickleWrapper,io.cucumber.testng.FeatureWrapper)[pri:0, instance:com.TesRunner.TestNgTestRunner@15ca7889]" started-at="2024-04-30T19:17:46 EDT" name="runScenario" description="Runs Cucumber Scenarios" data-provider="scenarios" finished-at="2024-04-30T19:17:53 EDT" duration-ms="6914" status="PASS">
          <params>
            <param index="0">
              <value>
                <![CDATA["Validate login with null password"]]>
              </value>
            </param>
            <param index="1">
              <value>
                <![CDATA["Homepage verification"]]>
              </value>
            </param>
          </params>
          <reporter-output>
          </reporter-output>
        </test-method> <!-- runScenario -->
        <test-method signature="runScenario(io.cucumber.testng.PickleWrapper,io.cucumber.testng.FeatureWrapper)[pri:0, instance:com.TesRunner.TestNgTestRunner@15ca7889]" started-at="2024-04-30T19:17:53 EDT" name="runScenario" description="Runs Cucumber Scenarios" data-provider="scenarios" finished-at="2024-04-30T19:17:59 EDT" duration-ms="5847" status="FAIL">
          <params>
            <param index="0">
              <value>
                <![CDATA["Validate login with null username"]]>
              </value>
            </param>
            <param index="1">
              <value>
                <![CDATA["Homepage verification"]]>
              </value>
            </param>
          </params>
          <exception class="org.openqa.selenium.NoSuchElementException">
            <message>
              <![CDATA[no such element: Unable to locate element: {"method":"xpath","selector":"//div/mat-error[@id='mat-error-0']"}
  (Session info: chrome=124.0.6367.92)
For documentation on this error, please visit: https://www.selenium.dev/documentation/webdriver/troubleshooting/errors#no-such-element-exception
Build info: version: '4.16.1', revision: '9b4c83354e'
System info: os.name: 'Windows 11', os.arch: 'amd64', os.version: '10.0', java.version: '20.0.1'
Driver info: org.openqa.selenium.chrome.ChromeDriver
Command: [bd7bd9a8fa654a2dfc8afa9bd699a31e, findElement {using=xpath, value=//div/mat-error[@id='mat-error-0']}]
Capabilities {acceptInsecureCerts: false, browserName: chrome, browserVersion: 124.0.6367.92, chrome: {chromedriverVersion: 124.0.6367.91 (51df0e5e17a8..., userDataDir: C:\Users\kiran\AppData\Loca...}, fedcm:accounts: true, goog:chromeOptions: {debuggerAddress: localhost:58819}, networkConnectionEnabled: false, pageLoadStrategy: normal, platformName: windows, proxy: Proxy(), se:cdp: ws://localhost:58819/devtoo..., se:cdpVersion: 124.0.6367.92, setWindowRect: true, strictFileInteractability: false, timeouts: {implicit: 0, pageLoad: 300000, script: 30000}, unhandledPromptBehavior: dismiss and notify, webauthn:extension:credBlob: true, webauthn:extension:largeBlob: true, webauthn:extension:minPinLength: true, webauthn:extension:prf: true, webauthn:virtualAuthenticators: true}
Session ID: bd7bd9a8fa654a2dfc8afa9bd699a31e]]>
            </message>
            <full-stacktrace>
              <![CDATA[org.openqa.selenium.NoSuchElementException: no such element: Unable to locate element: {"method":"xpath","selector":"//div/mat-error[@id='mat-error-0']"}
  (Session info: chrome=124.0.6367.92)
For documentation on this error, please visit: https://www.selenium.dev/documentation/webdriver/troubleshooting/errors#no-such-element-exception
Build info: version: '4.16.1', revision: '9b4c83354e'
System info: os.name: 'Windows 11', os.arch: 'amd64', os.version: '10.0', java.version: '20.0.1'
Driver info: org.openqa.selenium.chrome.ChromeDriver
Command: [bd7bd9a8fa654a2dfc8afa9bd699a31e, findElement {using=xpath, value=//div/mat-error[@id='mat-error-0']}]
Capabilities {acceptInsecureCerts: false, browserName: chrome, browserVersion: 124.0.6367.92, chrome: {chromedriverVersion: 124.0.6367.91 (51df0e5e17a8..., userDataDir: C:\Users\kiran\AppData\Loca...}, fedcm:accounts: true, goog:chromeOptions: {debuggerAddress: localhost:58819}, networkConnectionEnabled: false, pageLoadStrategy: normal, platformName: windows, proxy: Proxy(), se:cdp: ws://localhost:58819/devtoo..., se:cdpVersion: 124.0.6367.92, setWindowRect: true, strictFileInteractability: false, timeouts: {implicit: 0, pageLoad: 300000, script: 30000}, unhandledPromptBehavior: dismiss and notify, webauthn:extension:credBlob: true, webauthn:extension:largeBlob: true, webauthn:extension:minPinLength: true, webauthn:extension:prf: true, webauthn:virtualAuthenticators: true}
Session ID: bd7bd9a8fa654a2dfc8afa9bd699a31e
at java.base/jdk.internal.reflect.DirectConstructorHandleAccessor.newInstance(DirectConstructorHandleAccessor.java:67)
at java.base/java.lang.reflect.Constructor.newInstanceWithCaller(Constructor.java:500)
at java.base/java.lang.reflect.Constructor.newInstance(Constructor.java:484)
at org.openqa.selenium.remote.codec.w3c.W3CHttpResponseCodec.createException(W3CHttpResponseCodec.java:200)
at org.openqa.selenium.remote.codec.w3c.W3CHttpResponseCodec.decode(W3CHttpResponseCodec.java:133)
at org.openqa.selenium.remote.codec.w3c.W3CHttpResponseCodec.decode(W3CHttpResponseCodec.java:52)
at org.openqa.selenium.remote.HttpCommandExecutor.execute(HttpCommandExecutor.java:191)
at org.openqa.selenium.remote.service.DriverCommandExecutor.invokeExecute(DriverCommandExecutor.java:200)
at org.openqa.selenium.remote.service.DriverCommandExecutor.execute(DriverCommandExecutor.java:175)
at org.openqa.selenium.remote.RemoteWebDriver.execute(RemoteWebDriver.java:523)
at org.openqa.selenium.remote.ElementLocation$ElementFinder$2.findElement(ElementLocation.java:165)
at org.openqa.selenium.remote.ElementLocation.findElement(ElementLocation.java:59)
at org.openqa.selenium.remote.RemoteWebDriver.findElement(RemoteWebDriver.java:360)
at org.openqa.selenium.remote.RemoteWebDriver.findElement(RemoteWebDriver.java:354)
at org.openqa.selenium.support.pagefactory.DefaultElementLocator.findElement(DefaultElementLocator.java:68)
at org.openqa.selenium.support.pagefactory.internal.LocatingElementHandler.invoke(LocatingElementHandler.java:38)
at jdk.proxy2/jdk.proxy2.$Proxy40.getText(Unknown Source)
at com.pageObjects.LoginPageObject.BlankUserMessage(LoginPageObject.java:73)
at com.stepDefinitions.LoginPage_steps.error_message_for_null_username(LoginPage_steps.java:290)
at ✽.Error message for null username " Please enter your user name "(file:///C:/Users/kiran/eclipse-workspace/Team04_LMS_WebAutomaters/src/test/resources/Features/002_LoginPage.feature:23)
]]>
            </full-stacktrace>
          </exception> <!-- org.openqa.selenium.NoSuchElementException -->
          <reporter-output>
          </reporter-output>
        </test-method> <!-- runScenario -->
        <test-method signature="runScenario(io.cucumber.testng.PickleWrapper,io.cucumber.testng.FeatureWrapper)[pri:0, instance:com.TesRunner.TestNgTestRunner@15ca7889]" started-at="2024-04-30T19:17:59 EDT" name="runScenario" description="Runs Cucumber Scenarios" data-provider="scenarios" finished-at="2024-04-30T19:18:01 EDT" duration-ms="2026" status="PASS">
          <params>
            <param index="0">
              <value>
                <![CDATA["Validate login with invalid credentials"]]>
              </value>
            </param>
            <param index="1">
              <value>
                <![CDATA["Homepage verification"]]>
              </value>
            </param>
          </params>
          <reporter-output>
          </reporter-output>
        </test-method> <!-- runScenario -->
        <test-method signature="runScenario(io.cucumber.testng.PickleWrapper,io.cucumber.testng.FeatureWrapper)[pri:0, instance:com.TesRunner.TestNgTestRunner@15ca7889]" started-at="2024-04-30T19:18:01 EDT" name="runScenario" description="Runs Cucumber Scenarios" data-provider="scenarios" finished-at="2024-04-30T19:18:01 EDT" duration-ms="420" status="PASS">
          <params>
            <param index="0">
              <value>
                <![CDATA["Validate login with valid Credentials"]]>
              </value>
            </param>
            <param index="1">
              <value>
                <![CDATA["Homepage verification"]]>
              </value>
            </param>
          </params>
          <reporter-output>
          </reporter-output>
        </test-method> <!-- runScenario -->
        <test-method signature="runScenario(io.cucumber.testng.PickleWrapper,io.cucumber.testng.FeatureWrapper)[pri:0, instance:com.TesRunner.TestNgTestRunner@15ca7889]" started-at="2024-04-30T19:18:01 EDT" name="runScenario" description="Runs Cucumber Scenarios" data-provider="scenarios" finished-at="2024-04-30T19:18:02 EDT" duration-ms="576" status="PASS">
          <params>
            <param index="0">
              <value>
                <![CDATA["verify login button action through mouse"]]>
              </value>
            </param>
            <param index="1">
              <value>
                <![CDATA["Homepage verification"]]>
              </value>
            </param>
          </params>
          <reporter-output>
          </reporter-output>
        </test-method> <!-- runScenario -->
        <test-method signature="runScenario(io.cucumber.testng.PickleWrapper,io.cucumber.testng.FeatureWrapper)[pri:0, instance:com.TesRunner.TestNgTestRunner@15ca7889]" started-at="2024-04-30T19:18:02 EDT" name="runScenario" description="Runs Cucumber Scenarios" data-provider="scenarios" finished-at="2024-04-30T19:18:02 EDT" duration-ms="421" status="PASS">
          <params>
            <param index="0">
              <value>
                <![CDATA["verify login button action through Keyboard"]]>
              </value>
            </param>
            <param index="1">
              <value>
                <![CDATA["Homepage verification"]]>
              </value>
            </param>
          </params>
          <reporter-output>
          </reporter-output>
        </test-method> <!-- runScenario -->
        <test-method signature="runScenario(io.cucumber.testng.PickleWrapper,io.cucumber.testng.FeatureWrapper)[pri:0, instance:com.TesRunner.TestNgTestRunner@15ca7889]" started-at="2024-04-30T19:18:02 EDT" name="runScenario" description="Runs Cucumber Scenarios" data-provider="scenarios" finished-at="2024-04-30T19:18:02 EDT" duration-ms="208" status="PASS">
          <params>
            <param index="0">
              <value>
                <![CDATA["Verify after login  admin lands on manage program as dashboard page"]]>
              </value>
            </param>
            <param index="1">
              <value>
                <![CDATA["Dashboard Page"]]>
              </value>
            </param>
          </params>
          <reporter-output>
          </reporter-output>
        </test-method> <!-- runScenario -->
        <test-method signature="runScenario(io.cucumber.testng.PickleWrapper,io.cucumber.testng.FeatureWrapper)[pri:0, instance:com.TesRunner.TestNgTestRunner@15ca7889]" started-at="2024-04-30T19:18:02 EDT" name="runScenario" description="Runs Cucumber Scenarios" data-provider="scenarios" finished-at="2024-04-30T19:18:02 EDT" duration-ms="7" status="PASS">
          <params>
            <param index="0">
              <value>
                <![CDATA["Verify the response time"]]>
              </value>
            </param>
            <param index="1">
              <value>
                <![CDATA["Dashboard Page"]]>
              </value>
            </param>
          </params>
          <reporter-output>
          </reporter-output>
        </test-method> <!-- runScenario -->
        <test-method signature="runScenario(io.cucumber.testng.PickleWrapper,io.cucumber.testng.FeatureWrapper)[pri:0, instance:com.TesRunner.TestNgTestRunner@15ca7889]" started-at="2024-04-30T19:18:02 EDT" name="runScenario" description="Runs Cucumber Scenarios" data-provider="scenarios" finished-at="2024-04-30T19:18:07 EDT" duration-ms="5075" status="PASS">
          <params>
            <param index="0">
              <value>
                <![CDATA["Verify broken link"]]>
              </value>
            </param>
            <param index="1">
              <value>
                <![CDATA["Dashboard Page"]]>
              </value>
            </param>
          </params>
          <reporter-output>
          </reporter-output>
        </test-method> <!-- runScenario -->
        <test-method signature="runScenario(io.cucumber.testng.PickleWrapper,io.cucumber.testng.FeatureWrapper)[pri:0, instance:com.TesRunner.TestNgTestRunner@15ca7889]" started-at="2024-04-30T19:18:07 EDT" name="runScenario" description="Runs Cucumber Scenarios" data-provider="scenarios" finished-at="2024-04-30T19:18:07 EDT" duration-ms="43" status="PASS">
          <params>
            <param index="0">
              <value>
                <![CDATA["Verify LMS title"]]>
              </value>
            </param>
            <param index="1">
              <value>
                <![CDATA["Dashboard Page"]]>
              </value>
            </param>
          </params>
          <reporter-output>
          </reporter-output>
        </test-method> <!-- runScenario -->
        <test-method signature="runScenario(io.cucumber.testng.PickleWrapper,io.cucumber.testng.FeatureWrapper)[pri:0, instance:com.TesRunner.TestNgTestRunner@15ca7889]" started-at="2024-04-30T19:18:07 EDT" name="runScenario" description="Runs Cucumber Scenarios" data-provider="scenarios" finished-at="2024-04-30T19:18:07 EDT" duration-ms="56" status="PASS">
          <params>
            <param index="0">
              <value>
                <![CDATA["Verify  LMS title alignment"]]>
              </value>
            </param>
            <param index="1">
              <value>
                <![CDATA["Dashboard Page"]]>
              </value>
            </param>
          </params>
          <reporter-output>
          </reporter-output>
        </test-method> <!-- runScenario -->
        <test-method signature="runScenario(io.cucumber.testng.PickleWrapper,io.cucumber.testng.FeatureWrapper)[pri:0, instance:com.TesRunner.TestNgTestRunner@15ca7889]" started-at="2024-04-30T19:18:07 EDT" name="runScenario" description="Runs Cucumber Scenarios" data-provider="scenarios" finished-at="2024-04-30T19:18:09 EDT" duration-ms="1509" status="PASS">
          <params>
            <param index="0">
              <value>
                <![CDATA["Validate navigation bar text"]]>
              </value>
            </param>
            <param index="1">
              <value>
                <![CDATA["Dashboard Page"]]>
              </value>
            </param>
          </params>
          <reporter-output>
          </reporter-output>
        </test-method> <!-- runScenario -->
        <test-method signature="runScenario(io.cucumber.testng.PickleWrapper,io.cucumber.testng.FeatureWrapper)[pri:0, instance:com.TesRunner.TestNgTestRunner@15ca7889]" started-at="2024-04-30T19:18:09 EDT" name="runScenario" description="Runs Cucumber Scenarios" data-provider="scenarios" finished-at="2024-04-30T19:18:10 EDT" duration-ms="941" status="PASS">
          <params>
            <param index="0">
              <value>
                <![CDATA["Validate LMS title has correct spelling ang space"]]>
              </value>
            </param>
            <param index="1">
              <value>
                <![CDATA["Dashboard Page"]]>
              </value>
            </param>
          </params>
          <reporter-output>
          </reporter-output>
        </test-method> <!-- runScenario -->
        <test-method signature="runScenario(io.cucumber.testng.PickleWrapper,io.cucumber.testng.FeatureWrapper)[pri:0, instance:com.TesRunner.TestNgTestRunner@15ca7889]" started-at="2024-04-30T19:18:10 EDT" name="runScenario" description="Runs Cucumber Scenarios" data-provider="scenarios" finished-at="2024-04-30T19:18:10 EDT" duration-ms="65" status="PASS">
          <params>
            <param index="0">
              <value>
                <![CDATA["Validate alignment for navigation bar"]]>
              </value>
            </param>
            <param index="1">
              <value>
                <![CDATA["Dashboard Page"]]>
              </value>
            </param>
          </params>
          <reporter-output>
          </reporter-output>
        </test-method> <!-- runScenario -->
        <test-method signature="runScenario(io.cucumber.testng.PickleWrapper,io.cucumber.testng.FeatureWrapper)[pri:0, instance:com.TesRunner.TestNgTestRunner@15ca7889]" started-at="2024-04-30T19:18:10 EDT" name="runScenario" description="Runs Cucumber Scenarios" data-provider="scenarios" finished-at="2024-04-30T19:18:10 EDT" duration-ms="46" status="PASS">
          <params>
            <param index="0">
              <value>
                <![CDATA["Validate navigation bar order  1st Program"]]>
              </value>
            </param>
            <param index="1">
              <value>
                <![CDATA["Dashboard Page"]]>
              </value>
            </param>
          </params>
          <reporter-output>
          </reporter-output>
        </test-method> <!-- runScenario -->
        <test-method signature="runScenario(io.cucumber.testng.PickleWrapper,io.cucumber.testng.FeatureWrapper)[pri:0, instance:com.TesRunner.TestNgTestRunner@15ca7889]" started-at="2024-04-30T19:18:10 EDT" name="runScenario" description="Runs Cucumber Scenarios" data-provider="scenarios" finished-at="2024-04-30T19:18:10 EDT" duration-ms="65" status="PASS">
          <params>
            <param index="0">
              <value>
                <![CDATA["Validate navigation bar order  2nd Batch"]]>
              </value>
            </param>
            <param index="1">
              <value>
                <![CDATA["Dashboard Page"]]>
              </value>
            </param>
          </params>
          <reporter-output>
          </reporter-output>
        </test-method> <!-- runScenario -->
        <test-method signature="runScenario(io.cucumber.testng.PickleWrapper,io.cucumber.testng.FeatureWrapper)[pri:0, instance:com.TesRunner.TestNgTestRunner@15ca7889]" started-at="2024-04-30T19:18:10 EDT" name="runScenario" description="Runs Cucumber Scenarios" data-provider="scenarios" finished-at="2024-04-30T19:18:10 EDT" duration-ms="100" status="PASS">
          <params>
            <param index="0">
              <value>
                <![CDATA["Validate navigation bar order 3rd User"]]>
              </value>
            </param>
            <param index="1">
              <value>
                <![CDATA["Dashboard Page"]]>
              </value>
            </param>
          </params>
          <reporter-output>
          </reporter-output>
        </test-method> <!-- runScenario -->
        <test-method signature="runScenario(io.cucumber.testng.PickleWrapper,io.cucumber.testng.FeatureWrapper)[pri:0, instance:com.TesRunner.TestNgTestRunner@15ca7889]" started-at="2024-04-30T19:18:10 EDT" name="runScenario" description="Runs Cucumber Scenarios" data-provider="scenarios" finished-at="2024-04-30T19:18:10 EDT" duration-ms="132" status="PASS">
          <params>
            <param index="0">
              <value>
                <![CDATA["Validate navigation bar order 4th Logout"]]>
              </value>
            </param>
            <param index="1">
              <value>
                <![CDATA["Dashboard Page"]]>
              </value>
            </param>
          </params>
          <reporter-output>
          </reporter-output>
        </test-method> <!-- runScenario -->
        <test-method signature="runScenario(io.cucumber.testng.PickleWrapper,io.cucumber.testng.FeatureWrapper)[pri:0, instance:com.TesRunner.TestNgTestRunner@15ca7889]" started-at="2024-04-30T19:18:10 EDT" name="runScenario" description="Runs Cucumber Scenarios" data-provider="scenarios" finished-at="2024-04-30T19:18:11 EDT" duration-ms="1156" status="PASS">
          <params>
            <param index="0">
              <value>
                <![CDATA["Validate landing in Program page"]]>
              </value>
            </param>
            <param index="1">
              <value>
                <![CDATA["Program Validation"]]>
              </value>
            </param>
          </params>
          <reporter-output>
          </reporter-output>
        </test-method> <!-- runScenario -->
        <test-method signature="runScenario(io.cucumber.testng.PickleWrapper,io.cucumber.testng.FeatureWrapper)[pri:0, instance:com.TesRunner.TestNgTestRunner@15ca7889]" started-at="2024-04-30T19:18:11 EDT" name="runScenario" description="Runs Cucumber Scenarios" data-provider="scenarios" finished-at="2024-04-30T19:18:13 EDT" duration-ms="1127" status="PASS">
          <params>
            <param index="0">
              <value>
                <![CDATA["Validate the heading"]]>
              </value>
            </param>
            <param index="1">
              <value>
                <![CDATA["Program Validation"]]>
              </value>
            </param>
          </params>
          <reporter-output>
          </reporter-output>
        </test-method> <!-- runScenario -->
        <test-method signature="runScenario(io.cucumber.testng.PickleWrapper,io.cucumber.testng.FeatureWrapper)[pri:0, instance:com.TesRunner.TestNgTestRunner@15ca7889]" started-at="2024-04-30T19:18:13 EDT" name="runScenario" description="Runs Cucumber Scenarios" data-provider="scenarios" finished-at="2024-04-30T19:18:14 EDT" duration-ms="1119" status="PASS">
          <params>
            <param index="0">
              <value>
                <![CDATA["Validate the text and pagination icon below the data table"]]>
              </value>
            </param>
            <param index="1">
              <value>
                <![CDATA["Program Validation"]]>
              </value>
            </param>
          </params>
          <reporter-output>
          </reporter-output>
        </test-method> <!-- runScenario -->
        <test-method signature="runScenario(io.cucumber.testng.PickleWrapper,io.cucumber.testng.FeatureWrapper)[pri:0, instance:com.TesRunner.TestNgTestRunner@15ca7889]" started-at="2024-04-30T19:18:14 EDT" name="runScenario" description="Runs Cucumber Scenarios" data-provider="scenarios" finished-at="2024-04-30T19:18:15 EDT" duration-ms="1137" status="PASS">
          <params>
            <param index="0">
              <value>
                <![CDATA["Validate the footer"]]>
              </value>
            </param>
            <param index="1">
              <value>
                <![CDATA["Program Validation"]]>
              </value>
            </param>
          </params>
          <reporter-output>
          </reporter-output>
        </test-method> <!-- runScenario -->
        <test-method signature="runScenario(io.cucumber.testng.PickleWrapper,io.cucumber.testng.FeatureWrapper)[pri:0, instance:com.TesRunner.TestNgTestRunner@15ca7889]" started-at="2024-04-30T19:18:15 EDT" name="runScenario" description="Runs Cucumber Scenarios" data-provider="scenarios" finished-at="2024-04-30T19:18:16 EDT" duration-ms="1122" status="PASS">
          <params>
            <param index="0">
              <value>
                <![CDATA["Validating the default state of Delete button"]]>
              </value>
            </param>
            <param index="1">
              <value>
                <![CDATA["Program Validation"]]>
              </value>
            </param>
          </params>
          <reporter-output>
          </reporter-output>
        </test-method> <!-- runScenario -->
        <test-method signature="runScenario(io.cucumber.testng.PickleWrapper,io.cucumber.testng.FeatureWrapper)[pri:0, instance:com.TesRunner.TestNgTestRunner@15ca7889]" started-at="2024-04-30T19:18:16 EDT" name="runScenario" description="Runs Cucumber Scenarios" data-provider="scenarios" finished-at="2024-04-30T19:18:17 EDT" duration-ms="1106" status="PASS">
          <params>
            <param index="0">
              <value>
                <![CDATA["Verify Search bar on the Program page"]]>
              </value>
            </param>
            <param index="1">
              <value>
                <![CDATA["Program Validation"]]>
              </value>
            </param>
          </params>
          <reporter-output>
          </reporter-output>
        </test-method> <!-- runScenario -->
        <test-method signature="runScenario(io.cucumber.testng.PickleWrapper,io.cucumber.testng.FeatureWrapper)[pri:0, instance:com.TesRunner.TestNgTestRunner@15ca7889]" started-at="2024-04-30T19:18:17 EDT" name="runScenario" description="Runs Cucumber Scenarios" data-provider="scenarios" finished-at="2024-04-30T19:18:18 EDT" duration-ms="1122" status="PASS">
          <params>
            <param index="0">
              <value>
                <![CDATA["Validate Add New Program"]]>
              </value>
            </param>
            <param index="1">
              <value>
                <![CDATA["Program Validation"]]>
              </value>
            </param>
          </params>
          <reporter-output>
          </reporter-output>
        </test-method> <!-- runScenario -->
        <test-method signature="runScenario(io.cucumber.testng.PickleWrapper,io.cucumber.testng.FeatureWrapper)[pri:0, instance:com.TesRunner.TestNgTestRunner@15ca7889]" started-at="2024-04-30T19:18:18 EDT" name="runScenario" description="Runs Cucumber Scenarios" data-provider="scenarios" finished-at="2024-04-30T19:18:19 EDT" duration-ms="1214" status="PASS">
          <params>
            <param index="0">
              <value>
                <![CDATA["Verify data table on the Program page"]]>
              </value>
            </param>
            <param index="1">
              <value>
                <![CDATA["Program Validation"]]>
              </value>
            </param>
          </params>
          <reporter-output>
          </reporter-output>
        </test-method> <!-- runScenario -->
        <test-method signature="runScenario(io.cucumber.testng.PickleWrapper,io.cucumber.testng.FeatureWrapper)[pri:0, instance:com.TesRunner.TestNgTestRunner@15ca7889]" started-at="2024-04-30T19:18:19 EDT" name="runScenario" description="Runs Cucumber Scenarios" data-provider="scenarios" finished-at="2024-04-30T19:18:21 EDT" duration-ms="1178" status="PASS">
          <params>
            <param index="0">
              <value>
                <![CDATA["Verify Sort arrow icon on the data table"]]>
              </value>
            </param>
            <param index="1">
              <value>
                <![CDATA["Program Validation"]]>
              </value>
            </param>
          </params>
          <reporter-output>
          </reporter-output>
        </test-method> <!-- runScenario -->
        <test-method signature="runScenario(io.cucumber.testng.PickleWrapper,io.cucumber.testng.FeatureWrapper)[pri:0, instance:com.TesRunner.TestNgTestRunner@15ca7889]" started-at="2024-04-30T19:18:21 EDT" name="runScenario" description="Runs Cucumber Scenarios" data-provider="scenarios" finished-at="2024-04-30T19:18:22 EDT" duration-ms="1230" status="PASS">
          <params>
            <param index="0">
              <value>
                <![CDATA["Verify Check box on the data table"]]>
              </value>
            </param>
            <param index="1">
              <value>
                <![CDATA["Program Validation"]]>
              </value>
            </param>
          </params>
          <reporter-output>
          </reporter-output>
        </test-method> <!-- runScenario -->
        <test-method signature="runScenario(io.cucumber.testng.PickleWrapper,io.cucumber.testng.FeatureWrapper)[pri:0, instance:com.TesRunner.TestNgTestRunner@15ca7889]" started-at="2024-04-30T19:18:22 EDT" name="runScenario" description="Runs Cucumber Scenarios" data-provider="scenarios" finished-at="2024-04-30T19:18:23 EDT" duration-ms="1372" status="PASS">
          <params>
            <param index="0">
              <value>
                <![CDATA["Verify Edit and Delete buttons"]]>
              </value>
            </param>
            <param index="1">
              <value>
                <![CDATA["Program Validation"]]>
              </value>
            </param>
          </params>
          <reporter-output>
          </reporter-output>
        </test-method> <!-- runScenario -->
        <test-method signature="runScenario(io.cucumber.testng.PickleWrapper,io.cucumber.testng.FeatureWrapper)[pri:0, instance:com.TesRunner.TestNgTestRunner@15ca7889]" started-at="2024-04-30T19:18:23 EDT" name="runScenario" description="Runs Cucumber Scenarios" data-provider="scenarios" finished-at="2024-04-30T19:18:24 EDT" duration-ms="1119" status="PASS">
          <params>
            <param index="0">
              <value>
                <![CDATA["Validate that number of records (rows of data in the table) displayed"]]>
              </value>
            </param>
            <param index="1">
              <value>
                <![CDATA["Program Validation"]]>
              </value>
            </param>
          </params>
          <reporter-output>
          </reporter-output>
        </test-method> <!-- runScenario -->
        <test-method signature="runScenario(io.cucumber.testng.PickleWrapper,io.cucumber.testng.FeatureWrapper)[pri:0, instance:com.TesRunner.TestNgTestRunner@15ca7889]" started-at="2024-04-30T19:18:24 EDT" name="runScenario" description="Runs Cucumber Scenarios" data-provider="scenarios" finished-at="2024-04-30T19:18:26 EDT" duration-ms="1462" status="PASS">
          <params>
            <param index="0">
              <value>
                <![CDATA["Validate Program Details Popup window"]]>
              </value>
            </param>
            <param index="1">
              <value>
                <![CDATA["Program Validation"]]>
              </value>
            </param>
          </params>
          <reporter-output>
          </reporter-output>
        </test-method> <!-- runScenario -->
        <test-method signature="runScenario(io.cucumber.testng.PickleWrapper,io.cucumber.testng.FeatureWrapper)[pri:0, instance:com.TesRunner.TestNgTestRunner@15ca7889]" started-at="2024-04-30T19:18:26 EDT" name="runScenario" description="Runs Cucumber Scenarios" data-provider="scenarios" finished-at="2024-04-30T19:18:27 EDT" duration-ms="1371" status="FAIL">
          <params>
            <param index="0">
              <value>
                <![CDATA["Validate input fields and their text boxes in Program details form"]]>
              </value>
            </param>
            <param index="1">
              <value>
                <![CDATA["Program Validation"]]>
              </value>
            </param>
          </params>
          <exception class="java.lang.AssertionError">
            <message>
              <![CDATA[expected [true] but found [false]]]>
            </message>
            <full-stacktrace>
              <![CDATA[java.lang.AssertionError: expected [true] but found [false]
at org.testng.Assert.fail(Assert.java:111)
at org.testng.Assert.failNotEquals(Assert.java:1578)
at org.testng.Assert.assertTrue(Assert.java:57)
at org.testng.Assert.assertTrue(Assert.java:67)
at com.stepDefinitions.ManageProgram_steps.admin_should_see_two_input_fields_and_their_respective_text_boxes_in_the_program_details_window(ManageProgram_steps.java:180)
at ✽.Admin should see two input fields and their respective text boxes in the program details window(file:///C:/Users/kiran/eclipse-workspace/Team04_LMS_WebAutomaters/src/test/resources/Features/004_ManageProgram.feature:69)
]]>
            </full-stacktrace>
          </exception> <!-- java.lang.AssertionError -->
          <reporter-output>
          </reporter-output>
        </test-method> <!-- runScenario -->
        <test-method signature="runScenario(io.cucumber.testng.PickleWrapper,io.cucumber.testng.FeatureWrapper)[pri:0, instance:com.TesRunner.TestNgTestRunner@15ca7889]" started-at="2024-04-30T19:18:27 EDT" name="runScenario" description="Runs Cucumber Scenarios" data-provider="scenarios" finished-at="2024-04-30T19:18:29 EDT" duration-ms="2256" status="FAIL">
          <params>
            <param index="0">
              <value>
                <![CDATA["Validate radio button for Program Status"]]>
              </value>
            </param>
            <param index="1">
              <value>
                <![CDATA["Program Validation"]]>
              </value>
            </param>
          </params>
          <exception class="org.openqa.selenium.ElementClickInterceptedException">
            <message>
              <![CDATA[element click intercepted: Element <span class="mat-button-wrapper">...</span> is not clickable at point (1270, 32). Other element would receive the click: <div class="ng-tns-c132-3 p-dialog-mask p-component-overlay p-dialog-mask-scrollblocker ng-star-inserted" style="z-index: 1001;">...</div>
  (Session info: chrome=124.0.6367.92)
Build info: version: '4.16.1', revision: '9b4c83354e'
System info: os.name: 'Windows 11', os.arch: 'amd64', os.version: '10.0', java.version: '20.0.1'
Driver info: org.openqa.selenium.chrome.ChromeDriver
Command: [bd7bd9a8fa654a2dfc8afa9bd699a31e, clickElement {id=f.5D52B0B946BF484B635CA583BD81D799.d.9642C613F43610600930EAD45FCDCADA.e.520}]
Capabilities {acceptInsecureCerts: false, browserName: chrome, browserVersion: 124.0.6367.92, chrome: {chromedriverVersion: 124.0.6367.91 (51df0e5e17a8..., userDataDir: C:\Users\kiran\AppData\Loca...}, fedcm:accounts: true, goog:chromeOptions: {debuggerAddress: localhost:58819}, networkConnectionEnabled: false, pageLoadStrategy: normal, platformName: windows, proxy: Proxy(), se:cdp: ws://localhost:58819/devtoo..., se:cdpVersion: 124.0.6367.92, setWindowRect: true, strictFileInteractability: false, timeouts: {implicit: 0, pageLoad: 300000, script: 30000}, unhandledPromptBehavior: dismiss and notify, webauthn:extension:credBlob: true, webauthn:extension:largeBlob: true, webauthn:extension:minPinLength: true, webauthn:extension:prf: true, webauthn:virtualAuthenticators: true}
Element: [[ChromeDriver: chrome on windows (bd7bd9a8fa654a2dfc8afa9bd699a31e)] -> xpath: /html/body/app-root/app-header/mat-toolbar/button[1]/span[1]]
Session ID: bd7bd9a8fa654a2dfc8afa9bd699a31e]]>
            </message>
            <full-stacktrace>
              <![CDATA[org.openqa.selenium.ElementClickInterceptedException: element click intercepted: Element <span class="mat-button-wrapper">...</span> is not clickable at point (1270, 32). Other element would receive the click: <div class="ng-tns-c132-3 p-dialog-mask p-component-overlay p-dialog-mask-scrollblocker ng-star-inserted" style="z-index: 1001;">...</div>
  (Session info: chrome=124.0.6367.92)
Build info: version: '4.16.1', revision: '9b4c83354e'
System info: os.name: 'Windows 11', os.arch: 'amd64', os.version: '10.0', java.version: '20.0.1'
Driver info: org.openqa.selenium.chrome.ChromeDriver
Command: [bd7bd9a8fa654a2dfc8afa9bd699a31e, clickElement {id=f.5D52B0B946BF484B635CA583BD81D799.d.9642C613F43610600930EAD45FCDCADA.e.520}]
Capabilities {acceptInsecureCerts: false, browserName: chrome, browserVersion: 124.0.6367.92, chrome: {chromedriverVersion: 124.0.6367.91 (51df0e5e17a8..., userDataDir: C:\Users\kiran\AppData\Loca...}, fedcm:accounts: true, goog:chromeOptions: {debuggerAddress: localhost:58819}, networkConnectionEnabled: false, pageLoadStrategy: normal, platformName: windows, proxy: Proxy(), se:cdp: ws://localhost:58819/devtoo..., se:cdpVersion: 124.0.6367.92, setWindowRect: true, strictFileInteractability: false, timeouts: {implicit: 0, pageLoad: 300000, script: 30000}, unhandledPromptBehavior: dismiss and notify, webauthn:extension:credBlob: true, webauthn:extension:largeBlob: true, webauthn:extension:minPinLength: true, webauthn:extension:prf: true, webauthn:virtualAuthenticators: true}
Element: [[ChromeDriver: chrome on windows (bd7bd9a8fa654a2dfc8afa9bd699a31e)] -> xpath: /html/body/app-root/app-header/mat-toolbar/button[1]/span[1]]
Session ID: bd7bd9a8fa654a2dfc8afa9bd699a31e
at java.base/jdk.internal.reflect.DirectConstructorHandleAccessor.newInstance(DirectConstructorHandleAccessor.java:67)
at java.base/java.lang.reflect.Constructor.newInstanceWithCaller(Constructor.java:500)
at java.base/java.lang.reflect.Constructor.newInstance(Constructor.java:484)
at org.openqa.selenium.remote.codec.w3c.W3CHttpResponseCodec.createException(W3CHttpResponseCodec.java:200)
at org.openqa.selenium.remote.codec.w3c.W3CHttpResponseCodec.decode(W3CHttpResponseCodec.java:133)
at org.openqa.selenium.remote.codec.w3c.W3CHttpResponseCodec.decode(W3CHttpResponseCodec.java:52)
at org.openqa.selenium.remote.HttpCommandExecutor.execute(HttpCommandExecutor.java:191)
at org.openqa.selenium.remote.service.DriverCommandExecutor.invokeExecute(DriverCommandExecutor.java:200)
at org.openqa.selenium.remote.service.DriverCommandExecutor.execute(DriverCommandExecutor.java:175)
at org.openqa.selenium.remote.RemoteWebDriver.execute(RemoteWebDriver.java:523)
at org.openqa.selenium.remote.RemoteWebElement.execute(RemoteWebElement.java:224)
at org.openqa.selenium.remote.RemoteWebElement.click(RemoteWebElement.java:77)
at java.base/jdk.internal.reflect.DirectMethodHandleAccessor.invoke(DirectMethodHandleAccessor.java:104)
at java.base/java.lang.reflect.Method.invoke(Method.java:578)
at org.openqa.selenium.support.pagefactory.internal.LocatingElementHandler.invoke(LocatingElementHandler.java:51)
at jdk.proxy2/jdk.proxy2.$Proxy40.click(Unknown Source)
at com.pageObjects.ProgramPageObject.clickOnProgramButton(ProgramPageObject.java:143)
at com.stepDefinitions.ManageProgram_steps.admin_clicks_on_the_navigation_bar(ManageProgram_steps.java:37)
at ✽.Admin clicks "Program" on the navigation bar(file:///C:/Users/kiran/eclipse-workspace/Team04_LMS_WebAutomaters/src/test/resources/Features/004_ManageProgram.feature:5)
]]>
            </full-stacktrace>
          </exception> <!-- org.openqa.selenium.ElementClickInterceptedException -->
          <reporter-output>
          </reporter-output>
        </test-method> <!-- runScenario -->
        <test-method signature="runScenario(io.cucumber.testng.PickleWrapper,io.cucumber.testng.FeatureWrapper)[pri:0, instance:com.TesRunner.TestNgTestRunner@15ca7889]" started-at="2024-04-30T19:18:29 EDT" name="runScenario" description="Runs Cucumber Scenarios" data-provider="scenarios" finished-at="2024-04-30T19:18:32 EDT" duration-ms="2214" status="FAIL">
          <params>
            <param index="0">
              <value>
                <![CDATA["Empty form submission"]]>
              </value>
            </param>
            <param index="1">
              <value>
                <![CDATA["Program Validation"]]>
              </value>
            </param>
          </params>
          <exception class="org.openqa.selenium.ElementClickInterceptedException">
            <message>
              <![CDATA[element click intercepted: Element <span class="mat-button-wrapper">...</span> is not clickable at point (1270, 32). Other element would receive the click: <div class="ng-tns-c132-3 p-dialog-mask p-component-overlay p-dialog-mask-scrollblocker ng-star-inserted" style="z-index: 1001;">...</div>
  (Session info: chrome=124.0.6367.92)
Build info: version: '4.16.1', revision: '9b4c83354e'
System info: os.name: 'Windows 11', os.arch: 'amd64', os.version: '10.0', java.version: '20.0.1'
Driver info: org.openqa.selenium.chrome.ChromeDriver
Command: [bd7bd9a8fa654a2dfc8afa9bd699a31e, clickElement {id=f.5D52B0B946BF484B635CA583BD81D799.d.9642C613F43610600930EAD45FCDCADA.e.520}]
Capabilities {acceptInsecureCerts: false, browserName: chrome, browserVersion: 124.0.6367.92, chrome: {chromedriverVersion: 124.0.6367.91 (51df0e5e17a8..., userDataDir: C:\Users\kiran\AppData\Loca...}, fedcm:accounts: true, goog:chromeOptions: {debuggerAddress: localhost:58819}, networkConnectionEnabled: false, pageLoadStrategy: normal, platformName: windows, proxy: Proxy(), se:cdp: ws://localhost:58819/devtoo..., se:cdpVersion: 124.0.6367.92, setWindowRect: true, strictFileInteractability: false, timeouts: {implicit: 0, pageLoad: 300000, script: 30000}, unhandledPromptBehavior: dismiss and notify, webauthn:extension:credBlob: true, webauthn:extension:largeBlob: true, webauthn:extension:minPinLength: true, webauthn:extension:prf: true, webauthn:virtualAuthenticators: true}
Element: [[ChromeDriver: chrome on windows (bd7bd9a8fa654a2dfc8afa9bd699a31e)] -> xpath: /html/body/app-root/app-header/mat-toolbar/button[1]/span[1]]
Session ID: bd7bd9a8fa654a2dfc8afa9bd699a31e]]>
            </message>
            <full-stacktrace>
              <![CDATA[org.openqa.selenium.ElementClickInterceptedException: element click intercepted: Element <span class="mat-button-wrapper">...</span> is not clickable at point (1270, 32). Other element would receive the click: <div class="ng-tns-c132-3 p-dialog-mask p-component-overlay p-dialog-mask-scrollblocker ng-star-inserted" style="z-index: 1001;">...</div>
  (Session info: chrome=124.0.6367.92)
Build info: version: '4.16.1', revision: '9b4c83354e'
System info: os.name: 'Windows 11', os.arch: 'amd64', os.version: '10.0', java.version: '20.0.1'
Driver info: org.openqa.selenium.chrome.ChromeDriver
Command: [bd7bd9a8fa654a2dfc8afa9bd699a31e, clickElement {id=f.5D52B0B946BF484B635CA583BD81D799.d.9642C613F43610600930EAD45FCDCADA.e.520}]
Capabilities {acceptInsecureCerts: false, browserName: chrome, browserVersion: 124.0.6367.92, chrome: {chromedriverVersion: 124.0.6367.91 (51df0e5e17a8..., userDataDir: C:\Users\kiran\AppData\Loca...}, fedcm:accounts: true, goog:chromeOptions: {debuggerAddress: localhost:58819}, networkConnectionEnabled: false, pageLoadStrategy: normal, platformName: windows, proxy: Proxy(), se:cdp: ws://localhost:58819/devtoo..., se:cdpVersion: 124.0.6367.92, setWindowRect: true, strictFileInteractability: false, timeouts: {implicit: 0, pageLoad: 300000, script: 30000}, unhandledPromptBehavior: dismiss and notify, webauthn:extension:credBlob: true, webauthn:extension:largeBlob: true, webauthn:extension:minPinLength: true, webauthn:extension:prf: true, webauthn:virtualAuthenticators: true}
Element: [[ChromeDriver: chrome on windows (bd7bd9a8fa654a2dfc8afa9bd699a31e)] -> xpath: /html/body/app-root/app-header/mat-toolbar/button[1]/span[1]]
Session ID: bd7bd9a8fa654a2dfc8afa9bd699a31e
at java.base/jdk.internal.reflect.DirectConstructorHandleAccessor.newInstance(DirectConstructorHandleAccessor.java:67)
at java.base/java.lang.reflect.Constructor.newInstanceWithCaller(Constructor.java:500)
at java.base/java.lang.reflect.Constructor.newInstance(Constructor.java:484)
at org.openqa.selenium.remote.codec.w3c.W3CHttpResponseCodec.createException(W3CHttpResponseCodec.java:200)
at org.openqa.selenium.remote.codec.w3c.W3CHttpResponseCodec.decode(W3CHttpResponseCodec.java:133)
at org.openqa.selenium.remote.codec.w3c.W3CHttpResponseCodec.decode(W3CHttpResponseCodec.java:52)
at org.openqa.selenium.remote.HttpCommandExecutor.execute(HttpCommandExecutor.java:191)
at org.openqa.selenium.remote.service.DriverCommandExecutor.invokeExecute(DriverCommandExecutor.java:200)
at org.openqa.selenium.remote.service.DriverCommandExecutor.execute(DriverCommandExecutor.java:175)
at org.openqa.selenium.remote.RemoteWebDriver.execute(RemoteWebDriver.java:523)
at org.openqa.selenium.remote.RemoteWebElement.execute(RemoteWebElement.java:224)
at org.openqa.selenium.remote.RemoteWebElement.click(RemoteWebElement.java:77)
at java.base/jdk.internal.reflect.DirectMethodHandleAccessor.invoke(DirectMethodHandleAccessor.java:104)
at java.base/java.lang.reflect.Method.invoke(Method.java:578)
at org.openqa.selenium.support.pagefactory.internal.LocatingElementHandler.invoke(LocatingElementHandler.java:51)
at jdk.proxy2/jdk.proxy2.$Proxy40.click(Unknown Source)
at com.pageObjects.ProgramPageObject.clickOnProgramButton(ProgramPageObject.java:143)
at com.stepDefinitions.ManageProgram_steps.admin_clicks_on_the_navigation_bar(ManageProgram_steps.java:37)
at ✽.Admin clicks "Program" on the navigation bar(file:///C:/Users/kiran/eclipse-workspace/Team04_LMS_WebAutomaters/src/test/resources/Features/004_ManageProgram.feature:5)
]]>
            </full-stacktrace>
          </exception> <!-- org.openqa.selenium.ElementClickInterceptedException -->
          <reporter-output>
          </reporter-output>
        </test-method> <!-- runScenario -->
        <test-method signature="runScenario(io.cucumber.testng.PickleWrapper,io.cucumber.testng.FeatureWrapper)[pri:0, instance:com.TesRunner.TestNgTestRunner@15ca7889]" started-at="2024-04-30T19:18:32 EDT" name="runScenario" description="Runs Cucumber Scenarios" data-provider="scenarios" finished-at="2024-04-30T19:18:34 EDT" duration-ms="2287" status="FAIL">
          <params>
            <param index="0">
              <value>
                <![CDATA["Enter only Program Name"]]>
              </value>
            </param>
            <param index="1">
              <value>
                <![CDATA["Program Validation"]]>
              </value>
            </param>
          </params>
          <exception class="org.openqa.selenium.ElementClickInterceptedException">
            <message>
              <![CDATA[element click intercepted: Element <span class="mat-button-wrapper">...</span> is not clickable at point (1270, 32). Other element would receive the click: <div class="ng-tns-c132-3 p-dialog-mask p-component-overlay p-dialog-mask-scrollblocker ng-star-inserted" style="z-index: 1001;">...</div>
  (Session info: chrome=124.0.6367.92)
Build info: version: '4.16.1', revision: '9b4c83354e'
System info: os.name: 'Windows 11', os.arch: 'amd64', os.version: '10.0', java.version: '20.0.1'
Driver info: org.openqa.selenium.chrome.ChromeDriver
Command: [bd7bd9a8fa654a2dfc8afa9bd699a31e, clickElement {id=f.5D52B0B946BF484B635CA583BD81D799.d.9642C613F43610600930EAD45FCDCADA.e.520}]
Capabilities {acceptInsecureCerts: false, browserName: chrome, browserVersion: 124.0.6367.92, chrome: {chromedriverVersion: 124.0.6367.91 (51df0e5e17a8..., userDataDir: C:\Users\kiran\AppData\Loca...}, fedcm:accounts: true, goog:chromeOptions: {debuggerAddress: localhost:58819}, networkConnectionEnabled: false, pageLoadStrategy: normal, platformName: windows, proxy: Proxy(), se:cdp: ws://localhost:58819/devtoo..., se:cdpVersion: 124.0.6367.92, setWindowRect: true, strictFileInteractability: false, timeouts: {implicit: 0, pageLoad: 300000, script: 30000}, unhandledPromptBehavior: dismiss and notify, webauthn:extension:credBlob: true, webauthn:extension:largeBlob: true, webauthn:extension:minPinLength: true, webauthn:extension:prf: true, webauthn:virtualAuthenticators: true}
Element: [[ChromeDriver: chrome on windows (bd7bd9a8fa654a2dfc8afa9bd699a31e)] -> xpath: /html/body/app-root/app-header/mat-toolbar/button[1]/span[1]]
Session ID: bd7bd9a8fa654a2dfc8afa9bd699a31e]]>
            </message>
            <full-stacktrace>
              <![CDATA[org.openqa.selenium.ElementClickInterceptedException: element click intercepted: Element <span class="mat-button-wrapper">...</span> is not clickable at point (1270, 32). Other element would receive the click: <div class="ng-tns-c132-3 p-dialog-mask p-component-overlay p-dialog-mask-scrollblocker ng-star-inserted" style="z-index: 1001;">...</div>
  (Session info: chrome=124.0.6367.92)
Build info: version: '4.16.1', revision: '9b4c83354e'
System info: os.name: 'Windows 11', os.arch: 'amd64', os.version: '10.0', java.version: '20.0.1'
Driver info: org.openqa.selenium.chrome.ChromeDriver
Command: [bd7bd9a8fa654a2dfc8afa9bd699a31e, clickElement {id=f.5D52B0B946BF484B635CA583BD81D799.d.9642C613F43610600930EAD45FCDCADA.e.520}]
Capabilities {acceptInsecureCerts: false, browserName: chrome, browserVersion: 124.0.6367.92, chrome: {chromedriverVersion: 124.0.6367.91 (51df0e5e17a8..., userDataDir: C:\Users\kiran\AppData\Loca...}, fedcm:accounts: true, goog:chromeOptions: {debuggerAddress: localhost:58819}, networkConnectionEnabled: false, pageLoadStrategy: normal, platformName: windows, proxy: Proxy(), se:cdp: ws://localhost:58819/devtoo..., se:cdpVersion: 124.0.6367.92, setWindowRect: true, strictFileInteractability: false, timeouts: {implicit: 0, pageLoad: 300000, script: 30000}, unhandledPromptBehavior: dismiss and notify, webauthn:extension:credBlob: true, webauthn:extension:largeBlob: true, webauthn:extension:minPinLength: true, webauthn:extension:prf: true, webauthn:virtualAuthenticators: true}
Element: [[ChromeDriver: chrome on windows (bd7bd9a8fa654a2dfc8afa9bd699a31e)] -> xpath: /html/body/app-root/app-header/mat-toolbar/button[1]/span[1]]
Session ID: bd7bd9a8fa654a2dfc8afa9bd699a31e
at java.base/jdk.internal.reflect.DirectConstructorHandleAccessor.newInstance(DirectConstructorHandleAccessor.java:67)
at java.base/java.lang.reflect.Constructor.newInstanceWithCaller(Constructor.java:500)
at java.base/java.lang.reflect.Constructor.newInstance(Constructor.java:484)
at org.openqa.selenium.remote.codec.w3c.W3CHttpResponseCodec.createException(W3CHttpResponseCodec.java:200)
at org.openqa.selenium.remote.codec.w3c.W3CHttpResponseCodec.decode(W3CHttpResponseCodec.java:133)
at org.openqa.selenium.remote.codec.w3c.W3CHttpResponseCodec.decode(W3CHttpResponseCodec.java:52)
at org.openqa.selenium.remote.HttpCommandExecutor.execute(HttpCommandExecutor.java:191)
at org.openqa.selenium.remote.service.DriverCommandExecutor.invokeExecute(DriverCommandExecutor.java:200)
at org.openqa.selenium.remote.service.DriverCommandExecutor.execute(DriverCommandExecutor.java:175)
at org.openqa.selenium.remote.RemoteWebDriver.execute(RemoteWebDriver.java:523)
at org.openqa.selenium.remote.RemoteWebElement.execute(RemoteWebElement.java:224)
at org.openqa.selenium.remote.RemoteWebElement.click(RemoteWebElement.java:77)
at java.base/jdk.internal.reflect.DirectMethodHandleAccessor.invoke(DirectMethodHandleAccessor.java:104)
at java.base/java.lang.reflect.Method.invoke(Method.java:578)
at org.openqa.selenium.support.pagefactory.internal.LocatingElementHandler.invoke(LocatingElementHandler.java:51)
at jdk.proxy2/jdk.proxy2.$Proxy40.click(Unknown Source)
at com.pageObjects.ProgramPageObject.clickOnProgramButton(ProgramPageObject.java:143)
at com.stepDefinitions.ManageProgram_steps.admin_clicks_on_the_navigation_bar(ManageProgram_steps.java:37)
at ✽.Admin clicks "Program" on the navigation bar(file:///C:/Users/kiran/eclipse-workspace/Team04_LMS_WebAutomaters/src/test/resources/Features/004_ManageProgram.feature:5)
]]>
            </full-stacktrace>
          </exception> <!-- org.openqa.selenium.ElementClickInterceptedException -->
          <reporter-output>
          </reporter-output>
        </test-method> <!-- runScenario -->
        <test-method signature="runScenario(io.cucumber.testng.PickleWrapper,io.cucumber.testng.FeatureWrapper)[pri:0, instance:com.TesRunner.TestNgTestRunner@15ca7889]" started-at="2024-04-30T19:18:34 EDT" name="runScenario" description="Runs Cucumber Scenarios" data-provider="scenarios" finished-at="2024-04-30T19:18:36 EDT" duration-ms="2267" status="FAIL">
          <params>
            <param index="0">
              <value>
                <![CDATA["Enter only Program Description"]]>
              </value>
            </param>
            <param index="1">
              <value>
                <![CDATA["Program Validation"]]>
              </value>
            </param>
          </params>
          <exception class="org.openqa.selenium.ElementClickInterceptedException">
            <message>
              <![CDATA[element click intercepted: Element <span class="mat-button-wrapper">...</span> is not clickable at point (1270, 32). Other element would receive the click: <div class="ng-tns-c132-3 p-dialog-mask p-component-overlay p-dialog-mask-scrollblocker ng-star-inserted" style="z-index: 1001;">...</div>
  (Session info: chrome=124.0.6367.92)
Build info: version: '4.16.1', revision: '9b4c83354e'
System info: os.name: 'Windows 11', os.arch: 'amd64', os.version: '10.0', java.version: '20.0.1'
Driver info: org.openqa.selenium.chrome.ChromeDriver
Command: [bd7bd9a8fa654a2dfc8afa9bd699a31e, clickElement {id=f.5D52B0B946BF484B635CA583BD81D799.d.9642C613F43610600930EAD45FCDCADA.e.520}]
Capabilities {acceptInsecureCerts: false, browserName: chrome, browserVersion: 124.0.6367.92, chrome: {chromedriverVersion: 124.0.6367.91 (51df0e5e17a8..., userDataDir: C:\Users\kiran\AppData\Loca...}, fedcm:accounts: true, goog:chromeOptions: {debuggerAddress: localhost:58819}, networkConnectionEnabled: false, pageLoadStrategy: normal, platformName: windows, proxy: Proxy(), se:cdp: ws://localhost:58819/devtoo..., se:cdpVersion: 124.0.6367.92, setWindowRect: true, strictFileInteractability: false, timeouts: {implicit: 0, pageLoad: 300000, script: 30000}, unhandledPromptBehavior: dismiss and notify, webauthn:extension:credBlob: true, webauthn:extension:largeBlob: true, webauthn:extension:minPinLength: true, webauthn:extension:prf: true, webauthn:virtualAuthenticators: true}
Element: [[ChromeDriver: chrome on windows (bd7bd9a8fa654a2dfc8afa9bd699a31e)] -> xpath: /html/body/app-root/app-header/mat-toolbar/button[1]/span[1]]
Session ID: bd7bd9a8fa654a2dfc8afa9bd699a31e]]>
            </message>
            <full-stacktrace>
              <![CDATA[org.openqa.selenium.ElementClickInterceptedException: element click intercepted: Element <span class="mat-button-wrapper">...</span> is not clickable at point (1270, 32). Other element would receive the click: <div class="ng-tns-c132-3 p-dialog-mask p-component-overlay p-dialog-mask-scrollblocker ng-star-inserted" style="z-index: 1001;">...</div>
  (Session info: chrome=124.0.6367.92)
Build info: version: '4.16.1', revision: '9b4c83354e'
System info: os.name: 'Windows 11', os.arch: 'amd64', os.version: '10.0', java.version: '20.0.1'
Driver info: org.openqa.selenium.chrome.ChromeDriver
Command: [bd7bd9a8fa654a2dfc8afa9bd699a31e, clickElement {id=f.5D52B0B946BF484B635CA583BD81D799.d.9642C613F43610600930EAD45FCDCADA.e.520}]
Capabilities {acceptInsecureCerts: false, browserName: chrome, browserVersion: 124.0.6367.92, chrome: {chromedriverVersion: 124.0.6367.91 (51df0e5e17a8..., userDataDir: C:\Users\kiran\AppData\Loca...}, fedcm:accounts: true, goog:chromeOptions: {debuggerAddress: localhost:58819}, networkConnectionEnabled: false, pageLoadStrategy: normal, platformName: windows, proxy: Proxy(), se:cdp: ws://localhost:58819/devtoo..., se:cdpVersion: 124.0.6367.92, setWindowRect: true, strictFileInteractability: false, timeouts: {implicit: 0, pageLoad: 300000, script: 30000}, unhandledPromptBehavior: dismiss and notify, webauthn:extension:credBlob: true, webauthn:extension:largeBlob: true, webauthn:extension:minPinLength: true, webauthn:extension:prf: true, webauthn:virtualAuthenticators: true}
Element: [[ChromeDriver: chrome on windows (bd7bd9a8fa654a2dfc8afa9bd699a31e)] -> xpath: /html/body/app-root/app-header/mat-toolbar/button[1]/span[1]]
Session ID: bd7bd9a8fa654a2dfc8afa9bd699a31e
at java.base/jdk.internal.reflect.DirectConstructorHandleAccessor.newInstance(DirectConstructorHandleAccessor.java:67)
at java.base/java.lang.reflect.Constructor.newInstanceWithCaller(Constructor.java:500)
at java.base/java.lang.reflect.Constructor.newInstance(Constructor.java:484)
at org.openqa.selenium.remote.codec.w3c.W3CHttpResponseCodec.createException(W3CHttpResponseCodec.java:200)
at org.openqa.selenium.remote.codec.w3c.W3CHttpResponseCodec.decode(W3CHttpResponseCodec.java:133)
at org.openqa.selenium.remote.codec.w3c.W3CHttpResponseCodec.decode(W3CHttpResponseCodec.java:52)
at org.openqa.selenium.remote.HttpCommandExecutor.execute(HttpCommandExecutor.java:191)
at org.openqa.selenium.remote.service.DriverCommandExecutor.invokeExecute(DriverCommandExecutor.java:200)
at org.openqa.selenium.remote.service.DriverCommandExecutor.execute(DriverCommandExecutor.java:175)
at org.openqa.selenium.remote.RemoteWebDriver.execute(RemoteWebDriver.java:523)
at org.openqa.selenium.remote.RemoteWebElement.execute(RemoteWebElement.java:224)
at org.openqa.selenium.remote.RemoteWebElement.click(RemoteWebElement.java:77)
at java.base/jdk.internal.reflect.DirectMethodHandleAccessor.invoke(DirectMethodHandleAccessor.java:104)
at java.base/java.lang.reflect.Method.invoke(Method.java:578)
at org.openqa.selenium.support.pagefactory.internal.LocatingElementHandler.invoke(LocatingElementHandler.java:51)
at jdk.proxy2/jdk.proxy2.$Proxy40.click(Unknown Source)
at com.pageObjects.ProgramPageObject.clickOnProgramButton(ProgramPageObject.java:143)
at com.stepDefinitions.ManageProgram_steps.admin_clicks_on_the_navigation_bar(ManageProgram_steps.java:37)
at ✽.Admin clicks "Program" on the navigation bar(file:///C:/Users/kiran/eclipse-workspace/Team04_LMS_WebAutomaters/src/test/resources/Features/004_ManageProgram.feature:5)
]]>
            </full-stacktrace>
          </exception> <!-- org.openqa.selenium.ElementClickInterceptedException -->
          <reporter-output>
          </reporter-output>
        </test-method> <!-- runScenario -->
        <test-method signature="runScenario(io.cucumber.testng.PickleWrapper,io.cucumber.testng.FeatureWrapper)[pri:0, instance:com.TesRunner.TestNgTestRunner@15ca7889]" started-at="2024-04-30T19:18:36 EDT" name="runScenario" description="Runs Cucumber Scenarios" data-provider="scenarios" finished-at="2024-04-30T19:18:38 EDT" duration-ms="2280" status="FAIL">
          <params>
            <param index="0">
              <value>
                <![CDATA["Select Status only"]]>
              </value>
            </param>
            <param index="1">
              <value>
                <![CDATA["Program Validation"]]>
              </value>
            </param>
          </params>
          <exception class="org.openqa.selenium.ElementClickInterceptedException">
            <message>
              <![CDATA[element click intercepted: Element <span class="mat-button-wrapper">...</span> is not clickable at point (1270, 32). Other element would receive the click: <div class="ng-tns-c132-3 p-dialog-mask p-component-overlay p-dialog-mask-scrollblocker ng-star-inserted" style="z-index: 1001;">...</div>
  (Session info: chrome=124.0.6367.92)
Build info: version: '4.16.1', revision: '9b4c83354e'
System info: os.name: 'Windows 11', os.arch: 'amd64', os.version: '10.0', java.version: '20.0.1'
Driver info: org.openqa.selenium.chrome.ChromeDriver
Command: [bd7bd9a8fa654a2dfc8afa9bd699a31e, clickElement {id=f.5D52B0B946BF484B635CA583BD81D799.d.9642C613F43610600930EAD45FCDCADA.e.520}]
Capabilities {acceptInsecureCerts: false, browserName: chrome, browserVersion: 124.0.6367.92, chrome: {chromedriverVersion: 124.0.6367.91 (51df0e5e17a8..., userDataDir: C:\Users\kiran\AppData\Loca...}, fedcm:accounts: true, goog:chromeOptions: {debuggerAddress: localhost:58819}, networkConnectionEnabled: false, pageLoadStrategy: normal, platformName: windows, proxy: Proxy(), se:cdp: ws://localhost:58819/devtoo..., se:cdpVersion: 124.0.6367.92, setWindowRect: true, strictFileInteractability: false, timeouts: {implicit: 0, pageLoad: 300000, script: 30000}, unhandledPromptBehavior: dismiss and notify, webauthn:extension:credBlob: true, webauthn:extension:largeBlob: true, webauthn:extension:minPinLength: true, webauthn:extension:prf: true, webauthn:virtualAuthenticators: true}
Element: [[ChromeDriver: chrome on windows (bd7bd9a8fa654a2dfc8afa9bd699a31e)] -> xpath: /html/body/app-root/app-header/mat-toolbar/button[1]/span[1]]
Session ID: bd7bd9a8fa654a2dfc8afa9bd699a31e]]>
            </message>
            <full-stacktrace>
              <![CDATA[org.openqa.selenium.ElementClickInterceptedException: element click intercepted: Element <span class="mat-button-wrapper">...</span> is not clickable at point (1270, 32). Other element would receive the click: <div class="ng-tns-c132-3 p-dialog-mask p-component-overlay p-dialog-mask-scrollblocker ng-star-inserted" style="z-index: 1001;">...</div>
  (Session info: chrome=124.0.6367.92)
Build info: version: '4.16.1', revision: '9b4c83354e'
System info: os.name: 'Windows 11', os.arch: 'amd64', os.version: '10.0', java.version: '20.0.1'
Driver info: org.openqa.selenium.chrome.ChromeDriver
Command: [bd7bd9a8fa654a2dfc8afa9bd699a31e, clickElement {id=f.5D52B0B946BF484B635CA583BD81D799.d.9642C613F43610600930EAD45FCDCADA.e.520}]
Capabilities {acceptInsecureCerts: false, browserName: chrome, browserVersion: 124.0.6367.92, chrome: {chromedriverVersion: 124.0.6367.91 (51df0e5e17a8..., userDataDir: C:\Users\kiran\AppData\Loca...}, fedcm:accounts: true, goog:chromeOptions: {debuggerAddress: localhost:58819}, networkConnectionEnabled: false, pageLoadStrategy: normal, platformName: windows, proxy: Proxy(), se:cdp: ws://localhost:58819/devtoo..., se:cdpVersion: 124.0.6367.92, setWindowRect: true, strictFileInteractability: false, timeouts: {implicit: 0, pageLoad: 300000, script: 30000}, unhandledPromptBehavior: dismiss and notify, webauthn:extension:credBlob: true, webauthn:extension:largeBlob: true, webauthn:extension:minPinLength: true, webauthn:extension:prf: true, webauthn:virtualAuthenticators: true}
Element: [[ChromeDriver: chrome on windows (bd7bd9a8fa654a2dfc8afa9bd699a31e)] -> xpath: /html/body/app-root/app-header/mat-toolbar/button[1]/span[1]]
Session ID: bd7bd9a8fa654a2dfc8afa9bd699a31e
at java.base/jdk.internal.reflect.DirectConstructorHandleAccessor.newInstance(DirectConstructorHandleAccessor.java:67)
at java.base/java.lang.reflect.Constructor.newInstanceWithCaller(Constructor.java:500)
at java.base/java.lang.reflect.Constructor.newInstance(Constructor.java:484)
at org.openqa.selenium.remote.codec.w3c.W3CHttpResponseCodec.createException(W3CHttpResponseCodec.java:200)
at org.openqa.selenium.remote.codec.w3c.W3CHttpResponseCodec.decode(W3CHttpResponseCodec.java:133)
at org.openqa.selenium.remote.codec.w3c.W3CHttpResponseCodec.decode(W3CHttpResponseCodec.java:52)
at org.openqa.selenium.remote.HttpCommandExecutor.execute(HttpCommandExecutor.java:191)
at org.openqa.selenium.remote.service.DriverCommandExecutor.invokeExecute(DriverCommandExecutor.java:200)
at org.openqa.selenium.remote.service.DriverCommandExecutor.execute(DriverCommandExecutor.java:175)
at org.openqa.selenium.remote.RemoteWebDriver.execute(RemoteWebDriver.java:523)
at org.openqa.selenium.remote.RemoteWebElement.execute(RemoteWebElement.java:224)
at org.openqa.selenium.remote.RemoteWebElement.click(RemoteWebElement.java:77)
at java.base/jdk.internal.reflect.DirectMethodHandleAccessor.invoke(DirectMethodHandleAccessor.java:104)
at java.base/java.lang.reflect.Method.invoke(Method.java:578)
at org.openqa.selenium.support.pagefactory.internal.LocatingElementHandler.invoke(LocatingElementHandler.java:51)
at jdk.proxy2/jdk.proxy2.$Proxy40.click(Unknown Source)
at com.pageObjects.ProgramPageObject.clickOnProgramButton(ProgramPageObject.java:143)
[...]
at com.stepDefinitions.ManageProgram_steps.admin_clicks_on_the_navigation_bar(ManageProgram_steps.java:37)
at ✽.Admin clicks "Program" on the navigation bar(file:///C:/Users/kiran/eclipse-workspace/Team04_LMS_WebAutomaters/src/test/resources/Features/004_ManageProgram.feature:5)
]]>
            </full-stacktrace>
          </exception> <!-- org.openqa.selenium.ElementClickInterceptedException -->
          <reporter-output>
          </reporter-output>
        </test-method> <!-- runScenario -->
        <test-method signature="runScenario(io.cucumber.testng.PickleWrapper,io.cucumber.testng.FeatureWrapper)[pri:0, instance:com.TesRunner.TestNgTestRunner@15ca7889]" started-at="2024-04-30T19:18:56 EDT" name="runScenario" description="Runs Cucumber Scenarios" data-provider="scenarios" finished-at="2024-04-30T19:18:59 EDT" duration-ms="2227" status="FAIL">
          <params>
            <param index="0">
              <value>
                <![CDATA["Validate invalid values on the text column"]]>
              </value>
            </param>
            <param index="1">
              <value>
                <![CDATA["Program Validation"]]>
              </value>
            </param>
          </params>
          <exception class="org.openqa.selenium.ElementClickInterceptedException">
            <message>
              <![CDATA[element click intercepted: Element <span class="mat-button-wrapper">...</span> is not clickable at point (1270, 32). Other element would receive the click: <div class="ng-tns-c132-3 p-dialog-mask p-component-overlay p-dialog-mask-scrollblocker ng-star-inserted" style="z-index: 1001;">...</div>
  (Session info: chrome=124.0.6367.92)
Build info: version: '4.16.1', revision: '9b4c83354e'
System info: os.name: 'Windows 11', os.arch: 'amd64', os.version: '10.0', java.version: '20.0.1'
Driver info: org.openqa.selenium.chrome.ChromeDriver
Command: [bd7bd9a8fa654a2dfc8afa9bd699a31e, clickElement {id=f.5D52B0B946BF484B635CA583BD81D799.d.9642C613F43610600930EAD45FCDCADA.e.520}]
Capabilities {acceptInsecureCerts: false, browserName: chrome, browserVersion: 124.0.6367.92, chrome: {chromedriverVersion: 124.0.6367.91 (51df0e5e17a8..., userDataDir: C:\Users\kiran\AppData\Loca...}, fedcm:accounts: true, goog:chromeOptions: {debuggerAddress: localhost:58819}, networkConnectionEnabled: false, pageLoadStrategy: normal, platformName: windows, proxy: Proxy(), se:cdp: ws://localhost:58819/devtoo..., se:cdpVersion: 124.0.6367.92, setWindowRect: true, strictFileInteractability: false, timeouts: {implicit: 0, pageLoad: 300000, script: 30000}, unhandledPromptBehavior: dismiss and notify, webauthn:extension:credBlob: true, webauthn:extension:largeBlob: true, webauthn:extension:minPinLength: true, webauthn:extension:prf: true, webauthn:virtualAuthenticators: true}
Element: [[ChromeDriver: chrome on windows (bd7bd9a8fa654a2dfc8afa9bd699a31e)] -> xpath: /html/body/app-root/app-header/mat-toolbar/button[1]/span[1]]
Session ID: bd7bd9a8fa654a2dfc8afa9bd699a31e]]>
            </message>
            <full-stacktrace>
              <![CDATA[org.openqa.selenium.ElementClickInterceptedException: element click intercepted: Element <span class="mat-button-wrapper">...</span> is not clickable at point (1270, 32). Other element would receive the click: <div class="ng-tns-c132-3 p-dialog-mask p-component-overlay p-dialog-mask-scrollblocker ng-star-inserted" style="z-index: 1001;">...</div>
  (Session info: chrome=124.0.6367.92)
Build info: version: '4.16.1', revision: '9b4c83354e'
System info: os.name: 'Windows 11', os.arch: 'amd64', os.version: '10.0', java.version: '20.0.1'
Driver info: org.openqa.selenium.chrome.ChromeDriver
Command: [bd7bd9a8fa654a2dfc8afa9bd699a31e, clickElement {id=f.5D52B0B946BF484B635CA583BD81D799.d.9642C613F43610600930EAD45FCDCADA.e.520}]
Capabilities {acceptInsecureCerts: false, browserName: chrome, browserVersion: 124.0.6367.92, chrome: {chromedriverVersion: 124.0.6367.91 (51df0e5e17a8..., userDataDir: C:\Users\kiran\AppData\Loca...}, fedcm:accounts: true, goog:chromeOptions: {debuggerAddress: localhost:58819}, networkConnectionEnabled: false, pageLoadStrategy: normal, platformName: windows, proxy: Proxy(), se:cdp: ws://localhost:58819/devtoo..., se:cdpVersion: 124.0.6367.92, setWindowRect: true, strictFileInteractability: false, timeouts: {implicit: 0, pageLoad: 300000, script: 30000}, unhandledPromptBehavior: dismiss and notify, webauthn:extension:credBlob: true, webauthn:extension:largeBlob: true, webauthn:extension:minPinLength: true, webauthn:extension:prf: true, webauthn:virtualAuthenticators: true}
Element: [[ChromeDriver: chrome on windows (bd7bd9a8fa654a2dfc8afa9bd699a31e)] -> xpath: /html/body/app-root/app-header/mat-toolbar/button[1]/span[1]]
Session ID: bd7bd9a8fa654a2dfc8afa9bd699a31e
at java.base/jdk.internal.reflect.DirectConstructorHandleAccessor.newInstance(DirectConstructorHandleAccessor.java:67)
at java.base/java.lang.reflect.Constructor.newInstanceWithCaller(Constructor.java:500)
at java.base/java.lang.reflect.Constructor.newInstance(Constructor.java:484)
at org.openqa.selenium.remote.codec.w3c.W3CHttpResponseCodec.createException(W3CHttpResponseCodec.java:200)
at org.openqa.selenium.remote.codec.w3c.W3CHttpResponseCodec.decode(W3CHttpResponseCodec.java:133)
at org.openqa.selenium.remote.codec.w3c.W3CHttpResponseCodec.decode(W3CHttpResponseCodec.java:52)
at org.openqa.selenium.remote.HttpCommandExecutor.execute(HttpCommandExecutor.java:191)
at org.openqa.selenium.remote.service.DriverCommandExecutor.invokeExecute(DriverCommandExecutor.java:200)
at org.openqa.selenium.remote.service.DriverCommandExecutor.execute(DriverCommandExecutor.java:175)
at org.openqa.selenium.remote.RemoteWebDriver.execute(RemoteWebDriver.java:523)
at org.openqa.selenium.remote.RemoteWebElement.execute(RemoteWebElement.java:224)
at org.openqa.selenium.remote.RemoteWebElement.click(RemoteWebElement.java:77)
at java.base/jdk.internal.reflect.DirectMethodHandleAccessor.invoke(DirectMethodHandleAccessor.java:104)
at java.base/java.lang.reflect.Method.invoke(Method.java:578)
at org.openqa.selenium.support.pagefactory.internal.LocatingElementHandler.invoke(LocatingElementHandler.java:51)
at jdk.proxy2/jdk.proxy2.$Proxy40.click(Unknown Source)
at com.pageObjects.ProgramPageObject.clickOnProgramButton(ProgramPageObject.java:143)
at com.stepDefinitions.ManageProgram_steps.admin_clicks_on_the_navigation_bar(ManageProgram_steps.java:37)
at ✽.Admin clicks "Program" on the navigation bar(file:///C:/Users/kiran/eclipse-workspace/Team04_LMS_WebAutomaters/src/test/resources/Features/004_ManageProgram.feature:5)
]]>
            </full-stacktrace>
          </exception> <!-- org.openqa.selenium.ElementClickInterceptedException -->
          <reporter-output>
          </reporter-output>
        </test-method> <!-- runScenario -->
        <test-method signature="runScenario(io.cucumber.testng.PickleWrapper,io.cucumber.testng.FeatureWrapper)[pri:0, instance:com.TesRunner.TestNgTestRunner@15ca7889]" started-at="2024-04-30T19:18:59 EDT" name="runScenario" description="Runs Cucumber Scenarios" data-provider="scenarios" finished-at="2024-04-30T19:19:01 EDT" duration-ms="2275" status="FAIL">
          <params>
            <param index="0">
              <value>
                <![CDATA["Validate Cancel button on Edit popup"]]>
              </value>
            </param>
            <param index="1">
              <value>
                <![CDATA["Program Validation"]]>
              </value>
            </param>
          </params>
          <exception class="org.openqa.selenium.ElementClickInterceptedException">
            <message>
              <![CDATA[element click intercepted: Element <span class="mat-button-wrapper">...</span> is not clickable at point (1270, 32). Other element would receive the click: <div class="ng-tns-c132-3 p-dialog-mask p-component-overlay p-dialog-mask-scrollblocker ng-star-inserted" style="z-index: 1001;">...</div>
  (Session info: chrome=124.0.6367.92)
Build info: version: '4.16.1', revision: '9b4c83354e'
System info: os.name: 'Windows 11', os.arch: 'amd64', os.version: '10.0', java.version: '20.0.1'
Driver info: org.openqa.selenium.chrome.ChromeDriver
Command: [bd7bd9a8fa654a2dfc8afa9bd699a31e, clickElement {id=f.5D52B0B946BF484B635CA583BD81D799.d.9642C613F43610600930EAD45FCDCADA.e.520}]
Capabilities {acceptInsecureCerts: false, browserName: chrome, browserVersion: 124.0.6367.92, chrome: {chromedriverVersion: 124.0.6367.91 (51df0e5e17a8..., userDataDir: C:\Users\kiran\AppData\Loca...}, fedcm:accounts: true, goog:chromeOptions: {debuggerAddress: localhost:58819}, networkConnectionEnabled: false, pageLoadStrategy: normal, platformName: windows, proxy: Proxy(), se:cdp: ws://localhost:58819/devtoo..., se:cdpVersion: 124.0.6367.92, setWindowRect: true, strictFileInteractability: false, timeouts: {implicit: 0, pageLoad: 300000, script: 30000}, unhandledPromptBehavior: dismiss and notify, webauthn:extension:credBlob: true, webauthn:extension:largeBlob: true, webauthn:extension:minPinLength: true, webauthn:extension:prf: true, webauthn:virtualAuthenticators: true}
Element: [[ChromeDriver: chrome on windows (bd7bd9a8fa654a2dfc8afa9bd699a31e)] -> xpath: /html/body/app-root/app-header/mat-toolbar/button[1]/span[1]]
Session ID: bd7bd9a8fa654a2dfc8afa9bd699a31e]]>
            </message>
            <full-stacktrace>
              <![CDATA[org.openqa.selenium.ElementClickInterceptedException: element click intercepted: Element <span class="mat-button-wrapper">...</span> is not clickable at point (1270, 32). Other element would receive the click: <div class="ng-tns-c132-3 p-dialog-mask p-component-overlay p-dialog-mask-scrollblocker ng-star-inserted" style="z-index: 1001;">...</div>
  (Session info: chrome=124.0.6367.92)
Build info: version: '4.16.1', revision: '9b4c83354e'
System info: os.name: 'Windows 11', os.arch: 'amd64', os.version: '10.0', java.version: '20.0.1'
Driver info: org.openqa.selenium.chrome.ChromeDriver
Command: [bd7bd9a8fa654a2dfc8afa9bd699a31e, clickElement {id=f.5D52B0B946BF484B635CA583BD81D799.d.9642C613F43610600930EAD45FCDCADA.e.520}]
Capabilities {acceptInsecureCerts: false, browserName: chrome, browserVersion: 124.0.6367.92, chrome: {chromedriverVersion: 124.0.6367.91 (51df0e5e17a8..., userDataDir: C:\Users\kiran\AppData\Loca...}, fedcm:accounts: true, goog:chromeOptions: {debuggerAddress: localhost:58819}, networkConnectionEnabled: false, pageLoadStrategy: normal, platformName: windows, proxy: Proxy(), se:cdp: ws://localhost:58819/devtoo..., se:cdpVersion: 124.0.6367.92, setWindowRect: true, strictFileInteractability: false, timeouts: {implicit: 0, pageLoad: 300000, script: 30000}, unhandledPromptBehavior: dismiss and notify, webauthn:extension:credBlob: true, webauthn:extension:largeBlob: true, webauthn:extension:minPinLength: true, webauthn:extension:prf: true, webauthn:virtualAuthenticators: true}
Element: [[ChromeDriver: chrome on windows (bd7bd9a8fa654a2dfc8afa9bd699a31e)] -> xpath: /html/body/app-root/app-header/mat-toolbar/button[1]/span[1]]
Session ID: bd7bd9a8fa654a2dfc8afa9bd699a31e
at java.base/jdk.internal.reflect.DirectConstructorHandleAccessor.newInstance(DirectConstructorHandleAccessor.java:67)
at java.base/java.lang.reflect.Constructor.newInstanceWithCaller(Constructor.java:500)
at java.base/java.lang.reflect.Constructor.newInstance(Constructor.java:484)
at org.openqa.selenium.remote.codec.w3c.W3CHttpResponseCodec.createException(W3CHttpResponseCodec.java:200)
at org.openqa.selenium.remote.codec.w3c.W3CHttpResponseCodec.decode(W3CHttpResponseCodec.java:133)
at org.openqa.selenium.remote.codec.w3c.W3CHttpResponseCodec.decode(W3CHttpResponseCodec.java:52)
at org.openqa.selenium.remote.HttpCommandExecutor.execute(HttpCommandExecutor.java:191)
at org.openqa.selenium.remote.service.DriverCommandExecutor.invokeExecute(DriverCommandExecutor.java:200)
at org.openqa.selenium.remote.service.DriverCommandExecutor.execute(DriverCommandExecutor.java:175)
at org.openqa.selenium.remote.RemoteWebDriver.execute(RemoteWebDriver.java:523)
at org.openqa.selenium.remote.RemoteWebElement.execute(RemoteWebElement.java:224)
at org.openqa.selenium.remote.RemoteWebElement.click(RemoteWebElement.java:77)
at java.base/jdk.internal.reflect.DirectMethodHandleAccessor.invoke(DirectMethodHandleAccessor.java:104)
at java.base/java.lang.reflect.Method.invoke(Method.java:578)
at org.openqa.selenium.support.pagefactory.internal.LocatingElementHandler.invoke(LocatingElementHandler.java:51)
at jdk.proxy2/jdk.proxy2.$Proxy40.click(Unknown Source)
at com.pageObjects.ProgramPageObject.clickOnProgramButton(ProgramPageObject.java:143)
at com.stepDefinitions.ManageProgram_steps.admin_clicks_on_the_navigation_bar(ManageProgram_steps.java:37)
at ✽.Admin clicks "Program" on the navigation bar(file:///C:/Users/kiran/eclipse-workspace/Team04_LMS_WebAutomaters/src/test/resources/Features/004_ManageProgram.feature:5)
]]>
            </full-stacktrace>
          </exception> <!-- org.openqa.selenium.ElementClickInterceptedException -->
          <reporter-output>
          </reporter-output>
        </test-method> <!-- runScenario -->
        <test-method signature="runScenario(io.cucumber.testng.PickleWrapper,io.cucumber.testng.FeatureWrapper)[pri:0, instance:com.TesRunner.TestNgTestRunner@15ca7889]" started-at="2024-04-30T19:19:01 EDT" name="runScenario" description="Runs Cucumber Scenarios" data-provider="scenarios" finished-at="2024-04-30T19:19:03 EDT" duration-ms="2230" status="FAIL">
          <params>
            <param index="0">
              <value>
                <![CDATA["Validate Save button on Edit popup"]]>
              </value>
            </param>
            <param index="1">
              <value>
                <![CDATA["Program Validation"]]>
              </value>
            </param>
          </params>
          <exception class="org.openqa.selenium.ElementClickInterceptedException">
            <message>
              <![CDATA[element click intercepted: Element <span class="mat-button-wrapper">...</span> is not clickable at point (1270, 32). Other element would receive the click: <div class="ng-tns-c132-3 p-dialog-mask p-component-overlay p-dialog-mask-scrollblocker ng-star-inserted" style="z-index: 1001;">...</div>
  (Session info: chrome=124.0.6367.92)
Build info: version: '4.16.1', revision: '9b4c83354e'
System info: os.name: 'Windows 11', os.arch: 'amd64', os.version: '10.0', java.version: '20.0.1'
Driver info: org.openqa.selenium.chrome.ChromeDriver
Command: [bd7bd9a8fa654a2dfc8afa9bd699a31e, clickElement {id=f.5D52B0B946BF484B635CA583BD81D799.d.9642C613F43610600930EAD45FCDCADA.e.520}]
Capabilities {acceptInsecureCerts: false, browserName: chrome, browserVersion: 124.0.6367.92, chrome: {chromedriverVersion: 124.0.6367.91 (51df0e5e17a8..., userDataDir: C:\Users\kiran\AppData\Loca...}, fedcm:accounts: true, goog:chromeOptions: {debuggerAddress: localhost:58819}, networkConnectionEnabled: false, pageLoadStrategy: normal, platformName: windows, proxy: Proxy(), se:cdp: ws://localhost:58819/devtoo..., se:cdpVersion: 124.0.6367.92, setWindowRect: true, strictFileInteractability: false, timeouts: {implicit: 0, pageLoad: 300000, script: 30000}, unhandledPromptBehavior: dismiss and notify, webauthn:extension:credBlob: true, webauthn:extension:largeBlob: true, webauthn:extension:minPinLength: true, webauthn:extension:prf: true, webauthn:virtualAuthenticators: true}
Element: [[ChromeDriver: chrome on windows (bd7bd9a8fa654a2dfc8afa9bd699a31e)] -> xpath: /html/body/app-root/app-header/mat-toolbar/button[1]/span[1]]
Session ID: bd7bd9a8fa654a2dfc8afa9bd699a31e]]>
            </message>
            <full-stacktrace>
              <![CDATA[org.openqa.selenium.ElementClickInterceptedException: element click intercepted: Element <span class="mat-button-wrapper">...</span> is not clickable at point (1270, 32). Other element would receive the click: <div class="ng-tns-c132-3 p-dialog-mask p-component-overlay p-dialog-mask-scrollblocker ng-star-inserted" style="z-index: 1001;">...</div>
  (Session info: chrome=124.0.6367.92)
Build info: version: '4.16.1', revision: '9b4c83354e'
System info: os.name: 'Windows 11', os.arch: 'amd64', os.version: '10.0', java.version: '20.0.1'
Driver info: org.openqa.selenium.chrome.ChromeDriver
Command: [bd7bd9a8fa654a2dfc8afa9bd699a31e, clickElement {id=f.5D52B0B946BF484B635CA583BD81D799.d.9642C613F43610600930EAD45FCDCADA.e.520}]
Capabilities {acceptInsecureCerts: false, browserName: chrome, browserVersion: 124.0.6367.92, chrome: {chromedriverVersion: 124.0.6367.91 (51df0e5e17a8..., userDataDir: C:\Users\kiran\AppData\Loca...}, fedcm:accounts: true, goog:chromeOptions: {debuggerAddress: localhost:58819}, networkConnectionEnabled: false, pageLoadStrategy: normal, platformName: windows, proxy: Proxy(), se:cdp: ws://localhost:58819/devtoo..., se:cdpVersion: 124.0.6367.92, setWindowRect: true, strictFileInteractability: false, timeouts: {implicit: 0, pageLoad: 300000, script: 30000}, unhandledPromptBehavior: dismiss and notify, webauthn:extension:credBlob: true, webauthn:extension:largeBlob: true, webauthn:extension:minPinLength: true, webauthn:extension:prf: true, webauthn:virtualAuthenticators: true}
Element: [[ChromeDriver: chrome on windows (bd7bd9a8fa654a2dfc8afa9bd699a31e)] -> xpath: /html/body/app-root/app-header/mat-toolbar/button[1]/span[1]]
Session ID: bd7bd9a8fa654a2dfc8afa9bd699a31e
at java.base/jdk.internal.reflect.DirectConstructorHandleAccessor.newInstance(DirectConstructorHandleAccessor.java:67)
at java.base/java.lang.reflect.Constructor.newInstanceWithCaller(Constructor.java:500)
at java.base/java.lang.reflect.Constructor.newInstance(Constructor.java:484)
at org.openqa.selenium.remote.codec.w3c.W3CHttpResponseCodec.createException(W3CHttpResponseCodec.java:200)
at org.openqa.selenium.remote.codec.w3c.W3CHttpResponseCodec.decode(W3CHttpResponseCodec.java:133)
at org.openqa.selenium.remote.codec.w3c.W3CHttpResponseCodec.decode(W3CHttpResponseCodec.java:52)
at org.openqa.selenium.remote.HttpCommandExecutor.execute(HttpCommandExecutor.java:191)
at org.openqa.selenium.remote.service.DriverCommandExecutor.invokeExecute(DriverCommandExecutor.java:200)
at org.openqa.selenium.remote.service.DriverCommandExecutor.execute(DriverCommandExecutor.java:175)
at org.openqa.selenium.remote.RemoteWebDriver.execute(RemoteWebDriver.java:523)
at org.openqa.selenium.remote.RemoteWebElement.execute(RemoteWebElement.java:224)
at org.openqa.selenium.remote.RemoteWebElement.click(RemoteWebElement.java:77)
at java.base/jdk.internal.reflect.DirectMethodHandleAccessor.invoke(DirectMethodHandleAccessor.java:104)
at java.base/java.lang.reflect.Method.invoke(Method.java:578)
at org.openqa.selenium.support.pagefactory.internal.LocatingElementHandler.invoke(LocatingElementHandler.java:51)
at jdk.proxy2/jdk.proxy2.$Proxy40.click(Unknown Source)
at com.pageObjects.ProgramPageObject.clickOnProgramButton(ProgramPageObject.java:143)
at com.stepDefinitions.ManageProgram_steps.admin_clicks_on_the_navigation_bar(ManageProgram_steps.java:37)
at ✽.Admin clicks "Program" on the navigation bar(file:///C:/Users/kiran/eclipse-workspace/Team04_LMS_WebAutomaters/src/test/resources/Features/004_ManageProgram.feature:5)
]]>
            </full-stacktrace>
          </exception> <!-- org.openqa.selenium.ElementClickInterceptedException -->
          <reporter-output>
          </reporter-output>
        </test-method> <!-- runScenario -->
        <test-method is-config="true" signature="tearDownClass()[pri:0, instance:com.TesRunner.TestNgTestRunner@15ca7889]" started-at="2024-04-30T19:19:03 EDT" name="tearDownClass" finished-at="2024-04-30T19:19:03 EDT" duration-ms="127" status="PASS">
          <reporter-output>
          </reporter-output>
        </test-method> <!-- tearDownClass -->
      </class> <!-- com.TesRunner.TestNgTestRunner -->
    </test> <!-- Default test -->
  </suite> <!-- Default suite -->
</testng-results>
