<?xml version="1.0" encoding="UTF-8"?>
<!-- Generated by org.testng.reporters.JUnitReportReporter -->
<testsuite hostname="Sarvgun15" failures="0" tests="37" name="com.TesRunner.TestNgTestRunner" time="83.520" errors="1" timestamp="2024-04-30T21:17:21 MDT" skipped="0">
  <testcase classname="com.TesRunner.TestNgTestRunner" name="runScenario" time="1.512"/>
  <system-out/>
  <testcase classname="com.TesRunner.TestNgTestRunner" name="runScenario" time="0.062"/>
  <system-out/>
  <testcase classname="com.TesRunner.TestNgTestRunner" name="runScenario" time="1.352"/>
  <system-out/>
  <testcase classname="com.TesRunner.TestNgTestRunner" name="runScenario" time="6.131"/>
  <system-out/>
  <testcase classname="com.TesRunner.TestNgTestRunner" name="runScenario" time="0.847"/>
  <system-out/>
  <testcase classname="com.TesRunner.TestNgTestRunner" name="runScenario" time="8.749"/>
  <system-out/>
  <testcase classname="com.TesRunner.TestNgTestRunner" name="runScenario" time="0.108"/>
  <system-out/>
  <testcase classname="com.TesRunner.TestNgTestRunner" name="runScenario" time="13.491"/>
  <system-out/>
  <testcase classname="com.TesRunner.TestNgTestRunner" name="runScenario" time="0.433"/>
  <system-out/>
  <testcase classname="com.TesRunner.TestNgTestRunner" name="runScenario" time="1.509"/>
  <system-out/>
  <testcase classname="com.TesRunner.TestNgTestRunner" name="runScenario" time="0.503"/>
  <system-out/>
  <testcase classname="com.TesRunner.TestNgTestRunner" name="runScenario" time="0.574"/>
  <system-out/>
  <testcase classname="com.TesRunner.TestNgTestRunner" name="runScenario" time="13.349"/>
  <system-out/>
  <testcase classname="com.TesRunner.TestNgTestRunner" name="runScenario" time="0.580"/>
  <system-out/>
  <testcase classname="com.TesRunner.TestNgTestRunner" name="runScenario" time="12.797"/>
  <system-out/>
  <testcase classname="com.TesRunner.TestNgTestRunner" name="runScenario" time="0.589"/>
  <system-out/>
  <testcase classname="com.TesRunner.TestNgTestRunner" name="runScenario" time="0.882"/>
  <system-out/>
  <testcase classname="com.TesRunner.TestNgTestRunner" name="runScenario" time="2.072"/>
  <system-out/>
  <testcase classname="com.TesRunner.TestNgTestRunner" name="runScenario" time="0.123"/>
  <system-out/>
  <testcase classname="com.TesRunner.TestNgTestRunner" name="runScenario" time="0.093"/>
  <system-out/>
  <testcase classname="com.TesRunner.TestNgTestRunner" name="runScenario" time="1.122"/>
  <system-out/>
  <testcase classname="com.TesRunner.TestNgTestRunner" name="runScenario" time="0.501"/>
  <system-out/>
  <testcase classname="com.TesRunner.TestNgTestRunner" name="runScenario" time="0.325"/>
  <system-out/>
  <testcase classname="com.TesRunner.TestNgTestRunner" name="runScenario" time="0.444"/>
  <system-out/>
  <testcase classname="com.TesRunner.TestNgTestRunner" name="runScenario" time="0.979"/>
  <system-out/>
  <testcase classname="com.TesRunner.TestNgTestRunner" name="runScenario" time="1.791"/>
  <system-out/>
  <testcase classname="com.TesRunner.TestNgTestRunner" name="runScenario" time="0.669"/>
  <system-out/>
  <testcase classname="com.TesRunner.TestNgTestRunner" name="runScenario" time="0.189"/>
  <system-out/>
  <testcase classname="com.TesRunner.TestNgTestRunner" name="runScenario" time="0.125"/>
  <system-out/>
  <testcase classname="com.TesRunner.TestNgTestRunner" name="runScenario" time="3.685"/>
  <system-out/>
  <testcase classname="com.TesRunner.TestNgTestRunner" name="runScenario" time="5.046"/>
  <system-out/>
  <testcase classname="com.TesRunner.TestNgTestRunner" name="runScenario" time="0.079"/>
  <system-out/>
  <testcase classname="com.TesRunner.TestNgTestRunner" name="runScenario" time="0.456"/>
  <system-out/>
  <testcase classname="com.TesRunner.TestNgTestRunner" name="runScenario" time="0.411"/>
  <system-out/>
  <testcase classname="com.TesRunner.TestNgTestRunner" name="runScenario" time="0.679"/>
  <system-out/>
  <testcase classname="com.TesRunner.TestNgTestRunner" name="runScenario" time="0.013"/>
  <system-out/>
  <testcase classname="com.TesRunner.TestNgTestRunner" name="runScenario" time="1.250">
    <error message="&#039;void org.testng.Assert.assertEquals(java.lang.Integer, int)&#039;" type="java.lang.NoSuchMethodError">
      <![CDATA[java.lang.NoSuchMethodError: 'void org.testng.Assert.assertEquals(java.lang.Integer, int)'
at com.stepDefinitions.LoginPage_steps.admin_should_see_text_fields(LoginPage_steps.java:136)
at ✽.Admin should see <2> text fields(file:///C:/Users/Rajpr/git/Team04_LMS_WebAutomaters/src/test/resources/Features/001_LMSPortal.feature:62)
]]>
    </error>
  </testcase> <!-- runScenario -->
  <system-out/>
</testsuite> <!-- com.TesRunner.TestNgTestRunner -->
